Building DAG of jobs...
Using shell: /bin/bash
Provided cores: 16
Rules claiming more threads will be scaled down.
Job counts:
	count	jobs
	1	genomeScans
	1

[Sun Aug  2 21:01:48 2020]
rule genomeScans:
    input: /u/home/j/jzou1115/project-zarlab/CFW/confidence_interval_pipeline_out_pruned/mm/emma.TA.RData
    output: /u/home/j/jzou1115/project-zarlab/CFW/confidence_interval_pipeline_out_pruned/scans/TA.1.permute.RData, /u/home/j/jzou1115/project-zarlab/CFW/confidence_interval_pipeline_out_pruned/scans/TA.2.permute.RData, /u/home/j/jzou1115/project-zarlab/CFW/confidence_interval_pipeline_out_pruned/scans/TA.3.permute.RData, /u/home/j/jzou1115/project-zarlab/CFW/confidence_interval_pipeline_out_pruned/scans/TA.4.permute.RData, /u/home/j/jzou1115/project-zarlab/CFW/confidence_interval_pipeline_out_pruned/scans/TA.5.permute.RData, /u/home/j/jzou1115/project-zarlab/CFW/confidence_interval_pipeline_out_pruned/scans/TA.6.permute.RData, /u/home/j/jzou1115/project-zarlab/CFW/confidence_interval_pipeline_out_pruned/scans/TA.7.permute.RData, /u/home/j/jzou1115/project-zarlab/CFW/confidence_interval_pipeline_out_pruned/scans/TA.8.permute.RData, /u/home/j/jzou1115/project-zarlab/CFW/confidence_interval_pipeline_out_pruned/scans/TA.9.permute.RData, /u/home/j/jzou1115/project-zarlab/CFW/confidence_interval_pipeline_out_pruned/scans/TA.10.permute.RData, /u/home/j/jzou1115/project-zarlab/CFW/confidence_interval_pipeline_out_pruned/scans/TA.11.permute.RData, /u/home/j/jzou1115/project-zarlab/CFW/confidence_interval_pipeline_out_pruned/scans/TA.12.permute.RData, /u/home/j/jzou1115/project-zarlab/CFW/confidence_interval_pipeline_out_pruned/scans/TA.13.permute.RData, /u/home/j/jzou1115/project-zarlab/CFW/confidence_interval_pipeline_out_pruned/scans/TA.14.permute.RData, /u/home/j/jzou1115/project-zarlab/CFW/confidence_interval_pipeline_out_pruned/scans/TA.15.permute.RData, /u/home/j/jzou1115/project-zarlab/CFW/confidence_interval_pipeline_out_pruned/scans/TA.16.permute.RData, /u/home/j/jzou1115/project-zarlab/CFW/confidence_interval_pipeline_out_pruned/scans/TA.17.permute.RData, /u/home/j/jzou1115/project-zarlab/CFW/confidence_interval_pipeline_out_pruned/scans/TA.18.permute.RData, /u/home/j/jzou1115/project-zarlab/CFW/confidence_interval_pipeline_out_pruned/scans/TA.19.permute.RData
    jobid: 0
    wildcards: pheno=TA

Loading required package: bit
Attaching package bit
package:bit (c) 2008-2012 Jens Oehlschlaegel (GPL-2)
creators: bit bitwhich
coercion: as.logical as.integer as.bit as.bitwhich which
operator: ! & | xor != ==
querying: print length any all min max range sum summary
bit access: length<- [ [<- [[ [[<-
for more help type ?bit

Attaching package: ‘bit’

The following object is masked from ‘package:base’:

    xor

Attaching package ff
- getOption("fftempdir")=="/work/4009491.1.eeskin_pod_16.q/RtmpICEGDT"

- getOption("ffextension")=="ff"

- getOption("ffdrop")==TRUE

- getOption("fffinonexit")==TRUE

- getOption("ffpagesize")==65536

- getOption("ffcaching")=="mmnoflush"  -- consider "ffeachflush" if your system stalls on large writes

- getOption("ffbatchbytes")==16777216 -- consider a different value for tuning your system

- getOption("ffmaxbytes")==536870912 -- consider a different value for tuning your system


Attaching package: ‘ff’

The following objects are masked from ‘package:bit’:

    clone, clone.default, clone.list

The following objects are masked from ‘package:utils’:

    write.csv, write.csv2

The following objects are masked from ‘package:base’:

    is.factor, is.ordered

hash-2.2.6.1 provided by Decision Patterns


Attaching package: ‘hash’

The following object is masked from ‘package:ff’:

    delete

[Sun Aug  2 21:05:03 2020]
Finished job 0.
1 of 1 steps (100%) done
Building DAG of jobs...
Using shell: /bin/bash
Provided cores: 16
Rules claiming more threads will be scaled down.
Job counts:
	count	jobs
	1	genomeScans
	1

[Sat Aug  8 07:19:55 2020]
rule genomeScans:
    input: /u/home/j/jzou1115/project-zarlab/CFW/confidence_interval_pipeline_out_pruned/mm/emma.TA.RData
    output: /u/home/j/jzou1115/project-zarlab/CFW/confidence_interval_pipeline_out_pruned/scans/TA.1.permute.RData, /u/home/j/jzou1115/project-zarlab/CFW/confidence_interval_pipeline_out_pruned/scans/TA.2.permute.RData, /u/home/j/jzou1115/project-zarlab/CFW/confidence_interval_pipeline_out_pruned/scans/TA.3.permute.RData, /u/home/j/jzou1115/project-zarlab/CFW/confidence_interval_pipeline_out_pruned/scans/TA.4.permute.RData, /u/home/j/jzou1115/project-zarlab/CFW/confidence_interval_pipeline_out_pruned/scans/TA.5.permute.RData, /u/home/j/jzou1115/project-zarlab/CFW/confidence_interval_pipeline_out_pruned/scans/TA.6.permute.RData, /u/home/j/jzou1115/project-zarlab/CFW/confidence_interval_pipeline_out_pruned/scans/TA.7.permute.RData, /u/home/j/jzou1115/project-zarlab/CFW/confidence_interval_pipeline_out_pruned/scans/TA.8.permute.RData, /u/home/j/jzou1115/project-zarlab/CFW/confidence_interval_pipeline_out_pruned/scans/TA.9.permute.RData, /u/home/j/jzou1115/project-zarlab/CFW/confidence_interval_pipeline_out_pruned/scans/TA.10.permute.RData, /u/home/j/jzou1115/project-zarlab/CFW/confidence_interval_pipeline_out_pruned/scans/TA.11.permute.RData, /u/home/j/jzou1115/project-zarlab/CFW/confidence_interval_pipeline_out_pruned/scans/TA.12.permute.RData, /u/home/j/jzou1115/project-zarlab/CFW/confidence_interval_pipeline_out_pruned/scans/TA.13.permute.RData, /u/home/j/jzou1115/project-zarlab/CFW/confidence_interval_pipeline_out_pruned/scans/TA.14.permute.RData, /u/home/j/jzou1115/project-zarlab/CFW/confidence_interval_pipeline_out_pruned/scans/TA.15.permute.RData, /u/home/j/jzou1115/project-zarlab/CFW/confidence_interval_pipeline_out_pruned/scans/TA.16.permute.RData, /u/home/j/jzou1115/project-zarlab/CFW/confidence_interval_pipeline_out_pruned/scans/TA.17.permute.RData, /u/home/j/jzou1115/project-zarlab/CFW/confidence_interval_pipeline_out_pruned/scans/TA.18.permute.RData, /u/home/j/jzou1115/project-zarlab/CFW/confidence_interval_pipeline_out_pruned/scans/TA.19.permute.RData
    jobid: 0
    wildcards: pheno=TA

Loading required package: bit
Attaching package bit
package:bit (c) 2008-2012 Jens Oehlschlaegel (GPL-2)
creators: bit bitwhich
coercion: as.logical as.integer as.bit as.bitwhich which
operator: ! & | xor != ==
querying: print length any all min max range sum summary
bit access: length<- [ [<- [[ [[<-
for more help type ?bit

Attaching package: ‘bit’

The following object is masked from ‘package:base’:

    xor

Attaching package ff
- getOption("fftempdir")=="/work/4088292.1.eeskin_pod_16.q/RtmpcLIuoD"

- getOption("ffextension")=="ff"

- getOption("ffdrop")==TRUE

- getOption("fffinonexit")==TRUE

- getOption("ffpagesize")==65536

- getOption("ffcaching")=="mmnoflush"  -- consider "ffeachflush" if your system stalls on large writes

- getOption("ffbatchbytes")==16777216 -- consider a different value for tuning your system

- getOption("ffmaxbytes")==536870912 -- consider a different value for tuning your system


Attaching package: ‘ff’

The following objects are masked from ‘package:bit’:

    clone, clone.default, clone.list

The following objects are masked from ‘package:utils’:

    write.csv, write.csv2

The following objects are masked from ‘package:base’:

    is.factor, is.ordered

hash-2.2.6.1 provided by Decision Patterns


Attaching package: ‘hash’

The following object is masked from ‘package:ff’:

    delete

[Sat Aug  8 07:22:25 2020]
Finished job 0.
1 of 1 steps (100%) done
