loaded OK  /u/home/j/jzou1115/project-zarlab/CFW/confidence_interval_pipeline_out_pruned/mm/emma.basal.activity.RData 
[1] 1
attempting  /u/home/j/jzou1115/project-zarlab/CFW/confidence_interval_pipeline_out_pruned/scans/basal.activity.1.permute.RData 
loading /u/home/j/jzou1115/project-zarlab/CFW/confidence_interval_pipeline_out_pruned/genotypes/chr1.oxinfo90.Rdata 
Using per.chromosome
writing /u/home/j/jzou1115/project-zarlab/CFW/confidence_interval_pipeline_out_pruned/scans/basal.activity.1.permute.RData 
[1] 2
attempting  /u/home/j/jzou1115/project-zarlab/CFW/confidence_interval_pipeline_out_pruned/scans/basal.activity.2.permute.RData 
loading /u/home/j/jzou1115/project-zarlab/CFW/confidence_interval_pipeline_out_pruned/genotypes/chr2.oxinfo90.Rdata 
Using per.chromosome
writing /u/home/j/jzou1115/project-zarlab/CFW/confidence_interval_pipeline_out_pruned/scans/basal.activity.2.permute.RData 
[1] 3
attempting  /u/home/j/jzou1115/project-zarlab/CFW/confidence_interval_pipeline_out_pruned/scans/basal.activity.3.permute.RData 
loading /u/home/j/jzou1115/project-zarlab/CFW/confidence_interval_pipeline_out_pruned/genotypes/chr3.oxinfo90.Rdata 
Using per.chromosome
writing /u/home/j/jzou1115/project-zarlab/CFW/confidence_interval_pipeline_out_pruned/scans/basal.activity.3.permute.RData 
[1] 4
attempting  /u/home/j/jzou1115/project-zarlab/CFW/confidence_interval_pipeline_out_pruned/scans/basal.activity.4.permute.RData 
loading /u/home/j/jzou1115/project-zarlab/CFW/confidence_interval_pipeline_out_pruned/genotypes/chr4.oxinfo90.Rdata 
Using per.chromosome
writing /u/home/j/jzou1115/project-zarlab/CFW/confidence_interval_pipeline_out_pruned/scans/basal.activity.4.permute.RData 
[1] 5
attempting  /u/home/j/jzou1115/project-zarlab/CFW/confidence_interval_pipeline_out_pruned/scans/basal.activity.5.permute.RData 
loading /u/home/j/jzou1115/project-zarlab/CFW/confidence_interval_pipeline_out_pruned/genotypes/chr5.oxinfo90.Rdata 
Using per.chromosome
writing /u/home/j/jzou1115/project-zarlab/CFW/confidence_interval_pipeline_out_pruned/scans/basal.activity.5.permute.RData 
[1] 6
attempting  /u/home/j/jzou1115/project-zarlab/CFW/confidence_interval_pipeline_out_pruned/scans/basal.activity.6.permute.RData 
loading /u/home/j/jzou1115/project-zarlab/CFW/confidence_interval_pipeline_out_pruned/genotypes/chr6.oxinfo90.Rdata 
Using per.chromosome
writing /u/home/j/jzou1115/project-zarlab/CFW/confidence_interval_pipeline_out_pruned/scans/basal.activity.6.permute.RData 
[1] 7
attempting  /u/home/j/jzou1115/project-zarlab/CFW/confidence_interval_pipeline_out_pruned/scans/basal.activity.7.permute.RData 
loading /u/home/j/jzou1115/project-zarlab/CFW/confidence_interval_pipeline_out_pruned/genotypes/chr7.oxinfo90.Rdata 
Using per.chromosome
writing /u/home/j/jzou1115/project-zarlab/CFW/confidence_interval_pipeline_out_pruned/scans/basal.activity.7.permute.RData 
[1] 8
attempting  /u/home/j/jzou1115/project-zarlab/CFW/confidence_interval_pipeline_out_pruned/scans/basal.activity.8.permute.RData 
loading /u/home/j/jzou1115/project-zarlab/CFW/confidence_interval_pipeline_out_pruned/genotypes/chr8.oxinfo90.Rdata 
Using per.chromosome
writing /u/home/j/jzou1115/project-zarlab/CFW/confidence_interval_pipeline_out_pruned/scans/basal.activity.8.permute.RData 
[1] 9
attempting  /u/home/j/jzou1115/project-zarlab/CFW/confidence_interval_pipeline_out_pruned/scans/basal.activity.9.permute.RData 
loading /u/home/j/jzou1115/project-zarlab/CFW/confidence_interval_pipeline_out_pruned/genotypes/chr9.oxinfo90.Rdata 
Using per.chromosome
writing /u/home/j/jzou1115/project-zarlab/CFW/confidence_interval_pipeline_out_pruned/scans/basal.activity.9.permute.RData 
[1] 10
attempting  /u/home/j/jzou1115/project-zarlab/CFW/confidence_interval_pipeline_out_pruned/scans/basal.activity.10.permute.RData 
loading /u/home/j/jzou1115/project-zarlab/CFW/confidence_interval_pipeline_out_pruned/genotypes/chr10.oxinfo90.Rdata 
Using per.chromosome
writing /u/home/j/jzou1115/project-zarlab/CFW/confidence_interval_pipeline_out_pruned/scans/basal.activity.10.permute.RData 
[1] 11
attempting  /u/home/j/jzou1115/project-zarlab/CFW/confidence_interval_pipeline_out_pruned/scans/basal.activity.11.permute.RData 
loading /u/home/j/jzou1115/project-zarlab/CFW/confidence_interval_pipeline_out_pruned/genotypes/chr11.oxinfo90.Rdata 
Using per.chromosome
writing /u/home/j/jzou1115/project-zarlab/CFW/confidence_interval_pipeline_out_pruned/scans/basal.activity.11.permute.RData 
[1] 12
attempting  /u/home/j/jzou1115/project-zarlab/CFW/confidence_interval_pipeline_out_pruned/scans/basal.activity.12.permute.RData 
loading /u/home/j/jzou1115/project-zarlab/CFW/confidence_interval_pipeline_out_pruned/genotypes/chr12.oxinfo90.Rdata 
Using per.chromosome
writing /u/home/j/jzou1115/project-zarlab/CFW/confidence_interval_pipeline_out_pruned/scans/basal.activity.12.permute.RData 
[1] 13
attempting  /u/home/j/jzou1115/project-zarlab/CFW/confidence_interval_pipeline_out_pruned/scans/basal.activity.13.permute.RData 
loading /u/home/j/jzou1115/project-zarlab/CFW/confidence_interval_pipeline_out_pruned/genotypes/chr13.oxinfo90.Rdata 
Using per.chromosome
writing /u/home/j/jzou1115/project-zarlab/CFW/confidence_interval_pipeline_out_pruned/scans/basal.activity.13.permute.RData 
[1] 14
attempting  /u/home/j/jzou1115/project-zarlab/CFW/confidence_interval_pipeline_out_pruned/scans/basal.activity.14.permute.RData 
loading /u/home/j/jzou1115/project-zarlab/CFW/confidence_interval_pipeline_out_pruned/genotypes/chr14.oxinfo90.Rdata 
Using per.chromosome
writing /u/home/j/jzou1115/project-zarlab/CFW/confidence_interval_pipeline_out_pruned/scans/basal.activity.14.permute.RData 
[1] 15
attempting  /u/home/j/jzou1115/project-zarlab/CFW/confidence_interval_pipeline_out_pruned/scans/basal.activity.15.permute.RData 
loading /u/home/j/jzou1115/project-zarlab/CFW/confidence_interval_pipeline_out_pruned/genotypes/chr15.oxinfo90.Rdata 
Using per.chromosome
writing /u/home/j/jzou1115/project-zarlab/CFW/confidence_interval_pipeline_out_pruned/scans/basal.activity.15.permute.RData 
[1] 16
attempting  /u/home/j/jzou1115/project-zarlab/CFW/confidence_interval_pipeline_out_pruned/scans/basal.activity.16.permute.RData 
loading /u/home/j/jzou1115/project-zarlab/CFW/confidence_interval_pipeline_out_pruned/genotypes/chr16.oxinfo90.Rdata 
Using per.chromosome
writing /u/home/j/jzou1115/project-zarlab/CFW/confidence_interval_pipeline_out_pruned/scans/basal.activity.16.permute.RData 
[1] 17
attempting  /u/home/j/jzou1115/project-zarlab/CFW/confidence_interval_pipeline_out_pruned/scans/basal.activity.17.permute.RData 
loading /u/home/j/jzou1115/project-zarlab/CFW/confidence_interval_pipeline_out_pruned/genotypes/chr17.oxinfo90.Rdata 
Using per.chromosome
writing /u/home/j/jzou1115/project-zarlab/CFW/confidence_interval_pipeline_out_pruned/scans/basal.activity.17.permute.RData 
[1] 18
attempting  /u/home/j/jzou1115/project-zarlab/CFW/confidence_interval_pipeline_out_pruned/scans/basal.activity.18.permute.RData 
loading /u/home/j/jzou1115/project-zarlab/CFW/confidence_interval_pipeline_out_pruned/genotypes/chr18.oxinfo90.Rdata 
Using per.chromosome
writing /u/home/j/jzou1115/project-zarlab/CFW/confidence_interval_pipeline_out_pruned/scans/basal.activity.18.permute.RData 
[1] 19
attempting  /u/home/j/jzou1115/project-zarlab/CFW/confidence_interval_pipeline_out_pruned/scans/basal.activity.19.permute.RData 
loading /u/home/j/jzou1115/project-zarlab/CFW/confidence_interval_pipeline_out_pruned/genotypes/chr19.oxinfo90.Rdata 
Using per.chromosome
writing /u/home/j/jzou1115/project-zarlab/CFW/confidence_interval_pipeline_out_pruned/scans/basal.activity.19.permute.RData 
loaded OK  /u/home/j/jzou1115/project-zarlab/CFW/confidence_interval_pipeline_out_pruned/mm/emma.basal.activity.RData 
[1] 1
attempting  /u/home/j/jzou1115/project-zarlab/CFW/confidence_interval_pipeline_out_pruned/scans/basal.activity.1.permute.RData 
loading /u/home/j/jzou1115/project-zarlab/CFW/confidence_interval_pipeline_out_pruned/genotypes/chr1.oxinfo90.Rdata 
Using per.chromosome
writing /u/home/j/jzou1115/project-zarlab/CFW/confidence_interval_pipeline_out_pruned/scans/basal.activity.1.permute.RData 
[1] 2
attempting  /u/home/j/jzou1115/project-zarlab/CFW/confidence_interval_pipeline_out_pruned/scans/basal.activity.2.permute.RData 
loading /u/home/j/jzou1115/project-zarlab/CFW/confidence_interval_pipeline_out_pruned/genotypes/chr2.oxinfo90.Rdata 
Using per.chromosome
writing /u/home/j/jzou1115/project-zarlab/CFW/confidence_interval_pipeline_out_pruned/scans/basal.activity.2.permute.RData 
[1] 3
attempting  /u/home/j/jzou1115/project-zarlab/CFW/confidence_interval_pipeline_out_pruned/scans/basal.activity.3.permute.RData 
loading /u/home/j/jzou1115/project-zarlab/CFW/confidence_interval_pipeline_out_pruned/genotypes/chr3.oxinfo90.Rdata 
Using per.chromosome
writing /u/home/j/jzou1115/project-zarlab/CFW/confidence_interval_pipeline_out_pruned/scans/basal.activity.3.permute.RData 
[1] 4
attempting  /u/home/j/jzou1115/project-zarlab/CFW/confidence_interval_pipeline_out_pruned/scans/basal.activity.4.permute.RData 
loading /u/home/j/jzou1115/project-zarlab/CFW/confidence_interval_pipeline_out_pruned/genotypes/chr4.oxinfo90.Rdata 
Using per.chromosome
writing /u/home/j/jzou1115/project-zarlab/CFW/confidence_interval_pipeline_out_pruned/scans/basal.activity.4.permute.RData 
[1] 5
attempting  /u/home/j/jzou1115/project-zarlab/CFW/confidence_interval_pipeline_out_pruned/scans/basal.activity.5.permute.RData 
loading /u/home/j/jzou1115/project-zarlab/CFW/confidence_interval_pipeline_out_pruned/genotypes/chr5.oxinfo90.Rdata 
Using per.chromosome
writing /u/home/j/jzou1115/project-zarlab/CFW/confidence_interval_pipeline_out_pruned/scans/basal.activity.5.permute.RData 
[1] 6
attempting  /u/home/j/jzou1115/project-zarlab/CFW/confidence_interval_pipeline_out_pruned/scans/basal.activity.6.permute.RData 
loading /u/home/j/jzou1115/project-zarlab/CFW/confidence_interval_pipeline_out_pruned/genotypes/chr6.oxinfo90.Rdata 
Using per.chromosome
writing /u/home/j/jzou1115/project-zarlab/CFW/confidence_interval_pipeline_out_pruned/scans/basal.activity.6.permute.RData 
[1] 7
attempting  /u/home/j/jzou1115/project-zarlab/CFW/confidence_interval_pipeline_out_pruned/scans/basal.activity.7.permute.RData 
loading /u/home/j/jzou1115/project-zarlab/CFW/confidence_interval_pipeline_out_pruned/genotypes/chr7.oxinfo90.Rdata 
Using per.chromosome
writing /u/home/j/jzou1115/project-zarlab/CFW/confidence_interval_pipeline_out_pruned/scans/basal.activity.7.permute.RData 
[1] 8
attempting  /u/home/j/jzou1115/project-zarlab/CFW/confidence_interval_pipeline_out_pruned/scans/basal.activity.8.permute.RData 
loading /u/home/j/jzou1115/project-zarlab/CFW/confidence_interval_pipeline_out_pruned/genotypes/chr8.oxinfo90.Rdata 
Using per.chromosome
writing /u/home/j/jzou1115/project-zarlab/CFW/confidence_interval_pipeline_out_pruned/scans/basal.activity.8.permute.RData 
[1] 9
attempting  /u/home/j/jzou1115/project-zarlab/CFW/confidence_interval_pipeline_out_pruned/scans/basal.activity.9.permute.RData 
loading /u/home/j/jzou1115/project-zarlab/CFW/confidence_interval_pipeline_out_pruned/genotypes/chr9.oxinfo90.Rdata 
Using per.chromosome
writing /u/home/j/jzou1115/project-zarlab/CFW/confidence_interval_pipeline_out_pruned/scans/basal.activity.9.permute.RData 
[1] 10
attempting  /u/home/j/jzou1115/project-zarlab/CFW/confidence_interval_pipeline_out_pruned/scans/basal.activity.10.permute.RData 
loading /u/home/j/jzou1115/project-zarlab/CFW/confidence_interval_pipeline_out_pruned/genotypes/chr10.oxinfo90.Rdata 
Using per.chromosome
writing /u/home/j/jzou1115/project-zarlab/CFW/confidence_interval_pipeline_out_pruned/scans/basal.activity.10.permute.RData 
[1] 11
attempting  /u/home/j/jzou1115/project-zarlab/CFW/confidence_interval_pipeline_out_pruned/scans/basal.activity.11.permute.RData 
loading /u/home/j/jzou1115/project-zarlab/CFW/confidence_interval_pipeline_out_pruned/genotypes/chr11.oxinfo90.Rdata 
Using per.chromosome
writing /u/home/j/jzou1115/project-zarlab/CFW/confidence_interval_pipeline_out_pruned/scans/basal.activity.11.permute.RData 
[1] 12
attempting  /u/home/j/jzou1115/project-zarlab/CFW/confidence_interval_pipeline_out_pruned/scans/basal.activity.12.permute.RData 
loading /u/home/j/jzou1115/project-zarlab/CFW/confidence_interval_pipeline_out_pruned/genotypes/chr12.oxinfo90.Rdata 
Using per.chromosome
writing /u/home/j/jzou1115/project-zarlab/CFW/confidence_interval_pipeline_out_pruned/scans/basal.activity.12.permute.RData 
[1] 13
attempting  /u/home/j/jzou1115/project-zarlab/CFW/confidence_interval_pipeline_out_pruned/scans/basal.activity.13.permute.RData 
loading /u/home/j/jzou1115/project-zarlab/CFW/confidence_interval_pipeline_out_pruned/genotypes/chr13.oxinfo90.Rdata 
Using per.chromosome
writing /u/home/j/jzou1115/project-zarlab/CFW/confidence_interval_pipeline_out_pruned/scans/basal.activity.13.permute.RData 
[1] 14
attempting  /u/home/j/jzou1115/project-zarlab/CFW/confidence_interval_pipeline_out_pruned/scans/basal.activity.14.permute.RData 
loading /u/home/j/jzou1115/project-zarlab/CFW/confidence_interval_pipeline_out_pruned/genotypes/chr14.oxinfo90.Rdata 
Using per.chromosome
writing /u/home/j/jzou1115/project-zarlab/CFW/confidence_interval_pipeline_out_pruned/scans/basal.activity.14.permute.RData 
[1] 15
attempting  /u/home/j/jzou1115/project-zarlab/CFW/confidence_interval_pipeline_out_pruned/scans/basal.activity.15.permute.RData 
loading /u/home/j/jzou1115/project-zarlab/CFW/confidence_interval_pipeline_out_pruned/genotypes/chr15.oxinfo90.Rdata 
Using per.chromosome
writing /u/home/j/jzou1115/project-zarlab/CFW/confidence_interval_pipeline_out_pruned/scans/basal.activity.15.permute.RData 
[1] 16
attempting  /u/home/j/jzou1115/project-zarlab/CFW/confidence_interval_pipeline_out_pruned/scans/basal.activity.16.permute.RData 
loading /u/home/j/jzou1115/project-zarlab/CFW/confidence_interval_pipeline_out_pruned/genotypes/chr16.oxinfo90.Rdata 
Using per.chromosome
writing /u/home/j/jzou1115/project-zarlab/CFW/confidence_interval_pipeline_out_pruned/scans/basal.activity.16.permute.RData 
[1] 17
attempting  /u/home/j/jzou1115/project-zarlab/CFW/confidence_interval_pipeline_out_pruned/scans/basal.activity.17.permute.RData 
loading /u/home/j/jzou1115/project-zarlab/CFW/confidence_interval_pipeline_out_pruned/genotypes/chr17.oxinfo90.Rdata 
Using per.chromosome
writing /u/home/j/jzou1115/project-zarlab/CFW/confidence_interval_pipeline_out_pruned/scans/basal.activity.17.permute.RData 
[1] 18
attempting  /u/home/j/jzou1115/project-zarlab/CFW/confidence_interval_pipeline_out_pruned/scans/basal.activity.18.permute.RData 
loading /u/home/j/jzou1115/project-zarlab/CFW/confidence_interval_pipeline_out_pruned/genotypes/chr18.oxinfo90.Rdata 
Using per.chromosome
writing /u/home/j/jzou1115/project-zarlab/CFW/confidence_interval_pipeline_out_pruned/scans/basal.activity.18.permute.RData 
[1] 19
attempting  /u/home/j/jzou1115/project-zarlab/CFW/confidence_interval_pipeline_out_pruned/scans/basal.activity.19.permute.RData 
loading /u/home/j/jzou1115/project-zarlab/CFW/confidence_interval_pipeline_out_pruned/genotypes/chr19.oxinfo90.Rdata 
Using per.chromosome
writing /u/home/j/jzou1115/project-zarlab/CFW/confidence_interval_pipeline_out_pruned/scans/basal.activity.19.permute.RData 
