[1] 48
loading /u/home/j/jzou1115/project-zarlab/CFW/confidence_interval_pipeline_out_pruned/genotypes/chr13.oxinfo90.Rdata 
/u/home/j/jzou1115/project-zarlab/CFW/confidence_interval_pipeline_out_pruned/mm/emma.activity.total.RData 
attempting  /u/home/j/jzou1115/project-zarlab/CFW/confidence_interval_pipeline_out_pruned/confidence_intervals/activity.total.13.10144490.CI.RData 
[1] "simulate.qtl.confidence.interval"
Using per.chromosome
NULL
[1] "Selecting 1000 snps..."
[1] "Apply simulation to 1000 snps..."
[1] "concat results..."
[1] 48
loading /u/home/j/jzou1115/project-zarlab/CFW/confidence_interval_pipeline_out_pruned/genotypes/chr13.oxinfo90.Rdata 
/u/home/j/jzou1115/project-zarlab/CFW/confidence_interval_pipeline_out_pruned/mm/emma.activity.total.RData 
attempting  /u/home/j/jzou1115/project-zarlab/CFW/confidence_interval_pipeline_out_pruned/confidence_intervals/activity.total.13.10144490.CI.RData 
[1] "simulate.qtl.confidence.interval"
Using per.chromosome
NULL
[1] "Selecting 1000 snps..."
[1] "Apply simulation to 1000 snps..."
[1] "concat results..."
