[1] 44
loading /u/home/j/jzou1115/project-zarlab/CFW/confidence_interval_pipeline_out_pruned/genotypes/chr9.oxinfo90.Rdata 
/u/home/j/jzou1115/project-zarlab/CFW/confidence_interval_pipeline_out_pruned/mm/emma.activity.middle.RData 
attempting  /u/home/j/jzou1115/project-zarlab/CFW/confidence_interval_pipeline_out_pruned/confidence_intervals/activity.middle.9.81879809.CI.RData 
[1] "simulate.qtl.confidence.interval"
Using per.chromosome
NULL
[1] "Selecting 1000 snps..."
[1] "Apply simulation to 1000 snps..."
[1] "concat results..."
[1] 44
loading /u/home/j/jzou1115/project-zarlab/CFW/confidence_interval_pipeline_out_pruned/genotypes/chr9.oxinfo90.Rdata 
/u/home/j/jzou1115/project-zarlab/CFW/confidence_interval_pipeline_out_pruned/mm/emma.activity.middle.RData 
attempting  /u/home/j/jzou1115/project-zarlab/CFW/confidence_interval_pipeline_out_pruned/confidence_intervals/activity.middle.9.81879809.CI.RData 
[1] "simulate.qtl.confidence.interval"
Using per.chromosome
NULL
[1] "Selecting 1000 snps..."
[1] "Apply simulation to 1000 snps..."
[1] "concat results..."
