[1] 18
loading /u/home/j/jzou1115/project-zarlab/CFW/confidence_interval_pipeline_out_pruned/genotypes/chr11.oxinfo90.Rdata 
/u/home/j/jzou1115/project-zarlab/CFW/confidence_intervals/output2/emma.bmd.a.RData 
attempting  /u/home/j/jzou1115/project-zarlab/CFW/confidence_interval_pipeline_out_pruned/confidence_intervals/bmd.a.11.94758993.CI.RData 
[1] "simulate.qtl.confidence.interval"
Using per.chromosome
NULL
[1] "Selecting 1000 snps..."
[1] "Apply simulation to 1000 snps..."
[1] "concat results..."
[1] 66
loading /u/home/j/jzou1115/project-zarlab/CFW/confidence_interval_pipeline_out_pruned/genotypes/chr11.oxinfo90.Rdata 
/u/home/j/jzou1115/project-zarlab/CFW/confidence_interval_pipeline_out_pruned/mm/emma.bmd.a.RData 
attempting  /u/home/j/jzou1115/project-zarlab/CFW/confidence_interval_pipeline_out_pruned/confidence_intervals/bmd.a.11.94758993.CI.RData 
[1] "simulate.qtl.confidence.interval"
Using per.chromosome
NULL
[1] "Selecting 1000 snps..."
[1] "Apply simulation to 1000 snps..."
[1] "concat results..."
[1] 66
loading /u/home/j/jzou1115/project-zarlab/CFW/confidence_interval_pipeline_out_pruned/genotypes/chr11.oxinfo90.Rdata 
/u/home/j/jzou1115/project-zarlab/CFW/confidence_interval_pipeline_out_pruned/mm/emma.bmd.a.RData 
attempting  /u/home/j/jzou1115/project-zarlab/CFW/confidence_interval_pipeline_out_pruned/confidence_intervals/bmd.a.11.94758993.CI.RData 
[1] "simulate.qtl.confidence.interval"
Using per.chromosome
NULL
[1] "Selecting 1000 snps..."
[1] "Apply simulation to 1000 snps..."
[1] "concat results..."
