Building DAG of jobs...
Using shell: /bin/bash
Provided cores: 16
Rules claiming more threads will be scaled down.
Job counts:
	count	jobs
	1	subsetPrunedSNPs
	1

[Sun Jul 26 22:21:43 2020]
rule subsetPrunedSNPs:
    input: /u/home/j/jzou1115/project-zarlab/CFW/MegaAnalysis_CFW_2019/genotypes/oxinfo90/combined.chr16.oxinfo90.dosages.gz, /u/home/j/jzou1115/project-zarlab/CFW/MegaAnalysis_CFW_2019/genotypes/oxinfo90/combined.chr16.oxinfo90.annot, /u/home/j/jzou1115/project-zarlab/CFW/confidence_interval_pipeline_out_pruned/genotypes/combined.chr16.oxinfo90.txt, /u/home/j/jzou1115/project-zarlab/CFW/confidence_intervals/data/phenotypes/pheno.combined.txt
    output: /u/home/j/jzou1115/project-zarlab/CFW/confidence_interval_pipeline_out_pruned/genotypes/combined.chr16.oxinfo90.Rdata
    jobid: 0
    wildcards: chr=16

[Sun Jul 26 22:22:35 2020]
Finished job 0.
1 of 1 steps (100%) done
Building DAG of jobs...
Using shell: /bin/bash
Provided cores: 16
Rules claiming more threads will be scaled down.
Job counts:
	count	jobs
	1	subsetPrunedSNPs
	1

[Sun Aug  2 12:06:57 2020]
rule subsetPrunedSNPs:
    input: /u/home/j/jzou1115/project-zarlab/CFW/MegaAnalysis_CFW_2019/genotypes/oxinfo90/combined.chr16.oxinfo90.dosages.gz, /u/home/j/jzou1115/project-zarlab/CFW/MegaAnalysis_CFW_2019/genotypes/oxinfo90/combined.chr16.oxinfo90.annot, /u/home/j/jzou1115/project-zarlab/CFW/confidence_interval_pipeline_out_pruned/genotypes/combined.chr16.oxinfo90.txt, /u/home/j/jzou1115/project-zarlab/CFW/confidence_intervals/data/phenotypes/pheno.combined.txt
    output: /u/home/j/jzou1115/project-zarlab/CFW/confidence_interval_pipeline_out_pruned/genotypes/chr16.oxinfo90.Rdata
    jobid: 0
    wildcards: chr=16

[Sun Aug  2 12:07:55 2020]
Finished job 0.
1 of 1 steps (100%) done
