Building DAG of jobs...
Using shell: /bin/bash
Provided cores: 36
Rules claiming more threads will be scaled down.
Job counts:
	count	jobs
	1	subsetPrunedSNPs
	1

[Sun Jul 26 22:22:15 2020]
rule subsetPrunedSNPs:
    input: /u/home/j/jzou1115/project-zarlab/CFW/MegaAnalysis_CFW_2019/genotypes/oxinfo90/combined.chr11.oxinfo90.dosages.gz, /u/home/j/jzou1115/project-zarlab/CFW/MegaAnalysis_CFW_2019/genotypes/oxinfo90/combined.chr11.oxinfo90.annot, /u/home/j/jzou1115/project-zarlab/CFW/confidence_interval_pipeline_out_pruned/genotypes/combined.chr11.oxinfo90.txt, /u/home/j/jzou1115/project-zarlab/CFW/confidence_intervals/data/phenotypes/pheno.combined.txt
    output: /u/home/j/jzou1115/project-zarlab/CFW/confidence_interval_pipeline_out_pruned/genotypes/combined.chr11.oxinfo90.Rdata
    jobid: 0
    wildcards: chr=11

[Sun Jul 26 22:30:03 2020]
Finished job 0.
1 of 1 steps (100%) done
Building DAG of jobs...
Using shell: /bin/bash
Provided cores: 36
Rules claiming more threads will be scaled down.
Job counts:
	count	jobs
	1	subsetPrunedSNPs
	1

[Sun Aug  2 12:07:01 2020]
rule subsetPrunedSNPs:
    input: /u/home/j/jzou1115/project-zarlab/CFW/MegaAnalysis_CFW_2019/genotypes/oxinfo90/combined.chr11.oxinfo90.dosages.gz, /u/home/j/jzou1115/project-zarlab/CFW/MegaAnalysis_CFW_2019/genotypes/oxinfo90/combined.chr11.oxinfo90.annot, /u/home/j/jzou1115/project-zarlab/CFW/confidence_interval_pipeline_out_pruned/genotypes/combined.chr11.oxinfo90.txt, /u/home/j/jzou1115/project-zarlab/CFW/confidence_intervals/data/phenotypes/pheno.combined.txt
    output: /u/home/j/jzou1115/project-zarlab/CFW/confidence_interval_pipeline_out_pruned/genotypes/chr11.oxinfo90.Rdata
    jobid: 0
    wildcards: chr=11

[Sun Aug  2 12:15:33 2020]
Finished job 0.
1 of 1 steps (100%) done
