112959403.0 114840251.0
(361940, 14)
(20259, 14)
Dropping 0 snps with missing z
(20259, 15)
output z
79338858.0 82060124.0
(222795, 14)
(8380, 14)
Dropping 0 snps with missing z
(8380, 15)
output z
25307276.0 25706311.0
(177456, 14)
(795, 14)
Dropping 0 snps with missing z
(795, 15)
output z
15600158.0 18402294.0
(462686, 14)
(9535, 14)
Dropping 0 snps with missing z
(9535, 15)
output z
39594814.0 41894300.0
(284104, 14)
(5647, 14)
Dropping 0 snps with missing z
(5647, 15)
output z
83514944.0 83514944.0
(423912, 14)
(1, 14)
Dropping 0 snps with missing z
(1, 15)
output z
80757771.0 85054834.0
(269932, 14)
(32139, 14)
Dropping 0 snps with missing z
(32139, 15)
output z
95761488.0 97022116.0
(397035, 14)
(9842, 14)
Dropping 0 snps with missing z
(9842, 15)
output z
22857585.0 24922475.0
(284107, 14)
(19630, 14)
Dropping 0 snps with missing z
(19630, 15)
output z
92705942.0 98591640.0
(397036, 14)
(36160, 14)
Dropping 0 snps with missing z
(36160, 15)
output z
80796612.0 84389906.0
(269933, 14)
(30610, 14)
Dropping 0 snps with missing z
(30610, 15)
output z
38282853.0 39053996.0
(177451, 14)
(1868, 14)
Dropping 0 snps with missing z
(1868, 15)
output z
91126123.0 91950009.0
(423912, 14)
(4565, 14)
Dropping 0 snps with missing z
(4565, 15)
output z
22852400.0 28011056.0
(284107, 14)
(30865, 14)
Dropping 0 snps with missing z
(30865, 15)
output z
88960716.0 89505585.0
(397031, 14)
(4804, 14)
Dropping 0 snps with missing z
(4804, 15)
output z
5954638.0 10677626.0
(361956, 14)
(40749, 14)
Dropping 0 snps with missing z
(40749, 15)
output z
113256893.0 114825420.0
(361939, 14)
(16835, 14)
Dropping 0 snps with missing z
(16835, 15)
output z
96207908.0 97097573.0
(397032, 14)
(7108, 14)
Dropping 0 snps with missing z
(7108, 15)
output z
95256570.0 97097573.0
(397032, 14)
(14880, 14)
Dropping 0 snps with missing z
(14880, 15)
output z
34005593.0 34239934.0
(325286, 14)
(3068, 14)
Dropping 0 snps with missing z
(3068, 15)
output z
79333161.0 79962804.0
(397031, 14)
(1496, 14)
Dropping 0 snps with missing z
(1496, 15)
output z
93418604.0 97097573.0
(397035, 14)
(22608, 14)
Dropping 0 snps with missing z
(22608, 15)
output z
93378333.0 97097573.0
(397036, 14)
(23061, 14)
Dropping 0 snps with missing z
(23061, 15)
output z
146463090.0 148328439.0
(462689, 14)
(12454, 14)
Dropping 0 snps with missing z
(12454, 15)
output z
93378333.0 97097573.0
(397039, 14)
(23061, 14)
Dropping 0 snps with missing z
(23061, 15)
output z
115778245.0 117547769.0
(361941, 14)
(19296, 14)
Dropping 0 snps with missing z
(19296, 15)
output z
79334983.0 79962804.0
(397031, 14)
(1492, 14)
Dropping 0 snps with missing z
(1492, 15)
output z
93378333.0 97022116.0
(397039, 14)
(22381, 14)
Dropping 0 snps with missing z
(22381, 15)
output z
8139647.0 8210660.0
(361956, 14)
(879, 14)
Dropping 0 snps with missing z
(879, 15)
output z
put z
146892078.0 147044948.0
(462689, 14)
(1658, 14)
Dropping 0 snps with missing z
(1658, 15)
output z
7101524.0 8210660.0
(361956, 14)
(10253, 14)
Dropping 0 snps with missing z
(10253, 15)
output z
z
155763502.0 155857398.0
(506870, 14)
(826, 14)
Dropping 0 snps with missing z
(826, 15)
output z
155763502.0 155856984.0
(506869, 14)
(820, 14)
Dropping 0 snps with missing z
(820, 15)
output z
33838365.0 35261674.0
(325279, 14)
(11789, 14)
Dropping 0 snps with missing z
(11789, 15)
output z
95256570.0 97097573.0
(397035, 14)
(14880, 14)
Dropping 0 snps with missing z
(14880, 15)
output z
84823846.0 86658220.0
(272670, 14)
(4728, 14)
Dropping 0 snps with missing z
(4728, 15)
output z
153342082.0 153881598.0
(506866, 14)
(1353, 14)
Dropping 0 snps with missing z
(1353, 15)
output z
80922688.0 84495118.0
(269934, 14)
(29395, 14)
Dropping 0 snps with missing z
(29395, 15)
output z
155763502.0 155857398.0
(506872, 14)
(826, 14)
Dropping 0 snps with missing z
(826, 15)
output z
8139647.0 8210660.0
(361956, 14)
(879, 14)
Dropping 0 snps with missing z
(879, 15)
output z
88935229.0 89100232.0
(397031, 14)
(1655, 14)
Dropping 0 snps with missing z
(1655, 15)
output z
87189456.0 88501210.0
(269933, 14)
(4185, 14)
Dropping 0 snps with missing z
(4185, 15)
output z
154645131.0 155857398.0
(506869, 14)
(8401, 14)
Dropping 0 snps with missing z
(8401, 15)
output z
5498433.0 10624903.0
(361932, 14)
(42159, 14)
Dropping 0 snps with missing z
(42159, 15)
output z
155765397.0 155857398.0
(506870, 14)
(818, 14)
Dropping 0 snps with missing z
(818, 15)
output z
7101524.0 8210660.0
(361956, 14)
(10253, 14)
Dropping 0 snps with missing z
(10253, 15)
output z
95256570.0 97097573.0
(397038, 14)
(14880, 14)
Dropping 0 snps with missing z
(14880, 15)
output z
80296489.0 85054834.0
(269932, 14)
(36581, 14)
Dropping 0 snps with missing z
(36581, 15)
output z
6860805.0 8833368.0
(361956, 14)
(18514, 14)
Dropping 0 snps with missing z
(18514, 15)
output z
34005593.0 34013675.0
(325279, 14)
(310, 14)
Dropping 0 snps with missing z
(310, 15)
output z
38282853.0 39476459.0
(177456, 14)
(2778, 14)
Dropping 0 snps with missing z
(2778, 15)
output z
5954638.0 10757768.0
(361956, 14)
(41231, 14)
Dropping 0 snps with missing z
(41231, 15)
output z
8142244.0 8833368.0
(361956, 14)
(6692, 14)
Dropping 0 snps with missing z
(6692, 15)
output z
32189148.0 33616653.0
(397032, 14)
(12017, 14)
Dropping 0 snps with missing z
(12017, 15)
output z
6860805.0 9240689.0
(361956, 14)
(21601, 14)
Dropping 0 snps with missing z
(21601, 15)
output z
92705942.0 97097573.0
(397037, 14)
(25863, 14)
Dropping 0 snps with missing z
(25863, 15)
output z
94739389.0 97097573.0
(397035, 14)
(19875, 14)
Dropping 0 snps with missing z
(19875, 15)
output z
82915377.0 83885241.0
(423913, 14)
(2522, 14)
Dropping 0 snps with missing z
(2522, 15)
output z
80408302.0 85054834.0
(269932, 14)
(35503, 14)
Dropping 0 snps with missing z
(35503, 15)
output z
15600158.0 18402294.0
(462686, 14)
(9535, 14)
Dropping 0 snps with missing z
(9535, 15)
output z
11388872.0 12517342.0
(239841, 14)
(3171, 14)
Dropping 0 snps with missing z
(3171, 15)
output z
82258463.0 87314453.0
(506872, 14)
(27345, 14)
Dropping 0 snps with missing z
(27345, 15)
output z
80479638.0 87120445.0
(506872, 14)
(32239, 14)
Dropping 0 snps with missing z
(32239, 15)
output z
8234106.0 9333069.0
(361943, 14)
(9564, 14)
Dropping 0 snps with missing z
(9564, 15)
output z
95256570.0 97097573.0
(397033, 14)
(14880, 14)
Dropping 0 snps with missing z
(14880, 15)
output z
80475283.0 85054834.0
(269932, 14)
(35043, 14)
Dropping 0 snps with missing z
(35043, 15)
output z
18292046.0 18530401.0
(397031, 14)
(3062, 14)
Dropping 0 snps with missing z
(3062, 15)
output z
7101524.0 8210660.0
(361957, 14)
(10253, 14)
Dropping 0 snps with missing z
(10253, 15)
output z
89764158.0 90070405.0
(506866, 14)
(1540, 14)
Dropping 0 snps with missing z
(1540, 15)
output z
145431501.0 148436021.0
(462689, 14)
(24093, 14)
Dropping 0 snps with missing z
(24093, 15)
output z
7101524.0 8833368.0
(361956, 14)
(16101, 14)
Dropping 0 snps with missing z
(16101, 15)
output z
155345116.0 155812908.0
(506874, 14)
(3441, 14)
Dropping 0 snps with missing z
(3441, 15)
output z
22852400.0 24980027.0
(284203, 14)
(20480, 14)
Dropping 0 snps with missing z
(20480, 15)
output z
21648873.0 24962176.0
(284107, 14)
(23565, 14)
Dropping 0 snps with missing z
(23565, 15)
output z
8851637.0 9310653.0
(361939, 14)
(3589, 14)
Dropping 0 snps with missing z
(3589, 15)
output z
96566395.0 97046932.0
(397038, 14)
(3994, 14)
Dropping 0 snps with missing z
(3994, 15)
output z
79338858.0 82060124.0
(222795, 14)
(8380, 14)
Dropping 0 snps with missing z
(8380, 15)
output z
152183590.0 152220715.0
(529737, 14)
(455, 14)
Dropping 0 snps with missing z
(455, 15)
output z
96471037.0 97097573.0
(397038, 14)
(5513, 14)
Dropping 0 snps with missing z
(5513, 15)
output z
93378333.0 97097573.0
(397036, 14)
(23061, 14)
Dropping 0 snps with missing z
(23061, 15)
output z
7101524.0 8210660.0
(361956, 14)
(10253, 14)
Dropping 0 snps with missing z
(10253, 15)
output z
85914045.0 86513453.0
(239842, 14)
(3793, 14)
Dropping 0 snps with missing z
(3793, 15)
output z
83282230.0 83885241.0
(423909, 14)
(1210, 14)
Dropping 0 snps with missing z
(1210, 15)
output z
21648873.0 25072986.0
(284203, 14)
(25172, 14)
Dropping 0 snps with missing z
(25172, 15)
output z
77669072.0 83711743.0
(506872, 14)
(21780, 14)
Dropping 0 snps with missing z
(21780, 15)
output z
78057075.0 85510375.0
(506872, 14)
(30875, 14)
Dropping 0 snps with missing z
(30875, 15)
output z
7101524.0 8833368.0
(361956, 14)
(16101, 14)
Dropping 0 snps with missing z
(16101, 15)
output z
7101524.0 8210660.0
(361957, 14)
(10253, 14)
Dropping 0 snps with missing z
(10253, 15)
output z
89764158.0 90070405.0
(506867, 14)
(1540, 14)
Dropping 0 snps with missing z
(1540, 15)
output z
5954638.0 10624903.0
(361956, 14)
(40440, 14)
Dropping 0 snps with missing z
(40440, 15)
output z
23184607.0 24922475.0
(284107, 14)
(16180, 14)
Dropping 0 snps with missing z
(16180, 15)
output z
93378333.0 98591640.0
(397038, 14)
(33358, 14)
Dropping 0 snps with missing z
(33358, 15)
output z
91175287.0 91950009.0
(423912, 14)
(4511, 14)
Dropping 0 snps with missing z
(4511, 15)
output z
39594814.0 41894300.0
(284104, 14)
(5647, 14)
Dropping 0 snps with missing z
(5647, 15)
output z
5960177.0 10150339.0
(361956, 14)
(36353, 14)
Dropping 0 snps with missing z
(36353, 15)
output z
15510280.0 16363859.0
(309024, 14)
(4564, 14)
Dropping 0 snps with missing z
(4564, 15)
output z
77669072.0 84972539.0
(506872, 14)
(29105, 14)
Dropping 0 snps with missing z
(29105, 15)
output z
93418604.0 94195389.0
(397037, 14)
(1803, 14)
Dropping 0 snps with missing z
(1803, 15)
output z
8851637.0 9333069.0
(361932, 14)
(3754, 14)
Dropping 0 snps with missing z
(3754, 15)
output z
112980249.0 114863182.0
(361939, 14)
(20298, 14)
Dropping 0 snps with missing z
(20298, 15)
output z
93378333.0 97097573.0
(397039, 14)
(23061, 14)
Dropping 0 snps with missing z
(23061, 15)
output z
33838365.0 37139524.0
(325286, 14)
(27526, 14)
Dropping 0 snps with missing z
(27526, 15)
output z
96124433.0 97024165.0
(397033, 14)
(7072, 14)
Dropping 0 snps with missing z
(7072, 15)
output z

5963004.0 10677626.0
(361956, 14)
(40595, 14)
Dropping 0 snps with missing z
(40595, 15)
output z
33838365.0 35263083.0
(325286, 14)
(11830, 14)
Dropping 0 snps with missing z
(11830, 15)
output z
80039850.0 85510375.0
(506872, 14)
(22814, 14)
Dropping 0 snps with missing z
(22814, 15)
output z
6860805.0 8833368.0
(361956, 14)
(18514, 14)
Dropping 0 snps with missing z
(18514, 15)
output z
6147766.0 10150339.0
(361956, 14)
(34903, 14)
Dropping 0 snps with missing z
(34903, 15)
output z
5954638.0 10757768.0
(361956, 14)
(41231, 14)
Dropping 0 snps with missing z
(41231, 15)
output z
146627417.0 147774115.0
(462689, 14)
(9663, 14)
Dropping 0 snps with missing z
(9663, 15)
output z
32132209.0 33616653.0
(397032, 14)
(12593, 14)
Dropping 0 snps with missing z
(12593, 15)
output z
95256570.0 97097573.0
(397035, 14)
(14880, 14)
Dropping 0 snps with missing z
(14880, 15)
output z
95436422.0 97097573.0
(397035, 14)
(13583, 14)
Dropping 0 snps with missing z
(13583, 15)
output z
77669072.0 82635153.0
(506872, 14)
(18284, 14)
Dropping 0 snps with missing z
(18284, 15)
output z
151710501.0 153879574.0
(506856, 14)
(6745, 14)
Dropping 0 snps with missing z
(6745, 15)
output z
7820380.0 8833368.0
(361956, 14)
(9211, 14)
Dropping 0 snps with missing z
(9211, 15)
output z
95054309.0 100057985.0
(397035, 14)
(29908, 14)
Dropping 0 snps with missing z
(29908, 15)
output z
8234106.0 9242435.0
(361939, 14)
(8736, 14)
Dropping 0 snps with missing z
(8736, 15)
output z
5954638.0 10677626.0
(361957, 14)
(40749, 14)
Dropping 0 snps with missing z
(40749, 15)
output z
152036062.0 153888076.0
(506867, 14)
(4162, 14)
Dropping 0 snps with missing z
(4162, 15)
output z
5954638.0 10757768.0
(361957, 14)
(41231, 14)
Dropping 0 snps with missing z
(41231, 15)
output z
89764158.0 90070405.0
(506867, 14)
(1540, 14)
Dropping 0 snps with missing z
(1540, 15)
output z
