Building DAG of jobs...
Using shell: /bin/bash
Provided cluster nodes: 100
Job counts:
	count	jobs
	1	all
	19	combineQtlsPrunedSNPs
	1	evaluateConfidenceIntervals
	34	genomeScans
	1	mixedModelHeritabilities
	46	simulateConfidenceIntervals
	19	subsetPrunedSNPs
	121

[Sun Jul 26 19:47:04 2020]
rule combineQtlsPrunedSNPs:
    input: /u/home/j/jzou1115/project-zarlab/CFW/MegaAnalysis_CFW_2019/oxinfo90/LDprunedSNPs/combined.chr1.prune.in, /u/home/j/jzou1115/project-zarlab/CFW/confidence_intervals/data/qtls/qtls_decorrelated_threshold2.txt
    output: /u/home/j/jzou1115/project-zarlab/CFW/confidence_interval_pipeline_out_pruned/genotypes/combined.chr1.oxinfo90.txt
    jobid: 101
    wildcards: chr=1

Submitted job 101 with external jobid 'Your job 3867620 ("combineQtlsPrunedSNPs") has been submitted'.

[Sun Jul 26 19:47:05 2020]
rule combineQtlsPrunedSNPs:
    input: /u/home/j/jzou1115/project-zarlab/CFW/MegaAnalysis_CFW_2019/oxinfo90/LDprunedSNPs/combined.chr8.prune.in, /u/home/j/jzou1115/project-zarlab/CFW/confidence_intervals/data/qtls/qtls_decorrelated_threshold2.txt
    output: /u/home/j/jzou1115/project-zarlab/CFW/confidence_interval_pipeline_out_pruned/genotypes/combined.chr8.oxinfo90.txt
    jobid: 108
    wildcards: chr=8

Submitted job 108 with external jobid 'Your job 3867621 ("combineQtlsPrunedSNPs") has been submitted'.

[Sun Jul 26 19:47:06 2020]
rule combineQtlsPrunedSNPs:
    input: /u/home/j/jzou1115/project-zarlab/CFW/MegaAnalysis_CFW_2019/oxinfo90/LDprunedSNPs/combined.chr4.prune.in, /u/home/j/jzou1115/project-zarlab/CFW/confidence_intervals/data/qtls/qtls_decorrelated_threshold2.txt
    output: /u/home/j/jzou1115/project-zarlab/CFW/confidence_interval_pipeline_out_pruned/genotypes/combined.chr4.oxinfo90.txt
    jobid: 104
    wildcards: chr=4

Submitted job 104 with external jobid 'Your job 3867622 ("combineQtlsPrunedSNPs") has been submitted'.

[Sun Jul 26 19:47:07 2020]
rule combineQtlsPrunedSNPs:
    input: /u/home/j/jzou1115/project-zarlab/CFW/MegaAnalysis_CFW_2019/oxinfo90/LDprunedSNPs/combined.chr12.prune.in, /u/home/j/jzou1115/project-zarlab/CFW/confidence_intervals/data/qtls/qtls_decorrelated_threshold2.txt
    output: /u/home/j/jzou1115/project-zarlab/CFW/confidence_interval_pipeline_out_pruned/genotypes/combined.chr12.oxinfo90.txt
    jobid: 112
    wildcards: chr=12

Submitted job 112 with external jobid 'Your job 3867623 ("combineQtlsPrunedSNPs") has been submitted'.

[Sun Jul 26 19:47:08 2020]
rule combineQtlsPrunedSNPs:
    input: /u/home/j/jzou1115/project-zarlab/CFW/MegaAnalysis_CFW_2019/oxinfo90/LDprunedSNPs/combined.chr9.prune.in, /u/home/j/jzou1115/project-zarlab/CFW/confidence_intervals/data/qtls/qtls_decorrelated_threshold2.txt
    output: /u/home/j/jzou1115/project-zarlab/CFW/confidence_interval_pipeline_out_pruned/genotypes/combined.chr9.oxinfo90.txt
    jobid: 109
    wildcards: chr=9

Submitted job 109 with external jobid 'Your job 3867624 ("combineQtlsPrunedSNPs") has been submitted'.

[Sun Jul 26 19:47:09 2020]
rule combineQtlsPrunedSNPs:
    input: /u/home/j/jzou1115/project-zarlab/CFW/MegaAnalysis_CFW_2019/oxinfo90/LDprunedSNPs/combined.chr18.prune.in, /u/home/j/jzou1115/project-zarlab/CFW/confidence_intervals/data/qtls/qtls_decorrelated_threshold2.txt
    output: /u/home/j/jzou1115/project-zarlab/CFW/confidence_interval_pipeline_out_pruned/genotypes/combined.chr18.oxinfo90.txt
    jobid: 118
    wildcards: chr=18

Submitted job 118 with external jobid 'Your job 3867625 ("combineQtlsPrunedSNPs") has been submitted'.

[Sun Jul 26 19:47:10 2020]
rule combineQtlsPrunedSNPs:
    input: /u/home/j/jzou1115/project-zarlab/CFW/MegaAnalysis_CFW_2019/oxinfo90/LDprunedSNPs/combined.chr2.prune.in, /u/home/j/jzou1115/project-zarlab/CFW/confidence_intervals/data/qtls/qtls_decorrelated_threshold2.txt
    output: /u/home/j/jzou1115/project-zarlab/CFW/confidence_interval_pipeline_out_pruned/genotypes/combined.chr2.oxinfo90.txt
    jobid: 102
    wildcards: chr=2

Submitted job 102 with external jobid 'Your job 3867626 ("combineQtlsPrunedSNPs") has been submitted'.

[Sun Jul 26 19:47:11 2020]
rule combineQtlsPrunedSNPs:
    input: /u/home/j/jzou1115/project-zarlab/CFW/MegaAnalysis_CFW_2019/oxinfo90/LDprunedSNPs/combined.chr16.prune.in, /u/home/j/jzou1115/project-zarlab/CFW/confidence_intervals/data/qtls/qtls_decorrelated_threshold2.txt
    output: /u/home/j/jzou1115/project-zarlab/CFW/confidence_interval_pipeline_out_pruned/genotypes/combined.chr16.oxinfo90.txt
    jobid: 116
    wildcards: chr=16

Submitted job 116 with external jobid 'Your job 3867627 ("combineQtlsPrunedSNPs") has been submitted'.

[Sun Jul 26 19:47:12 2020]
rule combineQtlsPrunedSNPs:
    input: /u/home/j/jzou1115/project-zarlab/CFW/MegaAnalysis_CFW_2019/oxinfo90/LDprunedSNPs/combined.chr19.prune.in, /u/home/j/jzou1115/project-zarlab/CFW/confidence_intervals/data/qtls/qtls_decorrelated_threshold2.txt
    output: /u/home/j/jzou1115/project-zarlab/CFW/confidence_interval_pipeline_out_pruned/genotypes/combined.chr19.oxinfo90.txt
    jobid: 119
    wildcards: chr=19

Submitted job 119 with external jobid 'Your job 3867628 ("combineQtlsPrunedSNPs") has been submitted'.

[Sun Jul 26 19:47:13 2020]
rule combineQtlsPrunedSNPs:
    input: /u/home/j/jzou1115/project-zarlab/CFW/MegaAnalysis_CFW_2019/oxinfo90/LDprunedSNPs/combined.chr13.prune.in, /u/home/j/jzou1115/project-zarlab/CFW/confidence_intervals/data/qtls/qtls_decorrelated_threshold2.txt
    output: /u/home/j/jzou1115/project-zarlab/CFW/confidence_interval_pipeline_out_pruned/genotypes/combined.chr13.oxinfo90.txt
    jobid: 113
    wildcards: chr=13

Submitted job 113 with external jobid 'Your job 3867629 ("combineQtlsPrunedSNPs") has been submitted'.

[Sun Jul 26 19:47:14 2020]
rule combineQtlsPrunedSNPs:
    input: /u/home/j/jzou1115/project-zarlab/CFW/MegaAnalysis_CFW_2019/oxinfo90/LDprunedSNPs/combined.chr10.prune.in, /u/home/j/jzou1115/project-zarlab/CFW/confidence_intervals/data/qtls/qtls_decorrelated_threshold2.txt
    output: /u/home/j/jzou1115/project-zarlab/CFW/confidence_interval_pipeline_out_pruned/genotypes/combined.chr10.oxinfo90.txt
    jobid: 110
    wildcards: chr=10

Submitted job 110 with external jobid 'Your job 3867630 ("combineQtlsPrunedSNPs") has been submitted'.

[Sun Jul 26 19:47:15 2020]
rule combineQtlsPrunedSNPs:
    input: /u/home/j/jzou1115/project-zarlab/CFW/MegaAnalysis_CFW_2019/oxinfo90/LDprunedSNPs/combined.chr11.prune.in, /u/home/j/jzou1115/project-zarlab/CFW/confidence_intervals/data/qtls/qtls_decorrelated_threshold2.txt
    output: /u/home/j/jzou1115/project-zarlab/CFW/confidence_interval_pipeline_out_pruned/genotypes/combined.chr11.oxinfo90.txt
    jobid: 111
    wildcards: chr=11

Submitted job 111 with external jobid 'Your job 3867631 ("combineQtlsPrunedSNPs") has been submitted'.

[Sun Jul 26 19:47:16 2020]
rule combineQtlsPrunedSNPs:
    input: /u/home/j/jzou1115/project-zarlab/CFW/MegaAnalysis_CFW_2019/oxinfo90/LDprunedSNPs/combined.chr15.prune.in, /u/home/j/jzou1115/project-zarlab/CFW/confidence_intervals/data/qtls/qtls_decorrelated_threshold2.txt
    output: /u/home/j/jzou1115/project-zarlab/CFW/confidence_interval_pipeline_out_pruned/genotypes/combined.chr15.oxinfo90.txt
    jobid: 115
    wildcards: chr=15

Submitted job 115 with external jobid 'Your job 3867632 ("combineQtlsPrunedSNPs") has been submitted'.

[Sun Jul 26 19:47:17 2020]
rule combineQtlsPrunedSNPs:
    input: /u/home/j/jzou1115/project-zarlab/CFW/MegaAnalysis_CFW_2019/oxinfo90/LDprunedSNPs/combined.chr17.prune.in, /u/home/j/jzou1115/project-zarlab/CFW/confidence_intervals/data/qtls/qtls_decorrelated_threshold2.txt
    output: /u/home/j/jzou1115/project-zarlab/CFW/confidence_interval_pipeline_out_pruned/genotypes/combined.chr17.oxinfo90.txt
    jobid: 117
    wildcards: chr=17

Submitted job 117 with external jobid 'Your job 3867633 ("combineQtlsPrunedSNPs") has been submitted'.

[Sun Jul 26 19:47:18 2020]
rule combineQtlsPrunedSNPs:
    input: /u/home/j/jzou1115/project-zarlab/CFW/MegaAnalysis_CFW_2019/oxinfo90/LDprunedSNPs/combined.chr14.prune.in, /u/home/j/jzou1115/project-zarlab/CFW/confidence_intervals/data/qtls/qtls_decorrelated_threshold2.txt
    output: /u/home/j/jzou1115/project-zarlab/CFW/confidence_interval_pipeline_out_pruned/genotypes/combined.chr14.oxinfo90.txt
    jobid: 114
    wildcards: chr=14

Submitted job 114 with external jobid 'Your job 3867634 ("combineQtlsPrunedSNPs") has been submitted'.

[Sun Jul 26 19:47:19 2020]
rule combineQtlsPrunedSNPs:
    input: /u/home/j/jzou1115/project-zarlab/CFW/MegaAnalysis_CFW_2019/oxinfo90/LDprunedSNPs/combined.chr5.prune.in, /u/home/j/jzou1115/project-zarlab/CFW/confidence_intervals/data/qtls/qtls_decorrelated_threshold2.txt
    output: /u/home/j/jzou1115/project-zarlab/CFW/confidence_interval_pipeline_out_pruned/genotypes/combined.chr5.oxinfo90.txt
    jobid: 105
    wildcards: chr=5

Submitted job 105 with external jobid 'Your job 3867635 ("combineQtlsPrunedSNPs") has been submitted'.

[Sun Jul 26 19:47:20 2020]
rule combineQtlsPrunedSNPs:
    input: /u/home/j/jzou1115/project-zarlab/CFW/MegaAnalysis_CFW_2019/oxinfo90/LDprunedSNPs/combined.chr7.prune.in, /u/home/j/jzou1115/project-zarlab/CFW/confidence_intervals/data/qtls/qtls_decorrelated_threshold2.txt
    output: /u/home/j/jzou1115/project-zarlab/CFW/confidence_interval_pipeline_out_pruned/genotypes/combined.chr7.oxinfo90.txt
    jobid: 107
    wildcards: chr=7

Submitted job 107 with external jobid 'Your job 3867636 ("combineQtlsPrunedSNPs") has been submitted'.

[Sun Jul 26 19:47:20 2020]
rule combineQtlsPrunedSNPs:
    input: /u/home/j/jzou1115/project-zarlab/CFW/MegaAnalysis_CFW_2019/oxinfo90/LDprunedSNPs/combined.chr3.prune.in, /u/home/j/jzou1115/project-zarlab/CFW/confidence_intervals/data/qtls/qtls_decorrelated_threshold2.txt
    output: /u/home/j/jzou1115/project-zarlab/CFW/confidence_interval_pipeline_out_pruned/genotypes/combined.chr3.oxinfo90.txt
    jobid: 103
    wildcards: chr=3

Submitted job 103 with external jobid 'Your job 3867637 ("combineQtlsPrunedSNPs") has been submitted'.

[Sun Jul 26 19:47:21 2020]
rule combineQtlsPrunedSNPs:
    input: /u/home/j/jzou1115/project-zarlab/CFW/MegaAnalysis_CFW_2019/oxinfo90/LDprunedSNPs/combined.chr6.prune.in, /u/home/j/jzou1115/project-zarlab/CFW/confidence_intervals/data/qtls/qtls_decorrelated_threshold2.txt
    output: /u/home/j/jzou1115/project-zarlab/CFW/confidence_interval_pipeline_out_pruned/genotypes/combined.chr6.oxinfo90.txt
    jobid: 106
    wildcards: chr=6

Submitted job 106 with external jobid 'Your job 3867638 ("combineQtlsPrunedSNPs") has been submitted'.
Will exit after finishing currently running jobs.
