Building DAG of jobs...
Using shell: /bin/bash
Provided cluster nodes: 200
Job counts:
	count	jobs
	1	all
	130	susier_input
	131

[Wed Aug 19 14:28:01 2020]
rule susier_input:
    input: /u/home/j/jzou1115/project-zarlab/CFW/confidence_interval_pipeline_out_pruned/confidence_intervals/CI_pruned.txt
    output: /u/home/j/jzou1115/project-zarlab/CFW/confidence_interval_pipeline_out_pruned/finemapping/input/bmd.a.11.94758993_pruned_sorted.z, /u/home/j/jzou1115/project-zarlab/CFW/confidence_interval_pipeline_out_pruned/finemapping/input/bmd.a.11.94758993_pruned_sorted.ld
    jobid: 255
    wildcards: q=bmd.a.11.94758993

Submitted job 255 with external jobid 'Your job 4146597 ("susier_input") has been submitted'.

[Wed Aug 19 14:28:03 2020]
rule susier_input:
    input: /u/home/j/jzou1115/project-zarlab/CFW/confidence_interval_pipeline_out_pruned/confidence_intervals/CI_pruned.txt
    output: /u/home/j/jzou1115/project-zarlab/CFW/confidence_interval_pipeline_out_pruned/finemapping/input/activity.middle.11.93418604_pruned_sorted.z, /u/home/j/jzou1115/project-zarlab/CFW/confidence_interval_pipeline_out_pruned/finemapping/input/activity.middle.11.93418604_pruned_sorted.ld
    jobid: 222
    wildcards: q=activity.middle.11.93418604

Submitted job 222 with external jobid 'Your job 4146598 ("susier_input") has been submitted'.

[Wed Aug 19 14:28:04 2020]
rule susier_input:
    input: /u/home/j/jzou1115/project-zarlab/CFW/confidence_interval_pipeline_out_pruned/confidence_intervals/CI_pruned.txt
    output: /u/home/j/jzou1115/project-zarlab/CFW/confidence_interval_pipeline_out_pruned/finemapping/input/activity.total.13.8144012_pruned_sorted.z, /u/home/j/jzou1115/project-zarlab/CFW/confidence_interval_pipeline_out_pruned/finemapping/input/activity.total.13.8144012_pruned_sorted.ld
    jobid: 240
    wildcards: q=activity.total.13.8144012

Submitted job 240 with external jobid 'Your job 4146600 ("susier_input") has been submitted'.

[Wed Aug 19 14:28:06 2020]
rule susier_input:
    input: /u/home/j/jzou1115/project-zarlab/CFW/confidence_interval_pipeline_out_pruned/confidence_intervals/CI_pruned.txt
    output: /u/home/j/jzou1115/project-zarlab/CFW/confidence_interval_pipeline_out_pruned/finemapping/input/plantaris.13.116222549_pruned_sorted.z, /u/home/j/jzou1115/project-zarlab/CFW/confidence_interval_pipeline_out_pruned/finemapping/input/plantaris.13.116222549_pruned_sorted.ld
    jobid: 280
    wildcards: q=plantaris.13.116222549

Submitted job 280 with external jobid 'Your job 4146601 ("susier_input") has been submitted'.

[Wed Aug 19 14:28:07 2020]
rule susier_input:
    input: /u/home/j/jzou1115/project-zarlab/CFW/confidence_interval_pipeline_out_pruned/confidence_intervals/CI_pruned.txt
    output: /u/home/j/jzou1115/project-zarlab/CFW/confidence_interval_pipeline_out_pruned/finemapping/input/gastroc.11.79954876_pruned_sorted.z, /u/home/j/jzou1115/project-zarlab/CFW/confidence_interval_pipeline_out_pruned/finemapping/input/gastroc.11.79954876_pruned_sorted.ld
    jobid: 274
    wildcards: q=gastroc.11.79954876

Submitted job 274 with external jobid 'Your job 4146602 ("susier_input") has been submitted'.

[Wed Aug 19 14:28:09 2020]
rule susier_input:
    input: /u/home/j/jzou1115/project-zarlab/CFW/confidence_interval_pipeline_out_pruned/confidence_intervals/CI_pruned.txt
    output: /u/home/j/jzou1115/project-zarlab/CFW/confidence_interval_pipeline_out_pruned/finemapping/input/bmd.11.96912238_pruned_sorted.z, /u/home/j/jzou1115/project-zarlab/CFW/confidence_interval_pipeline_out_pruned/finemapping/input/bmd.11.96912238_pruned_sorted.ld
    jobid: 262
    wildcards: q=bmd.11.96912238

Submitted job 262 with external jobid 'Your job 4146603 ("susier_input") has been submitted'.

[Wed Aug 19 14:28:10 2020]
rule susier_input:
    input: /u/home/j/jzou1115/project-zarlab/CFW/confidence_interval_pipeline_out_pruned/confidence_intervals/CI_pruned.txt
    output: /u/home/j/jzou1115/project-zarlab/CFW/confidence_interval_pipeline_out_pruned/finemapping/input/habit.ratio.18.25412656_pruned_sorted.z, /u/home/j/jzou1115/project-zarlab/CFW/confidence_interval_pipeline_out_pruned/finemapping/input/habit.ratio.18.25412656_pruned_sorted.ld
    jobid: 279
    wildcards: q=habit.ratio.18.25412656

Submitted job 279 with external jobid 'Your job 4146605 ("susier_input") has been submitted'.

[Wed Aug 19 14:28:11 2020]
rule susier_input:
    input: /u/home/j/jzou1115/project-zarlab/CFW/confidence_interval_pipeline_out_pruned/confidence_intervals/CI_pruned.txt
    output: /u/home/j/jzou1115/project-zarlab/CFW/confidence_interval_pipeline_out_pruned/finemapping/input/tibia.6.148328439_pruned_sorted.z, /u/home/j/jzou1115/project-zarlab/CFW/confidence_interval_pipeline_out_pruned/finemapping/input/tibia.6.148328439_pruned_sorted.ld
    jobid: 308
    wildcards: q=tibia.6.148328439

Submitted job 308 with external jobid 'Your job 4146606 ("susier_input") has been submitted'.

[Wed Aug 19 14:28:13 2020]
rule susier_input:
    input: /u/home/j/jzou1115/project-zarlab/CFW/confidence_interval_pipeline_out_pruned/confidence_intervals/CI_pruned.txt
    output: /u/home/j/jzou1115/project-zarlab/CFW/confidence_interval_pipeline_out_pruned/finemapping/input/tibia.11.95761488_pruned_sorted.z, /u/home/j/jzou1115/project-zarlab/CFW/confidence_interval_pipeline_out_pruned/finemapping/input/tibia.11.95761488_pruned_sorted.ld
    jobid: 296
    wildcards: q=tibia.11.95761488

Submitted job 296 with external jobid 'Your job 4146608 ("susier_input") has been submitted'.

[Wed Aug 19 14:28:14 2020]
rule susier_input:
    input: /u/home/j/jzou1115/project-zarlab/CFW/confidence_interval_pipeline_out_pruned/confidence_intervals/CI_pruned.txt
    output: /u/home/j/jzou1115/project-zarlab/CFW/confidence_interval_pipeline_out_pruned/finemapping/input/bmd.11.93469819_pruned_sorted.z, /u/home/j/jzou1115/project-zarlab/CFW/confidence_interval_pipeline_out_pruned/finemapping/input/bmd.11.93469819_pruned_sorted.ld
    jobid: 259
    wildcards: q=bmd.11.93469819

Submitted job 259 with external jobid 'Your job 4146610 ("susier_input") has been submitted'.

[Wed Aug 19 14:28:16 2020]
rule susier_input:
    input: /u/home/j/jzou1115/project-zarlab/CFW/confidence_interval_pipeline_out_pruned/confidence_intervals/CI_pruned.txt
    output: /u/home/j/jzou1115/project-zarlab/CFW/confidence_interval_pipeline_out_pruned/finemapping/input/activity.begin.11.94772022_pruned_sorted.z, /u/home/j/jzou1115/project-zarlab/CFW/confidence_interval_pipeline_out_pruned/finemapping/input/activity.begin.11.94772022_pruned_sorted.ld
    jobid: 209
    wildcards: q=activity.begin.11.94772022

Submitted job 209 with external jobid 'Your job 4146611 ("susier_input") has been submitted'.

[Wed Aug 19 14:28:17 2020]
rule susier_input:
    input: /u/home/j/jzou1115/project-zarlab/CFW/confidence_interval_pipeline_out_pruned/confidence_intervals/CI_pruned.txt
    output: /u/home/j/jzou1115/project-zarlab/CFW/confidence_interval_pipeline_out_pruned/finemapping/input/gastroc.11.88973192_pruned_sorted.z, /u/home/j/jzou1115/project-zarlab/CFW/confidence_interval_pipeline_out_pruned/finemapping/input/gastroc.11.88973192_pruned_sorted.ld
    jobid: 275
    wildcards: q=gastroc.11.88973192

Submitted job 275 with external jobid 'Your job 4146613 ("susier_input") has been submitted'.

[Wed Aug 19 14:28:19 2020]
rule susier_input:
    input: /u/home/j/jzou1115/project-zarlab/CFW/confidence_interval_pipeline_out_pruned/confidence_intervals/CI_pruned.txt
    output: /u/home/j/jzou1115/project-zarlab/CFW/confidence_interval_pipeline_out_pruned/finemapping/input/tail.length.8.79338858_pruned_sorted.z, /u/home/j/jzou1115/project-zarlab/CFW/confidence_interval_pipeline_out_pruned/finemapping/input/tail.length.8.79338858_pruned_sorted.ld
    jobid: 291
    wildcards: q=tail.length.8.79338858

Submitted job 291 with external jobid 'Your job 4146615 ("susier_input") has been submitted'.

[Wed Aug 19 14:28:20 2020]
rule susier_input:
    input: /u/home/j/jzou1115/project-zarlab/CFW/confidence_interval_pipeline_out_pruned/confidence_intervals/CI_pruned.txt
    output: /u/home/j/jzou1115/project-zarlab/CFW/confidence_interval_pipeline_out_pruned/finemapping/input/activity.begin.2.153696216_pruned_sorted.z, /u/home/j/jzou1115/project-zarlab/CFW/confidence_interval_pipeline_out_pruned/finemapping/input/activity.begin.2.153696216_pruned_sorted.ld
    jobid: 214
    wildcards: q=activity.begin.2.153696216

Submitted job 214 with external jobid 'Your job 4146616 ("susier_input") has been submitted'.

[Wed Aug 19 14:28:22 2020]
rule susier_input:
    input: /u/home/j/jzou1115/project-zarlab/CFW/confidence_interval_pipeline_out_pruned/confidence_intervals/CI_pruned.txt
    output: /u/home/j/jzou1115/project-zarlab/CFW/confidence_interval_pipeline_out_pruned/finemapping/input/bmd.5.27366822_pruned_sorted.z, /u/home/j/jzou1115/project-zarlab/CFW/confidence_interval_pipeline_out_pruned/finemapping/input/bmd.5.27366822_pruned_sorted.ld
    jobid: 268
    wildcards: q=bmd.5.27366822

Submitted job 268 with external jobid 'Your job 4146619 ("susier_input") has been submitted'.

[Wed Aug 19 14:28:23 2020]
rule susier_input:
    input: /u/home/j/jzou1115/project-zarlab/CFW/confidence_interval_pipeline_out_pruned/confidence_intervals/CI_pruned.txt
    output: /u/home/j/jzou1115/project-zarlab/CFW/confidence_interval_pipeline_out_pruned/finemapping/input/TA.2.154645131_pruned_sorted.z, /u/home/j/jzou1115/project-zarlab/CFW/confidence_interval_pipeline_out_pruned/finemapping/input/TA.2.154645131_pruned_sorted.ld
    jobid: 206
    wildcards: q=TA.2.154645131

Submitted job 206 with external jobid 'Your job 4146620 ("susier_input") has been submitted'.

[Wed Aug 19 14:28:24 2020]
rule susier_input:
    input: /u/home/j/jzou1115/project-zarlab/CFW/confidence_interval_pipeline_out_pruned/confidence_intervals/CI_pruned.txt
    output: /u/home/j/jzou1115/project-zarlab/CFW/confidence_interval_pipeline_out_pruned/finemapping/input/gastroc.2.155856984_pruned_sorted.z, /u/home/j/jzou1115/project-zarlab/CFW/confidence_interval_pipeline_out_pruned/finemapping/input/gastroc.2.155856984_pruned_sorted.ld
    jobid: 277
    wildcards: q=gastroc.2.155856984

Submitted job 277 with external jobid 'Your job 4146622 ("susier_input") has been submitted'.

[Wed Aug 19 14:28:26 2020]
rule susier_input:
    input: /u/home/j/jzou1115/project-zarlab/CFW/confidence_interval_pipeline_out_pruned/confidence_intervals/CI_pruned.txt
    output: /u/home/j/jzou1115/project-zarlab/CFW/confidence_interval_pipeline_out_pruned/finemapping/input/soleus.6.15600158_pruned_sorted.z, /u/home/j/jzou1115/project-zarlab/CFW/confidence_interval_pipeline_out_pruned/finemapping/input/soleus.6.15600158_pruned_sorted.ld
    jobid: 289
    wildcards: q=soleus.6.15600158

Submitted job 289 with external jobid 'Your job 4146623 ("susier_input") has been submitted'.

[Wed Aug 19 14:28:27 2020]
rule susier_input:
    input: /u/home/j/jzou1115/project-zarlab/CFW/confidence_interval_pipeline_out_pruned/confidence_intervals/CI_pruned.txt
    output: /u/home/j/jzou1115/project-zarlab/CFW/confidence_interval_pipeline_out_pruned/finemapping/input/tibia.12.83514944_pruned_sorted.z, /u/home/j/jzou1115/project-zarlab/CFW/confidence_interval_pipeline_out_pruned/finemapping/input/tibia.12.83514944_pruned_sorted.ld
    jobid: 298
    wildcards: q=tibia.12.83514944

Submitted job 298 with external jobid 'Your job 4146624 ("susier_input") has been submitted'.

[Wed Aug 19 14:28:29 2020]
rule susier_input:
    input: /u/home/j/jzou1115/project-zarlab/CFW/confidence_interval_pipeline_out_pruned/confidence_intervals/CI_pruned.txt
    output: /u/home/j/jzou1115/project-zarlab/CFW/confidence_interval_pipeline_out_pruned/finemapping/input/tibia.12.91175287_pruned_sorted.z, /u/home/j/jzou1115/project-zarlab/CFW/confidence_interval_pipeline_out_pruned/finemapping/input/tibia.12.91175287_pruned_sorted.ld
    jobid: 299
    wildcards: q=tibia.12.91175287

Submitted job 299 with external jobid 'Your job 4146625 ("susier_input") has been submitted'.

[Wed Aug 19 14:28:30 2020]
rule susier_input:
    input: /u/home/j/jzou1115/project-zarlab/CFW/confidence_interval_pipeline_out_pruned/confidence_intervals/CI_pruned.txt
    output: /u/home/j/jzou1115/project-zarlab/CFW/confidence_interval_pipeline_out_pruned/finemapping/input/activity30.13.6038915_pruned_sorted.z, /u/home/j/jzou1115/project-zarlab/CFW/confidence_interval_pipeline_out_pruned/finemapping/input/activity30.13.6038915_pruned_sorted.ld
    jobid: 245
    wildcards: q=activity30.13.6038915

Submitted job 245 with external jobid 'Your job 4146626 ("susier_input") has been submitted'.

[Wed Aug 19 14:28:32 2020]
rule susier_input:
    input: /u/home/j/jzou1115/project-zarlab/CFW/confidence_interval_pipeline_out_pruned/confidence_intervals/CI_pruned.txt
    output: /u/home/j/jzou1115/project-zarlab/CFW/confidence_interval_pipeline_out_pruned/finemapping/input/TA.11.79522084_pruned_sorted.z, /u/home/j/jzou1115/project-zarlab/CFW/confidence_interval_pipeline_out_pruned/finemapping/input/TA.11.79522084_pruned_sorted.ld
    jobid: 202
    wildcards: q=TA.11.79522084

Submitted job 202 with external jobid 'Your job 4146627 ("susier_input") has been submitted'.

[Wed Aug 19 14:28:33 2020]
rule susier_input:
    input: /u/home/j/jzou1115/project-zarlab/CFW/confidence_interval_pipeline_out_pruned/confidence_intervals/CI_pruned.txt
    output: /u/home/j/jzou1115/project-zarlab/CFW/confidence_interval_pipeline_out_pruned/finemapping/input/activity.total.11.95651415_pruned_sorted.z, /u/home/j/jzou1115/project-zarlab/CFW/confidence_interval_pipeline_out_pruned/finemapping/input/activity.total.11.95651415_pruned_sorted.ld
    jobid: 235
    wildcards: q=activity.total.11.95651415

Submitted job 235 with external jobid 'Your job 4146629 ("susier_input") has been submitted'.

[Wed Aug 19 14:28:35 2020]
rule susier_input:
    input: /u/home/j/jzou1115/project-zarlab/CFW/confidence_interval_pipeline_out_pruned/confidence_intervals/CI_pruned.txt
    output: /u/home/j/jzou1115/project-zarlab/CFW/confidence_interval_pipeline_out_pruned/finemapping/input/tibia.5.40708978_pruned_sorted.z, /u/home/j/jzou1115/project-zarlab/CFW/confidence_interval_pipeline_out_pruned/finemapping/input/tibia.5.40708978_pruned_sorted.ld
    jobid: 304
    wildcards: q=tibia.5.40708978

Submitted job 304 with external jobid 'Your job 4146630 ("susier_input") has been submitted'.

[Wed Aug 19 14:28:36 2020]
rule susier_input:
    input: /u/home/j/jzou1115/project-zarlab/CFW/confidence_interval_pipeline_out_pruned/confidence_intervals/CI_pruned.txt
    output: /u/home/j/jzou1115/project-zarlab/CFW/confidence_interval_pipeline_out_pruned/finemapping/input/tibia.9.83150389_pruned_sorted.z, /u/home/j/jzou1115/project-zarlab/CFW/confidence_interval_pipeline_out_pruned/finemapping/input/tibia.9.83150389_pruned_sorted.ld
    jobid: 311
    wildcards: q=tibia.9.83150389

Submitted job 311 with external jobid 'Your job 4146632 ("susier_input") has been submitted'.

[Wed Aug 19 14:28:38 2020]
rule susier_input:
    input: /u/home/j/jzou1115/project-zarlab/CFW/confidence_interval_pipeline_out_pruned/confidence_intervals/CI_pruned.txt
    output: /u/home/j/jzou1115/project-zarlab/CFW/confidence_interval_pipeline_out_pruned/finemapping/input/bmd.5.24922475_pruned_sorted.z, /u/home/j/jzou1115/project-zarlab/CFW/confidence_interval_pipeline_out_pruned/finemapping/input/bmd.5.24922475_pruned_sorted.ld
    jobid: 267
    wildcards: q=bmd.5.24922475

Submitted job 267 with external jobid 'Your job 4146633 ("susier_input") has been submitted'.

[Wed Aug 19 14:28:39 2020]
rule susier_input:
    input: /u/home/j/jzou1115/project-zarlab/CFW/confidence_interval_pipeline_out_pruned/confidence_intervals/CI_pruned.txt
    output: /u/home/j/jzou1115/project-zarlab/CFW/confidence_interval_pipeline_out_pruned/finemapping/input/soleus.13.113404971_pruned_sorted.z, /u/home/j/jzou1115/project-zarlab/CFW/confidence_interval_pipeline_out_pruned/finemapping/input/soleus.13.113404971_pruned_sorted.ld
    jobid: 284
    wildcards: q=soleus.13.113404971

Submitted job 284 with external jobid 'Your job 4146634 ("susier_input") has been submitted'.

[Wed Aug 19 14:28:41 2020]
rule susier_input:
    input: /u/home/j/jzou1115/project-zarlab/CFW/confidence_interval_pipeline_out_pruned/confidence_intervals/CI_pruned.txt
    output: /u/home/j/jzou1115/project-zarlab/CFW/confidence_interval_pipeline_out_pruned/finemapping/input/activity.end.13.7101524_pruned_sorted.z, /u/home/j/jzou1115/project-zarlab/CFW/confidence_interval_pipeline_out_pruned/finemapping/input/activity.end.13.7101524_pruned_sorted.ld
    jobid: 220
    wildcards: q=activity.end.13.7101524

Submitted job 220 with external jobid 'Your job 4146636 ("susier_input") has been submitted'.

[Wed Aug 19 14:28:42 2020]
rule susier_input:
    input: /u/home/j/jzou1115/project-zarlab/CFW/confidence_interval_pipeline_out_pruned/confidence_intervals/CI_pruned.txt
    output: /u/home/j/jzou1115/project-zarlab/CFW/confidence_interval_pipeline_out_pruned/finemapping/input/bmd.n.11.95582360_pruned_sorted.z, /u/home/j/jzou1115/project-zarlab/CFW/confidence_interval_pipeline_out_pruned/finemapping/input/bmd.n.11.95582360_pruned_sorted.ld
    jobid: 269
    wildcards: q=bmd.n.11.95582360

Submitted job 269 with external jobid 'Your job 4146638 ("susier_input") has been submitted'.

[Wed Aug 19 14:28:44 2020]
rule susier_input:
    input: /u/home/j/jzou1115/project-zarlab/CFW/confidence_interval_pipeline_out_pruned/confidence_intervals/CI_pruned.txt
    output: /u/home/j/jzou1115/project-zarlab/CFW/confidence_interval_pipeline_out_pruned/finemapping/input/weight.17.34013000_pruned_sorted.z, /u/home/j/jzou1115/project-zarlab/CFW/confidence_interval_pipeline_out_pruned/finemapping/input/weight.17.34013000_pruned_sorted.ld
    jobid: 320
    wildcards: q=weight.17.34013000

Submitted job 320 with external jobid 'Your job 4146639 ("susier_input") has been submitted'.

[Wed Aug 19 14:28:45 2020]
rule susier_input:
    input: /u/home/j/jzou1115/project-zarlab/CFW/confidence_interval_pipeline_out_pruned/confidence_intervals/CI_pruned.txt
    output: /u/home/j/jzou1115/project-zarlab/CFW/confidence_interval_pipeline_out_pruned/finemapping/input/plantaris.2.155812908_pruned_sorted.z, /u/home/j/jzou1115/project-zarlab/CFW/confidence_interval_pipeline_out_pruned/finemapping/input/plantaris.2.155812908_pruned_sorted.ld
    jobid: 281
    wildcards: q=plantaris.2.155812908

Submitted job 281 with external jobid 'Your job 4146640 ("susier_input") has been submitted'.

[Wed Aug 19 14:28:47 2020]
rule susier_input:
    input: /u/home/j/jzou1115/project-zarlab/CFW/confidence_interval_pipeline_out_pruned/confidence_intervals/CI_pruned.txt
    output: /u/home/j/jzou1115/project-zarlab/CFW/confidence_interval_pipeline_out_pruned/finemapping/input/tibia.6.147027848_pruned_sorted.z, /u/home/j/jzou1115/project-zarlab/CFW/confidence_interval_pipeline_out_pruned/finemapping/input/tibia.6.147027848_pruned_sorted.ld
    jobid: 306
    wildcards: q=tibia.6.147027848

Submitted job 306 with external jobid 'Your job 4146642 ("susier_input") has been submitted'.

[Wed Aug 19 14:28:48 2020]
rule susier_input:
    input: /u/home/j/jzou1115/project-zarlab/CFW/confidence_interval_pipeline_out_pruned/confidence_intervals/CI_pruned.txt
    output: /u/home/j/jzou1115/project-zarlab/CFW/confidence_interval_pipeline_out_pruned/finemapping/input/basal.activity.11.95673447_pruned_sorted.z, /u/home/j/jzou1115/project-zarlab/CFW/confidence_interval_pipeline_out_pruned/finemapping/input/basal.activity.11.95673447_pruned_sorted.ld
    jobid: 249
    wildcards: q=basal.activity.11.95673447

Submitted job 249 with external jobid 'Your job 4146645 ("susier_input") has been submitted'.

[Wed Aug 19 14:28:50 2020]
rule susier_input:
    input: /u/home/j/jzou1115/project-zarlab/CFW/confidence_interval_pipeline_out_pruned/confidence_intervals/CI_pruned.txt
    output: /u/home/j/jzou1115/project-zarlab/CFW/confidence_interval_pipeline_out_pruned/finemapping/input/activity.middle.13.8209788_pruned_sorted.z, /u/home/j/jzou1115/project-zarlab/CFW/confidence_interval_pipeline_out_pruned/finemapping/input/activity.middle.13.8209788_pruned_sorted.ld
    jobid: 228
    wildcards: q=activity.middle.13.8209788

Submitted job 228 with external jobid 'Your job 4146646 ("susier_input") has been submitted'.

[Wed Aug 19 14:28:51 2020]
rule susier_input:
    input: /u/home/j/jzou1115/project-zarlab/CFW/confidence_interval_pipeline_out_pruned/confidence_intervals/CI_pruned.txt
    output: /u/home/j/jzou1115/project-zarlab/CFW/confidence_interval_pipeline_out_pruned/finemapping/input/activity30.13.8139647_pruned_sorted.z, /u/home/j/jzou1115/project-zarlab/CFW/confidence_interval_pipeline_out_pruned/finemapping/input/activity30.13.8139647_pruned_sorted.ld
    jobid: 247
    wildcards: q=activity30.13.8139647

Submitted job 247 with external jobid 'Your job 4146648 ("susier_input") has been submitted'.

[Wed Aug 19 14:28:53 2020]
rule susier_input:
    input: /u/home/j/jzou1115/project-zarlab/CFW/confidence_interval_pipeline_out_pruned/confidence_intervals/CI_pruned.txt
    output: /u/home/j/jzou1115/project-zarlab/CFW/confidence_interval_pipeline_out_pruned/finemapping/input/weight.bmi.tibia.17.34013675_pruned_sorted.z, /u/home/j/jzou1115/project-zarlab/CFW/confidence_interval_pipeline_out_pruned/finemapping/input/weight.bmi.tibia.17.34013675_pruned_sorted.ld
    jobid: 316
    wildcards: q=weight.bmi.tibia.17.34013675

Submitted job 316 with external jobid 'Your job 4146650 ("susier_input") has been submitted'.

[Wed Aug 19 14:28:55 2020]
rule susier_input:
    input: /u/home/j/jzou1115/project-zarlab/CFW/confidence_interval_pipeline_out_pruned/confidence_intervals/CI_pruned.txt
    output: /u/home/j/jzou1115/project-zarlab/CFW/confidence_interval_pipeline_out_pruned/finemapping/input/activity.begin.13.8153523_pruned_sorted.z, /u/home/j/jzou1115/project-zarlab/CFW/confidence_interval_pipeline_out_pruned/finemapping/input/activity.begin.13.8153523_pruned_sorted.ld
    jobid: 212
    wildcards: q=activity.begin.13.8153523

Submitted job 212 with external jobid 'Your job 4146651 ("susier_input") has been submitted'.

[Wed Aug 19 14:28:56 2020]
rule susier_input:
    input: /u/home/j/jzou1115/project-zarlab/CFW/confidence_interval_pipeline_out_pruned/confidence_intervals/CI_pruned.txt
    output: /u/home/j/jzou1115/project-zarlab/CFW/confidence_interval_pipeline_out_pruned/finemapping/input/tibia.11.33440009_pruned_sorted.z, /u/home/j/jzou1115/project-zarlab/CFW/confidence_interval_pipeline_out_pruned/finemapping/input/tibia.11.33440009_pruned_sorted.ld
    jobid: 295
    wildcards: q=tibia.11.33440009

Submitted job 295 with external jobid 'Your job 4146653 ("susier_input") has been submitted'.

[Wed Aug 19 14:28:58 2020]
rule susier_input:
    input: /u/home/j/jzou1115/project-zarlab/CFW/confidence_interval_pipeline_out_pruned/confidence_intervals/CI_pruned.txt
    output: /u/home/j/jzou1115/project-zarlab/CFW/confidence_interval_pipeline_out_pruned/finemapping/input/activity.middle.9.81879809_pruned_sorted.z, /u/home/j/jzou1115/project-zarlab/CFW/confidence_interval_pipeline_out_pruned/finemapping/input/activity.middle.9.81879809_pruned_sorted.ld
    jobid: 233
    wildcards: q=activity.middle.9.81879809

Submitted job 233 with external jobid 'Your job 4146654 ("susier_input") has been submitted'.

[Wed Aug 19 14:28:59 2020]
rule susier_input:
    input: /u/home/j/jzou1115/project-zarlab/CFW/confidence_interval_pipeline_out_pruned/confidence_intervals/CI_pruned.txt
    output: /u/home/j/jzou1115/project-zarlab/CFW/confidence_interval_pipeline_out_pruned/finemapping/input/activity.middle.11.94054029_pruned_sorted.z, /u/home/j/jzou1115/project-zarlab/CFW/confidence_interval_pipeline_out_pruned/finemapping/input/activity.middle.11.94054029_pruned_sorted.ld
    jobid: 223
    wildcards: q=activity.middle.11.94054029

Submitted job 223 with external jobid 'Your job 4146656 ("susier_input") has been submitted'.

[Wed Aug 19 14:29:01 2020]
rule susier_input:
    input: /u/home/j/jzou1115/project-zarlab/CFW/confidence_interval_pipeline_out_pruned/confidence_intervals/CI_pruned.txt
    output: /u/home/j/jzou1115/project-zarlab/CFW/confidence_interval_pipeline_out_pruned/finemapping/input/bmd.18.38659321_pruned_sorted.z, /u/home/j/jzou1115/project-zarlab/CFW/confidence_interval_pipeline_out_pruned/finemapping/input/bmd.18.38659321_pruned_sorted.ld
    jobid: 264
    wildcards: q=bmd.18.38659321

Submitted job 264 with external jobid 'Your job 4146657 ("susier_input") has been submitted'.

[Wed Aug 19 14:29:03 2020]
rule susier_input:
    input: /u/home/j/jzou1115/project-zarlab/CFW/confidence_interval_pipeline_out_pruned/confidence_intervals/CI_pruned.txt
    output: /u/home/j/jzou1115/project-zarlab/CFW/confidence_interval_pipeline_out_pruned/finemapping/input/activity.total.9.81882866_pruned_sorted.z, /u/home/j/jzou1115/project-zarlab/CFW/confidence_interval_pipeline_out_pruned/finemapping/input/activity.total.9.81882866_pruned_sorted.ld
    jobid: 243
    wildcards: q=activity.total.9.81882866

Submitted job 243 with external jobid 'Your job 4146659 ("susier_input") has been submitted'.

[Wed Aug 19 14:29:04 2020]
rule susier_input:
    input: /u/home/j/jzou1115/project-zarlab/CFW/confidence_interval_pipeline_out_pruned/confidence_intervals/CI_pruned.txt
    output: /u/home/j/jzou1115/project-zarlab/CFW/confidence_interval_pipeline_out_pruned/finemapping/input/activity.total.13.10144490_pruned_sorted.z, /u/home/j/jzou1115/project-zarlab/CFW/confidence_interval_pipeline_out_pruned/finemapping/input/activity.total.13.10144490_pruned_sorted.ld
    jobid: 237
    wildcards: q=activity.total.13.10144490

Submitted job 237 with external jobid 'Your job 4146660 ("susier_input") has been submitted'.

[Wed Aug 19 14:29:06 2020]
rule susier_input:
    input: /u/home/j/jzou1115/project-zarlab/CFW/confidence_interval_pipeline_out_pruned/confidence_intervals/CI_pruned.txt
    output: /u/home/j/jzou1115/project-zarlab/CFW/confidence_interval_pipeline_out_pruned/finemapping/input/tibia.11.96952835_pruned_sorted.z, /u/home/j/jzou1115/project-zarlab/CFW/confidence_interval_pipeline_out_pruned/finemapping/input/tibia.11.96952835_pruned_sorted.ld
    jobid: 297
    wildcards: q=tibia.11.96952835

Submitted job 297 with external jobid 'Your job 4146661 ("susier_input") has been submitted'.

[Wed Aug 19 14:29:07 2020]
rule susier_input:
    input: /u/home/j/jzou1115/project-zarlab/CFW/confidence_interval_pipeline_out_pruned/confidence_intervals/CI_pruned.txt
    output: /u/home/j/jzou1115/project-zarlab/CFW/confidence_interval_pipeline_out_pruned/finemapping/input/activity.total.11.96653605_pruned_sorted.z, /u/home/j/jzou1115/project-zarlab/CFW/confidence_interval_pipeline_out_pruned/finemapping/input/activity.total.11.96653605_pruned_sorted.ld
    jobid: 236
    wildcards: q=activity.total.11.96653605

Submitted job 236 with external jobid 'Your job 4146662 ("susier_input") has been submitted'.

[Wed Aug 19 14:29:09 2020]
rule susier_input:
    input: /u/home/j/jzou1115/project-zarlab/CFW/confidence_interval_pipeline_out_pruned/confidence_intervals/CI_pruned.txt
    output: /u/home/j/jzou1115/project-zarlab/CFW/confidence_interval_pipeline_out_pruned/finemapping/input/tibia.15.11500538_pruned_sorted.z, /u/home/j/jzou1115/project-zarlab/CFW/confidence_interval_pipeline_out_pruned/finemapping/input/tibia.15.11500538_pruned_sorted.ld
    jobid: 301
    wildcards: q=tibia.15.11500538

Submitted job 301 with external jobid 'Your job 4146663 ("susier_input") has been submitted'.

[Wed Aug 19 14:29:10 2020]
rule susier_input:
    input: /u/home/j/jzou1115/project-zarlab/CFW/confidence_interval_pipeline_out_pruned/confidence_intervals/CI_pruned.txt
    output: /u/home/j/jzou1115/project-zarlab/CFW/confidence_interval_pipeline_out_pruned/finemapping/input/weight.bmi.tibia.13.5655594_pruned_sorted.z, /u/home/j/jzou1115/project-zarlab/CFW/confidence_interval_pipeline_out_pruned/finemapping/input/weight.bmi.tibia.13.5655594_pruned_sorted.ld
    jobid: 314
    wildcards: q=weight.bmi.tibia.13.5655594

Submitted job 314 with external jobid 'Your job 4146664 ("susier_input") has been submitted'.

[Wed Aug 19 14:29:12 2020]
rule susier_input:
    input: /u/home/j/jzou1115/project-zarlab/CFW/confidence_interval_pipeline_out_pruned/confidence_intervals/CI_pruned.txt
    output: /u/home/j/jzou1115/project-zarlab/CFW/confidence_interval_pipeline_out_pruned/finemapping/input/weight.bmi.tibia.17.34822977_pruned_sorted.z, /u/home/j/jzou1115/project-zarlab/CFW/confidence_interval_pipeline_out_pruned/finemapping/input/weight.bmi.tibia.17.34822977_pruned_sorted.ld
    jobid: 317
    wildcards: q=weight.bmi.tibia.17.34822977

Submitted job 317 with external jobid 'Your job 4146665 ("susier_input") has been submitted'.

[Wed Aug 19 14:29:13 2020]
rule susier_input:
    input: /u/home/j/jzou1115/project-zarlab/CFW/confidence_interval_pipeline_out_pruned/confidence_intervals/CI_pruned.txt
    output: /u/home/j/jzou1115/project-zarlab/CFW/confidence_interval_pipeline_out_pruned/finemapping/input/TA.2.155819633_pruned_sorted.z, /u/home/j/jzou1115/project-zarlab/CFW/confidence_interval_pipeline_out_pruned/finemapping/input/TA.2.155819633_pruned_sorted.ld
    jobid: 207
    wildcards: q=TA.2.155819633

Submitted job 207 with external jobid 'Your job 4146666 ("susier_input") has been submitted'.

[Wed Aug 19 14:29:15 2020]
rule susier_input:
    input: /u/home/j/jzou1115/project-zarlab/CFW/confidence_interval_pipeline_out_pruned/confidence_intervals/CI_pruned.txt
    output: /u/home/j/jzou1115/project-zarlab/CFW/confidence_interval_pipeline_out_pruned/finemapping/input/plantaris.4.85394581_pruned_sorted.z, /u/home/j/jzou1115/project-zarlab/CFW/confidence_interval_pipeline_out_pruned/finemapping/input/plantaris.4.85394581_pruned_sorted.ld
    jobid: 282
    wildcards: q=plantaris.4.85394581

Submitted job 282 with external jobid 'Your job 4146667 ("susier_input") has been submitted'.

[Wed Aug 19 14:29:16 2020]
rule susier_input:
    input: /u/home/j/jzou1115/project-zarlab/CFW/confidence_interval_pipeline_out_pruned/confidence_intervals/CI_pruned.txt
    output: /u/home/j/jzou1115/project-zarlab/CFW/confidence_interval_pipeline_out_pruned/finemapping/input/activity.middle.13.8800578_pruned_sorted.z, /u/home/j/jzou1115/project-zarlab/CFW/confidence_interval_pipeline_out_pruned/finemapping/input/activity.middle.13.8800578_pruned_sorted.ld
    jobid: 229
    wildcards: q=activity.middle.13.8800578

Submitted job 229 with external jobid 'Your job 4146669 ("susier_input") has been submitted'.

[Wed Aug 19 14:29:18 2020]
rule susier_input:
    input: /u/home/j/jzou1115/project-zarlab/CFW/confidence_interval_pipeline_out_pruned/confidence_intervals/CI_pruned.txt
    output: /u/home/j/jzou1115/project-zarlab/CFW/confidence_interval_pipeline_out_pruned/finemapping/input/EDL.2.155780222_pruned_sorted.z, /u/home/j/jzou1115/project-zarlab/CFW/confidence_interval_pipeline_out_pruned/finemapping/input/EDL.2.155780222_pruned_sorted.ld
    jobid: 193
    wildcards: q=EDL.2.155780222

Submitted job 193 with external jobid 'Your job 4146670 ("susier_input") has been submitted'.

[Wed Aug 19 14:29:19 2020]
rule susier_input:
    input: /u/home/j/jzou1115/project-zarlab/CFW/confidence_interval_pipeline_out_pruned/confidence_intervals/CI_pruned.txt
    output: /u/home/j/jzou1115/project-zarlab/CFW/confidence_interval_pipeline_out_pruned/finemapping/input/TA.11.88973232_pruned_sorted.z, /u/home/j/jzou1115/project-zarlab/CFW/confidence_interval_pipeline_out_pruned/finemapping/input/TA.11.88973232_pruned_sorted.ld
    jobid: 203
    wildcards: q=TA.11.88973232

Submitted job 203 with external jobid 'Your job 4146671 ("susier_input") has been submitted'.

[Wed Aug 19 14:29:20 2020]
rule susier_input:
    input: /u/home/j/jzou1115/project-zarlab/CFW/confidence_interval_pipeline_out_pruned/confidence_intervals/CI_pruned.txt
    output: /u/home/j/jzou1115/project-zarlab/CFW/confidence_interval_pipeline_out_pruned/finemapping/input/bmd.a.11.95761488_pruned_sorted.z, /u/home/j/jzou1115/project-zarlab/CFW/confidence_interval_pipeline_out_pruned/finemapping/input/bmd.a.11.95761488_pruned_sorted.ld
    jobid: 256
    wildcards: q=bmd.a.11.95761488

Submitted job 256 with external jobid 'Your job 4146672 ("susier_input") has been submitted'.

[Wed Aug 19 14:29:22 2020]
rule susier_input:
    input: /u/home/j/jzou1115/project-zarlab/CFW/confidence_interval_pipeline_out_pruned/confidence_intervals/CI_pruned.txt
    output: /u/home/j/jzou1115/project-zarlab/CFW/confidence_interval_pipeline_out_pruned/finemapping/input/activity.begin.13.7632884_pruned_sorted.z, /u/home/j/jzou1115/project-zarlab/CFW/confidence_interval_pipeline_out_pruned/finemapping/input/activity.begin.13.7632884_pruned_sorted.ld
    jobid: 211
    wildcards: q=activity.begin.13.7632884

Submitted job 211 with external jobid 'Your job 4146673 ("susier_input") has been submitted'.

[Wed Aug 19 14:29:24 2020]
rule susier_input:
    input: /u/home/j/jzou1115/project-zarlab/CFW/confidence_interval_pipeline_out_pruned/confidence_intervals/CI_pruned.txt
    output: /u/home/j/jzou1115/project-zarlab/CFW/confidence_interval_pipeline_out_pruned/finemapping/input/TA.12.83514944_pruned_sorted.z, /u/home/j/jzou1115/project-zarlab/CFW/confidence_interval_pipeline_out_pruned/finemapping/input/TA.12.83514944_pruned_sorted.ld
    jobid: 204
    wildcards: q=TA.12.83514944

Submitted job 204 with external jobid 'Your job 4146674 ("susier_input") has been submitted'.

[Wed Aug 19 14:29:25 2020]
rule susier_input:
    input: /u/home/j/jzou1115/project-zarlab/CFW/confidence_interval_pipeline_out_pruned/confidence_intervals/CI_pruned.txt
    output: /u/home/j/jzou1115/project-zarlab/CFW/confidence_interval_pipeline_out_pruned/finemapping/input/EDL.2.78722881_pruned_sorted.z, /u/home/j/jzou1115/project-zarlab/CFW/confidence_interval_pipeline_out_pruned/finemapping/input/EDL.2.78722881_pruned_sorted.ld
    jobid: 195
    wildcards: q=EDL.2.78722881

Submitted job 195 with external jobid 'Your job 4146675 ("susier_input") has been submitted'.

[Wed Aug 19 14:29:27 2020]
rule susier_input:
    input: /u/home/j/jzou1115/project-zarlab/CFW/confidence_interval_pipeline_out_pruned/confidence_intervals/CI_pruned.txt
    output: /u/home/j/jzou1115/project-zarlab/CFW/confidence_interval_pipeline_out_pruned/finemapping/input/activity.begin.11.96964818_pruned_sorted.z, /u/home/j/jzou1115/project-zarlab/CFW/confidence_interval_pipeline_out_pruned/finemapping/input/activity.begin.11.96964818_pruned_sorted.ld
    jobid: 210
    wildcards: q=activity.begin.11.96964818

Submitted job 210 with external jobid 'Your job 4146676 ("susier_input") has been submitted'.

[Wed Aug 19 14:29:28 2020]
rule susier_input:
    input: /u/home/j/jzou1115/project-zarlab/CFW/confidence_interval_pipeline_out_pruned/confidence_intervals/CI_pruned.txt
    output: /u/home/j/jzou1115/project-zarlab/CFW/confidence_interval_pipeline_out_pruned/finemapping/input/weight.13.9217096_pruned_sorted.z, /u/home/j/jzou1115/project-zarlab/CFW/confidence_interval_pipeline_out_pruned/finemapping/input/weight.13.9217096_pruned_sorted.ld
    jobid: 319
    wildcards: q=weight.13.9217096

Submitted job 319 with external jobid 'Your job 4146677 ("susier_input") has been submitted'.

[Wed Aug 19 14:29:30 2020]
rule susier_input:
    input: /u/home/j/jzou1115/project-zarlab/CFW/confidence_interval_pipeline_out_pruned/confidence_intervals/CI_pruned.txt
    output: /u/home/j/jzou1115/project-zarlab/CFW/confidence_interval_pipeline_out_pruned/finemapping/input/soleus.6.18123198_pruned_sorted.z, /u/home/j/jzou1115/project-zarlab/CFW/confidence_interval_pipeline_out_pruned/finemapping/input/soleus.6.18123198_pruned_sorted.ld
    jobid: 290
    wildcards: q=soleus.6.18123198

Submitted job 290 with external jobid 'Your job 4146678 ("susier_input") has been submitted'.

[Wed Aug 19 14:29:31 2020]
rule susier_input:
    input: /u/home/j/jzou1115/project-zarlab/CFW/confidence_interval_pipeline_out_pruned/confidence_intervals/CI_pruned.txt
    output: /u/home/j/jzou1115/project-zarlab/CFW/confidence_interval_pipeline_out_pruned/finemapping/input/tail.length.8.80905518_pruned_sorted.z, /u/home/j/jzou1115/project-zarlab/CFW/confidence_interval_pipeline_out_pruned/finemapping/input/tail.length.8.80905518_pruned_sorted.ld
    jobid: 292
    wildcards: q=tail.length.8.80905518

Submitted job 292 with external jobid 'Your job 4146679 ("susier_input") has been submitted'.

[Wed Aug 19 14:29:32 2020]
rule susier_input:
    input: /u/home/j/jzou1115/project-zarlab/CFW/confidence_interval_pipeline_out_pruned/confidence_intervals/CI_pruned.txt
    output: /u/home/j/jzou1115/project-zarlab/CFW/confidence_interval_pipeline_out_pruned/finemapping/input/plantaris.9.87855594_pruned_sorted.z, /u/home/j/jzou1115/project-zarlab/CFW/confidence_interval_pipeline_out_pruned/finemapping/input/plantaris.9.87855594_pruned_sorted.ld
    jobid: 283
    wildcards: q=plantaris.9.87855594

Submitted job 283 with external jobid 'Your job 4146680 ("susier_input") has been submitted'.

[Wed Aug 19 14:29:34 2020]
rule susier_input:
    input: /u/home/j/jzou1115/project-zarlab/CFW/confidence_interval_pipeline_out_pruned/confidence_intervals/CI_pruned.txt
    output: /u/home/j/jzou1115/project-zarlab/CFW/confidence_interval_pipeline_out_pruned/finemapping/input/EDL.2.86662262_pruned_sorted.z, /u/home/j/jzou1115/project-zarlab/CFW/confidence_interval_pipeline_out_pruned/finemapping/input/EDL.2.86662262_pruned_sorted.ld
    jobid: 200
    wildcards: q=EDL.2.86662262

Submitted job 200 with external jobid 'Your job 4146681 ("susier_input") has been submitted'.

[Wed Aug 19 14:29:35 2020]
rule susier_input:
    input: /u/home/j/jzou1115/project-zarlab/CFW/confidence_interval_pipeline_out_pruned/confidence_intervals/CI_pruned.txt
    output: /u/home/j/jzou1115/project-zarlab/CFW/confidence_interval_pipeline_out_pruned/finemapping/input/EDL.2.85453160_pruned_sorted.z, /u/home/j/jzou1115/project-zarlab/CFW/confidence_interval_pipeline_out_pruned/finemapping/input/EDL.2.85453160_pruned_sorted.ld
    jobid: 199
    wildcards: q=EDL.2.85453160

Submitted job 199 with external jobid 'Your job 4146682 ("susier_input") has been submitted'.

[Wed Aug 19 14:29:37 2020]
rule susier_input:
    input: /u/home/j/jzou1115/project-zarlab/CFW/confidence_interval_pipeline_out_pruned/confidence_intervals/CI_pruned.txt
    output: /u/home/j/jzou1115/project-zarlab/CFW/confidence_interval_pipeline_out_pruned/finemapping/input/TA.11.18398304_pruned_sorted.z, /u/home/j/jzou1115/project-zarlab/CFW/confidence_interval_pipeline_out_pruned/finemapping/input/TA.11.18398304_pruned_sorted.ld
    jobid: 201
    wildcards: q=TA.11.18398304

Submitted job 201 with external jobid 'Your job 4146683 ("susier_input") has been submitted'.

[Wed Aug 19 14:29:38 2020]
rule susier_input:
    input: /u/home/j/jzou1115/project-zarlab/CFW/confidence_interval_pipeline_out_pruned/confidence_intervals/CI_pruned.txt
    output: /u/home/j/jzou1115/project-zarlab/CFW/confidence_interval_pipeline_out_pruned/finemapping/input/activity.total.13.8800578_pruned_sorted.z, /u/home/j/jzou1115/project-zarlab/CFW/confidence_interval_pipeline_out_pruned/finemapping/input/activity.total.13.8800578_pruned_sorted.ld
    jobid: 241
    wildcards: q=activity.total.13.8800578

Submitted job 241 with external jobid 'Your job 4146684 ("susier_input") has been submitted'.

[Wed Aug 19 14:29:40 2020]
rule susier_input:
    input: /u/home/j/jzou1115/project-zarlab/CFW/confidence_interval_pipeline_out_pruned/confidence_intervals/CI_pruned.txt
    output: /u/home/j/jzou1115/project-zarlab/CFW/confidence_interval_pipeline_out_pruned/finemapping/input/tibia.9.80408302_pruned_sorted.z, /u/home/j/jzou1115/project-zarlab/CFW/confidence_interval_pipeline_out_pruned/finemapping/input/tibia.9.80408302_pruned_sorted.ld
    jobid: 309
    wildcards: q=tibia.9.80408302

Submitted job 309 with external jobid 'Your job 4146685 ("susier_input") has been submitted'.

[Wed Aug 19 14:29:41 2020]
rule susier_input:
    input: /u/home/j/jzou1115/project-zarlab/CFW/confidence_interval_pipeline_out_pruned/confidence_intervals/CI_pruned.txt
    output: /u/home/j/jzou1115/project-zarlab/CFW/confidence_interval_pipeline_out_pruned/finemapping/input/EDL.2.83000091_pruned_sorted.z, /u/home/j/jzou1115/project-zarlab/CFW/confidence_interval_pipeline_out_pruned/finemapping/input/EDL.2.83000091_pruned_sorted.ld
    jobid: 197
    wildcards: q=EDL.2.83000091

Submitted job 197 with external jobid 'Your job 4146686 ("susier_input") has been submitted'.

[Wed Aug 19 14:29:43 2020]
rule susier_input:
    input: /u/home/j/jzou1115/project-zarlab/CFW/confidence_interval_pipeline_out_pruned/confidence_intervals/CI_pruned.txt
    output: /u/home/j/jzou1115/project-zarlab/CFW/confidence_interval_pipeline_out_pruned/finemapping/input/glucose.1.152192170_pruned_sorted.z, /u/home/j/jzou1115/project-zarlab/CFW/confidence_interval_pipeline_out_pruned/finemapping/input/glucose.1.152192170_pruned_sorted.ld
    jobid: 278
    wildcards: q=glucose.1.152192170

Submitted job 278 with external jobid 'Your job 4146687 ("susier_input") has been submitted'.

[Wed Aug 19 14:29:44 2020]
rule susier_input:
    input: /u/home/j/jzou1115/project-zarlab/CFW/confidence_interval_pipeline_out_pruned/confidence_intervals/CI_pruned.txt
    output: /u/home/j/jzou1115/project-zarlab/CFW/confidence_interval_pipeline_out_pruned/finemapping/input/activity.middle.11.95651415_pruned_sorted.z, /u/home/j/jzou1115/project-zarlab/CFW/confidence_interval_pipeline_out_pruned/finemapping/input/activity.middle.11.95651415_pruned_sorted.ld
    jobid: 224
    wildcards: q=activity.middle.11.95651415

Submitted job 224 with external jobid 'Your job 4146689 ("susier_input") has been submitted'.

[Wed Aug 19 14:29:46 2020]
rule susier_input:
    input: /u/home/j/jzou1115/project-zarlab/CFW/confidence_interval_pipeline_out_pruned/confidence_intervals/CI_pruned.txt
    output: /u/home/j/jzou1115/project-zarlab/CFW/confidence_interval_pipeline_out_pruned/finemapping/input/activity.middle.2.89917236_pruned_sorted.z, /u/home/j/jzou1115/project-zarlab/CFW/confidence_interval_pipeline_out_pruned/finemapping/input/activity.middle.2.89917236_pruned_sorted.ld
    jobid: 232
    wildcards: q=activity.middle.2.89917236

Submitted job 232 with external jobid 'Your job 4146690 ("susier_input") has been submitted'.

[Wed Aug 19 14:29:47 2020]
rule susier_input:
    input: /u/home/j/jzou1115/project-zarlab/CFW/confidence_interval_pipeline_out_pruned/confidence_intervals/CI_pruned.txt
    output: /u/home/j/jzou1115/project-zarlab/CFW/confidence_interval_pipeline_out_pruned/finemapping/input/tibia.9.81411377_pruned_sorted.z, /u/home/j/jzou1115/project-zarlab/CFW/confidence_interval_pipeline_out_pruned/finemapping/input/tibia.9.81411377_pruned_sorted.ld
    jobid: 310
    wildcards: q=tibia.9.81411377

Submitted job 310 with external jobid 'Your job 4146692 ("susier_input") has been submitted'.

[Wed Aug 19 14:29:48 2020]
rule susier_input:
    input: /u/home/j/jzou1115/project-zarlab/CFW/confidence_interval_pipeline_out_pruned/confidence_intervals/CI_pruned.txt
    output: /u/home/j/jzou1115/project-zarlab/CFW/confidence_interval_pipeline_out_pruned/finemapping/input/bmd.n.18.38930957_pruned_sorted.z, /u/home/j/jzou1115/project-zarlab/CFW/confidence_interval_pipeline_out_pruned/finemapping/input/bmd.n.18.38930957_pruned_sorted.ld
    jobid: 271
    wildcards: q=bmd.n.18.38930957

Submitted job 271 with external jobid 'Your job 4146695 ("susier_input") has been submitted'.

[Wed Aug 19 14:29:50 2020]
rule susier_input:
    input: /u/home/j/jzou1115/project-zarlab/CFW/confidence_interval_pipeline_out_pruned/confidence_intervals/CI_pruned.txt
    output: /u/home/j/jzou1115/project-zarlab/CFW/confidence_interval_pipeline_out_pruned/finemapping/input/basal.activity.13.7101524_pruned_sorted.z, /u/home/j/jzou1115/project-zarlab/CFW/confidence_interval_pipeline_out_pruned/finemapping/input/basal.activity.13.7101524_pruned_sorted.ld
    jobid: 253
    wildcards: q=basal.activity.13.7101524

Submitted job 253 with external jobid 'Your job 4146697 ("susier_input") has been submitted'.

[Wed Aug 19 14:29:51 2020]
rule susier_input:
    input: /u/home/j/jzou1115/project-zarlab/CFW/confidence_interval_pipeline_out_pruned/confidence_intervals/CI_pruned.txt
    output: /u/home/j/jzou1115/project-zarlab/CFW/confidence_interval_pipeline_out_pruned/finemapping/input/activity.end.11.96653605_pruned_sorted.z, /u/home/j/jzou1115/project-zarlab/CFW/confidence_interval_pipeline_out_pruned/finemapping/input/activity.end.11.96653605_pruned_sorted.ld
    jobid: 217
    wildcards: q=activity.end.11.96653605

Submitted job 217 with external jobid 'Your job 4146699 ("susier_input") has been submitted'.

[Wed Aug 19 14:29:53 2020]
rule susier_input:
    input: /u/home/j/jzou1115/project-zarlab/CFW/confidence_interval_pipeline_out_pruned/confidence_intervals/CI_pruned.txt
    output: /u/home/j/jzou1115/project-zarlab/CFW/confidence_interval_pipeline_out_pruned/finemapping/input/soleus.13.9242435_pruned_sorted.z, /u/home/j/jzou1115/project-zarlab/CFW/confidence_interval_pipeline_out_pruned/finemapping/input/soleus.13.9242435_pruned_sorted.ld
    jobid: 286
    wildcards: q=soleus.13.9242435

Submitted job 286 with external jobid 'Your job 4146700 ("susier_input") has been submitted'.

[Wed Aug 19 14:29:54 2020]
rule susier_input:
    input: /u/home/j/jzou1115/project-zarlab/CFW/confidence_interval_pipeline_out_pruned/confidence_intervals/CI_pruned.txt
    output: /u/home/j/jzou1115/project-zarlab/CFW/confidence_interval_pipeline_out_pruned/finemapping/input/basal.activity.11.96816215_pruned_sorted.z, /u/home/j/jzou1115/project-zarlab/CFW/confidence_interval_pipeline_out_pruned/finemapping/input/basal.activity.11.96816215_pruned_sorted.ld
    jobid: 250
    wildcards: q=basal.activity.11.96816215

Submitted job 250 with external jobid 'Your job 4146701 ("susier_input") has been submitted'.

[Wed Aug 19 14:29:56 2020]
rule susier_input:
    input: /u/home/j/jzou1115/project-zarlab/CFW/confidence_interval_pipeline_out_pruned/confidence_intervals/CI_pruned.txt
    output: /u/home/j/jzou1115/project-zarlab/CFW/confidence_interval_pipeline_out_pruned/finemapping/input/activity.total.11.93418612_pruned_sorted.z, /u/home/j/jzou1115/project-zarlab/CFW/confidence_interval_pipeline_out_pruned/finemapping/input/activity.total.11.93418612_pruned_sorted.ld
    jobid: 234
    wildcards: q=activity.total.11.93418612

[Wed Aug 19 14:29:57 2020]
Finished job 291.
1 of 131 steps (0.76%) done
Submitted job 234 with external jobid 'Your job 4146703 ("susier_input") has been submitted'.

[Wed Aug 19 14:29:57 2020]
rule susier_input:
    input: /u/home/j/jzou1115/project-zarlab/CFW/confidence_interval_pipeline_out_pruned/confidence_intervals/CI_pruned.txt
    output: /u/home/j/jzou1115/project-zarlab/CFW/confidence_interval_pipeline_out_pruned/finemapping/input/bmd.11.94772022_pruned_sorted.z, /u/home/j/jzou1115/project-zarlab/CFW/confidence_interval_pipeline_out_pruned/finemapping/input/bmd.11.94772022_pruned_sorted.ld
    jobid: 260
    wildcards: q=bmd.11.94772022

Submitted job 260 with external jobid 'Your job 4146705 ("susier_input") has been submitted'.

[Wed Aug 19 14:29:59 2020]
rule susier_input:
    input: /u/home/j/jzou1115/project-zarlab/CFW/confidence_interval_pipeline_out_pruned/confidence_intervals/CI_pruned.txt
    output: /u/home/j/jzou1115/project-zarlab/CFW/confidence_interval_pipeline_out_pruned/finemapping/input/activity.end.13.6323352_pruned_sorted.z, /u/home/j/jzou1115/project-zarlab/CFW/confidence_interval_pipeline_out_pruned/finemapping/input/activity.end.13.6323352_pruned_sorted.ld
    jobid: 219
    wildcards: q=activity.end.13.6323352

Submitted job 219 with external jobid 'Your job 4146706 ("susier_input") has been submitted'.

[Wed Aug 19 14:30:00 2020]
rule susier_input:
    input: /u/home/j/jzou1115/project-zarlab/CFW/confidence_interval_pipeline_out_pruned/confidence_intervals/CI_pruned.txt
    output: /u/home/j/jzou1115/project-zarlab/CFW/confidence_interval_pipeline_out_pruned/finemapping/input/tibia.15.12517342_pruned_sorted.z, /u/home/j/jzou1115/project-zarlab/CFW/confidence_interval_pipeline_out_pruned/finemapping/input/tibia.15.12517342_pruned_sorted.ld
    jobid: 302
    wildcards: q=tibia.15.12517342

Submitted job 302 with external jobid 'Your job 4146707 ("susier_input") has been submitted'.

[Wed Aug 19 14:30:02 2020]
rule susier_input:
    input: /u/home/j/jzou1115/project-zarlab/CFW/confidence_interval_pipeline_out_pruned/confidence_intervals/CI_pruned.txt
    output: /u/home/j/jzou1115/project-zarlab/CFW/confidence_interval_pipeline_out_pruned/finemapping/input/EDL.2.80039850_pruned_sorted.z, /u/home/j/jzou1115/project-zarlab/CFW/confidence_interval_pipeline_out_pruned/finemapping/input/EDL.2.80039850_pruned_sorted.ld
    jobid: 196
    wildcards: q=EDL.2.80039850

Submitted job 196 with external jobid 'Your job 4146708 ("susier_input") has been submitted'.

[Wed Aug 19 14:30:04 2020]
rule susier_input:
    input: /u/home/j/jzou1115/project-zarlab/CFW/confidence_interval_pipeline_out_pruned/confidence_intervals/CI_pruned.txt
    output: /u/home/j/jzou1115/project-zarlab/CFW/confidence_interval_pipeline_out_pruned/finemapping/input/activity30.13.7101524_pruned_sorted.z, /u/home/j/jzou1115/project-zarlab/CFW/confidence_interval_pipeline_out_pruned/finemapping/input/activity30.13.7101524_pruned_sorted.ld
    jobid: 246
    wildcards: q=activity30.13.7101524

Submitted job 246 with external jobid 'Your job 4146709 ("susier_input") has been submitted'.

[Wed Aug 19 14:30:05 2020]
rule susier_input:
    input: /u/home/j/jzou1115/project-zarlab/CFW/confidence_interval_pipeline_out_pruned/confidence_intervals/CI_pruned.txt
    output: /u/home/j/jzou1115/project-zarlab/CFW/confidence_interval_pipeline_out_pruned/finemapping/input/weight.bmi.tibia.12.83323871_pruned_sorted.z, /u/home/j/jzou1115/project-zarlab/CFW/confidence_interval_pipeline_out_pruned/finemapping/input/weight.bmi.tibia.12.83323871_pruned_sorted.ld
    jobid: 313
    wildcards: q=weight.bmi.tibia.12.83323871

Submitted job 313 with external jobid 'Your job 4146710 ("susier_input") has been submitted'.

[Wed Aug 19 14:30:07 2020]
rule susier_input:
    input: /u/home/j/jzou1115/project-zarlab/CFW/confidence_interval_pipeline_out_pruned/confidence_intervals/CI_pruned.txt
    output: /u/home/j/jzou1115/project-zarlab/CFW/confidence_interval_pipeline_out_pruned/finemapping/input/gastroc.12.83517483_pruned_sorted.z, /u/home/j/jzou1115/project-zarlab/CFW/confidence_interval_pipeline_out_pruned/finemapping/input/gastroc.12.83517483_pruned_sorted.ld
    jobid: 276
    wildcards: q=gastroc.12.83517483

Submitted job 276 with external jobid 'Your job 4146711 ("susier_input") has been submitted'.

[Wed Aug 19 14:30:09 2020]
rule susier_input:
    input: /u/home/j/jzou1115/project-zarlab/CFW/confidence_interval_pipeline_out_pruned/confidence_intervals/CI_pruned.txt
    output: /u/home/j/jzou1115/project-zarlab/CFW/confidence_interval_pipeline_out_pruned/finemapping/input/activity.end.11.95636638_pruned_sorted.z, /u/home/j/jzou1115/project-zarlab/CFW/confidence_interval_pipeline_out_pruned/finemapping/input/activity.end.11.95636638_pruned_sorted.ld
    jobid: 216
    wildcards: q=activity.end.11.95636638

Submitted job 216 with external jobid 'Your job 4146712 ("susier_input") has been submitted'.

[Wed Aug 19 14:30:10 2020]
rule susier_input:
    input: /u/home/j/jzou1115/project-zarlab/CFW/confidence_interval_pipeline_out_pruned/confidence_intervals/CI_pruned.txt
    output: /u/home/j/jzou1115/project-zarlab/CFW/confidence_interval_pipeline_out_pruned/finemapping/input/bmd.n.5.24920012_pruned_sorted.z, /u/home/j/jzou1115/project-zarlab/CFW/confidence_interval_pipeline_out_pruned/finemapping/input/bmd.n.5.24920012_pruned_sorted.ld
    jobid: 273
    wildcards: q=bmd.n.5.24920012

Submitted job 273 with external jobid 'Your job 4146713 ("susier_input") has been submitted'.

[Wed Aug 19 14:30:12 2020]
rule susier_input:
    input: /u/home/j/jzou1115/project-zarlab/CFW/confidence_interval_pipeline_out_pruned/confidence_intervals/CI_pruned.txt
    output: /u/home/j/jzou1115/project-zarlab/CFW/confidence_interval_pipeline_out_pruned/finemapping/input/tibia.9.85054834_pruned_sorted.z, /u/home/j/jzou1115/project-zarlab/CFW/confidence_interval_pipeline_out_pruned/finemapping/input/tibia.9.85054834_pruned_sorted.ld
    jobid: 312
    wildcards: q=tibia.9.85054834

Submitted job 312 with external jobid 'Your job 4146714 ("susier_input") has been submitted'.

[Wed Aug 19 14:30:14 2020]
rule susier_input:
    input: /u/home/j/jzou1115/project-zarlab/CFW/confidence_interval_pipeline_out_pruned/confidence_intervals/CI_pruned.txt
    output: /u/home/j/jzou1115/project-zarlab/CFW/confidence_interval_pipeline_out_pruned/finemapping/input/activity.begin.2.89917236_pruned_sorted.z, /u/home/j/jzou1115/project-zarlab/CFW/confidence_interval_pipeline_out_pruned/finemapping/input/activity.begin.2.89917236_pruned_sorted.ld
    jobid: 215
    wildcards: q=activity.begin.2.89917236

[Wed Aug 19 14:30:14 2020]
Finished job 279.
2 of 131 steps (2%) done
Submitted job 215 with external jobid 'Your job 4146715 ("susier_input") has been submitted'.

[Wed Aug 19 14:30:16 2020]
rule susier_input:
    input: /u/home/j/jzou1115/project-zarlab/CFW/confidence_interval_pipeline_out_pruned/confidence_intervals/CI_pruned.txt
    output: /u/home/j/jzou1115/project-zarlab/CFW/confidence_interval_pipeline_out_pruned/finemapping/input/bmd.5.21721308_pruned_sorted.z, /u/home/j/jzou1115/project-zarlab/CFW/confidence_interval_pipeline_out_pruned/finemapping/input/bmd.5.21721308_pruned_sorted.ld
    jobid: 265
    wildcards: q=bmd.5.21721308

Submitted job 265 with external jobid 'Your job 4146716 ("susier_input") has been submitted'.

[Wed Aug 19 14:30:17 2020]
rule susier_input:
    input: /u/home/j/jzou1115/project-zarlab/CFW/confidence_interval_pipeline_out_pruned/confidence_intervals/CI_pruned.txt
    output: /u/home/j/jzou1115/project-zarlab/CFW/confidence_interval_pipeline_out_pruned/finemapping/input/soleus.2.155505679_pruned_sorted.z, /u/home/j/jzou1115/project-zarlab/CFW/confidence_interval_pipeline_out_pruned/finemapping/input/soleus.2.155505679_pruned_sorted.ld
    jobid: 287
    wildcards: q=soleus.2.155505679

Submitted job 287 with external jobid 'Your job 4146717 ("susier_input") has been submitted'.

[Wed Aug 19 14:30:19 2020]
rule susier_input:
    input: /u/home/j/jzou1115/project-zarlab/CFW/confidence_interval_pipeline_out_pruned/confidence_intervals/CI_pruned.txt
    output: /u/home/j/jzou1115/project-zarlab/CFW/confidence_interval_pipeline_out_pruned/finemapping/input/tail.length.8.81878779_pruned_sorted.z, /u/home/j/jzou1115/project-zarlab/CFW/confidence_interval_pipeline_out_pruned/finemapping/input/tail.length.8.81878779_pruned_sorted.ld
    jobid: 293
    wildcards: q=tail.length.8.81878779

Submitted job 293 with external jobid 'Your job 4146718 ("susier_input") has been submitted'.

[Wed Aug 19 14:30:20 2020]
rule susier_input:
    input: /u/home/j/jzou1115/project-zarlab/CFW/confidence_interval_pipeline_out_pruned/confidence_intervals/CI_pruned.txt
    output: /u/home/j/jzou1115/project-zarlab/CFW/confidence_interval_pipeline_out_pruned/finemapping/input/tibia.12.91722613_pruned_sorted.z, /u/home/j/jzou1115/project-zarlab/CFW/confidence_interval_pipeline_out_pruned/finemapping/input/tibia.12.91722613_pruned_sorted.ld
    jobid: 300
    wildcards: q=tibia.12.91722613

Submitted job 300 with external jobid 'Your job 4146719 ("susier_input") has been submitted'.

[Wed Aug 19 14:30:22 2020]
rule susier_input:
    input: /u/home/j/jzou1115/project-zarlab/CFW/confidence_interval_pipeline_out_pruned/confidence_intervals/CI_pruned.txt
    output: /u/home/j/jzou1115/project-zarlab/CFW/confidence_interval_pipeline_out_pruned/finemapping/input/basal.activity.13.8209788_pruned_sorted.z, /u/home/j/jzou1115/project-zarlab/CFW/confidence_interval_pipeline_out_pruned/finemapping/input/basal.activity.13.8209788_pruned_sorted.ld
    jobid: 254
    wildcards: q=basal.activity.13.8209788

Submitted job 254 with external jobid 'Your job 4146720 ("susier_input") has been submitted'.

[Wed Aug 19 14:30:23 2020]
rule susier_input:
    input: /u/home/j/jzou1115/project-zarlab/CFW/confidence_interval_pipeline_out_pruned/confidence_intervals/CI_pruned.txt
    output: /u/home/j/jzou1115/project-zarlab/CFW/confidence_interval_pipeline_out_pruned/finemapping/input/activity.begin.11.93418612_pruned_sorted.z, /u/home/j/jzou1115/project-zarlab/CFW/confidence_interval_pipeline_out_pruned/finemapping/input/activity.begin.11.93418612_pruned_sorted.ld
    jobid: 208
    wildcards: q=activity.begin.11.93418612

Submitted job 208 with external jobid 'Your job 4146721 ("susier_input") has been submitted'.

[Wed Aug 19 14:30:25 2020]
rule susier_input:
    input: /u/home/j/jzou1115/project-zarlab/CFW/confidence_interval_pipeline_out_pruned/confidence_intervals/CI_pruned.txt
    output: /u/home/j/jzou1115/project-zarlab/CFW/confidence_interval_pipeline_out_pruned/finemapping/input/activity.end.13.10150339_pruned_sorted.z, /u/home/j/jzou1115/project-zarlab/CFW/confidence_interval_pipeline_out_pruned/finemapping/input/activity.end.13.10150339_pruned_sorted.ld
    jobid: 218
    wildcards: q=activity.end.13.10150339

Submitted job 218 with external jobid 'Your job 4146722 ("susier_input") has been submitted'.

[Wed Aug 19 14:30:26 2020]
rule susier_input:
    input: /u/home/j/jzou1115/project-zarlab/CFW/confidence_interval_pipeline_out_pruned/confidence_intervals/CI_pruned.txt
    output: /u/home/j/jzou1115/project-zarlab/CFW/confidence_interval_pipeline_out_pruned/finemapping/input/tibia.6.145481081_pruned_sorted.z, /u/home/j/jzou1115/project-zarlab/CFW/confidence_interval_pipeline_out_pruned/finemapping/input/tibia.6.145481081_pruned_sorted.ld
    jobid: 305
    wildcards: q=tibia.6.145481081

Submitted job 305 with external jobid 'Your job 4146723 ("susier_input") has been submitted'.

[Wed Aug 19 14:30:27 2020]
rule susier_input:
    input: /u/home/j/jzou1115/project-zarlab/CFW/confidence_interval_pipeline_out_pruned/confidence_intervals/CI_pruned.txt
    output: /u/home/j/jzou1115/project-zarlab/CFW/confidence_interval_pipeline_out_pruned/finemapping/input/bmd.n.5.23815043_pruned_sorted.z, /u/home/j/jzou1115/project-zarlab/CFW/confidence_interval_pipeline_out_pruned/finemapping/input/bmd.n.5.23815043_pruned_sorted.ld
    jobid: 272
    wildcards: q=bmd.n.5.23815043

Submitted job 272 with external jobid 'Your job 4146724 ("susier_input") has been submitted'.

[Wed Aug 19 14:30:29 2020]
rule susier_input:
    input: /u/home/j/jzou1115/project-zarlab/CFW/confidence_interval_pipeline_out_pruned/confidence_intervals/CI_pruned.txt
    output: /u/home/j/jzou1115/project-zarlab/CFW/confidence_interval_pipeline_out_pruned/finemapping/input/activity.middle.13.10150339_pruned_sorted.z, /u/home/j/jzou1115/project-zarlab/CFW/confidence_interval_pipeline_out_pruned/finemapping/input/activity.middle.13.10150339_pruned_sorted.ld
    jobid: 226
    wildcards: q=activity.middle.13.10150339

Submitted job 226 with external jobid 'Your job 4146725 ("susier_input") has been submitted'.

[Wed Aug 19 14:30:30 2020]
rule susier_input:
    input: /u/home/j/jzou1115/project-zarlab/CFW/confidence_interval_pipeline_out_pruned/confidence_intervals/CI_pruned.txt
    output: /u/home/j/jzou1115/project-zarlab/CFW/confidence_interval_pipeline_out_pruned/finemapping/input/soleus.13.114802392_pruned_sorted.z, /u/home/j/jzou1115/project-zarlab/CFW/confidence_interval_pipeline_out_pruned/finemapping/input/soleus.13.114802392_pruned_sorted.ld
    jobid: 285
    wildcards: q=soleus.13.114802392

Submitted job 285 with external jobid 'Your job 4146727 ("susier_input") has been submitted'.

[Wed Aug 19 14:30:32 2020]
rule susier_input:
    input: /u/home/j/jzou1115/project-zarlab/CFW/confidence_interval_pipeline_out_pruned/confidence_intervals/CI_pruned.txt
    output: /u/home/j/jzou1115/project-zarlab/CFW/confidence_interval_pipeline_out_pruned/finemapping/input/bmd.5.23814155_pruned_sorted.z, /u/home/j/jzou1115/project-zarlab/CFW/confidence_interval_pipeline_out_pruned/finemapping/input/bmd.5.23814155_pruned_sorted.ld
    jobid: 266
    wildcards: q=bmd.5.23814155

Submitted job 266 with external jobid 'Your job 4146729 ("susier_input") has been submitted'.

[Wed Aug 19 14:30:33 2020]
rule susier_input:
    input: /u/home/j/jzou1115/project-zarlab/CFW/confidence_interval_pipeline_out_pruned/confidence_intervals/CI_pruned.txt
    output: /u/home/j/jzou1115/project-zarlab/CFW/confidence_interval_pipeline_out_pruned/finemapping/input/activity.begin.13.9154368_pruned_sorted.z, /u/home/j/jzou1115/project-zarlab/CFW/confidence_interval_pipeline_out_pruned/finemapping/input/activity.begin.13.9154368_pruned_sorted.ld
    jobid: 213
    wildcards: q=activity.begin.13.9154368

Submitted job 213 with external jobid 'Your job 4146730 ("susier_input") has been submitted'.

[Wed Aug 19 14:30:35 2020]
rule susier_input:
    input: /u/home/j/jzou1115/project-zarlab/CFW/confidence_interval_pipeline_out_pruned/confidence_intervals/CI_pruned.txt
    output: /u/home/j/jzou1115/project-zarlab/CFW/confidence_interval_pipeline_out_pruned/finemapping/input/activity.end.13.8209788_pruned_sorted.z, /u/home/j/jzou1115/project-zarlab/CFW/confidence_interval_pipeline_out_pruned/finemapping/input/activity.end.13.8209788_pruned_sorted.ld
    jobid: 221
    wildcards: q=activity.end.13.8209788

Submitted job 221 with external jobid 'Your job 4146731 ("susier_input") has been submitted'.

[Wed Aug 19 14:30:36 2020]
rule susier_input:
    input: /u/home/j/jzou1115/project-zarlab/CFW/confidence_interval_pipeline_out_pruned/confidence_intervals/CI_pruned.txt
    output: /u/home/j/jzou1115/project-zarlab/CFW/confidence_interval_pipeline_out_pruned/finemapping/input/EDL.2.84134413_pruned_sorted.z, /u/home/j/jzou1115/project-zarlab/CFW/confidence_interval_pipeline_out_pruned/finemapping/input/EDL.2.84134413_pruned_sorted.ld
    jobid: 198
    wildcards: q=EDL.2.84134413

Submitted job 198 with external jobid 'Your job 4146733 ("susier_input") has been submitted'.

[Wed Aug 19 14:30:38 2020]
rule susier_input:
    input: /u/home/j/jzou1115/project-zarlab/CFW/confidence_interval_pipeline_out_pruned/confidence_intervals/CI_pruned.txt
    output: /u/home/j/jzou1115/project-zarlab/CFW/confidence_interval_pipeline_out_pruned/finemapping/input/tibia.5.39698535_pruned_sorted.z, /u/home/j/jzou1115/project-zarlab/CFW/confidence_interval_pipeline_out_pruned/finemapping/input/tibia.5.39698535_pruned_sorted.ld
    jobid: 303
    wildcards: q=tibia.5.39698535

Submitted job 303 with external jobid 'Your job 4146734 ("susier_input") has been submitted'.

[Wed Aug 19 14:30:39 2020]
rule susier_input:
    input: /u/home/j/jzou1115/project-zarlab/CFW/confidence_interval_pipeline_out_pruned/confidence_intervals/CI_pruned.txt
    output: /u/home/j/jzou1115/project-zarlab/CFW/confidence_interval_pipeline_out_pruned/finemapping/input/activity.total.13.7101524_pruned_sorted.z, /u/home/j/jzou1115/project-zarlab/CFW/confidence_interval_pipeline_out_pruned/finemapping/input/activity.total.13.7101524_pruned_sorted.ld
    jobid: 239
    wildcards: q=activity.total.13.7101524

Submitted job 239 with external jobid 'Your job 4146735 ("susier_input") has been submitted'.

[Wed Aug 19 14:30:41 2020]
rule susier_input:
    input: /u/home/j/jzou1115/project-zarlab/CFW/confidence_interval_pipeline_out_pruned/confidence_intervals/CI_pruned.txt
    output: /u/home/j/jzou1115/project-zarlab/CFW/confidence_interval_pipeline_out_pruned/finemapping/input/bmd.a.11.96913720_pruned_sorted.z, /u/home/j/jzou1115/project-zarlab/CFW/confidence_interval_pipeline_out_pruned/finemapping/input/bmd.a.11.96913720_pruned_sorted.ld
    jobid: 257
    wildcards: q=bmd.a.11.96913720

Submitted job 257 with external jobid 'Your job 4146736 ("susier_input") has been submitted'.

[Wed Aug 19 14:30:42 2020]
rule susier_input:
    input: /u/home/j/jzou1115/project-zarlab/CFW/confidence_interval_pipeline_out_pruned/confidence_intervals/CI_pruned.txt
    output: /u/home/j/jzou1115/project-zarlab/CFW/confidence_interval_pipeline_out_pruned/finemapping/input/bmd.15.86382123_pruned_sorted.z, /u/home/j/jzou1115/project-zarlab/CFW/confidence_interval_pipeline_out_pruned/finemapping/input/bmd.15.86382123_pruned_sorted.ld
    jobid: 263
    wildcards: q=bmd.15.86382123

Submitted job 263 with external jobid 'Your job 4146737 ("susier_input") has been submitted'.

[Wed Aug 19 14:30:44 2020]
rule susier_input:
    input: /u/home/j/jzou1115/project-zarlab/CFW/confidence_interval_pipeline_out_pruned/confidence_intervals/CI_pruned.txt
    output: /u/home/j/jzou1115/project-zarlab/CFW/confidence_interval_pipeline_out_pruned/finemapping/input/activity30.13.10150339_pruned_sorted.z, /u/home/j/jzou1115/project-zarlab/CFW/confidence_interval_pipeline_out_pruned/finemapping/input/activity30.13.10150339_pruned_sorted.ld
    jobid: 244
    wildcards: q=activity30.13.10150339

Submitted job 244 with external jobid 'Your job 4146738 ("susier_input") has been submitted'.

[Wed Aug 19 14:30:45 2020]
rule susier_input:
    input: /u/home/j/jzou1115/project-zarlab/CFW/confidence_interval_pipeline_out_pruned/confidence_intervals/CI_pruned.txt
    output: /u/home/j/jzou1115/project-zarlab/CFW/confidence_interval_pipeline_out_pruned/finemapping/input/activity.middle.13.7101524_pruned_sorted.z, /u/home/j/jzou1115/project-zarlab/CFW/confidence_interval_pipeline_out_pruned/finemapping/input/activity.middle.13.7101524_pruned_sorted.ld
    jobid: 227
    wildcards: q=activity.middle.13.7101524

Submitted job 227 with external jobid 'Your job 4146740 ("susier_input") has been submitted'.

[Wed Aug 19 14:30:46 2020]
rule susier_input:
    input: /u/home/j/jzou1115/project-zarlab/CFW/confidence_interval_pipeline_out_pruned/confidence_intervals/CI_pruned.txt
    output: /u/home/j/jzou1115/project-zarlab/CFW/confidence_interval_pipeline_out_pruned/finemapping/input/activity.middle.2.152116228_pruned_sorted.z, /u/home/j/jzou1115/project-zarlab/CFW/confidence_interval_pipeline_out_pruned/finemapping/input/activity.middle.2.152116228_pruned_sorted.ld
    jobid: 230
    wildcards: q=activity.middle.2.152116228

Submitted job 230 with external jobid 'Your job 4146741 ("susier_input") has been submitted'.

[Wed Aug 19 14:30:48 2020]
rule susier_input:
    input: /u/home/j/jzou1115/project-zarlab/CFW/confidence_interval_pipeline_out_pruned/confidence_intervals/CI_pruned.txt
    output: /u/home/j/jzou1115/project-zarlab/CFW/confidence_interval_pipeline_out_pruned/finemapping/input/weight.bmi.tibia.2.153707637_pruned_sorted.z, /u/home/j/jzou1115/project-zarlab/CFW/confidence_interval_pipeline_out_pruned/finemapping/input/weight.bmi.tibia.2.153707637_pruned_sorted.ld
    jobid: 318
    wildcards: q=weight.bmi.tibia.2.153707637

Submitted job 318 with external jobid 'Your job 4146742 ("susier_input") has been submitted'.

[Wed Aug 19 14:30:49 2020]
rule susier_input:
    input: /u/home/j/jzou1115/project-zarlab/CFW/confidence_interval_pipeline_out_pruned/confidence_intervals/CI_pruned.txt
    output: /u/home/j/jzou1115/project-zarlab/CFW/confidence_interval_pipeline_out_pruned/finemapping/input/EDL.2.77669072_pruned_sorted.z, /u/home/j/jzou1115/project-zarlab/CFW/confidence_interval_pipeline_out_pruned/finemapping/input/EDL.2.77669072_pruned_sorted.ld
    jobid: 194
    wildcards: q=EDL.2.77669072

Submitted job 194 with external jobid 'Your job 4146743 ("susier_input") has been submitted'.

[Wed Aug 19 14:30:51 2020]
rule susier_input:
    input: /u/home/j/jzou1115/project-zarlab/CFW/confidence_interval_pipeline_out_pruned/confidence_intervals/CI_pruned.txt
    output: /u/home/j/jzou1115/project-zarlab/CFW/confidence_interval_pipeline_out_pruned/finemapping/input/weight.17.37094289_pruned_sorted.z, /u/home/j/jzou1115/project-zarlab/CFW/confidence_interval_pipeline_out_pruned/finemapping/input/weight.17.37094289_pruned_sorted.ld
    jobid: 322
    wildcards: q=weight.17.37094289

Submitted job 322 with external jobid 'Your job 4146744 ("susier_input") has been submitted'.

[Wed Aug 19 14:30:52 2020]
rule susier_input:
    input: /u/home/j/jzou1115/project-zarlab/CFW/confidence_interval_pipeline_out_pruned/confidence_intervals/CI_pruned.txt
    output: /u/home/j/jzou1115/project-zarlab/CFW/confidence_interval_pipeline_out_pruned/finemapping/input/tibia.11.32268598_pruned_sorted.z, /u/home/j/jzou1115/project-zarlab/CFW/confidence_interval_pipeline_out_pruned/finemapping/input/tibia.11.32268598_pruned_sorted.ld
    jobid: 294
    wildcards: q=tibia.11.32268598

[Wed Aug 19 14:30:53 2020]
Finished job 289.
3 of 131 steps (2%) done
[Wed Aug 19 14:30:53 2020]
Finished job 298.
4 of 131 steps (3%) done
[Wed Aug 19 14:30:53 2020]
Finished job 304.
5 of 131 steps (4%) done
Submitted job 294 with external jobid 'Your job 4146745 ("susier_input") has been submitted'.

[Wed Aug 19 14:30:54 2020]
rule susier_input:
    input: /u/home/j/jzou1115/project-zarlab/CFW/confidence_interval_pipeline_out_pruned/confidence_intervals/CI_pruned.txt
    output: /u/home/j/jzou1115/project-zarlab/CFW/confidence_interval_pipeline_out_pruned/finemapping/input/weight.bmi.tibia.13.8924722_pruned_sorted.z, /u/home/j/jzou1115/project-zarlab/CFW/confidence_interval_pipeline_out_pruned/finemapping/input/weight.bmi.tibia.13.8924722_pruned_sorted.ld
    jobid: 315
    wildcards: q=weight.bmi.tibia.13.8924722

Submitted job 315 with external jobid 'Your job 4146746 ("susier_input") has been submitted'.

[Wed Aug 19 14:30:55 2020]
rule susier_input:
    input: /u/home/j/jzou1115/project-zarlab/CFW/confidence_interval_pipeline_out_pruned/confidence_intervals/CI_pruned.txt
    output: /u/home/j/jzou1115/project-zarlab/CFW/confidence_interval_pipeline_out_pruned/finemapping/input/basal.activity.13.10150339_pruned_sorted.z, /u/home/j/jzou1115/project-zarlab/CFW/confidence_interval_pipeline_out_pruned/finemapping/input/basal.activity.13.10150339_pruned_sorted.ld
    jobid: 251
    wildcards: q=basal.activity.13.10150339

Submitted job 251 with external jobid 'Your job 4146747 ("susier_input") has been submitted'.

[Wed Aug 19 14:30:57 2020]
rule susier_input:
    input: /u/home/j/jzou1115/project-zarlab/CFW/confidence_interval_pipeline_out_pruned/confidence_intervals/CI_pruned.txt
    output: /u/home/j/jzou1115/project-zarlab/CFW/confidence_interval_pipeline_out_pruned/finemapping/input/bmd.11.95761488_pruned_sorted.z, /u/home/j/jzou1115/project-zarlab/CFW/confidence_interval_pipeline_out_pruned/finemapping/input/bmd.11.95761488_pruned_sorted.ld
    jobid: 261
    wildcards: q=bmd.11.95761488

Submitted job 261 with external jobid 'Your job 4146748 ("susier_input") has been submitted'.

[Wed Aug 19 14:30:58 2020]
rule susier_input:
    input: /u/home/j/jzou1115/project-zarlab/CFW/confidence_interval_pipeline_out_pruned/confidence_intervals/CI_pruned.txt
    output: /u/home/j/jzou1115/project-zarlab/CFW/confidence_interval_pipeline_out_pruned/finemapping/input/soleus.3.15783853_pruned_sorted.z, /u/home/j/jzou1115/project-zarlab/CFW/confidence_interval_pipeline_out_pruned/finemapping/input/soleus.3.15783853_pruned_sorted.ld
    jobid: 288
    wildcards: q=soleus.3.15783853

Submitted job 288 with external jobid 'Your job 4146750 ("susier_input") has been submitted'.

[Wed Aug 19 14:31:00 2020]
rule susier_input:
    input: /u/home/j/jzou1115/project-zarlab/CFW/confidence_interval_pipeline_out_pruned/confidence_intervals/CI_pruned.txt
    output: /u/home/j/jzou1115/project-zarlab/CFW/confidence_interval_pipeline_out_pruned/finemapping/input/activity.total.13.5954638_pruned_sorted.z, /u/home/j/jzou1115/project-zarlab/CFW/confidence_interval_pipeline_out_pruned/finemapping/input/activity.total.13.5954638_pruned_sorted.ld
    jobid: 238
    wildcards: q=activity.total.13.5954638

Submitted job 238 with external jobid 'Your job 4146751 ("susier_input") has been submitted'.

[Wed Aug 19 14:31:01 2020]
rule susier_input:
    input: /u/home/j/jzou1115/project-zarlab/CFW/confidence_interval_pipeline_out_pruned/confidence_intervals/CI_pruned.txt
    output: /u/home/j/jzou1115/project-zarlab/CFW/confidence_interval_pipeline_out_pruned/finemapping/input/bmd.n.11.96918212_pruned_sorted.z, /u/home/j/jzou1115/project-zarlab/CFW/confidence_interval_pipeline_out_pruned/finemapping/input/bmd.n.11.96918212_pruned_sorted.ld
    jobid: 270
    wildcards: q=bmd.n.11.96918212

Submitted job 270 with external jobid 'Your job 4146753 ("susier_input") has been submitted'.

[Wed Aug 19 14:31:03 2020]
rule susier_input:
    input: /u/home/j/jzou1115/project-zarlab/CFW/confidence_interval_pipeline_out_pruned/confidence_intervals/CI_pruned.txt
    output: /u/home/j/jzou1115/project-zarlab/CFW/confidence_interval_pipeline_out_pruned/finemapping/input/bmd.11.100053320_pruned_sorted.z, /u/home/j/jzou1115/project-zarlab/CFW/confidence_interval_pipeline_out_pruned/finemapping/input/bmd.11.100053320_pruned_sorted.ld
    jobid: 258
    wildcards: q=bmd.11.100053320

Submitted job 258 with external jobid 'Your job 4146754 ("susier_input") has been submitted'.

[Wed Aug 19 14:31:04 2020]
rule susier_input:
    input: /u/home/j/jzou1115/project-zarlab/CFW/confidence_interval_pipeline_out_pruned/confidence_intervals/CI_pruned.txt
    output: /u/home/j/jzou1115/project-zarlab/CFW/confidence_interval_pipeline_out_pruned/finemapping/input/tibia.6.147721449_pruned_sorted.z, /u/home/j/jzou1115/project-zarlab/CFW/confidence_interval_pipeline_out_pruned/finemapping/input/tibia.6.147721449_pruned_sorted.ld
    jobid: 307
    wildcards: q=tibia.6.147721449

Submitted job 307 with external jobid 'Your job 4146755 ("susier_input") has been submitted'.

[Wed Aug 19 14:31:06 2020]
rule susier_input:
    input: /u/home/j/jzou1115/project-zarlab/CFW/confidence_interval_pipeline_out_pruned/confidence_intervals/CI_pruned.txt
    output: /u/home/j/jzou1115/project-zarlab/CFW/confidence_interval_pipeline_out_pruned/finemapping/input/TA.13.9090078_pruned_sorted.z, /u/home/j/jzou1115/project-zarlab/CFW/confidence_interval_pipeline_out_pruned/finemapping/input/TA.13.9090078_pruned_sorted.ld
    jobid: 205
    wildcards: q=TA.13.9090078

Submitted job 205 with external jobid 'Your job 4146756 ("susier_input") has been submitted'.

[Wed Aug 19 14:31:07 2020]
rule susier_input:
    input: /u/home/j/jzou1115/project-zarlab/CFW/confidence_interval_pipeline_out_pruned/confidence_intervals/CI_pruned.txt
    output: /u/home/j/jzou1115/project-zarlab/CFW/confidence_interval_pipeline_out_pruned/finemapping/input/weight.17.34900243_pruned_sorted.z, /u/home/j/jzou1115/project-zarlab/CFW/confidence_interval_pipeline_out_pruned/finemapping/input/weight.17.34900243_pruned_sorted.ld
    jobid: 321
    wildcards: q=weight.17.34900243

Submitted job 321 with external jobid 'Your job 4146757 ("susier_input") has been submitted'.

[Wed Aug 19 14:31:09 2020]
rule susier_input:
    input: /u/home/j/jzou1115/project-zarlab/CFW/confidence_interval_pipeline_out_pruned/confidence_intervals/CI_pruned.txt
    output: /u/home/j/jzou1115/project-zarlab/CFW/confidence_interval_pipeline_out_pruned/finemapping/input/activity.middle.11.96852500_pruned_sorted.z, /u/home/j/jzou1115/project-zarlab/CFW/confidence_interval_pipeline_out_pruned/finemapping/input/activity.middle.11.96852500_pruned_sorted.ld
    jobid: 225
    wildcards: q=activity.middle.11.96852500

Submitted job 225 with external jobid 'Your job 4146758 ("susier_input") has been submitted'.

[Wed Aug 19 14:31:10 2020]
rule susier_input:
    input: /u/home/j/jzou1115/project-zarlab/CFW/confidence_interval_pipeline_out_pruned/confidence_intervals/CI_pruned.txt
    output: /u/home/j/jzou1115/project-zarlab/CFW/confidence_interval_pipeline_out_pruned/finemapping/input/activity5.13.8155366_pruned_sorted.z, /u/home/j/jzou1115/project-zarlab/CFW/confidence_interval_pipeline_out_pruned/finemapping/input/activity5.13.8155366_pruned_sorted.ld
    jobid: 248
    wildcards: q=activity5.13.8155366

Submitted job 248 with external jobid 'Your job 4146759 ("susier_input") has been submitted'.

[Wed Aug 19 14:31:12 2020]
rule susier_input:
    input: /u/home/j/jzou1115/project-zarlab/CFW/confidence_interval_pipeline_out_pruned/confidence_intervals/CI_pruned.txt
    output: /u/home/j/jzou1115/project-zarlab/CFW/confidence_interval_pipeline_out_pruned/finemapping/input/activity.middle.2.153760436_pruned_sorted.z, /u/home/j/jzou1115/project-zarlab/CFW/confidence_interval_pipeline_out_pruned/finemapping/input/activity.middle.2.153760436_pruned_sorted.ld
    jobid: 231
    wildcards: q=activity.middle.2.153760436

Submitted job 231 with external jobid 'Your job 4146760 ("susier_input") has been submitted'.

[Wed Aug 19 14:31:13 2020]
rule susier_input:
    input: /u/home/j/jzou1115/project-zarlab/CFW/confidence_interval_pipeline_out_pruned/confidence_intervals/CI_pruned.txt
    output: /u/home/j/jzou1115/project-zarlab/CFW/confidence_interval_pipeline_out_pruned/finemapping/input/activity.total.2.89914086_pruned_sorted.z, /u/home/j/jzou1115/project-zarlab/CFW/confidence_interval_pipeline_out_pruned/finemapping/input/activity.total.2.89914086_pruned_sorted.ld
    jobid: 242
    wildcards: q=activity.total.2.89914086

[Wed Aug 19 14:31:14 2020]
Finished job 262.
6 of 131 steps (5%) done
[Wed Aug 19 14:31:15 2020]
Finished job 311.
7 of 131 steps (5%) done
Submitted job 242 with external jobid 'Your job 4146762 ("susier_input") has been submitted'.

[Wed Aug 19 14:31:15 2020]
rule susier_input:
    input: /u/home/j/jzou1115/project-zarlab/CFW/confidence_interval_pipeline_out_pruned/confidence_intervals/CI_pruned.txt
    output: /u/home/j/jzou1115/project-zarlab/CFW/confidence_interval_pipeline_out_pruned/finemapping/input/basal.activity.13.6154389_pruned_sorted.z, /u/home/j/jzou1115/project-zarlab/CFW/confidence_interval_pipeline_out_pruned/finemapping/input/basal.activity.13.6154389_pruned_sorted.ld
    jobid: 252
    wildcards: q=basal.activity.13.6154389

[Wed Aug 19 14:31:15 2020]
Finished job 267.
8 of 131 steps (6%) done
Submitted job 252 with external jobid 'Your job 4146763 ("susier_input") has been submitted'.
[Wed Aug 19 14:31:35 2020]
Finished job 233.
9 of 131 steps (7%) done
[Wed Aug 19 14:31:37 2020]
Finished job 235.
10 of 131 steps (8%) done
[Wed Aug 19 14:32:41 2020]
Finished job 301.
11 of 131 steps (8%) done
[Wed Aug 19 14:32:41 2020]
Finished job 320.
12 of 131 steps (9%) done
[Wed Aug 19 14:32:42 2020]
Finished job 274.
13 of 131 steps (10%) done
[Wed Aug 19 14:32:42 2020]
Finished job 308.
14 of 131 steps (11%) done
[Wed Aug 19 14:32:42 2020]
Finished job 296.
15 of 131 steps (11%) done
[Wed Aug 19 14:32:42 2020]
Finished job 259.
16 of 131 steps (12%) done
[Wed Aug 19 14:32:43 2020]
Finished job 275.
17 of 131 steps (13%) done
[Wed Aug 19 14:32:43 2020]
Finished job 268.
18 of 131 steps (14%) done
[Wed Aug 19 14:32:43 2020]
Finished job 299.
19 of 131 steps (15%) done
[Wed Aug 19 14:32:43 2020]
Finished job 245.
20 of 131 steps (15%) done
[Wed Aug 19 14:32:44 2020]
Finished job 284.
21 of 131 steps (16%) done
[Wed Aug 19 14:32:45 2020]
Finished job 223.
22 of 131 steps (17%) done
[Wed Aug 19 14:32:45 2020]
Finished job 264.
23 of 131 steps (18%) done
[Wed Aug 19 14:32:45 2020]
Finished job 297.
24 of 131 steps (18%) done
[Wed Aug 19 14:32:45 2020]
Finished job 236.
25 of 131 steps (19%) done
[Wed Aug 19 14:33:03 2020]
Finished job 202.
26 of 131 steps (20%) done
[Wed Aug 19 14:33:04 2020]
Finished job 255.
27 of 131 steps (21%) done
[Wed Aug 19 14:33:04 2020]
Finished job 222.
28 of 131 steps (21%) done
[Wed Aug 19 14:33:05 2020]
Finished job 240.
29 of 131 steps (22%) done
[Wed Aug 19 14:33:06 2020]
Finished job 280.
30 of 131 steps (23%) done
[Wed Aug 19 14:33:25 2020]
Finished job 209.
31 of 131 steps (24%) done
[Wed Aug 19 14:33:27 2020]
Finished job 277.
32 of 131 steps (24%) done
[Wed Aug 19 14:33:27 2020]
Finished job 220.
33 of 131 steps (25%) done
[Wed Aug 19 14:33:27 2020]
Finished job 306.
34 of 131 steps (26%) done
[Wed Aug 19 14:33:47 2020]
Finished job 207.
35 of 131 steps (27%) done
[Wed Aug 19 14:34:24 2020]
Finished job 314.
36 of 131 steps (27%) done
[Wed Aug 19 14:34:25 2020]
Finished job 317.
37 of 131 steps (28%) done
[Wed Aug 19 14:34:25 2020]
Finished job 214.
38 of 131 steps (29%) done
[Wed Aug 19 14:34:25 2020]
Finished job 206.
39 of 131 steps (30%) done
[Wed Aug 19 14:34:25 2020]
Finished job 269.
40 of 131 steps (31%) done
[Wed Aug 19 14:34:27 2020]
Finished job 228.
41 of 131 steps (31%) done
[Wed Aug 19 14:34:27 2020]
Finished job 243.
42 of 131 steps (32%) done
[Wed Aug 19 14:34:27 2020]
Finished job 282.
43 of 131 steps (33%) done
[Wed Aug 19 14:34:27 2020]
Finished job 193.
44 of 131 steps (34%) done
[Wed Aug 19 14:34:27 2020]
Finished job 203.
45 of 131 steps (34%) done
[Wed Aug 19 14:34:28 2020]
Finished job 283.
46 of 131 steps (35%) done
[Wed Aug 19 14:34:45 2020]
Finished job 281.
47 of 131 steps (36%) done
[Wed Aug 19 14:34:46 2020]
Finished job 249.
48 of 131 steps (37%) done
[Wed Aug 19 14:34:46 2020]
Finished job 247.
49 of 131 steps (37%) done
[Wed Aug 19 14:35:02 2020]
Finished job 309.
50 of 131 steps (38%) done
[Wed Aug 19 14:35:04 2020]
Finished job 229.
51 of 131 steps (39%) done
[Wed Aug 19 14:35:05 2020]
Finished job 271.
52 of 131 steps (40%) done
[Wed Aug 19 14:35:21 2020]
Finished job 316.
53 of 131 steps (40%) done
[Wed Aug 19 14:35:21 2020]
Finished job 237.
54 of 131 steps (41%) done
[Wed Aug 19 14:35:38 2020]
Finished job 295.
55 of 131 steps (42%) done
[Wed Aug 19 14:35:38 2020]
Finished job 212.
56 of 131 steps (43%) done
[Wed Aug 19 14:35:38 2020]
Finished job 211.
57 of 131 steps (44%) done
[Wed Aug 19 14:35:38 2020]
Finished job 292.
58 of 131 steps (44%) done
[Wed Aug 19 14:36:28 2020]
Finished job 312.
59 of 131 steps (45%) done
[Wed Aug 19 14:36:29 2020]
Finished job 260.
60 of 131 steps (46%) done
[Wed Aug 19 14:36:30 2020]
Finished job 204.
61 of 131 steps (47%) done
[Wed Aug 19 14:36:30 2020]
Finished job 210.
62 of 131 steps (47%) done
[Wed Aug 19 14:36:30 2020]
Finished job 290.
63 of 131 steps (48%) done
[Wed Aug 19 14:36:47 2020]
Finished job 319.
64 of 131 steps (49%) done
[Wed Aug 19 14:36:47 2020]
Finished job 200.
65 of 131 steps (50%) done
[Wed Aug 19 14:36:47 2020]
Finished job 199.
66 of 131 steps (50%) done
[Wed Aug 19 14:36:48 2020]
Finished job 302.
67 of 131 steps (51%) done
[Wed Aug 19 14:37:02 2020]
Finished job 256.
68 of 131 steps (52%) done
[Wed Aug 19 14:37:03 2020]
Finished job 201.
69 of 131 steps (53%) done
[Wed Aug 19 14:37:03 2020]
Finished job 310.
70 of 131 steps (53%) done
[Wed Aug 19 14:37:03 2020]
Finished job 253.
71 of 131 steps (54%) done
[Wed Aug 19 14:37:18 2020]
Finished job 215.
72 of 131 steps (55%) done
[Wed Aug 19 14:37:33 2020]
Finished job 273.
73 of 131 steps (56%) done
[Wed Aug 19 14:37:34 2020]
Finished job 287.
74 of 131 steps (56%) done
[Wed Aug 19 14:37:34 2020]
Finished job 241.
75 of 131 steps (57%) done
[Wed Aug 19 14:37:36 2020]
Finished job 305.
76 of 131 steps (58%) done
[Wed Aug 19 14:37:48 2020]
Finished job 265.
77 of 131 steps (59%) done
[Wed Aug 19 14:37:49 2020]
Finished job 217.
78 of 131 steps (60%) done
[Wed Aug 19 14:37:49 2020]
Finished job 286.
79 of 131 steps (60%) done
[Wed Aug 19 14:37:50 2020]
Finished job 293.
80 of 131 steps (61%) done
[Wed Aug 19 14:38:04 2020]
Finished job 250.
81 of 131 steps (62%) done
[Wed Aug 19 14:38:04 2020]
Finished job 234.
82 of 131 steps (63%) done
[Wed Aug 19 14:38:04 2020]
Finished job 278.
83 of 131 steps (63%) done
[Wed Aug 19 14:38:19 2020]
Finished job 221.
84 of 131 steps (64%) done
[Wed Aug 19 14:38:19 2020]
Finished job 313.
85 of 131 steps (65%) done
[Wed Aug 19 14:38:20 2020]
Finished job 276.
86 of 131 steps (66%) done
[Wed Aug 19 14:38:20 2020]
Finished job 272.
87 of 131 steps (66%) done
[Wed Aug 19 14:38:21 2020]
Finished job 263.
88 of 131 steps (67%) done
[Wed Aug 19 14:38:33 2020]
Finished job 197.
89 of 131 steps (68%) done
[Wed Aug 19 14:38:33 2020]
Finished job 195.
90 of 131 steps (69%) done
[Wed Aug 19 14:38:34 2020]
Finished job 224.
91 of 131 steps (69%) done
[Wed Aug 19 14:38:35 2020]
Finished job 239.
92 of 131 steps (70%) done
[Wed Aug 19 14:38:47 2020]
Finished job 266.
93 of 131 steps (71%) done
[Wed Aug 19 14:38:47 2020]
Finished job 219.
94 of 131 steps (72%) done
[Wed Aug 19 14:38:47 2020]
Finished job 232.
95 of 131 steps (73%) done
[Wed Aug 19 14:38:49 2020]
Finished job 216.
96 of 131 steps (73%) done
[Wed Aug 19 14:38:50 2020]
Finished job 254.
97 of 131 steps (74%) done
[Wed Aug 19 14:39:41 2020]
Finished job 246.
98 of 131 steps (75%) done
[Wed Aug 19 14:39:41 2020]
Finished job 300.
99 of 131 steps (76%) done
[Wed Aug 19 14:39:42 2020]
Finished job 303.
100 of 131 steps (76%) done
[Wed Aug 19 14:39:43 2020]
Finished job 288.
101 of 131 steps (77%) done
[Wed Aug 19 14:39:55 2020]
Finished job 196.
102 of 131 steps (78%) done
[Wed Aug 19 14:39:55 2020]
Finished job 208.
103 of 131 steps (79%) done
[Wed Aug 19 14:40:06 2020]
Finished job 315.
104 of 131 steps (79%) done
[Wed Aug 19 14:40:07 2020]
Finished job 285.
105 of 131 steps (80%) done
[Wed Aug 19 14:40:54 2020]
Finished job 225.
106 of 131 steps (81%) done
[Wed Aug 19 14:40:54 2020]
Finished job 322.
107 of 131 steps (82%) done
[Wed Aug 19 14:40:55 2020]
Finished job 218.
108 of 131 steps (82%) done
[Wed Aug 19 14:40:55 2020]
Finished job 257.
109 of 131 steps (83%) done
[Wed Aug 19 14:41:06 2020]
Finished job 226.
110 of 131 steps (84%) done
[Wed Aug 19 14:41:08 2020]
Finished job 321.
111 of 131 steps (85%) done
[Wed Aug 19 14:41:20 2020]
Finished job 198.
112 of 131 steps (85%) done
[Wed Aug 19 14:41:20 2020]
Finished job 227.
113 of 131 steps (86%) done
[Wed Aug 19 14:42:03 2020]
Finished job 294.
114 of 131 steps (87%) done
[Wed Aug 19 14:42:03 2020]
Finished job 261.
115 of 131 steps (88%) done
[Wed Aug 19 14:42:04 2020]
Finished job 213.
116 of 131 steps (89%) done
[Wed Aug 19 14:42:04 2020]
Finished job 244.
117 of 131 steps (89%) done
[Wed Aug 19 14:42:05 2020]
Finished job 270.
118 of 131 steps (90%) done
[Wed Aug 19 14:42:05 2020]
Finished job 307.
119 of 131 steps (91%) done
[Wed Aug 19 14:42:15 2020]
Finished job 194.
120 of 131 steps (92%) done
[Wed Aug 19 14:42:27 2020]
Finished job 248.
121 of 131 steps (92%) done
[Wed Aug 19 14:42:27 2020]
Finished job 318.
122 of 131 steps (93%) done
[Wed Aug 19 14:42:38 2020]
Error in rule susier_input:
    jobid: 230
    output: /u/home/j/jzou1115/project-zarlab/CFW/confidence_interval_pipeline_out_pruned/finemapping/input/activity.middle.2.152116228_pruned_sorted.z, /u/home/j/jzou1115/project-zarlab/CFW/confidence_interval_pipeline_out_pruned/finemapping/input/activity.middle.2.152116228_pruned_sorted.ld
    cluster_jobid: Your job 4146741 ("susier_input") has been submitted

Error executing rule susier_input on cluster (jobid: 230, external: Your job 4146741 ("susier_input") has been submitted, jobscript: /u/project/zarlab/jzou1115/CFW/MegaAnalysis_CFW_Code/confidence_interval_pipeline_pruned/.snakemake/tmp.x3rysh6q/snakejob.susier_input.230.sh). For error details see the cluster log and the log files of the involved rule(s).
[Wed Aug 19 14:42:48 2020]
Finished job 258.
123 of 131 steps (94%) done
[Wed Aug 19 14:42:48 2020]
Finished job 205.
124 of 131 steps (95%) done
[Wed Aug 19 14:43:18 2020]
Finished job 231.
125 of 131 steps (95%) done
[Wed Aug 19 14:43:18 2020]
Finished job 251.
126 of 131 steps (96%) done
[Wed Aug 19 14:43:18 2020]
Finished job 238.
127 of 131 steps (97%) done
[Wed Aug 19 14:43:48 2020]
Finished job 242.
128 of 131 steps (98%) done
[Wed Aug 19 14:43:48 2020]
Finished job 252.
129 of 131 steps (98%) done
Shutting down, this might take some time.
Exiting because a job execution failed. Look above for error message
Complete log: /u/project/zarlab/jzou1115/CFW/MegaAnalysis_CFW_Code/confidence_interval_pipeline_pruned/.snakemake/log/2020-08-19T142756.156280.snakemake.log
