Building DAG of jobs...
Using shell: /bin/bash
Provided cores: 1 (use --cores to define parallelism)
Rules claiming more threads will be scaled down.
Job counts:
	count	jobs
	1	all
	34	genomeScans
	35

[Sun Aug  2 21:00:04 2020]
rule genomeScans:
    input: /u/home/j/jzou1115/project-zarlab/CFW/confidence_interval_pipeline_out_pruned/mm/emma.fc.cue.baseline.RData
    output: /u/home/j/jzou1115/project-zarlab/CFW/confidence_interval_pipeline_out_pruned/scans/fc.cue.baseline.1.permute.RData, /u/home/j/jzou1115/project-zarlab/CFW/confidence_interval_pipeline_out_pruned/scans/fc.cue.baseline.2.permute.RData, /u/home/j/jzou1115/project-zarlab/CFW/confidence_interval_pipeline_out_pruned/scans/fc.cue.baseline.3.permute.RData, /u/home/j/jzou1115/project-zarlab/CFW/confidence_interval_pipeline_out_pruned/scans/fc.cue.baseline.4.permute.RData, /u/home/j/jzou1115/project-zarlab/CFW/confidence_interval_pipeline_out_pruned/scans/fc.cue.baseline.5.permute.RData, /u/home/j/jzou1115/project-zarlab/CFW/confidence_interval_pipeline_out_pruned/scans/fc.cue.baseline.6.permute.RData, /u/home/j/jzou1115/project-zarlab/CFW/confidence_interval_pipeline_out_pruned/scans/fc.cue.baseline.7.permute.RData, /u/home/j/jzou1115/project-zarlab/CFW/confidence_interval_pipeline_out_pruned/scans/fc.cue.baseline.8.permute.RData, /u/home/j/jzou1115/project-zarlab/CFW/confidence_interval_pipeline_out_pruned/scans/fc.cue.baseline.9.permute.RData, /u/home/j/jzou1115/project-zarlab/CFW/confidence_interval_pipeline_out_pruned/scans/fc.cue.baseline.10.permute.RData, /u/home/j/jzou1115/project-zarlab/CFW/confidence_interval_pipeline_out_pruned/scans/fc.cue.baseline.11.permute.RData, /u/home/j/jzou1115/project-zarlab/CFW/confidence_interval_pipeline_out_pruned/scans/fc.cue.baseline.12.permute.RData, /u/home/j/jzou1115/project-zarlab/CFW/confidence_interval_pipeline_out_pruned/scans/fc.cue.baseline.13.permute.RData, /u/home/j/jzou1115/project-zarlab/CFW/confidence_interval_pipeline_out_pruned/scans/fc.cue.baseline.14.permute.RData, /u/home/j/jzou1115/project-zarlab/CFW/confidence_interval_pipeline_out_pruned/scans/fc.cue.baseline.15.permute.RData, /u/home/j/jzou1115/project-zarlab/CFW/confidence_interval_pipeline_out_pruned/scans/fc.cue.baseline.16.permute.RData, /u/home/j/jzou1115/project-zarlab/CFW/confidence_interval_pipeline_out_pruned/scans/fc.cue.baseline.17.permute.RData, /u/home/j/jzou1115/project-zarlab/CFW/confidence_interval_pipeline_out_pruned/scans/fc.cue.baseline.18.permute.RData, /u/home/j/jzou1115/project-zarlab/CFW/confidence_interval_pipeline_out_pruned/scans/fc.cue.baseline.19.permute.RData
    jobid: 37
    wildcards: pheno=fc.cue.baseline

Terminating processes on user request, this might take some time.
[Sun Aug  2 21:00:58 2020]
Error in rule genomeScans:
    jobid: 37
    output: /u/home/j/jzou1115/project-zarlab/CFW/confidence_interval_pipeline_out_pruned/scans/fc.cue.baseline.1.permute.RData, /u/home/j/jzou1115/project-zarlab/CFW/confidence_interval_pipeline_out_pruned/scans/fc.cue.baseline.2.permute.RData, /u/home/j/jzou1115/project-zarlab/CFW/confidence_interval_pipeline_out_pruned/scans/fc.cue.baseline.3.permute.RData, /u/home/j/jzou1115/project-zarlab/CFW/confidence_interval_pipeline_out_pruned/scans/fc.cue.baseline.4.permute.RData, /u/home/j/jzou1115/project-zarlab/CFW/confidence_interval_pipeline_out_pruned/scans/fc.cue.baseline.5.permute.RData, /u/home/j/jzou1115/project-zarlab/CFW/confidence_interval_pipeline_out_pruned/scans/fc.cue.baseline.6.permute.RData, /u/home/j/jzou1115/project-zarlab/CFW/confidence_interval_pipeline_out_pruned/scans/fc.cue.baseline.7.permute.RData, /u/home/j/jzou1115/project-zarlab/CFW/confidence_interval_pipeline_out_pruned/scans/fc.cue.baseline.8.permute.RData, /u/home/j/jzou1115/project-zarlab/CFW/confidence_interval_pipeline_out_pruned/scans/fc.cue.baseline.9.permute.RData, /u/home/j/jzou1115/project-zarlab/CFW/confidence_interval_pipeline_out_pruned/scans/fc.cue.baseline.10.permute.RData, /u/home/j/jzou1115/project-zarlab/CFW/confidence_interval_pipeline_out_pruned/scans/fc.cue.baseline.11.permute.RData, /u/home/j/jzou1115/project-zarlab/CFW/confidence_interval_pipeline_out_pruned/scans/fc.cue.baseline.12.permute.RData, /u/home/j/jzou1115/project-zarlab/CFW/confidence_interval_pipeline_out_pruned/scans/fc.cue.baseline.13.permute.RData, /u/home/j/jzou1115/project-zarlab/CFW/confidence_interval_pipeline_out_pruned/scans/fc.cue.baseline.14.permute.RData, /u/home/j/jzou1115/project-zarlab/CFW/confidence_interval_pipeline_out_pruned/scans/fc.cue.baseline.15.permute.RData, /u/home/j/jzou1115/project-zarlab/CFW/confidence_interval_pipeline_out_pruned/scans/fc.cue.baseline.16.permute.RData, /u/home/j/jzou1115/project-zarlab/CFW/confidence_interval_pipeline_out_pruned/scans/fc.cue.baseline.17.permute.RData, /u/home/j/jzou1115/project-zarlab/CFW/confidence_interval_pipeline_out_pruned/scans/fc.cue.baseline.18.permute.RData, /u/home/j/jzou1115/project-zarlab/CFW/confidence_interval_pipeline_out_pruned/scans/fc.cue.baseline.19.permute.RData

RuleException:
CalledProcessError in line 115 of /u/project/zarlab/jzou1115/CFW/MegaAnalysis_CFW_Code/confidence_interval_pipeline_pruned/Snakefile:
Command 'set -euo pipefail;  Rscript --vanilla /u/project/zarlab/jzou1115/CFW/MegaAnalysis_CFW_Code/confidence_interval_pipeline_pruned/.snakemake/scripts/tmp0j37hv4d.confidence_intervals_mega_1.R' returned non-zero exit status 1.
  File "/u/project/zarlab/jzou1115/CFW/MegaAnalysis_CFW_Code/confidence_interval_pipeline_pruned/Snakefile", line 115, in __rule_genomeScans
  File "/u/home/j/jzou1115/project-ernst/software/anaconda3/lib/python3.7/concurrent/futures/thread.py", line 57, in run
Removing output files of failed job genomeScans since they might be corrupted:
/u/home/j/jzou1115/project-zarlab/CFW/confidence_interval_pipeline_out_pruned/scans/fc.cue.baseline.1.permute.RData, /u/home/j/jzou1115/project-zarlab/CFW/confidence_interval_pipeline_out_pruned/scans/fc.cue.baseline.2.permute.RData, /u/home/j/jzou1115/project-zarlab/CFW/confidence_interval_pipeline_out_pruned/scans/fc.cue.baseline.3.permute.RData
Complete log: /u/project/zarlab/jzou1115/CFW/MegaAnalysis_CFW_Code/confidence_interval_pipeline_pruned/.snakemake/log/2020-08-02T210003.968504.snakemake.log
