Building DAG of jobs...
Using shell: /bin/bash
Provided cores: 1 (use --cores to define parallelism)
Rules claiming more threads will be scaled down.
Job counts:
	count	jobs
	1	all
	1	simulateConfidenceIntervals
	2

[Sun Jul 26 22:37:12 2020]
rule simulateConfidenceIntervals:
    input: /u/home/j/jzou1115/project-zarlab/CFW/confidence_intervals/data/qtls/qtls_decorrelated_threshold2.txt, /u/home/j/jzou1115/project-zarlab/CFW/confidence_interval_pipeline_out_pruned/genotypes/combined.chr1.oxinfo90.Rdata, /u/home/j/jzou1115/project-zarlab/CFW/confidence_interval_pipeline_out_pruned/genotypes/combined.chr2.oxinfo90.Rdata, /u/home/j/jzou1115/project-zarlab/CFW/confidence_interval_pipeline_out_pruned/genotypes/combined.chr3.oxinfo90.Rdata, /u/home/j/jzou1115/project-zarlab/CFW/confidence_interval_pipeline_out_pruned/genotypes/combined.chr4.oxinfo90.Rdata, /u/home/j/jzou1115/project-zarlab/CFW/confidence_interval_pipeline_out_pruned/genotypes/combined.chr5.oxinfo90.Rdata, /u/home/j/jzou1115/project-zarlab/CFW/confidence_interval_pipeline_out_pruned/genotypes/combined.chr6.oxinfo90.Rdata, /u/home/j/jzou1115/project-zarlab/CFW/confidence_interval_pipeline_out_pruned/genotypes/combined.chr7.oxinfo90.Rdata, /u/home/j/jzou1115/project-zarlab/CFW/confidence_interval_pipeline_out_pruned/genotypes/combined.chr8.oxinfo90.Rdata, /u/home/j/jzou1115/project-zarlab/CFW/confidence_interval_pipeline_out_pruned/genotypes/combined.chr9.oxinfo90.Rdata, /u/home/j/jzou1115/project-zarlab/CFW/confidence_interval_pipeline_out_pruned/genotypes/combined.chr10.oxinfo90.Rdata, /u/home/j/jzou1115/project-zarlab/CFW/confidence_interval_pipeline_out_pruned/genotypes/combined.chr11.oxinfo90.Rdata, /u/home/j/jzou1115/project-zarlab/CFW/confidence_interval_pipeline_out_pruned/genotypes/combined.chr12.oxinfo90.Rdata, /u/home/j/jzou1115/project-zarlab/CFW/confidence_interval_pipeline_out_pruned/genotypes/combined.chr13.oxinfo90.Rdata, /u/home/j/jzou1115/project-zarlab/CFW/confidence_interval_pipeline_out_pruned/genotypes/combined.chr14.oxinfo90.Rdata, /u/home/j/jzou1115/project-zarlab/CFW/confidence_interval_pipeline_out_pruned/genotypes/combined.chr15.oxinfo90.Rdata, /u/home/j/jzou1115/project-zarlab/CFW/confidence_interval_pipeline_out_pruned/genotypes/combined.chr16.oxinfo90.Rdata, /u/home/j/jzou1115/project-zarlab/CFW/confidence_interval_pipeline_out_pruned/genotypes/combined.chr17.oxinfo90.Rdata, /u/home/j/jzou1115/project-zarlab/CFW/confidence_interval_pipeline_out_pruned/genotypes/combined.chr18.oxinfo90.Rdata, /u/home/j/jzou1115/project-zarlab/CFW/confidence_interval_pipeline_out_pruned/genotypes/combined.chr19.oxinfo90.Rdata, /u/home/j/jzou1115/project-zarlab/CFW/confidence_intervals/output2/emma.activity30.RData, /u/home/j/jzou1115/project-zarlab/CFW/confidence_intervals/output2/emma.activity5.RData, /u/home/j/jzou1115/project-zarlab/CFW/confidence_intervals/output2/emma.activity.begin.RData, /u/home/j/jzou1115/project-zarlab/CFW/confidence_intervals/output2/emma.activity.end.RData, /u/home/j/jzou1115/project-zarlab/CFW/confidence_intervals/output2/emma.activity.middle.RData, /u/home/j/jzou1115/project-zarlab/CFW/confidence_intervals/output2/emma.activity.total.RData, /u/home/j/jzou1115/project-zarlab/CFW/confidence_intervals/output2/emma.basal.activity.RData, /u/home/j/jzou1115/project-zarlab/CFW/confidence_intervals/output2/emma.bmd.a.RData, /u/home/j/jzou1115/project-zarlab/CFW/confidence_intervals/output2/emma.bmd.n.RData, /u/home/j/jzou1115/project-zarlab/CFW/confidence_intervals/output2/emma.bmd.RData, /u/home/j/jzou1115/project-zarlab/CFW/confidence_intervals/output2/emma.decay.activity.RData, /u/home/j/jzou1115/project-zarlab/CFW/confidence_intervals/output2/emma.EDL.RData, /u/home/j/jzou1115/project-zarlab/CFW/confidence_intervals/output2/emma.fc.baseline.RData, /u/home/j/jzou1115/project-zarlab/CFW/confidence_intervals/output2/emma.fc.context.corr.RData, /u/home/j/jzou1115/project-zarlab/CFW/confidence_intervals/output2/emma.fc.context.RData, /u/home/j/jzou1115/project-zarlab/CFW/confidence_intervals/output2/emma.fc.cue.baseline.RData, /u/home/j/jzou1115/project-zarlab/CFW/confidence_intervals/output2/emma.fc.cue.corr.RData, /u/home/j/jzou1115/project-zarlab/CFW/confidence_intervals/output2/emma.fc.cue.RData, /u/home/j/jzou1115/project-zarlab/CFW/confidence_intervals/output2/emma.fc.uncond.freeze.corr.RData, /u/home/j/jzou1115/project-zarlab/CFW/confidence_intervals/output2/emma.fc.uncond.freeze.RData, /u/home/j/jzou1115/project-zarlab/CFW/confidence_intervals/output2/emma.gastroc.RData, /u/home/j/jzou1115/project-zarlab/CFW/confidence_intervals/output2/emma.glucose.RData, /u/home/j/jzou1115/project-zarlab/CFW/confidence_intervals/output2/emma.habit.diff.RData, /u/home/j/jzou1115/project-zarlab/CFW/confidence_intervals/output2/emma.habit.ratio.RData, /u/home/j/jzou1115/project-zarlab/CFW/confidence_intervals/output2/emma.plantaris.RData, /u/home/j/jzou1115/project-zarlab/CFW/confidence_intervals/output2/emma.pp12.ppi.RData, /u/home/j/jzou1115/project-zarlab/CFW/confidence_intervals/output2/emma.pp6.ppi.RData, /u/home/j/jzou1115/project-zarlab/CFW/confidence_intervals/output2/emma.soleus.RData, /u/home/j/jzou1115/project-zarlab/CFW/confidence_intervals/output2/emma.startle.RData, /u/home/j/jzou1115/project-zarlab/CFW/confidence_intervals/output2/emma.tail.length.RData, /u/home/j/jzou1115/project-zarlab/CFW/confidence_intervals/output2/emma.TA.RData, /u/home/j/jzou1115/project-zarlab/CFW/confidence_intervals/output2/emma.tibia.RData, /u/home/j/jzou1115/project-zarlab/CFW/confidence_intervals/output2/emma.weight.bmi.tibia.RData, /u/home/j/jzou1115/project-zarlab/CFW/confidence_intervals/output2/emma.weight.RData
    output: /u/home/j/jzou1115/project-zarlab/CFW/confidence_interval_pipeline_out_pruned/confidence_intervals/EDL.12.83885241.CI.RData
    jobid: 39
    wildcards: q=EDL.12.83885241

[Sun Jul 26 22:37:13 2020]
Error in rule simulateConfidenceIntervals:
    jobid: 39
    output: /u/home/j/jzou1115/project-zarlab/CFW/confidence_interval_pipeline_out_pruned/confidence_intervals/EDL.12.83885241.CI.RData

RuleException:
CalledProcessError in line 124 of /u/project/zarlab/jzou1115/CFW/MegaAnalysis_CFW_Code/confidence_interval_pipeline_pruned/Snakefile:
Command 'set -euo pipefail;  Rscript --vanilla /u/project/zarlab/jzou1115/CFW/MegaAnalysis_CFW_Code/confidence_interval_pipeline_pruned/.snakemake/scripts/tmpjhh1zjrm.confidence_intervals_mega_2.R' returned non-zero exit status 1.
  File "/u/project/zarlab/jzou1115/CFW/MegaAnalysis_CFW_Code/confidence_interval_pipeline_pruned/Snakefile", line 124, in __rule_simulateConfidenceIntervals
  File "/u/home/j/jzou1115/project-ernst/software/anaconda3/lib/python3.7/concurrent/futures/thread.py", line 57, in run
Shutting down, this might take some time.
Exiting because a job execution failed. Look above for error message
Complete log: /u/project/zarlab/jzou1115/CFW/MegaAnalysis_CFW_Code/confidence_interval_pipeline_pruned/.snakemake/log/2020-07-26T223710.308088.snakemake.log
