Building DAG of jobs...
Using shell: /bin/bash
Provided cores: 1 (use --cores to define parallelism)
Rules claiming more threads will be scaled down.
Job counts:
	count	jobs
	1	all
	45	run_susier
	46

[Sun Jul 19 14:30:04 2020]
rule run_susier:
    input: /u/home/j/jzou1115/project-zarlab/CFW/Finemapping_Analysis_decorrelated/input/weight.bmi.tibia.17.34013675_pruned_sorted.z, /u/home/j/jzou1115/project-zarlab/CFW/Finemapping_Analysis_decorrelated/input/weight.bmi.tibia.17.34013675_pruned_sorted.ld
    output: /u/home/j/jzou1115/project-zarlab/CFW/Finemapping_Analysis_decorrelated/output/weight.bmi.tibia.17.34013675.RData
    jobid: 191
    wildcards: q=weight.bmi.tibia.17.34013675

[Sun Jul 19 14:30:14 2020]
Finished job 191.
1 of 46 steps (2%) done

[Sun Jul 19 14:30:14 2020]
rule run_susier:
    input: /u/home/j/jzou1115/project-zarlab/CFW/Finemapping_Analysis_decorrelated/input/TA.2.155819633_pruned_sorted.z, /u/home/j/jzou1115/project-zarlab/CFW/Finemapping_Analysis_decorrelated/input/TA.2.155819633_pruned_sorted.ld
    output: /u/home/j/jzou1115/project-zarlab/CFW/Finemapping_Analysis_decorrelated/output/TA.2.155819633.RData
    jobid: 151
    wildcards: q=TA.2.155819633

[Sun Jul 19 14:30:23 2020]
Finished job 151.
2 of 46 steps (4%) done

[Sun Jul 19 14:30:23 2020]
rule run_susier:
    input: /u/home/j/jzou1115/project-zarlab/CFW/Finemapping_Analysis_decorrelated/input/bmd.11.95761488_pruned_sorted.z, /u/home/j/jzou1115/project-zarlab/CFW/Finemapping_Analysis_decorrelated/input/bmd.11.95761488_pruned_sorted.ld
    output: /u/home/j/jzou1115/project-zarlab/CFW/Finemapping_Analysis_decorrelated/output/bmd.11.95761488.RData
    jobid: 168
    wildcards: q=bmd.11.95761488

[Sun Jul 19 14:30:28 2020]
Finished job 168.
3 of 46 steps (7%) done

[Sun Jul 19 14:30:28 2020]
rule run_susier:
    input: /u/home/j/jzou1115/project-zarlab/CFW/Finemapping_Analysis_decorrelated/input/bmd.11.96912238_pruned_sorted.z, /u/home/j/jzou1115/project-zarlab/CFW/Finemapping_Analysis_decorrelated/input/bmd.11.96912238_pruned_sorted.ld
    output: /u/home/j/jzou1115/project-zarlab/CFW/Finemapping_Analysis_decorrelated/output/bmd.11.96912238.RData
    jobid: 169
    wildcards: q=bmd.11.96912238

[Sun Jul 19 14:30:34 2020]
Finished job 169.
4 of 46 steps (9%) done

[Sun Jul 19 14:30:34 2020]
rule run_susier:
    input: /u/home/j/jzou1115/project-zarlab/CFW/Finemapping_Analysis_decorrelated/input/tibia.9.85054834_pruned_sorted.z, /u/home/j/jzou1115/project-zarlab/CFW/Finemapping_Analysis_decorrelated/input/tibia.9.85054834_pruned_sorted.ld
    output: /u/home/j/jzou1115/project-zarlab/CFW/Finemapping_Analysis_decorrelated/output/tibia.9.85054834.RData
    jobid: 190
    wildcards: q=tibia.9.85054834

[Sun Jul 19 14:30:37 2020]
Finished job 190.
5 of 46 steps (11%) done

[Sun Jul 19 14:30:37 2020]
rule run_susier:
    input: /u/home/j/jzou1115/project-zarlab/CFW/Finemapping_Analysis_decorrelated/input/tibia.9.81411377_pruned_sorted.z, /u/home/j/jzou1115/project-zarlab/CFW/Finemapping_Analysis_decorrelated/input/tibia.9.81411377_pruned_sorted.ld
    output: /u/home/j/jzou1115/project-zarlab/CFW/Finemapping_Analysis_decorrelated/output/tibia.9.81411377.RData
    jobid: 188
    wildcards: q=tibia.9.81411377

[Sun Jul 19 14:30:40 2020]
Finished job 188.
6 of 46 steps (13%) done

[Sun Jul 19 14:30:40 2020]
rule run_susier:
    input: /u/home/j/jzou1115/project-zarlab/CFW/Finemapping_Analysis_decorrelated/input/bmd.5.23814155_pruned_sorted.z, /u/home/j/jzou1115/project-zarlab/CFW/Finemapping_Analysis_decorrelated/input/bmd.5.23814155_pruned_sorted.ld
    output: /u/home/j/jzou1115/project-zarlab/CFW/Finemapping_Analysis_decorrelated/output/bmd.5.23814155.RData
    jobid: 171
    wildcards: q=bmd.5.23814155

[Sun Jul 19 14:30:43 2020]
Finished job 171.
7 of 46 steps (15%) done

[Sun Jul 19 14:30:43 2020]
rule run_susier:
    input: /u/home/j/jzou1115/project-zarlab/CFW/Finemapping_Analysis_decorrelated/input/tibia.6.147027848_pruned_sorted.z, /u/home/j/jzou1115/project-zarlab/CFW/Finemapping_Analysis_decorrelated/input/tibia.6.147027848_pruned_sorted.ld
    output: /u/home/j/jzou1115/project-zarlab/CFW/Finemapping_Analysis_decorrelated/output/tibia.6.147027848.RData
    jobid: 185
    wildcards: q=tibia.6.147027848

[Sun Jul 19 14:30:46 2020]
Finished job 185.
8 of 46 steps (17%) done

[Sun Jul 19 14:30:46 2020]
rule run_susier:
    input: /u/home/j/jzou1115/project-zarlab/CFW/Finemapping_Analysis_decorrelated/input/tibia.9.83150389_pruned_sorted.z, /u/home/j/jzou1115/project-zarlab/CFW/Finemapping_Analysis_decorrelated/input/tibia.9.83150389_pruned_sorted.ld
    output: /u/home/j/jzou1115/project-zarlab/CFW/Finemapping_Analysis_decorrelated/output/tibia.9.83150389.RData
    jobid: 189
    wildcards: q=tibia.9.83150389

[Sun Jul 19 14:30:49 2020]
Finished job 189.
9 of 46 steps (20%) done

[Sun Jul 19 14:30:49 2020]
rule run_susier:
    input: /u/home/j/jzou1115/project-zarlab/CFW/Finemapping_Analysis_decorrelated/input/tibia.12.83514944_pruned_sorted.z, /u/home/j/jzou1115/project-zarlab/CFW/Finemapping_Analysis_decorrelated/input/tibia.12.83514944_pruned_sorted.ld
    output: /u/home/j/jzou1115/project-zarlab/CFW/Finemapping_Analysis_decorrelated/output/tibia.12.83514944.RData
    jobid: 180
    wildcards: q=tibia.12.83514944

[Sun Jul 19 14:30:51 2020]
Finished job 180.
10 of 46 steps (22%) done

[Sun Jul 19 14:30:51 2020]
rule run_susier:
    input: /u/home/j/jzou1115/project-zarlab/CFW/Finemapping_Analysis_decorrelated/input/bmd.a.11.94758993_pruned_sorted.z, /u/home/j/jzou1115/project-zarlab/CFW/Finemapping_Analysis_decorrelated/input/bmd.a.11.94758993_pruned_sorted.ld
    output: /u/home/j/jzou1115/project-zarlab/CFW/Finemapping_Analysis_decorrelated/output/bmd.a.11.94758993.RData
    jobid: 164
    wildcards: q=bmd.a.11.94758993

[Sun Jul 19 14:30:53 2020]
Finished job 164.
11 of 46 steps (24%) done

[Sun Jul 19 14:30:53 2020]
rule run_susier:
    input: /u/home/j/jzou1115/project-zarlab/CFW/Finemapping_Analysis_decorrelated/input/bmd.11.94772022_pruned_sorted.z, /u/home/j/jzou1115/project-zarlab/CFW/Finemapping_Analysis_decorrelated/input/bmd.11.94772022_pruned_sorted.ld
    output: /u/home/j/jzou1115/project-zarlab/CFW/Finemapping_Analysis_decorrelated/output/bmd.11.94772022.RData
    jobid: 167
    wildcards: q=bmd.11.94772022

[Sun Jul 19 14:30:55 2020]
Finished job 167.
12 of 46 steps (26%) done

[Sun Jul 19 14:30:55 2020]
rule run_susier:
    input: /u/home/j/jzou1115/project-zarlab/CFW/Finemapping_Analysis_decorrelated/input/bmd.5.21721308_pruned_sorted.z, /u/home/j/jzou1115/project-zarlab/CFW/Finemapping_Analysis_decorrelated/input/bmd.5.21721308_pruned_sorted.ld
    output: /u/home/j/jzou1115/project-zarlab/CFW/Finemapping_Analysis_decorrelated/output/bmd.5.21721308.RData
    jobid: 170
    wildcards: q=bmd.5.21721308

[Sun Jul 19 14:30:57 2020]
Finished job 170.
13 of 46 steps (28%) done

[Sun Jul 19 14:30:57 2020]
rule run_susier:
    input: /u/home/j/jzou1115/project-zarlab/CFW/Finemapping_Analysis_decorrelated/input/tibia.15.11500538_pruned_sorted.z, /u/home/j/jzou1115/project-zarlab/CFW/Finemapping_Analysis_decorrelated/input/tibia.15.11500538_pruned_sorted.ld
    output: /u/home/j/jzou1115/project-zarlab/CFW/Finemapping_Analysis_decorrelated/output/tibia.15.11500538.RData
    jobid: 183
    wildcards: q=tibia.15.11500538

[Sun Jul 19 14:30:58 2020]
Finished job 183.
14 of 46 steps (30%) done

[Sun Jul 19 14:30:58 2020]
rule run_susier:
    input: /u/home/j/jzou1115/project-zarlab/CFW/Finemapping_Analysis_decorrelated/input/bmd.a.11.95761488_pruned_sorted.z, /u/home/j/jzou1115/project-zarlab/CFW/Finemapping_Analysis_decorrelated/input/bmd.a.11.95761488_pruned_sorted.ld
    output: /u/home/j/jzou1115/project-zarlab/CFW/Finemapping_Analysis_decorrelated/output/bmd.a.11.95761488.RData
    jobid: 165
    wildcards: q=bmd.a.11.95761488

[Sun Jul 19 14:31:00 2020]
Finished job 165.
15 of 46 steps (33%) done

[Sun Jul 19 14:31:00 2020]
rule run_susier:
    input: /u/home/j/jzou1115/project-zarlab/CFW/Finemapping_Analysis_decorrelated/input/bmd.n.11.96918212_pruned_sorted.z, /u/home/j/jzou1115/project-zarlab/CFW/Finemapping_Analysis_decorrelated/input/bmd.n.11.96918212_pruned_sorted.ld
    output: /u/home/j/jzou1115/project-zarlab/CFW/Finemapping_Analysis_decorrelated/output/bmd.n.11.96918212.RData
    jobid: 174
    wildcards: q=bmd.n.11.96918212

[Sun Jul 19 14:31:02 2020]
Finished job 174.
16 of 46 steps (35%) done

[Sun Jul 19 14:31:02 2020]
rule run_susier:
    input: /u/home/j/jzou1115/project-zarlab/CFW/Finemapping_Analysis_decorrelated/input/activity.middle.13.8800578_pruned_sorted.z, /u/home/j/jzou1115/project-zarlab/CFW/Finemapping_Analysis_decorrelated/input/activity.middle.13.8800578_pruned_sorted.ld
    output: /u/home/j/jzou1115/project-zarlab/CFW/Finemapping_Analysis_decorrelated/output/activity.middle.13.8800578.RData
    jobid: 157
    wildcards: q=activity.middle.13.8800578

[Sun Jul 19 14:31:03 2020]
Finished job 157.
17 of 46 steps (37%) done

[Sun Jul 19 14:31:03 2020]
rule run_susier:
    input: /u/home/j/jzou1115/project-zarlab/CFW/Finemapping_Analysis_decorrelated/input/activity.middle.13.7101524_pruned_sorted.z, /u/home/j/jzou1115/project-zarlab/CFW/Finemapping_Analysis_decorrelated/input/activity.middle.13.7101524_pruned_sorted.ld
    output: /u/home/j/jzou1115/project-zarlab/CFW/Finemapping_Analysis_decorrelated/output/activity.middle.13.7101524.RData
    jobid: 155
    wildcards: q=activity.middle.13.7101524

[Sun Jul 19 14:31:05 2020]
Finished job 155.
18 of 46 steps (39%) done

[Sun Jul 19 14:31:05 2020]
rule run_susier:
    input: /u/home/j/jzou1115/project-zarlab/CFW/Finemapping_Analysis_decorrelated/input/activity.total.13.8800578_pruned_sorted.z, /u/home/j/jzou1115/project-zarlab/CFW/Finemapping_Analysis_decorrelated/input/activity.total.13.8800578_pruned_sorted.ld
    output: /u/home/j/jzou1115/project-zarlab/CFW/Finemapping_Analysis_decorrelated/output/activity.total.13.8800578.RData
    jobid: 160
    wildcards: q=activity.total.13.8800578

[Sun Jul 19 14:31:06 2020]
Finished job 160.
19 of 46 steps (41%) done

[Sun Jul 19 14:31:06 2020]
rule run_susier:
    input: /u/home/j/jzou1115/project-zarlab/CFW/Finemapping_Analysis_decorrelated/input/activity.total.13.7101524_pruned_sorted.z, /u/home/j/jzou1115/project-zarlab/CFW/Finemapping_Analysis_decorrelated/input/activity.total.13.7101524_pruned_sorted.ld
    output: /u/home/j/jzou1115/project-zarlab/CFW/Finemapping_Analysis_decorrelated/output/activity.total.13.7101524.RData
    jobid: 158
    wildcards: q=activity.total.13.7101524

[Sun Jul 19 14:31:08 2020]
Finished job 158.
20 of 46 steps (43%) done

[Sun Jul 19 14:31:08 2020]
rule run_susier:
    input: /u/home/j/jzou1115/project-zarlab/CFW/Finemapping_Analysis_decorrelated/input/tibia.12.91722613_pruned_sorted.z, /u/home/j/jzou1115/project-zarlab/CFW/Finemapping_Analysis_decorrelated/input/tibia.12.91722613_pruned_sorted.ld
    output: /u/home/j/jzou1115/project-zarlab/CFW/Finemapping_Analysis_decorrelated/output/tibia.12.91722613.RData
    jobid: 182
    wildcards: q=tibia.12.91722613

[Sun Jul 19 14:31:09 2020]
Finished job 182.
21 of 46 steps (46%) done

[Sun Jul 19 14:31:09 2020]
rule run_susier:
    input: /u/home/j/jzou1115/project-zarlab/CFW/Finemapping_Analysis_decorrelated/input/bmd.a.11.96913720_pruned_sorted.z, /u/home/j/jzou1115/project-zarlab/CFW/Finemapping_Analysis_decorrelated/input/bmd.a.11.96913720_pruned_sorted.ld
    output: /u/home/j/jzou1115/project-zarlab/CFW/Finemapping_Analysis_decorrelated/output/bmd.a.11.96913720.RData
    jobid: 166
    wildcards: q=bmd.a.11.96913720

[Sun Jul 19 14:31:10 2020]
Finished job 166.
22 of 46 steps (48%) done

[Sun Jul 19 14:31:10 2020]
rule run_susier:
    input: /u/home/j/jzou1115/project-zarlab/CFW/Finemapping_Analysis_decorrelated/input/bmd.5.24922475_pruned_sorted.z, /u/home/j/jzou1115/project-zarlab/CFW/Finemapping_Analysis_decorrelated/input/bmd.5.24922475_pruned_sorted.ld
    output: /u/home/j/jzou1115/project-zarlab/CFW/Finemapping_Analysis_decorrelated/output/bmd.5.24922475.RData
    jobid: 172
    wildcards: q=bmd.5.24922475

[Sun Jul 19 14:31:11 2020]
Finished job 172.
23 of 46 steps (50%) done

[Sun Jul 19 14:31:11 2020]
rule run_susier:
    input: /u/home/j/jzou1115/project-zarlab/CFW/Finemapping_Analysis_decorrelated/input/activity.end.13.7101524_pruned_sorted.z, /u/home/j/jzou1115/project-zarlab/CFW/Finemapping_Analysis_decorrelated/input/activity.end.13.7101524_pruned_sorted.ld
    output: /u/home/j/jzou1115/project-zarlab/CFW/Finemapping_Analysis_decorrelated/output/activity.end.13.7101524.RData
    jobid: 153
    wildcards: q=activity.end.13.7101524

[Sun Jul 19 14:31:13 2020]
Finished job 153.
24 of 46 steps (52%) done

[Sun Jul 19 14:31:13 2020]
rule run_susier:
    input: /u/home/j/jzou1115/project-zarlab/CFW/Finemapping_Analysis_decorrelated/input/activity30.13.8139647_pruned_sorted.z, /u/home/j/jzou1115/project-zarlab/CFW/Finemapping_Analysis_decorrelated/input/activity30.13.8139647_pruned_sorted.ld
    output: /u/home/j/jzou1115/project-zarlab/CFW/Finemapping_Analysis_decorrelated/output/activity30.13.8139647.RData
    jobid: 161
    wildcards: q=activity30.13.8139647

[Sun Jul 19 14:31:14 2020]
Finished job 161.
25 of 46 steps (54%) done

[Sun Jul 19 14:31:14 2020]
rule run_susier:
    input: /u/home/j/jzou1115/project-zarlab/CFW/Finemapping_Analysis_decorrelated/input/basal.activity.13.7101524_pruned_sorted.z, /u/home/j/jzou1115/project-zarlab/CFW/Finemapping_Analysis_decorrelated/input/basal.activity.13.7101524_pruned_sorted.ld
    output: /u/home/j/jzou1115/project-zarlab/CFW/Finemapping_Analysis_decorrelated/output/basal.activity.13.7101524.RData
    jobid: 162
    wildcards: q=basal.activity.13.7101524

[Sun Jul 19 14:31:15 2020]
Finished job 162.
26 of 46 steps (57%) done

[Sun Jul 19 14:31:15 2020]
rule run_susier:
    input: /u/home/j/jzou1115/project-zarlab/CFW/Finemapping_Analysis_decorrelated/input/bmd.n.11.95582360_pruned_sorted.z, /u/home/j/jzou1115/project-zarlab/CFW/Finemapping_Analysis_decorrelated/input/bmd.n.11.95582360_pruned_sorted.ld
    output: /u/home/j/jzou1115/project-zarlab/CFW/Finemapping_Analysis_decorrelated/output/bmd.n.11.95582360.RData
    jobid: 173
    wildcards: q=bmd.n.11.95582360

[Sun Jul 19 14:31:16 2020]
Finished job 173.
27 of 46 steps (59%) done

[Sun Jul 19 14:31:16 2020]
rule run_susier:
    input: /u/home/j/jzou1115/project-zarlab/CFW/Finemapping_Analysis_decorrelated/input/basal.activity.13.8209788_pruned_sorted.z, /u/home/j/jzou1115/project-zarlab/CFW/Finemapping_Analysis_decorrelated/input/basal.activity.13.8209788_pruned_sorted.ld
    output: /u/home/j/jzou1115/project-zarlab/CFW/Finemapping_Analysis_decorrelated/output/basal.activity.13.8209788.RData
    jobid: 163
    wildcards: q=basal.activity.13.8209788

[Sun Jul 19 14:31:17 2020]
Finished job 163.
28 of 46 steps (61%) done

[Sun Jul 19 14:31:17 2020]
rule run_susier:
    input: /u/home/j/jzou1115/project-zarlab/CFW/Finemapping_Analysis_decorrelated/input/tibia.6.148328439_pruned_sorted.z, /u/home/j/jzou1115/project-zarlab/CFW/Finemapping_Analysis_decorrelated/input/tibia.6.148328439_pruned_sorted.ld
    output: /u/home/j/jzou1115/project-zarlab/CFW/Finemapping_Analysis_decorrelated/output/tibia.6.148328439.RData
    jobid: 187
    wildcards: q=tibia.6.148328439

[Sun Jul 19 14:31:18 2020]
Finished job 187.
29 of 46 steps (63%) done

[Sun Jul 19 14:31:18 2020]
rule run_susier:
    input: /u/home/j/jzou1115/project-zarlab/CFW/Finemapping_Analysis_decorrelated/input/activity.end.13.8209788_pruned_sorted.z, /u/home/j/jzou1115/project-zarlab/CFW/Finemapping_Analysis_decorrelated/input/activity.end.13.8209788_pruned_sorted.ld
    output: /u/home/j/jzou1115/project-zarlab/CFW/Finemapping_Analysis_decorrelated/output/activity.end.13.8209788.RData
    jobid: 154
    wildcards: q=activity.end.13.8209788

[Sun Jul 19 14:31:20 2020]
Finished job 154.
30 of 46 steps (65%) done

[Sun Jul 19 14:31:20 2020]
rule run_susier:
    input: /u/home/j/jzou1115/project-zarlab/CFW/Finemapping_Analysis_decorrelated/input/weight.17.34013000_pruned_sorted.z, /u/home/j/jzou1115/project-zarlab/CFW/Finemapping_Analysis_decorrelated/input/weight.17.34013000_pruned_sorted.ld
    output: /u/home/j/jzou1115/project-zarlab/CFW/Finemapping_Analysis_decorrelated/output/weight.17.34013000.RData
    jobid: 192
    wildcards: q=weight.17.34013000

[Sun Jul 19 14:31:21 2020]
Finished job 192.
31 of 46 steps (67%) done

[Sun Jul 19 14:31:21 2020]
rule run_susier:
    input: /u/home/j/jzou1115/project-zarlab/CFW/Finemapping_Analysis_decorrelated/input/tail.length.8.81878779_pruned_sorted.z, /u/home/j/jzou1115/project-zarlab/CFW/Finemapping_Analysis_decorrelated/input/tail.length.8.81878779_pruned_sorted.ld
    output: /u/home/j/jzou1115/project-zarlab/CFW/Finemapping_Analysis_decorrelated/output/tail.length.8.81878779.RData
    jobid: 178
    wildcards: q=tail.length.8.81878779

[Sun Jul 19 14:31:22 2020]
Finished job 178.
32 of 46 steps (70%) done

[Sun Jul 19 14:31:22 2020]
rule run_susier:
    input: /u/home/j/jzou1115/project-zarlab/CFW/Finemapping_Analysis_decorrelated/input/tail.length.8.80905518_pruned_sorted.z, /u/home/j/jzou1115/project-zarlab/CFW/Finemapping_Analysis_decorrelated/input/tail.length.8.80905518_pruned_sorted.ld
    output: /u/home/j/jzou1115/project-zarlab/CFW/Finemapping_Analysis_decorrelated/output/tail.length.8.80905518.RData
    jobid: 177
    wildcards: q=tail.length.8.80905518

[Sun Jul 19 14:31:23 2020]
Finished job 177.
33 of 46 steps (72%) done

[Sun Jul 19 14:31:23 2020]
rule run_susier:
    input: /u/home/j/jzou1115/project-zarlab/CFW/Finemapping_Analysis_decorrelated/input/tibia.15.12517342_pruned_sorted.z, /u/home/j/jzou1115/project-zarlab/CFW/Finemapping_Analysis_decorrelated/input/tibia.15.12517342_pruned_sorted.ld
    output: /u/home/j/jzou1115/project-zarlab/CFW/Finemapping_Analysis_decorrelated/output/tibia.15.12517342.RData
    jobid: 184
    wildcards: q=tibia.15.12517342

[Sun Jul 19 14:31:24 2020]
Finished job 184.
34 of 46 steps (74%) done

[Sun Jul 19 14:31:24 2020]
rule run_susier:
    input: /u/home/j/jzou1115/project-zarlab/CFW/Finemapping_Analysis_decorrelated/input/tibia.6.147721449_pruned_sorted.z, /u/home/j/jzou1115/project-zarlab/CFW/Finemapping_Analysis_decorrelated/input/tibia.6.147721449_pruned_sorted.ld
    output: /u/home/j/jzou1115/project-zarlab/CFW/Finemapping_Analysis_decorrelated/output/tibia.6.147721449.RData
    jobid: 186
    wildcards: q=tibia.6.147721449

[Sun Jul 19 14:31:25 2020]
Finished job 186.
35 of 46 steps (76%) done

[Sun Jul 19 14:31:25 2020]
rule run_susier:
    input: /u/home/j/jzou1115/project-zarlab/CFW/Finemapping_Analysis_decorrelated/input/EDL.2.155780222_pruned_sorted.z, /u/home/j/jzou1115/project-zarlab/CFW/Finemapping_Analysis_decorrelated/input/EDL.2.155780222_pruned_sorted.ld
    output: /u/home/j/jzou1115/project-zarlab/CFW/Finemapping_Analysis_decorrelated/output/EDL.2.155780222.RData
    jobid: 148
    wildcards: q=EDL.2.155780222

[Sun Jul 19 14:31:26 2020]
Finished job 148.
36 of 46 steps (78%) done

[Sun Jul 19 14:31:26 2020]
rule run_susier:
    input: /u/home/j/jzou1115/project-zarlab/CFW/Finemapping_Analysis_decorrelated/input/activity.middle.13.8209788_pruned_sorted.z, /u/home/j/jzou1115/project-zarlab/CFW/Finemapping_Analysis_decorrelated/input/activity.middle.13.8209788_pruned_sorted.ld
    output: /u/home/j/jzou1115/project-zarlab/CFW/Finemapping_Analysis_decorrelated/output/activity.middle.13.8209788.RData
    jobid: 156
    wildcards: q=activity.middle.13.8209788

[Sun Jul 19 14:31:27 2020]
Finished job 156.
37 of 46 steps (80%) done

[Sun Jul 19 14:31:27 2020]
rule run_susier:
    input: /u/home/j/jzou1115/project-zarlab/CFW/Finemapping_Analysis_decorrelated/input/activity.total.13.8144012_pruned_sorted.z, /u/home/j/jzou1115/project-zarlab/CFW/Finemapping_Analysis_decorrelated/input/activity.total.13.8144012_pruned_sorted.ld
    output: /u/home/j/jzou1115/project-zarlab/CFW/Finemapping_Analysis_decorrelated/output/activity.total.13.8144012.RData
    jobid: 159
    wildcards: q=activity.total.13.8144012

[Sun Jul 19 14:31:28 2020]
Finished job 159.
38 of 46 steps (83%) done

[Sun Jul 19 14:31:28 2020]
rule run_susier:
    input: /u/home/j/jzou1115/project-zarlab/CFW/Finemapping_Analysis_decorrelated/input/tibia.12.91175287_pruned_sorted.z, /u/home/j/jzou1115/project-zarlab/CFW/Finemapping_Analysis_decorrelated/input/tibia.12.91175287_pruned_sorted.ld
    output: /u/home/j/jzou1115/project-zarlab/CFW/Finemapping_Analysis_decorrelated/output/tibia.12.91175287.RData
    jobid: 181
    wildcards: q=tibia.12.91175287

[Sun Jul 19 14:31:29 2020]
Finished job 181.
39 of 46 steps (85%) done

[Sun Jul 19 14:31:29 2020]
rule run_susier:
    input: /u/home/j/jzou1115/project-zarlab/CFW/Finemapping_Analysis_decorrelated/input/soleus.13.114802392_pruned_sorted.z, /u/home/j/jzou1115/project-zarlab/CFW/Finemapping_Analysis_decorrelated/input/soleus.13.114802392_pruned_sorted.ld
    output: /u/home/j/jzou1115/project-zarlab/CFW/Finemapping_Analysis_decorrelated/output/soleus.13.114802392.RData
    jobid: 176
    wildcards: q=soleus.13.114802392

[Sun Jul 19 14:31:30 2020]
Finished job 176.
40 of 46 steps (87%) done

[Sun Jul 19 14:31:30 2020]
rule run_susier:
    input: /u/home/j/jzou1115/project-zarlab/CFW/Finemapping_Analysis_decorrelated/input/activity.begin.13.8153523_pruned_sorted.z, /u/home/j/jzou1115/project-zarlab/CFW/Finemapping_Analysis_decorrelated/input/activity.begin.13.8153523_pruned_sorted.ld
    output: /u/home/j/jzou1115/project-zarlab/CFW/Finemapping_Analysis_decorrelated/output/activity.begin.13.8153523.RData
    jobid: 152
    wildcards: q=activity.begin.13.8153523

[Sun Jul 19 14:31:31 2020]
Finished job 152.
41 of 46 steps (89%) done

[Sun Jul 19 14:31:31 2020]
rule run_susier:
    input: /u/home/j/jzou1115/project-zarlab/CFW/Finemapping_Analysis_decorrelated/input/EDL.2.77669072_pruned_sorted.z, /u/home/j/jzou1115/project-zarlab/CFW/Finemapping_Analysis_decorrelated/input/EDL.2.77669072_pruned_sorted.ld
    output: /u/home/j/jzou1115/project-zarlab/CFW/Finemapping_Analysis_decorrelated/output/EDL.2.77669072.RData
    jobid: 149
    wildcards: q=EDL.2.77669072

[Sun Jul 19 14:31:32 2020]
Finished job 149.
42 of 46 steps (91%) done

[Sun Jul 19 14:31:32 2020]
rule run_susier:
    input: /u/home/j/jzou1115/project-zarlab/CFW/Finemapping_Analysis_decorrelated/input/tibia.11.96952835_pruned_sorted.z, /u/home/j/jzou1115/project-zarlab/CFW/Finemapping_Analysis_decorrelated/input/tibia.11.96952835_pruned_sorted.ld
    output: /u/home/j/jzou1115/project-zarlab/CFW/Finemapping_Analysis_decorrelated/output/tibia.11.96952835.RData
    jobid: 179
    wildcards: q=tibia.11.96952835

[Sun Jul 19 14:31:33 2020]
Finished job 179.
43 of 46 steps (93%) done

[Sun Jul 19 14:31:33 2020]
rule run_susier:
    input: /u/home/j/jzou1115/project-zarlab/CFW/Finemapping_Analysis_decorrelated/input/EDL.12.83885241_pruned_sorted.z, /u/home/j/jzou1115/project-zarlab/CFW/Finemapping_Analysis_decorrelated/input/EDL.12.83885241_pruned_sorted.ld
    output: /u/home/j/jzou1115/project-zarlab/CFW/Finemapping_Analysis_decorrelated/output/EDL.12.83885241.RData
    jobid: 147
    wildcards: q=EDL.12.83885241

[Sun Jul 19 14:31:34 2020]
Error in rule run_susier:
    jobid: 147
    output: /u/home/j/jzou1115/project-zarlab/CFW/Finemapping_Analysis_decorrelated/output/EDL.12.83885241.RData

RuleException:
CalledProcessError in line 142 of /u/project/zarlab/jzou1115/CFW/MegaAnalysis_CFW_Code/confidence_interval_pipeline/Snakefile:
Command 'set -euo pipefail;  Rscript --vanilla /u/project/zarlab/jzou1115/CFW/MegaAnalysis_CFW_Code/confidence_interval_pipeline/.snakemake/scripts/tmpxkz3tbpv.run_susier.R' returned non-zero exit status 1.
  File "/u/project/zarlab/jzou1115/CFW/MegaAnalysis_CFW_Code/confidence_interval_pipeline/Snakefile", line 142, in __rule_run_susier
  File "/u/home/j/jzou1115/project-ernst/software/anaconda3/lib/python3.7/concurrent/futures/thread.py", line 57, in run
Shutting down, this might take some time.
Exiting because a job execution failed. Look above for error message
Complete log: /u/project/zarlab/jzou1115/CFW/MegaAnalysis_CFW_Code/confidence_interval_pipeline/.snakemake/log/2020-07-19T143002.223273.snakemake.log
