Building DAG of jobs...
MissingInputException in line 27 of /u/project/zarlab/jzou1115/CFW/MegaAnalysis_CFW_Code/confidence_interval_pipeline_pruned/Snakefile:
Missing input files for rule all:
/u/home/j/jzou1115/project-zarlab/CFW/confidence_interval_pipeline_out_pruned/scans/bmd.a.12.permute.RData
/u/home/j/jzou1115/project-zarlab/CFW/confidence_interval_pipeline_out_pruned/scans/fc.cue.corr.6.permute.RData
/u/home/j/jzou1115/project-zarlab/CFW/confidence_interval_pipeline_out_pruned/scans/fc.baseline.15.permute.RData
/u/home/j/jzou1115/project-zarlab/CFW/confidence_interval_pipeline_out_pruned/scans/tibia.15.permute.RData
/u/home/j/jzou1115/project-zarlab/CFW/confidence_interval_pipeline_out_pruned/scans/tail.length.7.permute.RData
/u/home/j/jzou1115/project-zarlab/CFW/confidence_interval_pipeline_out_pruned/scans/pp6.ppi.2.permute.RData
/u/home/j/jzou1115/project-zarlab/CFW/confidence_interval_pipeline_out_pruned/scans/startle.7.permute.RData
/u/home/j/jzou1115/project-zarlab/CFW/confidence_interval_pipeline_out_pruned/scans/EDL.13.permute.RData
/u/home/j/jzou1115/project-zarlab/CFW/confidence_interval_pipeline_out_pruned/scans/fc.uncond.freeze.corr.13.permute.RData
/u/home/j/jzou1115/project-zarlab/CFW/confidence_interval_pipeline_out_pruned/scans/fc.cue.corr.17.permute.RData
/u/home/j/jzou1115/project-zarlab/CFW/confidence_interval_pipeline_out_pruned/scans/pp6.ppi.14.permute.RData
/u/home/j/jzou1115/project-zarlab/CFW/confidence_interval_pipeline_out_pruned/scans/pp6.ppi.10.permute.RData
/u/home/j/jzou1115/project-zarlab/CFW/confidence_interval_pipeline_out_pruned/scans/decay.activity.9.permute.RData
/u/home/j/jzou1115/project-zarlab/CFW/confidence_interval_pipeline_out_pruned/scans/fc.cue.corr.11.permute.RData
/u/home/j/jzou1115/project-zarlab/CFW/confidence_interval_pipeline_out_pruned/scans/fc.uncond.freeze.19.permute.RData
/u/home/j/jzou1115/project-zarlab/CFW/confidence_interval_pipeline_out_pruned/scans/bmd.a.8.permute.RData
/u/home/j/jzou1115/project-zarlab/CFW/confidence_interval_pipeline_out_pruned/scans/soleus.18.permute.RData
/u/home/j/jzou1115/project-zarlab/CFW/confidence_interval_pipeline_out_pruned/scans/TA.3.permute.RData
/u/home/j/jzou1115/project-zarlab/CFW/confidence_interval_pipeline_out_pruned/scans/fc.cue.corr.8.permute.RData
/u/home/j/jzou1115/project-zarlab/CFW/confidence_interval_pipeline_out_pruned/scans/fc.baseline.3.permute.RData
/u/home/j/jzou1115/project-zarlab/CFW/confidence_interval_pipeline_out_pruned/scans/tibia.8.permute.RData
/u/home/j/jzou1115/project-zarlab/CFW/confidence_interval_pipeline_out_pruned/scans/fc.uncond.freeze.corr.6.permute.RData
/u/home/j/jzou1115/project-zarlab/CFW/confidence_interval_pipeline_out_pruned/scans/fc.context.12.permute.RData
/u/home/j/jzou1115/project-zarlab/CFW/confidence_interval_pipeline_out_pruned/scans/activity.total.17.permute.RData
/u/home/j/jzou1115/project-zarlab/CFW/confidence_interval_pipeline_out_pruned/scans/bmd.n.14.permute.RData
/u/home/j/jzou1115/project-zarlab/CFW/confidence_interval_pipeline_out_pruned/scans/activity.begin.1.permute.RData
/u/home/j/jzou1115/project-zarlab/CFW/confidence_interval_pipeline_out_pruned/scans/TA.12.permute.RData
/u/home/j/jzou1115/project-zarlab/CFW/confidence_interval_pipeline_out_pruned/scans/gastroc.13.permute.RData
/u/home/j/jzou1115/project-zarlab/CFW/confidence_interval_pipeline_out_pruned/scans/basal.activity.8.permute.RData
/u/home/j/jzou1115/project-zarlab/CFW/confidence_interval_pipeline_out_pruned/scans/activity.end.12.permute.RData
/u/home/j/jzou1115/project-zarlab/CFW/confidence_interval_pipeline_out_pruned/scans/fc.context.15.permute.RData
/u/home/j/jzou1115/project-zarlab/CFW/confidence_interval_pipeline_out_pruned/scans/basal.activity.15.permute.RData
/u/home/j/jzou1115/project-zarlab/CFW/confidence_interval_pipeline_out_pruned/scans/activity.total.19.permute.RData
/u/home/j/jzou1115/project-zarlab/CFW/confidence_interval_pipeline_out_pruned/scans/fc.uncond.freeze.corr.12.permute.RData
/u/home/j/jzou1115/project-zarlab/CFW/confidence_interval_pipeline_out_pruned/scans/EDL.16.permute.RData
/u/home/j/jzou1115/project-zarlab/CFW/confidence_interval_pipeline_out_pruned/scans/tibia.14.permute.RData
/u/home/j/jzou1115/project-zarlab/CFW/confidence_interval_pipeline_out_pruned/scans/activity.begin.13.permute.RData
/u/home/j/jzou1115/project-zarlab/CFW/confidence_interval_pipeline_out_pruned/scans/gastroc.16.permute.RData
/u/home/j/jzou1115/project-zarlab/CFW/confidence_interval_pipeline_out_pruned/scans/plantaris.3.permute.RData
/u/home/j/jzou1115/project-zarlab/CFW/confidence_interval_pipeline_out_pruned/scans/pp12.ppi.15.permute.RData
/u/home/j/jzou1115/project-zarlab/CFW/confidence_interval_pipeline_out_pruned/scans/bmd.2.permute.RData
/u/home/j/jzou1115/project-zarlab/CFW/confidence_interval_pipeline_out_pruned/scans/startle.19.permute.RData
/u/home/j/jzou1115/project-zarlab/CFW/confidence_interval_pipeline_out_pruned/scans/bmd.7.permute.RData
/u/home/j/jzou1115/project-zarlab/CFW/confidence_interval_pipeline_out_pruned/scans/activity.end.4.permute.RData
/u/home/j/jzou1115/project-zarlab/CFW/confidence_interval_pipeline_out_pruned/scans/activity.middle.12.permute.RData
/u/home/j/jzou1115/project-zarlab/CFW/confidence_interval_pipeline_out_pruned/scans/activity.begin.5.permute.RData
/u/home/j/jzou1115/project-zarlab/CFW/confidence_interval_pipeline_out_pruned/scans/soleus.5.permute.RData
/u/home/j/jzou1115/project-zarlab/CFW/confidence_interval_pipeline_out_pruned/scans/fc.cue.corr.12.permute.RData
/u/home/j/jzou1115/project-zarlab/CFW/confidence_interval_pipeline_out_pruned/scans/fc.cue.9.permute.RData
/u/home/j/jzou1115/project-zarlab/CFW/confidence_interval_pipeline_out_pruned/scans/pp12.ppi.4.permute.RData
/u/home/j/jzou1115/project-zarlab/CFW/confidence_interval_pipeline_out_pruned/scans/fc.cue.4.permute.RData
/u/home/j/jzou1115/project-zarlab/CFW/confidence_interval_pipeline_out_pruned/scans/EDL.14.permute.RData
/u/home/j/jzou1115/project-zarlab/CFW/confidence_interval_pipeline_out_pruned/scans/weight.bmi.tibia.4.permute.RData
/u/home/j/jzou1115/project-zarlab/CFW/confidence_interval_pipeline_out_pruned/scans/bmd.n.10.permute.RData
/u/home/j/jzou1115/project-zarlab/CFW/confidence_interval_pipeline_out_pruned/scans/fc.uncond.freeze.12.permute.RData
/u/home/j/jzou1115/project-zarlab/CFW/confidence_interval_pipeline_out_pruned/scans/fc.context.4.permute.RData
/u/home/j/jzou1115/project-zarlab/CFW/confidence_interval_pipeline_out_pruned/scans/fc.cue.baseline.7.permute.RData
/u/home/j/jzou1115/project-zarlab/CFW/confidence_interval_pipeline_out_pruned/scans/pp12.ppi.18.permute.RData
/u/home/j/jzou1115/project-zarlab/CFW/confidence_interval_pipeline_out_pruned/scans/decay.activity.6.permute.RData
/u/home/j/jzou1115/project-zarlab/CFW/confidence_interval_pipeline_out_pruned/scans/activity.begin.3.permute.RData
/u/home/j/jzou1115/project-zarlab/CFW/confidence_interval_pipeline_out_pruned/scans/plantaris.2.permute.RData
/u/home/j/jzou1115/project-zarlab/CFW/confidence_interval_pipeline_out_pruned/scans/pp6.ppi.3.permute.RData
/u/home/j/jzou1115/project-zarlab/CFW/confidence_interval_pipeline_out_pruned/scans/plantaris.18.permute.RData
/u/home/j/jzou1115/project-zarlab/CFW/confidence_interval_pipeline_out_pruned/scans/activity.middle.13.permute.RData
/u/home/j/jzou1115/project-zarlab/CFW/confidence_interval_pipeline_out_pruned/scans/activity.total.5.permute.RData
/u/home/j/jzou1115/project-zarlab/CFW/confidence_interval_pipeline_out_pruned/scans/decay.activity.8.permute.RData
/u/home/j/jzou1115/project-zarlab/CFW/confidence_interval_pipeline_out_pruned/scans/bmd.a.6.permute.RData
/u/home/j/jzou1115/project-zarlab/CFW/confidence_interval_pipeline_out_pruned/scans/activity30.16.permute.RData
/u/home/j/jzou1115/project-zarlab/CFW/confidence_interval_pipeline_out_pruned/scans/activity.end.2.permute.RData
/u/home/j/jzou1115/project-zarlab/CFW/confidence_interval_pipeline_out_pruned/scans/bmd.a.16.permute.RData
/u/home/j/jzou1115/project-zarlab/CFW/confidence_interval_pipeline_out_pruned/scans/activity.total.2.permute.RData
/u/home/j/jzou1115/project-zarlab/CFW/confidence_interval_pipeline_out_pruned/scans/fc.uncond.freeze.17.permute.RData
/u/home/j/jzou1115/project-zarlab/CFW/confidence_interval_pipeline_out_pruned/scans/bmd.a.7.permute.RData
/u/home/j/jzou1115/project-zarlab/CFW/confidence_interval_pipeline_out_pruned/scans/fc.cue.corr.4.permute.RData
/u/home/j/jzou1115/project-zarlab/CFW/confidence_interval_pipeline_out_pruned/scans/TA.11.permute.RData
/u/home/j/jzou1115/project-zarlab/CFW/confidence_interval_pipeline_out_pruned/scans/fc.cue.baseline.18.permute.RData
/u/home/j/jzou1115/project-zarlab/CFW/confidence_interval_pipeline_out_pruned/scans/glucose.19.permute.RData
/u/home/j/jzou1115/project-zarlab/CFW/confidence_interval_pipeline_out_pruned/scans/fc.context.5.permute.RData
/u/home/j/jzou1115/project-zarlab/CFW/confidence_interval_pipeline_out_pruned/scans/tibia.11.permute.RData
/u/home/j/jzou1115/project-zarlab/CFW/confidence_interval_pipeline_out_pruned/scans/fc.baseline.2.permute.RData
/u/home/j/jzou1115/project-zarlab/CFW/confidence_interval_pipeline_out_pruned/scans/glucose.4.permute.RData
/u/home/j/jzou1115/project-zarlab/CFW/confidence_interval_pipeline_out_pruned/scans/activity30.6.permute.RData
/u/home/j/jzou1115/project-zarlab/CFW/confidence_interval_pipeline_out_pruned/scans/weight.7.permute.RData
/u/home/j/jzou1115/project-zarlab/CFW/confidence_interval_pipeline_out_pruned/scans/decay.activity.4.permute.RData
/u/home/j/jzou1115/project-zarlab/CFW/confidence_interval_pipeline_out_pruned/scans/decay.activity.19.permute.RData
/u/home/j/jzou1115/project-zarlab/CFW/confidence_interval_pipeline_out_pruned/scans/fc.uncond.freeze.9.permute.RData
/u/home/j/jzou1115/project-zarlab/CFW/confidence_interval_pipeline_out_pruned/scans/bmd.n.5.permute.RData
/u/home/j/jzou1115/project-zarlab/CFW/confidence_interval_pipeline_out_pruned/scans/fc.context.17.permute.RData
/u/home/j/jzou1115/project-zarlab/CFW/confidence_interval_pipeline_out_pruned/scans/bmd.n.15.permute.RData
/u/home/j/jzou1115/project-zarlab/CFW/confidence_interval_pipeline_out_pruned/scans/habit.diff.5.permute.RData
/u/home/j/jzou1115/project-zarlab/CFW/confidence_interval_pipeline_out_pruned/scans/weight.bmi.tibia.15.permute.RData
/u/home/j/jzou1115/project-zarlab/CFW/confidence_interval_pipeline_out_pruned/scans/fc.uncond.freeze.corr.3.permute.RData
/u/home/j/jzou1115/project-zarlab/CFW/confidence_interval_pipeline_out_pruned/scans/activity.total.9.permute.RData
/u/home/j/jzou1115/project-zarlab/CFW/confidence_interval_pipeline_out_pruned/scans/weight.6.permute.RData
/u/home/j/jzou1115/project-zarlab/CFW/confidence_interval_pipeline_out_pruned/scans/pp6.ppi.16.permute.RData
/u/home/j/jzou1115/project-zarlab/CFW/confidence_interval_pipeline_out_pruned/scans/pp6.ppi.5.permute.RData
/u/home/j/jzou1115/project-zarlab/CFW/confidence_interval_pipeline_out_pruned/scans/bmd.5.permute.RData
/u/home/j/jzou1115/project-zarlab/CFW/confidence_interval_pipeline_out_pruned/scans/weight.bmi.tibia.14.permute.RData
/u/home/j/jzou1115/project-zarlab/CFW/confidence_interval_pipeline_out_pruned/scans/tail.length.18.permute.RData
/u/home/j/jzou1115/project-zarlab/CFW/confidence_interval_pipeline_out_pruned/scans/bmd.n.2.permute.RData
/u/home/j/jzou1115/project-zarlab/CFW/confidence_interval_pipeline_out_pruned/scans/tibia.1.permute.RData
/u/home/j/jzou1115/project-zarlab/CFW/confidence_interval_pipeline_out_pruned/scans/activity30.14.permute.RData
/u/home/j/jzou1115/project-zarlab/CFW/confidence_interval_pipeline_out_pruned/scans/tail.length.17.permute.RData
/u/home/j/jzou1115/project-zarlab/CFW/confidence_interval_pipeline_out_pruned/scans/TA.2.permute.RData
/u/home/j/jzou1115/project-zarlab/CFW/confidence_interval_pipeline_out_pruned/scans/habit.ratio.13.permute.RData
/u/home/j/jzou1115/project-zarlab/CFW/confidence_interval_pipeline_out_pruned/scans/pp6.ppi.7.permute.RData
/u/home/j/jzou1115/project-zarlab/CFW/confidence_interval_pipeline_out_pruned/scans/bmd.n.4.permute.RData
/u/home/j/jzou1115/project-zarlab/CFW/confidence_interval_pipeline_out_pruned/scans/activity.middle.2.permute.RData
/u/home/j/jzou1115/project-zarlab/CFW/confidence_interval_pipeline_out_pruned/scans/activity.total.6.permute.RData
/u/home/j/jzou1115/project-zarlab/CFW/confidence_interval_pipeline_out_pruned/scans/startle.2.permute.RData
/u/home/j/jzou1115/project-zarlab/CFW/confidence_interval_pipeline_out_pruned/scans/weight.14.permute.RData
/u/home/j/jzou1115/project-zarlab/CFW/confidence_interval_pipeline_out_pruned/scans/fc.context.corr.10.permute.RData
/u/home/j/jzou1115/project-zarlab/CFW/confidence_interval_pipeline_out_pruned/scans/fc.uncond.freeze.corr.17.permute.RData
/u/home/j/jzou1115/project-zarlab/CFW/confidence_interval_pipeline_out_pruned/scans/fc.cue.baseline.8.permute.RData
/u/home/j/jzou1115/project-zarlab/CFW/confidence_interval_pipeline_out_pruned/scans/activity5.13.permute.RData
/u/home/j/jzou1115/project-zarlab/CFW/confidence_interval_pipeline_out_pruned/scans/EDL.19.permute.RData
/u/home/j/jzou1115/project-zarlab/CFW/confidence_interval_pipeline_out_pruned/scans/gastroc.10.permute.RData
/u/home/j/jzou1115/project-zarlab/CFW/confidence_interval_pipeline_out_pruned/scans/fc.cue.corr.16.permute.RData
/u/home/j/jzou1115/project-zarlab/CFW/confidence_interval_pipeline_out_pruned/scans/activity.total.13.permute.RData
/u/home/j/jzou1115/project-zarlab/CFW/confidence_interval_pipeline_out_pruned/scans/fc.cue.baseline.13.permute.RData
/u/home/j/jzou1115/project-zarlab/CFW/confidence_interval_pipeline_out_pruned/scans/startle.10.permute.RData
/u/home/j/jzou1115/project-zarlab/CFW/confidence_interval_pipeline_out_pruned/scans/TA.13.permute.RData
/u/home/j/jzou1115/project-zarlab/CFW/confidence_interval_pipeline_out_pruned/scans/gastroc.4.permute.RData
/u/home/j/jzou1115/project-zarlab/CFW/confidence_interval_pipeline_out_pruned/scans/gastroc.11.permute.RData
/u/home/j/jzou1115/project-zarlab/CFW/confidence_interval_pipeline_out_pruned/scans/gastroc.12.permute.RData
/u/home/j/jzou1115/project-zarlab/CFW/confidence_interval_pipeline_out_pruned/scans/activity.end.5.permute.RData
/u/home/j/jzou1115/project-zarlab/CFW/confidence_interval_pipeline_out_pruned/scans/fc.baseline.7.permute.RData
/u/home/j/jzou1115/project-zarlab/CFW/confidence_interval_pipeline_out_pruned/scans/soleus.17.permute.RData
/u/home/j/jzou1115/project-zarlab/CFW/confidence_interval_pipeline_out_pruned/scans/bmd.n.6.permute.RData
/u/home/j/jzou1115/project-zarlab/CFW/confidence_interval_pipeline_out_pruned/scans/fc.cue.1.permute.RData
/u/home/j/jzou1115/project-zarlab/CFW/confidence_interval_pipeline_out_pruned/scans/activity.middle.3.permute.RData
/u/home/j/jzou1115/project-zarlab/CFW/confidence_interval_pipeline_out_pruned/scans/tail.length.5.permute.RData
/u/home/j/jzou1115/project-zarlab/CFW/confidence_interval_pipeline_out_pruned/scans/tibia.19.permute.RData
/u/home/j/jzou1115/project-zarlab/CFW/confidence_interval_pipeline_out_pruned/scans/tail.length.16.permute.RData
/u/home/j/jzou1115/project-zarlab/CFW/confidence_interval_pipeline_out_pruned/scans/fc.cue.6.permute.RData
/u/home/j/jzou1115/project-zarlab/CFW/confidence_interval_pipeline_out_pruned/scans/fc.cue.2.permute.RData
/u/home/j/jzou1115/project-zarlab/CFW/confidence_interval_pipeline_out_pruned/scans/fc.context.10.permute.RData
/u/home/j/jzou1115/project-zarlab/CFW/confidence_interval_pipeline_out_pruned/scans/fc.baseline.1.permute.RData
/u/home/j/jzou1115/project-zarlab/CFW/confidence_interval_pipeline_out_pruned/scans/fc.context.8.permute.RData
/u/home/j/jzou1115/project-zarlab/CFW/confidence_interval_pipeline_out_pruned/scans/fc.cue.baseline.19.permute.RData
/u/home/j/jzou1115/project-zarlab/CFW/confidence_interval_pipeline_out_pruned/scans/pp12.ppi.19.permute.RData
/u/home/j/jzou1115/project-zarlab/CFW/confidence_interval_pipeline_out_pruned/scans/activity30.9.permute.RData
/u/home/j/jzou1115/project-zarlab/CFW/confidence_interval_pipeline_out_pruned/scans/decay.activity.7.permute.RData
/u/home/j/jzou1115/project-zarlab/CFW/confidence_interval_pipeline_out_pruned/scans/weight.bmi.tibia.2.permute.RData
/u/home/j/jzou1115/project-zarlab/CFW/confidence_interval_pipeline_out_pruned/scans/fc.baseline.17.permute.RData
/u/home/j/jzou1115/project-zarlab/CFW/confidence_interval_pipeline_out_pruned/scans/fc.baseline.19.permute.RData
/u/home/j/jzou1115/project-zarlab/CFW/confidence_interval_pipeline_out_pruned/scans/fc.baseline.18.permute.RData
/u/home/j/jzou1115/project-zarlab/CFW/confidence_interval_pipeline_out_pruned/scans/fc.cue.19.permute.RData
/u/home/j/jzou1115/project-zarlab/CFW/confidence_interval_pipeline_out_pruned/scans/habit.diff.6.permute.RData
/u/home/j/jzou1115/project-zarlab/CFW/confidence_interval_pipeline_out_pruned/scans/activity.begin.18.permute.RData
/u/home/j/jzou1115/project-zarlab/CFW/confidence_interval_pipeline_out_pruned/scans/plantaris.1.permute.RData
/u/home/j/jzou1115/project-zarlab/CFW/confidence_interval_pipeline_out_pruned/scans/fc.context.corr.11.permute.RData
/u/home/j/jzou1115/project-zarlab/CFW/confidence_interval_pipeline_out_pruned/scans/fc.context.corr.4.permute.RData
/u/home/j/jzou1115/project-zarlab/CFW/confidence_interval_pipeline_out_pruned/scans/habit.diff.7.permute.RData
/u/home/j/jzou1115/project-zarlab/CFW/confidence_interval_pipeline_out_pruned/scans/weight.bmi.tibia.13.permute.RData
/u/home/j/jzou1115/project-zarlab/CFW/confidence_interval_pipeline_out_pruned/scans/weight.bmi.tibia.17.permute.RData
/u/home/j/jzou1115/project-zarlab/CFW/confidence_interval_pipeline_out_pruned/scans/habit.diff.3.permute.RData
/u/home/j/jzou1115/project-zarlab/CFW/confidence_interval_pipeline_out_pruned/scans/weight.3.permute.RData
/u/home/j/jzou1115/project-zarlab/CFW/confidence_interval_pipeline_out_pruned/scans/bmd.a.18.permute.RData
/u/home/j/jzou1115/project-zarlab/CFW/confidence_interval_pipeline_out_pruned/scans/activity30.17.permute.RData
/u/home/j/jzou1115/project-zarlab/CFW/confidence_interval_pipeline_out_pruned/scans/glucose.11.permute.RData
/u/home/j/jzou1115/project-zarlab/CFW/confidence_interval_pipeline_out_pruned/scans/decay.activity.17.permute.RData
/u/home/j/jzou1115/project-zarlab/CFW/confidence_interval_pipeline_out_pruned/scans/startle.3.permute.RData
/u/home/j/jzou1115/project-zarlab/CFW/confidence_interval_pipeline_out_pruned/scans/fc.uncond.freeze.8.permute.RData
/u/home/j/jzou1115/project-zarlab/CFW/confidence_interval_pipeline_out_pruned/scans/soleus.3.permute.RData
/u/home/j/jzou1115/project-zarlab/CFW/confidence_interval_pipeline_out_pruned/scans/pp12.ppi.10.permute.RData
/u/home/j/jzou1115/project-zarlab/CFW/confidence_interval_pipeline_out_pruned/scans/activity.total.3.permute.RData
/u/home/j/jzou1115/project-zarlab/CFW/confidence_interval_pipeline_out_pruned/scans/pp12.ppi.7.permute.RData
/u/home/j/jzou1115/project-zarlab/CFW/confidence_interval_pipeline_out_pruned/scans/weight.4.permute.RData
/u/home/j/jzou1115/project-zarlab/CFW/confidence_interval_pipeline_out_pruned/scans/soleus.11.permute.RData
/u/home/j/jzou1115/project-zarlab/CFW/confidence_interval_pipeline_out_pruned/scans/startle.13.permute.RData
/u/home/j/jzou1115/project-zarlab/CFW/confidence_interval_pipeline_out_pruned/scans/activity30.2.permute.RData
/u/home/j/jzou1115/project-zarlab/CFW/confidence_interval_pipeline_out_pruned/scans/soleus.6.permute.RData
/u/home/j/jzou1115/project-zarlab/CFW/confidence_interval_pipeline_out_pruned/scans/activity5.10.permute.RData
/u/home/j/jzou1115/project-zarlab/CFW/confidence_interval_pipeline_out_pruned/scans/pp12.ppi.11.permute.RData
/u/home/j/jzou1115/project-zarlab/CFW/confidence_interval_pipeline_out_pruned/scans/activity.end.1.permute.RData
/u/home/j/jzou1115/project-zarlab/CFW/confidence_interval_pipeline_out_pruned/scans/activity.end.16.permute.RData
/u/home/j/jzou1115/project-zarlab/CFW/confidence_interval_pipeline_out_pruned/scans/fc.uncond.freeze.corr.4.permute.RData
/u/home/j/jzou1115/project-zarlab/CFW/confidence_interval_pipeline_out_pruned/scans/habit.diff.9.permute.RData
/u/home/j/jzou1115/project-zarlab/CFW/confidence_interval_pipeline_out_pruned/scans/EDL.8.permute.RData
/u/home/j/jzou1115/project-zarlab/CFW/confidence_interval_pipeline_out_pruned/scans/tibia.7.permute.RData
/u/home/j/jzou1115/project-zarlab/CFW/confidence_interval_pipeline_out_pruned/scans/activity.middle.14.permute.RData
/u/home/j/jzou1115/project-zarlab/CFW/confidence_interval_pipeline_out_pruned/scans/activity5.19.permute.RData
/u/home/j/jzou1115/project-zarlab/CFW/confidence_interval_pipeline_out_pruned/scans/fc.cue.corr.5.permute.RData
/u/home/j/jzou1115/project-zarlab/CFW/confidence_interval_pipeline_out_pruned/scans/fc.cue.baseline.16.permute.RData
/u/home/j/jzou1115/project-zarlab/CFW/confidence_interval_pipeline_out_pruned/scans/activity5.11.permute.RData
/u/home/j/jzou1115/project-zarlab/CFW/confidence_interval_pipeline_out_pruned/scans/gastroc.18.permute.RData
/u/home/j/jzou1115/project-zarlab/CFW/confidence_interval_pipeline_out_pruned/scans/tibia.13.permute.RData
/u/home/j/jzou1115/project-zarlab/CFW/confidence_interval_pipeline_out_pruned/scans/activity.middle.8.permute.RData
/u/home/j/jzou1115/project-zarlab/CFW/confidence_interval_pipeline_out_pruned/scans/fc.cue.8.permute.RData
/u/home/j/jzou1115/project-zarlab/CFW/confidence_interval_pipeline_out_pruned/scans/plantaris.7.permute.RData
/u/home/j/jzou1115/project-zarlab/CFW/confidence_interval_pipeline_out_pruned/scans/habit.ratio.7.permute.RData
/u/home/j/jzou1115/project-zarlab/CFW/confidence_interval_pipeline_out_pruned/scans/activity.begin.6.permute.RData
/u/home/j/jzou1115/project-zarlab/CFW/confidence_interval_pipeline_out_pruned/scans/habit.ratio.10.permute.RData
/u/home/j/jzou1115/project-zarlab/CFW/confidence_interval_pipeline_out_pruned/scans/habit.diff.10.permute.RData
/u/home/j/jzou1115/project-zarlab/CFW/confidence_interval_pipeline_out_pruned/scans/fc.uncond.freeze.18.permute.RData
/u/home/j/jzou1115/project-zarlab/CFW/confidence_interval_pipeline_out_pruned/scans/pp6.ppi.4.permute.RData
/u/home/j/jzou1115/project-zarlab/CFW/confidence_interval_pipeline_out_pruned/scans/basal.activity.9.permute.RData
/u/home/j/jzou1115/project-zarlab/CFW/confidence_interval_pipeline_out_pruned/scans/fc.cue.3.permute.RData
/u/home/j/jzou1115/project-zarlab/CFW/confidence_interval_pipeline_out_pruned/scans/plantaris.13.permute.RData
/u/home/j/jzou1115/project-zarlab/CFW/confidence_interval_pipeline_out_pruned/scans/activity5.9.permute.RData
/u/home/j/jzou1115/project-zarlab/CFW/confidence_interval_pipeline_out_pruned/scans/tail.length.19.permute.RData
/u/home/j/jzou1115/project-zarlab/CFW/confidence_interval_pipeline_out_pruned/scans/fc.cue.corr.14.permute.RData
/u/home/j/jzou1115/project-zarlab/CFW/confidence_interval_pipeline_out_pruned/scans/habit.diff.15.permute.RData
/u/home/j/jzou1115/project-zarlab/CFW/confidence_interval_pipeline_out_pruned/scans/fc.context.2.permute.RData
/u/home/j/jzou1115/project-zarlab/CFW/confidence_interval_pipeline_out_pruned/scans/fc.baseline.4.permute.RData
/u/home/j/jzou1115/project-zarlab/CFW/confidence_interval_pipeline_out_pruned/scans/weight.bmi.tibia.11.permute.RData
/u/home/j/jzou1115/project-zarlab/CFW/confidence_interval_pipeline_out_pruned/scans/glucose.18.permute.RData
/u/home/j/jzou1115/project-zarlab/CFW/confidence_interval_pipeline_out_pruned/scans/TA.6.permute.RData
/u/home/j/jzou1115/project-zarlab/CFW/confidence_interval_pipeline_out_pruned/scans/bmd.a.13.permute.RData
/u/home/j/jzou1115/project-zarlab/CFW/confidence_interval_pipeline_out_pruned/scans/gastroc.17.permute.RData
/u/home/j/jzou1115/project-zarlab/CFW/confidence_interval_pipeline_out_pruned/scans/basal.activity.18.permute.RData
/u/home/j/jzou1115/project-zarlab/CFW/confidence_interval_pipeline_out_pruned/scans/activity.total.12.permute.RData
/u/home/j/jzou1115/project-zarlab/CFW/confidence_interval_pipeline_out_pruned/scans/startle.15.permute.RData
/u/home/j/jzou1115/project-zarlab/CFW/confidence_interval_pipeline_out_pruned/scans/weight.1.permute.RData
/u/home/j/jzou1115/project-zarlab/CFW/confidence_interval_pipeline_out_pruned/scans/activity5.3.permute.RData
/u/home/j/jzou1115/project-zarlab/CFW/confidence_interval_pipeline_out_pruned/scans/activity30.12.permute.RData
/u/home/j/jzou1115/project-zarlab/CFW/confidence_interval_pipeline_out_pruned/scans/habit.diff.16.permute.RData
/u/home/j/jzou1115/project-zarlab/CFW/confidence_interval_pipeline_out_pruned/scans/activity30.18.permute.RData
/u/home/j/jzou1115/project-zarlab/CFW/confidence_interval_pipeline_out_pruned/scans/activity.middle.4.permute.RData
/u/home/j/jzou1115/project-zarlab/CFW/confidence_interval_pipeline_out_pruned/scans/habit.ratio.11.permute.RData
/u/home/j/jzou1115/project-zarlab/CFW/confidence_interval_pipeline_out_pruned/scans/fc.context.6.permute.RData
/u/home/j/jzou1115/project-zarlab/CFW/confidence_interval_pipeline_out_pruned/scans/decay.activity.1.permute.RData
/u/home/j/jzou1115/project-zarlab/CFW/confidence_interval_pipeline_out_pruned/scans/gastroc.1.permute.RData
/u/home/j/jzou1115/project-zarlab/CFW/confidence_interval_pipeline_out_pruned/scans/activity5.6.permute.RData
/u/home/j/jzou1115/project-zarlab/CFW/confidence_interval_pipeline_out_pruned/scans/fc.uncond.freeze.corr.19.permute.RData
/u/home/j/jzou1115/project-zarlab/CFW/confidence_interval_pipeline_out_pruned/scans/fc.context.corr.16.permute.RData
/u/home/j/jzou1115/project-zarlab/CFW/confidence_interval_pipeline_out_pruned/scans/activity.end.6.permute.RData
/u/home/j/jzou1115/project-zarlab/CFW/confidence_interval_pipeline_out_pruned/scans/startle.17.permute.RData
/u/home/j/jzou1115/project-zarlab/CFW/confidence_interval_pipeline_out_pruned/scans/TA.16.permute.RData
/u/home/j/jzou1115/project-zarlab/CFW/confidence_interval_pipeline_out_pruned/scans/fc.cue.13.permute.RData
/u/home/j/jzou1115/project-zarlab/CFW/confidence_interval_pipeline_out_pruned/scans/basal.activity.5.permute.RData
/u/home/j/jzou1115/project-zarlab/CFW/confidence_interval_pipeline_out_pruned/scans/basal.activity.4.permute.RData
/u/home/j/jzou1115/project-zarlab/CFW/confidence_interval_pipeline_out_pruned/scans/gastroc.8.permute.RData
/u/home/j/jzou1115/project-zarlab/CFW/confidence_interval_pipeline_out_pruned/scans/bmd.19.permute.RData
/u/home/j/jzou1115/project-zarlab/CFW/confidence_interval_pipeline_out_pruned/scans/EDL.1.permute.RData
/u/home/j/jzou1115/project-zarlab/CFW/confidence_interval_pipeline_out_pruned/scans/activity.end.13.permute.RData
/u/home/j/jzou1115/project-zarlab/CFW/confidence_interval_pipeline_out_pruned/scans/fc.baseline.14.permute.RData
/u/home/j/jzou1115/project-zarlab/CFW/confidence_interval_pipeline_out_pruned/scans/fc.cue.baseline.5.permute.RData
/u/home/j/jzou1115/project-zarlab/CFW/confidence_interval_pipeline_out_pruned/scans/weight.bmi.tibia.7.permute.RData
/u/home/j/jzou1115/project-zarlab/CFW/confidence_interval_pipeline_out_pruned/scans/activity.end.10.permute.RData
/u/home/j/jzou1115/project-zarlab/CFW/confidence_interval_pipeline_out_pruned/scans/gastroc.7.permute.RData
/u/home/j/jzou1115/project-zarlab/CFW/confidence_interval_pipeline_out_pruned/scans/fc.context.7.permute.RData
/u/home/j/jzou1115/project-zarlab/CFW/confidence_interval_pipeline_out_pruned/scans/plantaris.17.permute.RData
/u/home/j/jzou1115/project-zarlab/CFW/confidence_interval_pipeline_out_pruned/scans/weight.19.permute.RData
/u/home/j/jzou1115/project-zarlab/CFW/confidence_interval_pipeline_out_pruned/scans/pp12.ppi.13.permute.RData
/u/home/j/jzou1115/project-zarlab/CFW/confidence_interval_pipeline_out_pruned/scans/fc.context.corr.3.permute.RData
/u/home/j/jzou1115/project-zarlab/CFW/confidence_interval_pipeline_out_pruned/scans/EDL.10.permute.RData
/u/home/j/jzou1115/project-zarlab/CFW/confidence_interval_pipeline_out_pruned/scans/tail.length.10.permute.RData
/u/home/j/jzou1115/project-zarlab/CFW/confidence_interval_pipeline_out_pruned/scans/glucose.5.permute.RData
/u/home/j/jzou1115/project-zarlab/CFW/confidence_interval_pipeline_out_pruned/scans/activity5.2.permute.RData
/u/home/j/jzou1115/project-zarlab/CFW/confidence_interval_pipeline_out_pruned/scans/glucose.9.permute.RData
/u/home/j/jzou1115/project-zarlab/CFW/confidence_interval_pipeline_out_pruned/scans/startle.18.permute.RData
/u/home/j/jzou1115/project-zarlab/CFW/confidence_interval_pipeline_out_pruned/scans/activity5.14.permute.RData
/u/home/j/jzou1115/project-zarlab/CFW/confidence_interval_pipeline_out_pruned/scans/weight.bmi.tibia.6.permute.RData
/u/home/j/jzou1115/project-zarlab/CFW/confidence_interval_pipeline_out_pruned/scans/tail.length.3.permute.RData
/u/home/j/jzou1115/project-zarlab/CFW/confidence_interval_pipeline_out_pruned/scans/bmd.15.permute.RData
/u/home/j/jzou1115/project-zarlab/CFW/confidence_interval_pipeline_out_pruned/scans/bmd.n.1.permute.RData
/u/home/j/jzou1115/project-zarlab/CFW/confidence_interval_pipeline_out_pruned/scans/activity.begin.14.permute.RData
/u/home/j/jzou1115/project-zarlab/CFW/confidence_interval_pipeline_out_pruned/scans/TA.15.permute.RData
/u/home/j/jzou1115/project-zarlab/CFW/confidence_interval_pipeline_out_pruned/scans/bmd.1.permute.RData
/u/home/j/jzou1115/project-zarlab/CFW/confidence_interval_pipeline_out_pruned/scans/habit.diff.2.permute.RData
/u/home/j/jzou1115/project-zarlab/CFW/confidence_interval_pipeline_out_pruned/scans/habit.ratio.17.permute.RData
/u/home/j/jzou1115/project-zarlab/CFW/confidence_interval_pipeline_out_pruned/scans/fc.baseline.16.permute.RData
/u/home/j/jzou1115/project-zarlab/CFW/confidence_interval_pipeline_out_pruned/scans/fc.context.corr.14.permute.RData
/u/home/j/jzou1115/project-zarlab/CFW/confidence_interval_pipeline_out_pruned/scans/activity.middle.9.permute.RData
/u/home/j/jzou1115/project-zarlab/CFW/confidence_interval_pipeline_out_pruned/scans/fc.context.corr.8.permute.RData
/u/home/j/jzou1115/project-zarlab/CFW/confidence_interval_pipeline_out_pruned/scans/activity.total.1.permute.RData
/u/home/j/jzou1115/project-zarlab/CFW/confidence_interval_pipeline_out_pruned/scans/fc.baseline.5.permute.RData
/u/home/j/jzou1115/project-zarlab/CFW/confidence_interval_pipeline_out_pruned/scans/tibia.18.permute.RData
/u/home/j/jzou1115/project-zarlab/CFW/confidence_interval_pipeline_out_pruned/scans/pp6.ppi.9.permute.RData
/u/home/j/jzou1115/project-zarlab/CFW/confidence_interval_pipeline_out_pruned/scans/activity.middle.15.permute.RData
/u/home/j/jzou1115/project-zarlab/CFW/confidence_interval_pipeline_out_pruned/scans/bmd.a.2.permute.RData
/u/home/j/jzou1115/project-zarlab/CFW/confidence_interval_pipeline_out_pruned/scans/bmd.n.19.permute.RData
/u/home/j/jzou1115/project-zarlab/CFW/confidence_interval_pipeline_out_pruned/scans/activity30.5.permute.RData
/u/home/j/jzou1115/project-zarlab/CFW/confidence_interval_pipeline_out_pruned/scans/pp12.ppi.17.permute.RData
/u/home/j/jzou1115/project-zarlab/CFW/confidence_interval_pipeline_out_pruned/scans/activity.middle.6.permute.RData
/u/home/j/jzou1115/project-zarlab/CFW/confidence_interval_pipeline_out_pruned/scans/bmd.n.9.permute.RData
/u/home/j/jzou1115/project-zarlab/CFW/confidence_interval_pipeline_out_pruned/scans/startle.9.permute.RData
/u/home/j/jzou1115/project-zarlab/CFW/confidence_interval_pipeline_out_pruned/scans/EDL.12.permute.RData
/u/home/j/jzou1115/project-zarlab/CFW/confidence_interval_pipeline_out_pruned/scans/basal.activity.2.permute.RData
/u/home/j/jzou1115/project-zarlab/CFW/confidence_interval_pipeline_out_pruned/scans/activity.end.7.permute.RData
/u/home/j/jzou1115/project-zarlab/CFW/confidence_interval_pipeline_out_pruned/scans/tail.length.11.permute.RData
/u/home/j/jzou1115/project-zarlab/CFW/confidence_interval_pipeline_out_pruned/scans/tail.length.4.permute.RData
/u/home/j/jzou1115/project-zarlab/CFW/confidence_interval_pipeline_out_pruned/scans/weight.bmi.tibia.5.permute.RData
/u/home/j/jzou1115/project-zarlab/CFW/confidence_interval_pipeline_out_pruned/scans/activity30.15.permute.RData
/u/home/j/jzou1115/project-zarlab/CFW/confidence_interval_pipeline_out_pruned/scans/basal.activity.17.permute.RData
/u/home/j/jzou1115/project-zarlab/CFW/confidence_interval_pipeline_out_pruned/scans/fc.context.corr.2.permute.RData
/u/home/j/jzou1115/project-zarlab/CFW/confidence_interval_pipeline_out_pruned/scans/activity.begin.10.permute.RData
/u/home/j/jzou1115/project-zarlab/CFW/confidence_interval_pipeline_out_pruned/scans/glucose.6.permute.RData
/u/home/j/jzou1115/project-zarlab/CFW/confidence_interval_pipeline_out_pruned/scans/basal.activity.6.permute.RData
/u/home/j/jzou1115/project-zarlab/CFW/confidence_interval_pipeline_out_pruned/scans/activity5.12.permute.RData
/u/home/j/jzou1115/project-zarlab/CFW/confidence_interval_pipeline_out_pruned/scans/TA.8.permute.RData
/u/home/j/jzou1115/project-zarlab/CFW/confidence_interval_pipeline_out_pruned/scans/activity.total.4.permute.RData
/u/home/j/jzou1115/project-zarlab/CFW/confidence_interval_pipeline_out_pruned/scans/tibia.5.permute.RData
/u/home/j/jzou1115/project-zarlab/CFW/confidence_interval_pipeline_out_pruned/scans/fc.uncond.freeze.corr.7.permute.RData
/u/home/j/jzou1115/project-zarlab/CFW/confidence_interval_pipeline_out_pruned/scans/habit.diff.13.permute.RData
/u/home/j/jzou1115/project-zarlab/CFW/confidence_interval_pipeline_out_pruned/scans/basal.activity.3.permute.RData
/u/home/j/jzou1115/project-zarlab/CFW/confidence_interval_pipeline_out_pruned/scans/basal.activity.11.permute.RData
/u/home/j/jzou1115/project-zarlab/CFW/confidence_interval_pipeline_out_pruned/scans/pp6.ppi.17.permute.RData
/u/home/j/jzou1115/project-zarlab/CFW/confidence_interval_pipeline_out_pruned/scans/weight.bmi.tibia.16.permute.RData
/u/home/j/jzou1115/project-zarlab/CFW/confidence_interval_pipeline_out_pruned/scans/habit.ratio.12.permute.RData
/u/home/j/jzou1115/project-zarlab/CFW/confidence_interval_pipeline_out_pruned/scans/habit.ratio.19.permute.RData
/u/home/j/jzou1115/project-zarlab/CFW/confidence_interval_pipeline_out_pruned/scans/activity.total.14.permute.RData
/u/home/j/jzou1115/project-zarlab/CFW/confidence_interval_pipeline_out_pruned/scans/pp12.ppi.9.permute.RData
/u/home/j/jzou1115/project-zarlab/CFW/confidence_interval_pipeline_out_pruned/scans/glucose.10.permute.RData
/u/home/j/jzou1115/project-zarlab/CFW/confidence_interval_pipeline_out_pruned/scans/TA.10.permute.RData
/u/home/j/jzou1115/project-zarlab/CFW/confidence_interval_pipeline_out_pruned/scans/tail.length.9.permute.RData
/u/home/j/jzou1115/project-zarlab/CFW/confidence_interval_pipeline_out_pruned/scans/plantaris.8.permute.RData
/u/home/j/jzou1115/project-zarlab/CFW/confidence_interval_pipeline_out_pruned/scans/fc.cue.corr.7.permute.RData
/u/home/j/jzou1115/project-zarlab/CFW/confidence_interval_pipeline_out_pruned/scans/activity.total.15.permute.RData
/u/home/j/jzou1115/project-zarlab/CFW/confidence_interval_pipeline_out_pruned/scans/tail.length.12.permute.RData
/u/home/j/jzou1115/project-zarlab/CFW/confidence_interval_pipeline_out_pruned/scans/decay.activity.10.permute.RData
/u/home/j/jzou1115/project-zarlab/CFW/confidence_interval_pipeline_out_pruned/scans/fc.baseline.10.permute.RData
/u/home/j/jzou1115/project-zarlab/CFW/confidence_interval_pipeline_out_pruned/scans/fc.uncond.freeze.corr.9.permute.RData
/u/home/j/jzou1115/project-zarlab/CFW/confidence_interval_pipeline_out_pruned/scans/pp12.ppi.3.permute.RData
/u/home/j/jzou1115/project-zarlab/CFW/confidence_interval_pipeline_out_pruned/scans/glucose.16.permute.RData
/u/home/j/jzou1115/project-zarlab/CFW/confidence_interval_pipeline_out_pruned/scans/fc.context.corr.1.permute.RData
/u/home/j/jzou1115/project-zarlab/CFW/confidence_interval_pipeline_out_pruned/scans/activity.begin.11.permute.RData
/u/home/j/jzou1115/project-zarlab/CFW/confidence_interval_pipeline_out_pruned/scans/gastroc.15.permute.RData
/u/home/j/jzou1115/project-zarlab/CFW/confidence_interval_pipeline_out_pruned/scans/habit.ratio.6.permute.RData
/u/home/j/jzou1115/project-zarlab/CFW/confidence_interval_pipeline_out_pruned/scans/bmd.8.permute.RData
/u/home/j/jzou1115/project-zarlab/CFW/confidence_interval_pipeline_out_pruned/scans/TA.4.permute.RData
/u/home/j/jzou1115/project-zarlab/CFW/confidence_interval_pipeline_out_pruned/scans/EDL.15.permute.RData
/u/home/j/jzou1115/project-zarlab/CFW/confidence_interval_pipeline_out_pruned/scans/fc.context.18.permute.RData
/u/home/j/jzou1115/project-zarlab/CFW/confidence_interval_pipeline_out_pruned/scans/glucose.2.permute.RData
/u/home/j/jzou1115/project-zarlab/CFW/confidence_interval_pipeline_out_pruned/scans/activity.end.11.permute.RData
/u/home/j/jzou1115/project-zarlab/CFW/confidence_interval_pipeline_out_pruned/scans/fc.cue.corr.1.permute.RData
/u/home/j/jzou1115/project-zarlab/CFW/confidence_interval_pipeline_out_pruned/scans/habit.diff.12.permute.RData
/u/home/j/jzou1115/project-zarlab/CFW/confidence_interval_pipeline_out_pruned/scans/habit.ratio.14.permute.RData
/u/home/j/jzou1115/project-zarlab/CFW/confidence_interval_pipeline_out_pruned/scans/TA.14.permute.RData
/u/home/j/jzou1115/project-zarlab/CFW/confidence_interval_pipeline_out_pruned/scans/startle.12.permute.RData
/u/home/j/jzou1115/project-zarlab/CFW/confidence_interval_pipeline_out_pruned/scans/decay.activity.12.permute.RData
/u/home/j/jzou1115/project-zarlab/CFW/confidence_interval_pipeline_out_pruned/scans/fc.uncond.freeze.corr.8.permute.RData
/u/home/j/jzou1115/project-zarlab/CFW/confidence_interval_pipeline_out_pruned/scans/activity.middle.7.permute.RData
/u/home/j/jzou1115/project-zarlab/CFW/confidence_interval_pipeline_out_pruned/scans/TA.19.permute.RData
/u/home/j/jzou1115/project-zarlab/CFW/confidence_interval_pipeline_out_pruned/scans/activity.begin.19.permute.RData
/u/home/j/jzou1115/project-zarlab/CFW/confidence_interval_pipeline_out_pruned/scans/EDL.5.permute.RData
/u/home/j/jzou1115/project-zarlab/CFW/confidence_interval_pipeline_out_pruned/scans/bmd.n.11.permute.RData
/u/home/j/jzou1115/project-zarlab/CFW/confidence_interval_pipeline_out_pruned/scans/soleus.9.permute.RData
/u/home/j/jzou1115/project-zarlab/CFW/confidence_interval_pipeline_out_pruned/scans/activity.begin.2.permute.RData
/u/home/j/jzou1115/project-zarlab/CFW/confidence_interval_pipeline_out_pruned/scans/habit.diff.14.permute.RData
/u/home/j/jzou1115/project-zarlab/CFW/confidence_interval_pipeline_out_pruned/scans/activity30.3.permute.RData
/u/home/j/jzou1115/project-zarlab/CFW/confidence_interval_pipeline_out_pruned/scans/pp12.ppi.16.permute.RData
/u/home/j/jzou1115/project-zarlab/CFW/confidence_interval_pipeline_out_pruned/scans/fc.uncond.freeze.corr.14.permute.RData
/u/home/j/jzou1115/project-zarlab/CFW/confidence_interval_pipeline_out_pruned/scans/glucose.3.permute.RData
/u/home/j/jzou1115/project-zarlab/CFW/confidence_interval_pipeline_out_pruned/scans/fc.uncond.freeze.14.permute.RData
/u/home/j/jzou1115/project-zarlab/CFW/confidence_interval_pipeline_out_pruned/scans/pp6.ppi.18.permute.RData
/u/home/j/jzou1115/project-zarlab/CFW/confidence_interval_pipeline_out_pruned/scans/decay.activity.3.permute.RData
/u/home/j/jzou1115/project-zarlab/CFW/confidence_interval_pipeline_out_pruned/scans/fc.cue.corr.3.permute.RData
/u/home/j/jzou1115/project-zarlab/CFW/confidence_interval_pipeline_out_pruned/scans/glucose.15.permute.RData
/u/home/j/jzou1115/project-zarlab/CFW/confidence_interval_pipeline_out_pruned/scans/activity.begin.4.permute.RData
/u/home/j/jzou1115/project-zarlab/CFW/confidence_interval_pipeline_out_pruned/scans/fc.uncond.freeze.corr.1.permute.RData
/u/home/j/jzou1115/project-zarlab/CFW/confidence_interval_pipeline_out_pruned/scans/weight.bmi.tibia.19.permute.RData
/u/home/j/jzou1115/project-zarlab/CFW/confidence_interval_pipeline_out_pruned/scans/basal.activity.7.permute.RData
/u/home/j/jzou1115/project-zarlab/CFW/confidence_interval_pipeline_out_pruned/scans/activity.end.15.permute.RData
/u/home/j/jzou1115/project-zarlab/CFW/confidence_interval_pipeline_out_pruned/scans/tibia.2.permute.RData
/u/home/j/jzou1115/project-zarlab/CFW/confidence_interval_pipeline_out_pruned/scans/fc.uncond.freeze.corr.18.permute.RData
/u/home/j/jzou1115/project-zarlab/CFW/confidence_interval_pipeline_out_pruned/scans/fc.context.9.permute.RData
/u/home/j/jzou1115/project-zarlab/CFW/confidence_interval_pipeline_out_pruned/scans/bmd.a.9.permute.RData
/u/home/j/jzou1115/project-zarlab/CFW/confidence_interval_pipeline_out_pruned/scans/activity.end.17.permute.RData
/u/home/j/jzou1115/project-zarlab/CFW/confidence_interval_pipeline_out_pruned/scans/fc.cue.baseline.6.permute.RData
/u/home/j/jzou1115/project-zarlab/CFW/confidence_interval_pipeline_out_pruned/scans/soleus.1.permute.RData
/u/home/j/jzou1115/project-zarlab/CFW/confidence_interval_pipeline_out_pruned/scans/activity.middle.19.permute.RData
/u/home/j/jzou1115/project-zarlab/CFW/confidence_interval_pipeline_out_pruned/scans/EDL.17.permute.RData
/u/home/j/jzou1115/project-zarlab/CFW/confidence_interval_pipeline_out_pruned/scans/bmd.a.17.permute.RData
/u/home/j/jzou1115/project-zarlab/CFW/confidence_interval_pipeline_out_pruned/scans/fc.cue.baseline.15.permute.RData
/u/home/j/jzou1115/project-zarlab/CFW/confidence_interval_pipeline_out_pruned/scans/pp6.ppi.12.permute.RData
/u/home/j/jzou1115/project-zarlab/CFW/confidence_interval_pipeline_out_pruned/scans/fc.cue.baseline.1.permute.RData
/u/home/j/jzou1115/project-zarlab/CFW/confidence_interval_pipeline_out_pruned/scans/bmd.n.3.permute.RData
/u/home/j/jzou1115/project-zarlab/CFW/confidence_interval_pipeline_out_pruned/scans/gastroc.3.permute.RData
/u/home/j/jzou1115/project-zarlab/CFW/confidence_interval_pipeline_out_pruned/scans/soleus.15.permute.RData
/u/home/j/jzou1115/project-zarlab/CFW/confidence_interval_pipeline_out_pruned/scans/fc.cue.baseline.12.permute.RData
/u/home/j/jzou1115/project-zarlab/CFW/confidence_interval_pipeline_out_pruned/scans/weight.2.permute.RData
/u/home/j/jzou1115/project-zarlab/CFW/confidence_interval_pipeline_out_pruned/scans/fc.cue.baseline.9.permute.RData
/u/home/j/jzou1115/project-zarlab/CFW/confidence_interval_pipeline_out_pruned/scans/habit.ratio.8.permute.RData
/u/home/j/jzou1115/project-zarlab/CFW/confidence_interval_pipeline_out_pruned/scans/bmd.n.13.permute.RData
/u/home/j/jzou1115/project-zarlab/CFW/confidence_interval_pipeline_out_pruned/scans/activity.total.8.permute.RData
/u/home/j/jzou1115/project-zarlab/CFW/confidence_interval_pipeline_out_pruned/scans/habit.diff.8.permute.RData
/u/home/j/jzou1115/project-zarlab/CFW/confidence_interval_pipeline_out_pruned/scans/fc.context.corr.12.permute.RData
/u/home/j/jzou1115/project-zarlab/CFW/confidence_interval_pipeline_out_pruned/scans/plantaris.4.permute.RData
/u/home/j/jzou1115/project-zarlab/CFW/confidence_interval_pipeline_out_pruned/scans/bmd.3.permute.RData
/u/home/j/jzou1115/project-zarlab/CFW/confidence_interval_pipeline_out_pruned/scans/activity5.7.permute.RData
/u/home/j/jzou1115/project-zarlab/CFW/confidence_interval_pipeline_out_pruned/scans/habit.ratio.3.permute.RData
/u/home/j/jzou1115/project-zarlab/CFW/confidence_interval_pipeline_out_pruned/scans/fc.cue.corr.13.permute.RData
/u/home/j/jzou1115/project-zarlab/CFW/confidence_interval_pipeline_out_pruned/scans/decay.activity.5.permute.RData
/u/home/j/jzou1115/project-zarlab/CFW/confidence_interval_pipeline_out_pruned/scans/startle.6.permute.RData
/u/home/j/jzou1115/project-zarlab/CFW/confidence_interval_pipeline_out_pruned/scans/bmd.16.permute.RData
/u/home/j/jzou1115/project-zarlab/CFW/confidence_interval_pipeline_out_pruned/scans/tail.length.2.permute.RData
/u/home/j/jzou1115/project-zarlab/CFW/confidence_interval_pipeline_out_pruned/scans/EDL.3.permute.RData
/u/home/j/jzou1115/project-zarlab/CFW/confidence_interval_pipeline_out_pruned/scans/habit.ratio.4.permute.RData
/u/home/j/jzou1115/project-zarlab/CFW/confidence_interval_pipeline_out_pruned/scans/fc.context.19.permute.RData
/u/home/j/jzou1115/project-zarlab/CFW/confidence_interval_pipeline_out_pruned/scans/weight.9.permute.RData
/u/home/j/jzou1115/project-zarlab/CFW/confidence_interval_pipeline_out_pruned/scans/fc.cue.baseline.2.permute.RData
/u/home/j/jzou1115/project-zarlab/CFW/confidence_interval_pipeline_out_pruned/scans/activity.begin.9.permute.RData
/u/home/j/jzou1115/project-zarlab/CFW/confidence_interval_pipeline_out_pruned/scans/pp6.ppi.6.permute.RData
/u/home/j/jzou1115/project-zarlab/CFW/confidence_interval_pipeline_out_pruned/scans/gastroc.19.permute.RData
/u/home/j/jzou1115/project-zarlab/CFW/confidence_interval_pipeline_out_pruned/scans/activity.middle.10.permute.RData
/u/home/j/jzou1115/project-zarlab/CFW/confidence_interval_pipeline_out_pruned/scans/plantaris.16.permute.RData
/u/home/j/jzou1115/project-zarlab/CFW/confidence_interval_pipeline_out_pruned/scans/bmd.a.3.permute.RData
/u/home/j/jzou1115/project-zarlab/CFW/confidence_interval_pipeline_out_pruned/scans/activity5.5.permute.RData
/u/home/j/jzou1115/project-zarlab/CFW/confidence_interval_pipeline_out_pruned/scans/fc.cue.7.permute.RData
/u/home/j/jzou1115/project-zarlab/CFW/confidence_interval_pipeline_out_pruned/scans/fc.context.corr.6.permute.RData
/u/home/j/jzou1115/project-zarlab/CFW/confidence_interval_pipeline_out_pruned/scans/startle.5.permute.RData
/u/home/j/jzou1115/project-zarlab/CFW/confidence_interval_pipeline_out_pruned/scans/fc.uncond.freeze.6.permute.RData
/u/home/j/jzou1115/project-zarlab/CFW/confidence_interval_pipeline_out_pruned/scans/bmd.a.10.permute.RData
/u/home/j/jzou1115/project-zarlab/CFW/confidence_interval_pipeline_out_pruned/scans/fc.cue.corr.2.permute.RData
/u/home/j/jzou1115/project-zarlab/CFW/confidence_interval_pipeline_out_pruned/scans/EDL.7.permute.RData
/u/home/j/jzou1115/project-zarlab/CFW/confidence_interval_pipeline_out_pruned/scans/fc.context.14.permute.RData
/u/home/j/jzou1115/project-zarlab/CFW/confidence_interval_pipeline_out_pruned/scans/fc.cue.17.permute.RData
/u/home/j/jzou1115/project-zarlab/CFW/confidence_interval_pipeline_out_pruned/scans/tibia.12.permute.RData
/u/home/j/jzou1115/project-zarlab/CFW/confidence_interval_pipeline_out_pruned/scans/activity.total.18.permute.RData
/u/home/j/jzou1115/project-zarlab/CFW/confidence_interval_pipeline_out_pruned/scans/bmd.a.4.permute.RData
/u/home/j/jzou1115/project-zarlab/CFW/confidence_interval_pipeline_out_pruned/scans/soleus.10.permute.RData
/u/home/j/jzou1115/project-zarlab/CFW/confidence_interval_pipeline_out_pruned/scans/soleus.8.permute.RData
/u/home/j/jzou1115/project-zarlab/CFW/confidence_interval_pipeline_out_pruned/scans/fc.uncond.freeze.3.permute.RData
/u/home/j/jzou1115/project-zarlab/CFW/confidence_interval_pipeline_out_pruned/scans/activity.middle.5.permute.RData
/u/home/j/jzou1115/project-zarlab/CFW/confidence_interval_pipeline_out_pruned/scans/fc.baseline.8.permute.RData
/u/home/j/jzou1115/project-zarlab/CFW/confidence_interval_pipeline_out_pruned/scans/activity.begin.17.permute.RData
/u/home/j/jzou1115/project-zarlab/CFW/confidence_interval_pipeline_out_pruned/scans/pp12.ppi.6.permute.RData
/u/home/j/jzou1115/project-zarlab/CFW/confidence_interval_pipeline_out_pruned/scans/activity5.17.permute.RData
/u/home/j/jzou1115/project-zarlab/CFW/confidence_interval_pipeline_out_pruned/scans/activity30.1.permute.RData
/u/home/j/jzou1115/project-zarlab/CFW/confidence_interval_pipeline_out_pruned/scans/glucose.8.permute.RData
/u/home/j/jzou1115/project-zarlab/CFW/confidence_interval_pipeline_out_pruned/scans/fc.cue.15.permute.RData
/u/home/j/jzou1115/project-zarlab/CFW/confidence_interval_pipeline_out_pruned/scans/fc.cue.16.permute.RData
/u/home/j/jzou1115/project-zarlab/CFW/confidence_interval_pipeline_out_pruned/scans/tail.length.6.permute.RData
/u/home/j/jzou1115/project-zarlab/CFW/confidence_interval_pipeline_out_pruned/scans/habit.ratio.2.permute.RData
/u/home/j/jzou1115/project-zarlab/CFW/confidence_interval_pipeline_out_pruned/scans/bmd.4.permute.RData
/u/home/j/jzou1115/project-zarlab/CFW/confidence_interval_pipeline_out_pruned/scans/fc.cue.11.permute.RData
/u/home/j/jzou1115/project-zarlab/CFW/confidence_interval_pipeline_out_pruned/scans/weight.18.permute.RData
/u/home/j/jzou1115/project-zarlab/CFW/confidence_interval_pipeline_out_pruned/scans/soleus.12.permute.RData
/u/home/j/jzou1115/project-zarlab/CFW/confidence_interval_pipeline_out_pruned/scans/activity5.16.permute.RData
/u/home/j/jzou1115/project-zarlab/CFW/confidence_interval_pipeline_out_pruned/scans/basal.activity.12.permute.RData
/u/home/j/jzou1115/project-zarlab/CFW/confidence_interval_pipeline_out_pruned/scans/bmd.n.7.permute.RData
/u/home/j/jzou1115/project-zarlab/CFW/confidence_interval_pipeline_out_pruned/scans/activity30.19.permute.RData
/u/home/j/jzou1115/project-zarlab/CFW/confidence_interval_pipeline_out_pruned/scans/pp6.ppi.1.permute.RData
/u/home/j/jzou1115/project-zarlab/CFW/confidence_interval_pipeline_out_pruned/scans/EDL.18.permute.RData
/u/home/j/jzou1115/project-zarlab/CFW/confidence_interval_pipeline_out_pruned/scans/activity.total.16.permute.RData
/u/home/j/jzou1115/project-zarlab/CFW/confidence_interval_pipeline_out_pruned/scans/TA.5.permute.RData
/u/home/j/jzou1115/project-zarlab/CFW/confidence_interval_pipeline_out_pruned/scans/habit.diff.4.permute.RData
/u/home/j/jzou1115/project-zarlab/CFW/confidence_interval_pipeline_out_pruned/scans/activity.begin.15.permute.RData
/u/home/j/jzou1115/project-zarlab/CFW/confidence_interval_pipeline_out_pruned/scans/activity30.10.permute.RData
/u/home/j/jzou1115/project-zarlab/CFW/confidence_interval_pipeline_out_pruned/scans/plantaris.12.permute.RData
/u/home/j/jzou1115/project-zarlab/CFW/confidence_interval_pipeline_out_pruned/scans/fc.baseline.6.permute.RData
/u/home/j/jzou1115/project-zarlab/CFW/confidence_interval_pipeline_out_pruned/scans/bmd.a.1.permute.RData
/u/home/j/jzou1115/project-zarlab/CFW/confidence_interval_pipeline_out_pruned/scans/tibia.6.permute.RData
/u/home/j/jzou1115/project-zarlab/CFW/confidence_interval_pipeline_out_pruned/scans/fc.uncond.freeze.4.permute.RData
/u/home/j/jzou1115/project-zarlab/CFW/confidence_interval_pipeline_out_pruned/scans/startle.14.permute.RData
/u/home/j/jzou1115/project-zarlab/CFW/confidence_interval_pipeline_out_pruned/scans/TA.17.permute.RData
/u/home/j/jzou1115/project-zarlab/CFW/confidence_interval_pipeline_out_pruned/scans/activity.end.9.permute.RData
/u/home/j/jzou1115/project-zarlab/CFW/confidence_interval_pipeline_out_pruned/scans/fc.uncond.freeze.15.permute.RData
/u/home/j/jzou1115/project-zarlab/CFW/confidence_interval_pipeline_out_pruned/scans/tibia.10.permute.RData
/u/home/j/jzou1115/project-zarlab/CFW/confidence_interval_pipeline_out_pruned/scans/TA.1.permute.RData
/u/home/j/jzou1115/project-zarlab/CFW/confidence_interval_pipeline_out_pruned/scans/fc.uncond.freeze.corr.5.permute.RData
/u/home/j/jzou1115/project-zarlab/CFW/confidence_interval_pipeline_out_pruned/scans/activity.end.8.permute.RData
/u/home/j/jzou1115/project-zarlab/CFW/confidence_interval_pipeline_out_pruned/scans/tail.length.8.permute.RData
/u/home/j/jzou1115/project-zarlab/CFW/confidence_interval_pipeline_out_pruned/scans/fc.context.16.permute.RData
/u/home/j/jzou1115/project-zarlab/CFW/confidence_interval_pipeline_out_pruned/scans/startle.11.permute.RData
/u/home/j/jzou1115/project-zarlab/CFW/confidence_interval_pipeline_out_pruned/scans/TA.18.permute.RData
/u/home/j/jzou1115/project-zarlab/CFW/confidence_interval_pipeline_out_pruned/scans/plantaris.14.permute.RData
/u/home/j/jzou1115/project-zarlab/CFW/confidence_interval_pipeline_out_pruned/scans/tail.length.15.permute.RData
/u/home/j/jzou1115/project-zarlab/CFW/confidence_interval_pipeline_out_pruned/scans/activity30.11.permute.RData
/u/home/j/jzou1115/project-zarlab/CFW/confidence_interval_pipeline_out_pruned/scans/weight.bmi.tibia.1.permute.RData
/u/home/j/jzou1115/project-zarlab/CFW/confidence_interval_pipeline_out_pruned/scans/decay.activity.16.permute.RData
/u/home/j/jzou1115/project-zarlab/CFW/confidence_interval_pipeline_out_pruned/scans/basal.activity.19.permute.RData
/u/home/j/jzou1115/project-zarlab/CFW/confidence_interval_pipeline_out_pruned/scans/plantaris.10.permute.RData
/u/home/j/jzou1115/project-zarlab/CFW/confidence_interval_pipeline_out_pruned/scans/activity.begin.12.permute.RData
/u/home/j/jzou1115/project-zarlab/CFW/confidence_interval_pipeline_out_pruned/scans/fc.cue.corr.10.permute.RData
/u/home/j/jzou1115/project-zarlab/CFW/confidence_interval_pipeline_out_pruned/scans/bmd.n.12.permute.RData
/u/home/j/jzou1115/project-zarlab/CFW/confidence_interval_pipeline_out_pruned/scans/fc.context.corr.9.permute.RData
/u/home/j/jzou1115/project-zarlab/CFW/confidence_interval_pipeline_out_pruned/scans/habit.ratio.15.permute.RData
/u/home/j/jzou1115/project-zarlab/CFW/confidence_interval_pipeline_out_pruned/scans/gastroc.5.permute.RData
/u/home/j/jzou1115/project-zarlab/CFW/confidence_interval_pipeline_out_pruned/scans/activity.middle.1.permute.RData
/u/home/j/jzou1115/project-zarlab/CFW/confidence_interval_pipeline_out_pruned/scans/bmd.a.5.permute.RData
/u/home/j/jzou1115/project-zarlab/CFW/confidence_interval_pipeline_out_pruned/scans/habit.diff.11.permute.RData
/u/home/j/jzou1115/project-zarlab/CFW/confidence_interval_pipeline_out_pruned/scans/gastroc.6.permute.RData
/u/home/j/jzou1115/project-zarlab/CFW/confidence_interval_pipeline_out_pruned/scans/bmd.12.permute.RData
/u/home/j/jzou1115/project-zarlab/CFW/confidence_interval_pipeline_out_pruned/scans/pp12.ppi.1.permute.RData
/u/home/j/jzou1115/project-zarlab/CFW/confidence_interval_pipeline_out_pruned/scans/soleus.13.permute.RData
/u/home/j/jzou1115/project-zarlab/CFW/confidence_interval_pipeline_out_pruned/scans/activity.begin.16.permute.RData
/u/home/j/jzou1115/project-zarlab/CFW/confidence_interval_pipeline_out_pruned/scans/fc.cue.corr.19.permute.RData
/u/home/j/jzou1115/project-zarlab/CFW/confidence_interval_pipeline_out_pruned/scans/plantaris.6.permute.RData
/u/home/j/jzou1115/project-zarlab/CFW/confidence_interval_pipeline_out_pruned/scans/tail.length.1.permute.RData
/u/home/j/jzou1115/project-zarlab/CFW/confidence_interval_pipeline_out_pruned/scans/EDL.4.permute.RData
/u/home/j/jzou1115/project-zarlab/CFW/confidence_interval_pipeline_out_pruned/scans/tail.length.13.permute.RData
/u/home/j/jzou1115/project-zarlab/CFW/confidence_interval_pipeline_out_pruned/scans/plantaris.19.permute.RData
/u/home/j/jzou1115/project-zarlab/CFW/confidence_interval_pipeline_out_pruned/scans/habit.ratio.16.permute.RData
/u/home/j/jzou1115/project-zarlab/CFW/confidence_interval_pipeline_out_pruned/scans/activity30.7.permute.RData
/u/home/j/jzou1115/project-zarlab/CFW/confidence_interval_pipeline_out_pruned/scans/EDL.11.permute.RData
/u/home/j/jzou1115/project-zarlab/CFW/confidence_interval_pipeline_out_pruned/scans/bmd.11.permute.RData
/u/home/j/jzou1115/project-zarlab/CFW/confidence_interval_pipeline_out_pruned/scans/plantaris.9.permute.RData
/u/home/j/jzou1115/project-zarlab/CFW/confidence_interval_pipeline_out_pruned/scans/bmd.a.11.permute.RData
/u/home/j/jzou1115/project-zarlab/CFW/confidence_interval_pipeline_out_pruned/scans/fc.cue.12.permute.RData
/u/home/j/jzou1115/project-zarlab/CFW/confidence_interval_pipeline_out_pruned/scans/fc.uncond.freeze.1.permute.RData
/u/home/j/jzou1115/project-zarlab/CFW/confidence_interval_pipeline_out_pruned/scans/glucose.14.permute.RData
/u/home/j/jzou1115/project-zarlab/CFW/confidence_interval_pipeline_out_pruned/scans/fc.baseline.12.permute.RData
/u/home/j/jzou1115/project-zarlab/CFW/confidence_interval_pipeline_out_pruned/scans/fc.context.1.permute.RData
/u/home/j/jzou1115/project-zarlab/CFW/confidence_interval_pipeline_out_pruned/scans/fc.cue.14.permute.RData
/u/home/j/jzou1115/project-zarlab/CFW/confidence_interval_pipeline_out_pruned/scans/startle.16.permute.RData
/u/home/j/jzou1115/project-zarlab/CFW/confidence_interval_pipeline_out_pruned/scans/habit.diff.17.permute.RData
/u/home/j/jzou1115/project-zarlab/CFW/confidence_interval_pipeline_out_pruned/scans/fc.context.corr.5.permute.RData
/u/home/j/jzou1115/project-zarlab/CFW/confidence_interval_pipeline_out_pruned/scans/fc.context.13.permute.RData
/u/home/j/jzou1115/project-zarlab/CFW/confidence_interval_pipeline_out_pruned/scans/weight.bmi.tibia.18.permute.RData
/u/home/j/jzou1115/project-zarlab/CFW/confidence_interval_pipeline_out_pruned/scans/activity.end.3.permute.RData
/u/home/j/jzou1115/project-zarlab/CFW/confidence_interval_pipeline_out_pruned/scans/fc.cue.baseline.11.permute.RData
/u/home/j/jzou1115/project-zarlab/CFW/confidence_interval_pipeline_out_pruned/scans/soleus.7.permute.RData
/u/home/j/jzou1115/project-zarlab/CFW/confidence_interval_pipeline_out_pruned/scans/fc.uncond.freeze.corr.15.permute.RData
/u/home/j/jzou1115/project-zarlab/CFW/confidence_interval_pipeline_out_pruned/scans/bmd.n.16.permute.RData
/u/home/j/jzou1115/project-zarlab/CFW/confidence_interval_pipeline_out_pruned/scans/weight.bmi.tibia.10.permute.RData
/u/home/j/jzou1115/project-zarlab/CFW/confidence_interval_pipeline_out_pruned/scans/activity.end.14.permute.RData
/u/home/j/jzou1115/project-zarlab/CFW/confidence_interval_pipeline_out_pruned/scans/pp12.ppi.5.permute.RData
/u/home/j/jzou1115/project-zarlab/CFW/confidence_interval_pipeline_out_pruned/scans/glucose.13.permute.RData
/u/home/j/jzou1115/project-zarlab/CFW/confidence_interval_pipeline_out_pruned/scans/fc.cue.baseline.14.permute.RData
/u/home/j/jzou1115/project-zarlab/CFW/confidence_interval_pipeline_out_pruned/scans/habit.ratio.5.permute.RData
/u/home/j/jzou1115/project-zarlab/CFW/confidence_interval_pipeline_out_pruned/scans/basal.activity.14.permute.RData
/u/home/j/jzou1115/project-zarlab/CFW/confidence_interval_pipeline_out_pruned/scans/fc.uncond.freeze.7.permute.RData
/u/home/j/jzou1115/project-zarlab/CFW/confidence_interval_pipeline_out_pruned/scans/activity30.4.permute.RData
/u/home/j/jzou1115/project-zarlab/CFW/confidence_interval_pipeline_out_pruned/scans/weight.5.permute.RData
/u/home/j/jzou1115/project-zarlab/CFW/confidence_interval_pipeline_out_pruned/scans/startle.4.permute.RData
/u/home/j/jzou1115/project-zarlab/CFW/confidence_interval_pipeline_out_pruned/scans/fc.uncond.freeze.corr.2.permute.RData
/u/home/j/jzou1115/project-zarlab/CFW/confidence_interval_pipeline_out_pruned/scans/tail.length.14.permute.RData
/u/home/j/jzou1115/project-zarlab/CFW/confidence_interval_pipeline_out_pruned/scans/decay.activity.2.permute.RData
/u/home/j/jzou1115/project-zarlab/CFW/confidence_interval_pipeline_out_pruned/scans/weight.11.permute.RData
/u/home/j/jzou1115/project-zarlab/CFW/confidence_interval_pipeline_out_pruned/scans/pp12.ppi.8.permute.RData
/u/home/j/jzou1115/project-zarlab/CFW/confidence_interval_pipeline_out_pruned/scans/fc.context.corr.17.permute.RData
/u/home/j/jzou1115/project-zarlab/CFW/confidence_interval_pipeline_out_pruned/scans/activity.middle.16.permute.RData
/u/home/j/jzou1115/project-zarlab/CFW/confidence_interval_pipeline_out_pruned/scans/activity30.8.permute.RData
/u/home/j/jzou1115/project-zarlab/CFW/confidence_interval_pipeline_out_pruned/scans/habit.ratio.18.permute.RData
/u/home/j/jzou1115/project-zarlab/CFW/confidence_interval_pipeline_out_pruned/scans/TA.9.permute.RData
/u/home/j/jzou1115/project-zarlab/CFW/confidence_interval_pipeline_out_pruned/scans/fc.baseline.13.permute.RData
/u/home/j/jzou1115/project-zarlab/CFW/confidence_interval_pipeline_out_pruned/scans/fc.cue.baseline.4.permute.RData
/u/home/j/jzou1115/project-zarlab/CFW/confidence_interval_pipeline_out_pruned/scans/pp6.ppi.13.permute.RData
/u/home/j/jzou1115/project-zarlab/CFW/confidence_interval_pipeline_out_pruned/scans/habit.ratio.9.permute.RData
/u/home/j/jzou1115/project-zarlab/CFW/confidence_interval_pipeline_out_pruned/scans/soleus.16.permute.RData
/u/home/j/jzou1115/project-zarlab/CFW/confidence_interval_pipeline_out_pruned/scans/gastroc.14.permute.RData
/u/home/j/jzou1115/project-zarlab/CFW/confidence_interval_pipeline_out_pruned/scans/fc.uncond.freeze.16.permute.RData
/u/home/j/jzou1115/project-zarlab/CFW/confidence_interval_pipeline_out_pruned/scans/EDL.9.permute.RData
/u/home/j/jzou1115/project-zarlab/CFW/confidence_interval_pipeline_out_pruned/scans/activity5.18.permute.RData
/u/home/j/jzou1115/project-zarlab/CFW/confidence_interval_pipeline_out_pruned/scans/weight.8.permute.RData
/u/home/j/jzou1115/project-zarlab/CFW/confidence_interval_pipeline_out_pruned/scans/fc.context.corr.15.permute.RData
/u/home/j/jzou1115/project-zarlab/CFW/confidence_interval_pipeline_out_pruned/scans/bmd.a.19.permute.RData
/u/home/j/jzou1115/project-zarlab/CFW/confidence_interval_pipeline_out_pruned/scans/bmd.n.18.permute.RData
/u/home/j/jzou1115/project-zarlab/CFW/confidence_interval_pipeline_out_pruned/scans/habit.ratio.1.permute.RData
/u/home/j/jzou1115/project-zarlab/CFW/confidence_interval_pipeline_out_pruned/scans/activity.middle.17.permute.RData
/u/home/j/jzou1115/project-zarlab/CFW/confidence_interval_pipeline_out_pruned/scans/bmd.14.permute.RData
/u/home/j/jzou1115/project-zarlab/CFW/confidence_interval_pipeline_out_pruned/scans/fc.uncond.freeze.10.permute.RData
/u/home/j/jzou1115/project-zarlab/CFW/confidence_interval_pipeline_out_pruned/scans/fc.cue.5.permute.RData
/u/home/j/jzou1115/project-zarlab/CFW/confidence_interval_pipeline_out_pruned/scans/activity.end.19.permute.RData
/u/home/j/jzou1115/project-zarlab/CFW/confidence_interval_pipeline_out_pruned/scans/fc.uncond.freeze.5.permute.RData
/u/home/j/jzou1115/project-zarlab/CFW/confidence_interval_pipeline_out_pruned/scans/activity.middle.18.permute.RData
/u/home/j/jzou1115/project-zarlab/CFW/confidence_interval_pipeline_out_pruned/scans/gastroc.2.permute.RData
/u/home/j/jzou1115/project-zarlab/CFW/confidence_interval_pipeline_out_pruned/scans/bmd.n.8.permute.RData
/u/home/j/jzou1115/project-zarlab/CFW/confidence_interval_pipeline_out_pruned/scans/decay.activity.18.permute.RData
/u/home/j/jzou1115/project-zarlab/CFW/confidence_interval_pipeline_out_pruned/scans/pp12.ppi.12.permute.RData
/u/home/j/jzou1115/project-zarlab/CFW/confidence_interval_pipeline_out_pruned/scans/glucose.12.permute.RData
/u/home/j/jzou1115/project-zarlab/CFW/confidence_interval_pipeline_out_pruned/scans/weight.12.permute.RData
/u/home/j/jzou1115/project-zarlab/CFW/confidence_interval_pipeline_out_pruned/scans/fc.context.corr.18.permute.RData
/u/home/j/jzou1115/project-zarlab/CFW/confidence_interval_pipeline_out_pruned/scans/plantaris.15.permute.RData
/u/home/j/jzou1115/project-zarlab/CFW/confidence_interval_pipeline_out_pruned/scans/weight.13.permute.RData
/u/home/j/jzou1115/project-zarlab/CFW/confidence_interval_pipeline_out_pruned/scans/activity5.15.permute.RData
/u/home/j/jzou1115/project-zarlab/CFW/confidence_interval_pipeline_out_pruned/scans/fc.uncond.freeze.2.permute.RData
/u/home/j/jzou1115/project-zarlab/CFW/confidence_interval_pipeline_out_pruned/scans/fc.context.3.permute.RData
/u/home/j/jzou1115/project-zarlab/CFW/confidence_interval_pipeline_out_pruned/scans/bmd.n.17.permute.RData
/u/home/j/jzou1115/project-zarlab/CFW/confidence_interval_pipeline_out_pruned/scans/fc.uncond.freeze.corr.16.permute.RData
/u/home/j/jzou1115/project-zarlab/CFW/confidence_interval_pipeline_out_pruned/scans/plantaris.5.permute.RData
/u/home/j/jzou1115/project-zarlab/CFW/confidence_interval_pipeline_out_pruned/scans/tibia.3.permute.RData
/u/home/j/jzou1115/project-zarlab/CFW/confidence_interval_pipeline_out_pruned/scans/soleus.2.permute.RData
/u/home/j/jzou1115/project-zarlab/CFW/confidence_interval_pipeline_out_pruned/scans/bmd.9.permute.RData
/u/home/j/jzou1115/project-zarlab/CFW/confidence_interval_pipeline_out_pruned/scans/pp6.ppi.15.permute.RData
/u/home/j/jzou1115/project-zarlab/CFW/confidence_interval_pipeline_out_pruned/scans/bmd.13.permute.RData
/u/home/j/jzou1115/project-zarlab/CFW/confidence_interval_pipeline_out_pruned/scans/glucose.7.permute.RData
/u/home/j/jzou1115/project-zarlab/CFW/confidence_interval_pipeline_out_pruned/scans/pp6.ppi.19.permute.RData
/u/home/j/jzou1115/project-zarlab/CFW/confidence_interval_pipeline_out_pruned/scans/bmd.a.15.permute.RData
/u/home/j/jzou1115/project-zarlab/CFW/confidence_interval_pipeline_out_pruned/scans/tibia.16.permute.RData
/u/home/j/jzou1115/project-zarlab/CFW/confidence_interval_pipeline_out_pruned/scans/gastroc.9.permute.RData
/u/home/j/jzou1115/project-zarlab/CFW/confidence_interval_pipeline_out_pruned/scans/weight.17.permute.RData
/u/home/j/jzou1115/project-zarlab/CFW/confidence_interval_pipeline_out_pruned/scans/bmd.18.permute.RData
/u/home/j/jzou1115/project-zarlab/CFW/confidence_interval_pipeline_out_pruned/scans/fc.context.11.permute.RData
/u/home/j/jzou1115/project-zarlab/CFW/confidence_interval_pipeline_out_pruned/scans/fc.uncond.freeze.11.permute.RData
/u/home/j/jzou1115/project-zarlab/CFW/confidence_interval_pipeline_out_pruned/scans/fc.cue.corr.15.permute.RData
/u/home/j/jzou1115/project-zarlab/CFW/confidence_interval_pipeline_out_pruned/scans/fc.baseline.9.permute.RData
/u/home/j/jzou1115/project-zarlab/CFW/confidence_interval_pipeline_out_pruned/scans/bmd.17.permute.RData
/u/home/j/jzou1115/project-zarlab/CFW/confidence_interval_pipeline_out_pruned/scans/bmd.6.permute.RData
/u/home/j/jzou1115/project-zarlab/CFW/confidence_interval_pipeline_out_pruned/scans/tibia.4.permute.RData
/u/home/j/jzou1115/project-zarlab/CFW/confidence_interval_pipeline_out_pruned/scans/pp6.ppi.8.permute.RData
/u/home/j/jzou1115/project-zarlab/CFW/confidence_interval_pipeline_out_pruned/scans/soleus.14.permute.RData
/u/home/j/jzou1115/project-zarlab/CFW/confidence_interval_pipeline_out_pruned/scans/EDL.2.permute.RData
/u/home/j/jzou1115/project-zarlab/CFW/confidence_interval_pipeline_out_pruned/scans/fc.context.corr.7.permute.RData
/u/home/j/jzou1115/project-zarlab/CFW/confidence_interval_pipeline_out_pruned/scans/activity.begin.7.permute.RData
/u/home/j/jzou1115/project-zarlab/CFW/confidence_interval_pipeline_out_pruned/scans/fc.baseline.11.permute.RData
/u/home/j/jzou1115/project-zarlab/CFW/confidence_interval_pipeline_out_pruned/scans/fc.cue.baseline.10.permute.RData
/u/home/j/jzou1115/project-zarlab/CFW/confidence_interval_pipeline_out_pruned/scans/decay.activity.15.permute.RData
/u/home/j/jzou1115/project-zarlab/CFW/confidence_interval_pipeline_out_pruned/scans/basal.activity.1.permute.RData
/u/home/j/jzou1115/project-zarlab/CFW/confidence_interval_pipeline_out_pruned/scans/TA.7.permute.RData
/u/home/j/jzou1115/project-zarlab/CFW/confidence_interval_pipeline_out_pruned/scans/pp12.ppi.14.permute.RData
/u/home/j/jzou1115/project-zarlab/CFW/confidence_interval_pipeline_out_pruned/scans/decay.activity.13.permute.RData
/u/home/j/jzou1115/project-zarlab/CFW/confidence_interval_pipeline_out_pruned/scans/fc.uncond.freeze.corr.11.permute.RData
/u/home/j/jzou1115/project-zarlab/CFW/confidence_interval_pipeline_out_pruned/scans/fc.cue.18.permute.RData
/u/home/j/jzou1115/project-zarlab/CFW/confidence_interval_pipeline_out_pruned/scans/basal.activity.13.permute.RData
/u/home/j/jzou1115/project-zarlab/CFW/confidence_interval_pipeline_out_pruned/scans/activity5.1.permute.RData
/u/home/j/jzou1115/project-zarlab/CFW/confidence_interval_pipeline_out_pruned/scans/fc.cue.10.permute.RData
/u/home/j/jzou1115/project-zarlab/CFW/confidence_interval_pipeline_out_pruned/scans/habit.diff.19.permute.RData
/u/home/j/jzou1115/project-zarlab/CFW/confidence_interval_pipeline_out_pruned/scans/fc.context.corr.13.permute.RData
/u/home/j/jzou1115/project-zarlab/CFW/confidence_interval_pipeline_out_pruned/scans/weight.bmi.tibia.3.permute.RData
/u/home/j/jzou1115/project-zarlab/CFW/confidence_interval_pipeline_out_pruned/scans/weight.bmi.tibia.8.permute.RData
/u/home/j/jzou1115/project-zarlab/CFW/confidence_interval_pipeline_out_pruned/scans/soleus.19.permute.RData
/u/home/j/jzou1115/project-zarlab/CFW/confidence_interval_pipeline_out_pruned/scans/startle.8.permute.RData
/u/home/j/jzou1115/project-zarlab/CFW/confidence_interval_pipeline_out_pruned/scans/habit.diff.18.permute.RData
/u/home/j/jzou1115/project-zarlab/CFW/confidence_interval_pipeline_out_pruned/scans/EDL.6.permute.RData
/u/home/j/jzou1115/project-zarlab/CFW/confidence_interval_pipeline_out_pruned/scans/activity5.4.permute.RData
/u/home/j/jzou1115/project-zarlab/CFW/confidence_interval_pipeline_out_pruned/scans/soleus.4.permute.RData
/u/home/j/jzou1115/project-zarlab/CFW/confidence_interval_pipeline_out_pruned/scans/decay.activity.11.permute.RData
/u/home/j/jzou1115/project-zarlab/CFW/confidence_interval_pipeline_out_pruned/scans/startle.1.permute.RData
/u/home/j/jzou1115/project-zarlab/CFW/confidence_interval_pipeline_out_pruned/scans/fc.cue.baseline.3.permute.RData
/u/home/j/jzou1115/project-zarlab/CFW/confidence_interval_pipeline_out_pruned/scans/weight.bmi.tibia.9.permute.RData
/u/home/j/jzou1115/project-zarlab/CFW/confidence_interval_pipeline_out_pruned/scans/activity.total.11.permute.RData
/u/home/j/jzou1115/project-zarlab/CFW/confidence_interval_pipeline_out_pruned/scans/fc.context.corr.19.permute.RData
/u/home/j/jzou1115/project-zarlab/CFW/confidence_interval_pipeline_out_pruned/scans/activity.middle.11.permute.RData
/u/home/j/jzou1115/project-zarlab/CFW/confidence_interval_pipeline_out_pruned/scans/weight.bmi.tibia.12.permute.RData
/u/home/j/jzou1115/project-zarlab/CFW/confidence_interval_pipeline_out_pruned/scans/fc.cue.baseline.17.permute.RData
/u/home/j/jzou1115/project-zarlab/CFW/confidence_interval_pipeline_out_pruned/scans/activity5.8.permute.RData
/u/home/j/jzou1115/project-zarlab/CFW/confidence_interval_pipeline_out_pruned/scans/activity.total.10.permute.RData
/u/home/j/jzou1115/project-zarlab/CFW/confidence_interval_pipeline_out_pruned/scans/activity30.13.permute.RData
/u/home/j/jzou1115/project-zarlab/CFW/confidence_interval_pipeline_out_pruned/scans/weight.10.permute.RData
/u/home/j/jzou1115/project-zarlab/CFW/confidence_interval_pipeline_out_pruned/scans/basal.activity.10.permute.RData
/u/home/j/jzou1115/project-zarlab/CFW/confidence_interval_pipeline_out_pruned/scans/pp12.ppi.2.permute.RData
/u/home/j/jzou1115/project-zarlab/CFW/confidence_interval_pipeline_out_pruned/scans/fc.uncond.freeze.corr.10.permute.RData
/u/home/j/jzou1115/project-zarlab/CFW/confidence_interval_pipeline_out_pruned/scans/tibia.9.permute.RData
/u/home/j/jzou1115/project-zarlab/CFW/confidence_interval_pipeline_out_pruned/scans/activity.begin.8.permute.RData
/u/home/j/jzou1115/project-zarlab/CFW/confidence_interval_pipeline_out_pruned/scans/glucose.1.permute.RData
/u/home/j/jzou1115/project-zarlab/CFW/confidence_interval_pipeline_out_pruned/scans/habit.diff.1.permute.RData
/u/home/j/jzou1115/project-zarlab/CFW/confidence_interval_pipeline_out_pruned/scans/basal.activity.16.permute.RData
/u/home/j/jzou1115/project-zarlab/CFW/confidence_interval_pipeline_out_pruned/scans/pp6.ppi.11.permute.RData
/u/home/j/jzou1115/project-zarlab/CFW/confidence_interval_pipeline_out_pruned/scans/decay.activity.14.permute.RData
/u/home/j/jzou1115/project-zarlab/CFW/confidence_interval_pipeline_out_pruned/scans/fc.cue.corr.9.permute.RData
/u/home/j/jzou1115/project-zarlab/CFW/confidence_interval_pipeline_out_pruned/scans/bmd.a.14.permute.RData
/u/home/j/jzou1115/project-zarlab/CFW/confidence_interval_pipeline_out_pruned/scans/activity.end.18.permute.RData
/u/home/j/jzou1115/project-zarlab/CFW/confidence_interval_pipeline_out_pruned/scans/bmd.10.permute.RData
/u/home/j/jzou1115/project-zarlab/CFW/confidence_interval_pipeline_out_pruned/scans/fc.uncond.freeze.13.permute.RData
/u/home/j/jzou1115/project-zarlab/CFW/confidence_interval_pipeline_out_pruned/scans/fc.cue.corr.18.permute.RData
/u/home/j/jzou1115/project-zarlab/CFW/confidence_interval_pipeline_out_pruned/scans/weight.15.permute.RData
/u/home/j/jzou1115/project-zarlab/CFW/confidence_interval_pipeline_out_pruned/scans/glucose.17.permute.RData
/u/home/j/jzou1115/project-zarlab/CFW/confidence_interval_pipeline_out_pruned/scans/plantaris.11.permute.RData
/u/home/j/jzou1115/project-zarlab/CFW/confidence_interval_pipeline_out_pruned/scans/tibia.17.permute.RData
/u/home/j/jzou1115/project-zarlab/CFW/confidence_interval_pipeline_out_pruned/scans/activity.total.7.permute.RData
/u/home/j/jzou1115/project-zarlab/CFW/confidence_interval_pipeline_out_pruned/scans/weight.16.permute.RData
