Building DAG of jobs...
File path /u/home/j/jzou1115/project-zarlab/CFW/confidence_intervals/output2//emma.activity30.RData contains double '/'. This is likely unintended. It can also lead to inconsistent results of the file-matching approach used by Snakemake.
File path /u/home/j/jzou1115/project-zarlab/CFW/confidence_intervals/output2//emma.activity5.RData contains double '/'. This is likely unintended. It can also lead to inconsistent results of the file-matching approach used by Snakemake.
File path /u/home/j/jzou1115/project-zarlab/CFW/confidence_intervals/output2//emma.activity.begin.RData contains double '/'. This is likely unintended. It can also lead to inconsistent results of the file-matching approach used by Snakemake.
File path /u/home/j/jzou1115/project-zarlab/CFW/confidence_intervals/output2//emma.activity.end.RData contains double '/'. This is likely unintended. It can also lead to inconsistent results of the file-matching approach used by Snakemake.
File path /u/home/j/jzou1115/project-zarlab/CFW/confidence_intervals/output2//emma.activity.middle.RData contains double '/'. This is likely unintended. It can also lead to inconsistent results of the file-matching approach used by Snakemake.
File path /u/home/j/jzou1115/project-zarlab/CFW/confidence_intervals/output2//emma.activity.total.RData contains double '/'. This is likely unintended. It can also lead to inconsistent results of the file-matching approach used by Snakemake.
File path /u/home/j/jzou1115/project-zarlab/CFW/confidence_intervals/output2//emma.basal.activity.RData contains double '/'. This is likely unintended. It can also lead to inconsistent results of the file-matching approach used by Snakemake.
File path /u/home/j/jzou1115/project-zarlab/CFW/confidence_intervals/output2//emma.bmd.a.RData contains double '/'. This is likely unintended. It can also lead to inconsistent results of the file-matching approach used by Snakemake.
File path /u/home/j/jzou1115/project-zarlab/CFW/confidence_intervals/output2//emma.bmd.n.RData contains double '/'. This is likely unintended. It can also lead to inconsistent results of the file-matching approach used by Snakemake.
File path /u/home/j/jzou1115/project-zarlab/CFW/confidence_intervals/output2//emma.bmd.RData contains double '/'. This is likely unintended. It can also lead to inconsistent results of the file-matching approach used by Snakemake.
File path /u/home/j/jzou1115/project-zarlab/CFW/confidence_intervals/output2//emma.decay.activity.RData contains double '/'. This is likely unintended. It can also lead to inconsistent results of the file-matching approach used by Snakemake.
File path /u/home/j/jzou1115/project-zarlab/CFW/confidence_intervals/output2//emma.EDL.RData contains double '/'. This is likely unintended. It can also lead to inconsistent results of the file-matching approach used by Snakemake.
File path /u/home/j/jzou1115/project-zarlab/CFW/confidence_intervals/output2//emma.fc.baseline.RData contains double '/'. This is likely unintended. It can also lead to inconsistent results of the file-matching approach used by Snakemake.
File path /u/home/j/jzou1115/project-zarlab/CFW/confidence_intervals/output2//emma.fc.context.corr.RData contains double '/'. This is likely unintended. It can also lead to inconsistent results of the file-matching approach used by Snakemake.
File path /u/home/j/jzou1115/project-zarlab/CFW/confidence_intervals/output2//emma.fc.context.RData contains double '/'. This is likely unintended. It can also lead to inconsistent results of the file-matching approach used by Snakemake.
File path /u/home/j/jzou1115/project-zarlab/CFW/confidence_intervals/output2//emma.fc.cue.baseline.RData contains double '/'. This is likely unintended. It can also lead to inconsistent results of the file-matching approach used by Snakemake.
File path /u/home/j/jzou1115/project-zarlab/CFW/confidence_intervals/output2//emma.fc.cue.corr.RData contains double '/'. This is likely unintended. It can also lead to inconsistent results of the file-matching approach used by Snakemake.
File path /u/home/j/jzou1115/project-zarlab/CFW/confidence_intervals/output2//emma.fc.cue.RData contains double '/'. This is likely unintended. It can also lead to inconsistent results of the file-matching approach used by Snakemake.
File path /u/home/j/jzou1115/project-zarlab/CFW/confidence_intervals/output2//emma.fc.uncond.freeze.corr.RData contains double '/'. This is likely unintended. It can also lead to inconsistent results of the file-matching approach used by Snakemake.
File path /u/home/j/jzou1115/project-zarlab/CFW/confidence_intervals/output2//emma.fc.uncond.freeze.RData contains double '/'. This is likely unintended. It can also lead to inconsistent results of the file-matching approach used by Snakemake.
File path /u/home/j/jzou1115/project-zarlab/CFW/confidence_intervals/output2//emma.gastroc.RData contains double '/'. This is likely unintended. It can also lead to inconsistent results of the file-matching approach used by Snakemake.
File path /u/home/j/jzou1115/project-zarlab/CFW/confidence_intervals/output2//emma.glucose.RData contains double '/'. This is likely unintended. It can also lead to inconsistent results of the file-matching approach used by Snakemake.
File path /u/home/j/jzou1115/project-zarlab/CFW/confidence_intervals/output2//emma.habit.diff.RData contains double '/'. This is likely unintended. It can also lead to inconsistent results of the file-matching approach used by Snakemake.
File path /u/home/j/jzou1115/project-zarlab/CFW/confidence_intervals/output2//emma.habit.ratio.RData contains double '/'. This is likely unintended. It can also lead to inconsistent results of the file-matching approach used by Snakemake.
File path /u/home/j/jzou1115/project-zarlab/CFW/confidence_intervals/output2//emma.plantaris.RData contains double '/'. This is likely unintended. It can also lead to inconsistent results of the file-matching approach used by Snakemake.
File path /u/home/j/jzou1115/project-zarlab/CFW/confidence_intervals/output2//emma.pp12.ppi.RData contains double '/'. This is likely unintended. It can also lead to inconsistent results of the file-matching approach used by Snakemake.
File path /u/home/j/jzou1115/project-zarlab/CFW/confidence_intervals/output2//emma.pp6.ppi.RData contains double '/'. This is likely unintended. It can also lead to inconsistent results of the file-matching approach used by Snakemake.
File path /u/home/j/jzou1115/project-zarlab/CFW/confidence_intervals/output2//emma.soleus.RData contains double '/'. This is likely unintended. It can also lead to inconsistent results of the file-matching approach used by Snakemake.
File path /u/home/j/jzou1115/project-zarlab/CFW/confidence_intervals/output2//emma.startle.RData contains double '/'. This is likely unintended. It can also lead to inconsistent results of the file-matching approach used by Snakemake.
File path /u/home/j/jzou1115/project-zarlab/CFW/confidence_intervals/output2//emma.tail.length.RData contains double '/'. This is likely unintended. It can also lead to inconsistent results of the file-matching approach used by Snakemake.
File path /u/home/j/jzou1115/project-zarlab/CFW/confidence_intervals/output2//emma.TA.RData contains double '/'. This is likely unintended. It can also lead to inconsistent results of the file-matching approach used by Snakemake.
File path /u/home/j/jzou1115/project-zarlab/CFW/confidence_intervals/output2//emma.tibia.RData contains double '/'. This is likely unintended. It can also lead to inconsistent results of the file-matching approach used by Snakemake.
File path /u/home/j/jzou1115/project-zarlab/CFW/confidence_intervals/output2//emma.weight.bmi.tibia.RData contains double '/'. This is likely unintended. It can also lead to inconsistent results of the file-matching approach used by Snakemake.
File path /u/home/j/jzou1115/project-zarlab/CFW/confidence_intervals/output2//emma.weight.RData contains double '/'. This is likely unintended. It can also lead to inconsistent results of the file-matching approach used by Snakemake.
File path /u/home/j/jzou1115/project-zarlab/CFW/confidence_intervals/output2//emma.activity30.RData contains double '/'. This is likely unintended. It can also lead to inconsistent results of the file-matching approach used by Snakemake.
File path /u/home/j/jzou1115/project-zarlab/CFW/confidence_intervals/output2//emma.activity5.RData contains double '/'. This is likely unintended. It can also lead to inconsistent results of the file-matching approach used by Snakemake.
File path /u/home/j/jzou1115/project-zarlab/CFW/confidence_intervals/output2//emma.activity.begin.RData contains double '/'. This is likely unintended. It can also lead to inconsistent results of the file-matching approach used by Snakemake.
File path /u/home/j/jzou1115/project-zarlab/CFW/confidence_intervals/output2//emma.activity.end.RData contains double '/'. This is likely unintended. It can also lead to inconsistent results of the file-matching approach used by Snakemake.
File path /u/home/j/jzou1115/project-zarlab/CFW/confidence_intervals/output2//emma.activity.middle.RData contains double '/'. This is likely unintended. It can also lead to inconsistent results of the file-matching approach used by Snakemake.
File path /u/home/j/jzou1115/project-zarlab/CFW/confidence_intervals/output2//emma.activity.total.RData contains double '/'. This is likely unintended. It can also lead to inconsistent results of the file-matching approach used by Snakemake.
File path /u/home/j/jzou1115/project-zarlab/CFW/confidence_intervals/output2//emma.basal.activity.RData contains double '/'. This is likely unintended. It can also lead to inconsistent results of the file-matching approach used by Snakemake.
File path /u/home/j/jzou1115/project-zarlab/CFW/confidence_intervals/output2//emma.bmd.a.RData contains double '/'. This is likely unintended. It can also lead to inconsistent results of the file-matching approach used by Snakemake.
File path /u/home/j/jzou1115/project-zarlab/CFW/confidence_intervals/output2//emma.bmd.n.RData contains double '/'. This is likely unintended. It can also lead to inconsistent results of the file-matching approach used by Snakemake.
File path /u/home/j/jzou1115/project-zarlab/CFW/confidence_intervals/output2//emma.bmd.RData contains double '/'. This is likely unintended. It can also lead to inconsistent results of the file-matching approach used by Snakemake.
File path /u/home/j/jzou1115/project-zarlab/CFW/confidence_intervals/output2//emma.decay.activity.RData contains double '/'. This is likely unintended. It can also lead to inconsistent results of the file-matching approach used by Snakemake.
File path /u/home/j/jzou1115/project-zarlab/CFW/confidence_intervals/output2//emma.EDL.RData contains double '/'. This is likely unintended. It can also lead to inconsistent results of the file-matching approach used by Snakemake.
File path /u/home/j/jzou1115/project-zarlab/CFW/confidence_intervals/output2//emma.fc.baseline.RData contains double '/'. This is likely unintended. It can also lead to inconsistent results of the file-matching approach used by Snakemake.
File path /u/home/j/jzou1115/project-zarlab/CFW/confidence_intervals/output2//emma.fc.context.corr.RData contains double '/'. This is likely unintended. It can also lead to inconsistent results of the file-matching approach used by Snakemake.
File path /u/home/j/jzou1115/project-zarlab/CFW/confidence_intervals/output2//emma.fc.context.RData contains double '/'. This is likely unintended. It can also lead to inconsistent results of the file-matching approach used by Snakemake.
File path /u/home/j/jzou1115/project-zarlab/CFW/confidence_intervals/output2//emma.fc.cue.baseline.RData contains double '/'. This is likely unintended. It can also lead to inconsistent results of the file-matching approach used by Snakemake.
File path /u/home/j/jzou1115/project-zarlab/CFW/confidence_intervals/output2//emma.fc.cue.corr.RData contains double '/'. This is likely unintended. It can also lead to inconsistent results of the file-matching approach used by Snakemake.
File path /u/home/j/jzou1115/project-zarlab/CFW/confidence_intervals/output2//emma.fc.cue.RData contains double '/'. This is likely unintended. It can also lead to inconsistent results of the file-matching approach used by Snakemake.
File path /u/home/j/jzou1115/project-zarlab/CFW/confidence_intervals/output2//emma.fc.uncond.freeze.corr.RData contains double '/'. This is likely unintended. It can also lead to inconsistent results of the file-matching approach used by Snakemake.
File path /u/home/j/jzou1115/project-zarlab/CFW/confidence_intervals/output2//emma.fc.uncond.freeze.RData contains double '/'. This is likely unintended. It can also lead to inconsistent results of the file-matching approach used by Snakemake.
File path /u/home/j/jzou1115/project-zarlab/CFW/confidence_intervals/output2//emma.gastroc.RData contains double '/'. This is likely unintended. It can also lead to inconsistent results of the file-matching approach used by Snakemake.
File path /u/home/j/jzou1115/project-zarlab/CFW/confidence_intervals/output2//emma.glucose.RData contains double '/'. This is likely unintended. It can also lead to inconsistent results of the file-matching approach used by Snakemake.
File path /u/home/j/jzou1115/project-zarlab/CFW/confidence_intervals/output2//emma.habit.diff.RData contains double '/'. This is likely unintended. It can also lead to inconsistent results of the file-matching approach used by Snakemake.
File path /u/home/j/jzou1115/project-zarlab/CFW/confidence_intervals/output2//emma.habit.ratio.RData contains double '/'. This is likely unintended. It can also lead to inconsistent results of the file-matching approach used by Snakemake.
File path /u/home/j/jzou1115/project-zarlab/CFW/confidence_intervals/output2//emma.plantaris.RData contains double '/'. This is likely unintended. It can also lead to inconsistent results of the file-matching approach used by Snakemake.
File path /u/home/j/jzou1115/project-zarlab/CFW/confidence_intervals/output2//emma.pp12.ppi.RData contains double '/'. This is likely unintended. It can also lead to inconsistent results of the file-matching approach used by Snakemake.
File path /u/home/j/jzou1115/project-zarlab/CFW/confidence_intervals/output2//emma.pp6.ppi.RData contains double '/'. This is likely unintended. It can also lead to inconsistent results of the file-matching approach used by Snakemake.
File path /u/home/j/jzou1115/project-zarlab/CFW/confidence_intervals/output2//emma.soleus.RData contains double '/'. This is likely unintended. It can also lead to inconsistent results of the file-matching approach used by Snakemake.
File path /u/home/j/jzou1115/project-zarlab/CFW/confidence_intervals/output2//emma.startle.RData contains double '/'. This is likely unintended. It can also lead to inconsistent results of the file-matching approach used by Snakemake.
File path /u/home/j/jzou1115/project-zarlab/CFW/confidence_intervals/output2//emma.tail.length.RData contains double '/'. This is likely unintended. It can also lead to inconsistent results of the file-matching approach used by Snakemake.
File path /u/home/j/jzou1115/project-zarlab/CFW/confidence_intervals/output2//emma.TA.RData contains double '/'. This is likely unintended. It can also lead to inconsistent results of the file-matching approach used by Snakemake.
File path /u/home/j/jzou1115/project-zarlab/CFW/confidence_intervals/output2//emma.tibia.RData contains double '/'. This is likely unintended. It can also lead to inconsistent results of the file-matching approach used by Snakemake.
File path /u/home/j/jzou1115/project-zarlab/CFW/confidence_intervals/output2//emma.weight.bmi.tibia.RData contains double '/'. This is likely unintended. It can also lead to inconsistent results of the file-matching approach used by Snakemake.
File path /u/home/j/jzou1115/project-zarlab/CFW/confidence_intervals/output2//emma.weight.RData contains double '/'. This is likely unintended. It can also lead to inconsistent results of the file-matching approach used by Snakemake.
Unlocking working directory.
