Building DAG of jobs...
Using shell: /bin/bash
Provided cluster nodes: 200
Job counts:
	count	jobs
	1	all
	73	annovar_input
	74

[Sat Aug 29 11:24:18 2020]
rule annovar_input:
    input: /u/home/j/jzou1115/project-zarlab/CFW/confidence_interval_pipeline_out_pruned/finemapping/output/bmd.5.21721308_snps.txt, /u/home/j/jzou1115/project-zarlab/CFW/confidence_interval_pipeline_out_pruned/locuszoom/bmd.5.21721308_r2.txt
    output: /u/home/j/jzou1115/project-zarlab/CFW/confidence_interval_pipeline_out_pruned/finemapping/output/bmd.5.21721308_annovar_input.txt
    jobid: 210
    wildcards: q=bmd.5.21721308

Submitted job 210 with external jobid 'Your job 4236593 ("annovar_input") has been submitted'.

[Sat Aug 29 11:24:20 2020]
rule annovar_input:
    input: /u/home/j/jzou1115/project-zarlab/CFW/confidence_interval_pipeline_out_pruned/finemapping/output/weight.17.34900243_snps.txt, /u/home/j/jzou1115/project-zarlab/CFW/confidence_interval_pipeline_out_pruned/locuszoom/weight.17.34900243_r2.txt
    output: /u/home/j/jzou1115/project-zarlab/CFW/confidence_interval_pipeline_out_pruned/finemapping/output/weight.17.34900243_annovar_input.txt
    jobid: 266
    wildcards: q=weight.17.34900243

Submitted job 266 with external jobid 'Your job 4236594 ("annovar_input") has been submitted'.

[Sat Aug 29 11:24:21 2020]
rule annovar_input:
    input: /u/home/j/jzou1115/project-zarlab/CFW/confidence_interval_pipeline_out_pruned/finemapping/output/activity.total.13.8144012_snps.txt, /u/home/j/jzou1115/project-zarlab/CFW/confidence_interval_pipeline_out_pruned/locuszoom/activity.total.13.8144012_r2.txt
    output: /u/home/j/jzou1115/project-zarlab/CFW/confidence_interval_pipeline_out_pruned/finemapping/output/activity.total.13.8144012_annovar_input.txt
    jobid: 185
    wildcards: q=activity.total.13.8144012

Submitted job 185 with external jobid 'Your job 4236595 ("annovar_input") has been submitted'.

[Sat Aug 29 11:24:23 2020]
rule annovar_input:
    input: /u/home/j/jzou1115/project-zarlab/CFW/confidence_interval_pipeline_out_pruned/finemapping/output/weight.bmi.tibia.2.153707637_snps.txt, /u/home/j/jzou1115/project-zarlab/CFW/confidence_interval_pipeline_out_pruned/locuszoom/weight.bmi.tibia.2.153707637_r2.txt
    output: /u/home/j/jzou1115/project-zarlab/CFW/confidence_interval_pipeline_out_pruned/finemapping/output/weight.bmi.tibia.2.153707637_annovar_input.txt
    jobid: 263
    wildcards: q=weight.bmi.tibia.2.153707637

Submitted job 263 with external jobid 'Your job 4236596 ("annovar_input") has been submitted'.

[Sat Aug 29 11:24:25 2020]
rule annovar_input:
    input: /u/home/j/jzou1115/project-zarlab/CFW/confidence_interval_pipeline_out_pruned/finemapping/output/bmd.n.11.96918212_snps.txt, /u/home/j/jzou1115/project-zarlab/CFW/confidence_interval_pipeline_out_pruned/locuszoom/bmd.n.11.96918212_r2.txt
    output: /u/home/j/jzou1115/project-zarlab/CFW/confidence_interval_pipeline_out_pruned/finemapping/output/bmd.n.11.96918212_annovar_input.txt
    jobid: 215
    wildcards: q=bmd.n.11.96918212

Submitted job 215 with external jobid 'Your job 4236597 ("annovar_input") has been submitted'.

[Sat Aug 29 11:24:26 2020]
rule annovar_input:
    input: /u/home/j/jzou1115/project-zarlab/CFW/confidence_interval_pipeline_out_pruned/finemapping/output/activity30.13.6038915_snps.txt, /u/home/j/jzou1115/project-zarlab/CFW/confidence_interval_pipeline_out_pruned/locuszoom/activity30.13.6038915_r2.txt
    output: /u/home/j/jzou1115/project-zarlab/CFW/confidence_interval_pipeline_out_pruned/finemapping/output/activity30.13.6038915_annovar_input.txt
    jobid: 190
    wildcards: q=activity30.13.6038915

Submitted job 190 with external jobid 'Your job 4236598 ("annovar_input") has been submitted'.

[Sat Aug 29 11:24:27 2020]
rule annovar_input:
    input: /u/home/j/jzou1115/project-zarlab/CFW/confidence_interval_pipeline_out_pruned/finemapping/output/activity.begin.11.94772022_snps.txt, /u/home/j/jzou1115/project-zarlab/CFW/confidence_interval_pipeline_out_pruned/locuszoom/activity.begin.11.94772022_r2.txt
    output: /u/home/j/jzou1115/project-zarlab/CFW/confidence_interval_pipeline_out_pruned/finemapping/output/activity.begin.11.94772022_annovar_input.txt
    jobid: 154
    wildcards: q=activity.begin.11.94772022

Submitted job 154 with external jobid 'Your job 4236599 ("annovar_input") has been submitted'.

[Sat Aug 29 11:24:29 2020]
rule annovar_input:
    input: /u/home/j/jzou1115/project-zarlab/CFW/confidence_interval_pipeline_out_pruned/finemapping/output/activity.middle.2.152116228_snps.txt, /u/home/j/jzou1115/project-zarlab/CFW/confidence_interval_pipeline_out_pruned/locuszoom/activity.middle.2.152116228_r2.txt
    output: /u/home/j/jzou1115/project-zarlab/CFW/confidence_interval_pipeline_out_pruned/finemapping/output/activity.middle.2.152116228_annovar_input.txt
    jobid: 175
    wildcards: q=activity.middle.2.152116228

Submitted job 175 with external jobid 'Your job 4236600 ("annovar_input") has been submitted'.

[Sat Aug 29 11:24:30 2020]
rule annovar_input:
    input: /u/home/j/jzou1115/project-zarlab/CFW/confidence_interval_pipeline_out_pruned/finemapping/output/soleus.13.113404971_snps.txt, /u/home/j/jzou1115/project-zarlab/CFW/confidence_interval_pipeline_out_pruned/locuszoom/soleus.13.113404971_r2.txt
    output: /u/home/j/jzou1115/project-zarlab/CFW/confidence_interval_pipeline_out_pruned/finemapping/output/soleus.13.113404971_annovar_input.txt
    jobid: 229
    wildcards: q=soleus.13.113404971

Submitted job 229 with external jobid 'Your job 4236601 ("annovar_input") has been submitted'.

[Sat Aug 29 11:24:31 2020]
rule annovar_input:
    input: /u/home/j/jzou1115/project-zarlab/CFW/confidence_interval_pipeline_out_pruned/finemapping/output/tibia.11.33440009_snps.txt, /u/home/j/jzou1115/project-zarlab/CFW/confidence_interval_pipeline_out_pruned/locuszoom/tibia.11.33440009_r2.txt
    output: /u/home/j/jzou1115/project-zarlab/CFW/confidence_interval_pipeline_out_pruned/finemapping/output/tibia.11.33440009_annovar_input.txt
    jobid: 240
    wildcards: q=tibia.11.33440009

Submitted job 240 with external jobid 'Your job 4236602 ("annovar_input") has been submitted'.

[Sat Aug 29 11:24:32 2020]
rule annovar_input:
    input: /u/home/j/jzou1115/project-zarlab/CFW/confidence_interval_pipeline_out_pruned/finemapping/output/plantaris.13.116222549_snps.txt, /u/home/j/jzou1115/project-zarlab/CFW/confidence_interval_pipeline_out_pruned/locuszoom/plantaris.13.116222549_r2.txt
    output: /u/home/j/jzou1115/project-zarlab/CFW/confidence_interval_pipeline_out_pruned/finemapping/output/plantaris.13.116222549_annovar_input.txt
    jobid: 225
    wildcards: q=plantaris.13.116222549

Submitted job 225 with external jobid 'Your job 4236603 ("annovar_input") has been submitted'.

[Sat Aug 29 11:24:33 2020]
rule annovar_input:
    input: /u/home/j/jzou1115/project-zarlab/CFW/confidence_interval_pipeline_out_pruned/finemapping/output/activity.middle.11.96852500_snps.txt, /u/home/j/jzou1115/project-zarlab/CFW/confidence_interval_pipeline_out_pruned/locuszoom/activity.middle.11.96852500_r2.txt
    output: /u/home/j/jzou1115/project-zarlab/CFW/confidence_interval_pipeline_out_pruned/finemapping/output/activity.middle.11.96852500_annovar_input.txt
    jobid: 170
    wildcards: q=activity.middle.11.96852500

Submitted job 170 with external jobid 'Your job 4236604 ("annovar_input") has been submitted'.

[Sat Aug 29 11:24:34 2020]
rule annovar_input:
    input: /u/home/j/jzou1115/project-zarlab/CFW/confidence_interval_pipeline_out_pruned/finemapping/output/soleus.13.114802392_snps.txt, /u/home/j/jzou1115/project-zarlab/CFW/confidence_interval_pipeline_out_pruned/locuszoom/soleus.13.114802392_r2.txt
    output: /u/home/j/jzou1115/project-zarlab/CFW/confidence_interval_pipeline_out_pruned/finemapping/output/soleus.13.114802392_annovar_input.txt
    jobid: 230
    wildcards: q=soleus.13.114802392

Submitted job 230 with external jobid 'Your job 4236605 ("annovar_input") has been submitted'.

[Sat Aug 29 11:24:35 2020]
rule annovar_input:
    input: /u/home/j/jzou1115/project-zarlab/CFW/confidence_interval_pipeline_out_pruned/finemapping/output/activity.middle.11.93418604_snps.txt, /u/home/j/jzou1115/project-zarlab/CFW/confidence_interval_pipeline_out_pruned/locuszoom/activity.middle.11.93418604_r2.txt
    output: /u/home/j/jzou1115/project-zarlab/CFW/confidence_interval_pipeline_out_pruned/finemapping/output/activity.middle.11.93418604_annovar_input.txt
    jobid: 167
    wildcards: q=activity.middle.11.93418604

Submitted job 167 with external jobid 'Your job 4236606 ("annovar_input") has been submitted'.

[Sat Aug 29 11:24:37 2020]
rule annovar_input:
    input: /u/home/j/jzou1115/project-zarlab/CFW/confidence_interval_pipeline_out_pruned/finemapping/output/habit.ratio.18.25412656_snps.txt, /u/home/j/jzou1115/project-zarlab/CFW/confidence_interval_pipeline_out_pruned/locuszoom/habit.ratio.18.25412656_r2.txt
    output: /u/home/j/jzou1115/project-zarlab/CFW/confidence_interval_pipeline_out_pruned/finemapping/output/habit.ratio.18.25412656_annovar_input.txt
    jobid: 224
    wildcards: q=habit.ratio.18.25412656

Submitted job 224 with external jobid 'Your job 4236607 ("annovar_input") has been submitted'.

[Sat Aug 29 11:24:38 2020]
rule annovar_input:
    input: /u/home/j/jzou1115/project-zarlab/CFW/confidence_interval_pipeline_out_pruned/finemapping/output/EDL.2.86662262_snps.txt, /u/home/j/jzou1115/project-zarlab/CFW/confidence_interval_pipeline_out_pruned/locuszoom/EDL.2.86662262_r2.txt
    output: /u/home/j/jzou1115/project-zarlab/CFW/confidence_interval_pipeline_out_pruned/finemapping/output/EDL.2.86662262_annovar_input.txt
    jobid: 145
    wildcards: q=EDL.2.86662262

[Sat Aug 29 11:24:39 2020]
Error in rule annovar_input:
    jobid: 263
    output: /u/home/j/jzou1115/project-zarlab/CFW/confidence_interval_pipeline_out_pruned/finemapping/output/weight.bmi.tibia.2.153707637_annovar_input.txt
    cluster_jobid: Your job 4236596 ("annovar_input") has been submitted

Error executing rule annovar_input on cluster (jobid: 263, external: Your job 4236596 ("annovar_input") has been submitted, jobscript: /u/project/zarlab/jzou1115/CFW/MegaAnalysis_CFW_Code/confidence_interval_pipeline_pruned/.snakemake/tmp._l1wlk7e/snakejob.annovar_input.263.sh). For error details see the cluster log and the log files of the involved rule(s).
Submitted job 145 with external jobid 'Your job 4236608 ("annovar_input") has been submitted'.

[Sat Aug 29 11:24:39 2020]
rule annovar_input:
    input: /u/home/j/jzou1115/project-zarlab/CFW/confidence_interval_pipeline_out_pruned/finemapping/output/activity.middle.11.94054029_snps.txt, /u/home/j/jzou1115/project-zarlab/CFW/confidence_interval_pipeline_out_pruned/locuszoom/activity.middle.11.94054029_r2.txt
    output: /u/home/j/jzou1115/project-zarlab/CFW/confidence_interval_pipeline_out_pruned/finemapping/output/activity.middle.11.94054029_annovar_input.txt
    jobid: 168
    wildcards: q=activity.middle.11.94054029

Submitted job 168 with external jobid 'Your job 4236609 ("annovar_input") has been submitted'.

[Sat Aug 29 11:24:40 2020]
rule annovar_input:
    input: /u/home/j/jzou1115/project-zarlab/CFW/confidence_interval_pipeline_out_pruned/finemapping/output/weight.17.34013000_snps.txt, /u/home/j/jzou1115/project-zarlab/CFW/confidence_interval_pipeline_out_pruned/locuszoom/weight.17.34013000_r2.txt
    output: /u/home/j/jzou1115/project-zarlab/CFW/confidence_interval_pipeline_out_pruned/finemapping/output/weight.17.34013000_annovar_input.txt
    jobid: 265
    wildcards: q=weight.17.34013000

Submitted job 265 with external jobid 'Your job 4236610 ("annovar_input") has been submitted'.

[Sat Aug 29 11:24:42 2020]
rule annovar_input:
    input: /u/home/j/jzou1115/project-zarlab/CFW/confidence_interval_pipeline_out_pruned/finemapping/output/EDL.2.84134413_snps.txt, /u/home/j/jzou1115/project-zarlab/CFW/confidence_interval_pipeline_out_pruned/locuszoom/EDL.2.84134413_r2.txt
    output: /u/home/j/jzou1115/project-zarlab/CFW/confidence_interval_pipeline_out_pruned/finemapping/output/EDL.2.84134413_annovar_input.txt
    jobid: 143
    wildcards: q=EDL.2.84134413

Submitted job 143 with external jobid 'Your job 4236611 ("annovar_input") has been submitted'.

[Sat Aug 29 11:24:43 2020]
rule annovar_input:
    input: /u/home/j/jzou1115/project-zarlab/CFW/confidence_interval_pipeline_out_pruned/finemapping/output/TA.11.79522084_snps.txt, /u/home/j/jzou1115/project-zarlab/CFW/confidence_interval_pipeline_out_pruned/locuszoom/TA.11.79522084_r2.txt
    output: /u/home/j/jzou1115/project-zarlab/CFW/confidence_interval_pipeline_out_pruned/finemapping/output/TA.11.79522084_annovar_input.txt
    jobid: 147
    wildcards: q=TA.11.79522084

Submitted job 147 with external jobid 'Your job 4236612 ("annovar_input") has been submitted'.

[Sat Aug 29 11:24:44 2020]
rule annovar_input:
    input: /u/home/j/jzou1115/project-zarlab/CFW/confidence_interval_pipeline_out_pruned/finemapping/output/tibia.11.32268598_snps.txt, /u/home/j/jzou1115/project-zarlab/CFW/confidence_interval_pipeline_out_pruned/locuszoom/tibia.11.32268598_r2.txt
    output: /u/home/j/jzou1115/project-zarlab/CFW/confidence_interval_pipeline_out_pruned/finemapping/output/tibia.11.32268598_annovar_input.txt
    jobid: 239
    wildcards: q=tibia.11.32268598

Submitted job 239 with external jobid 'Your job 4236613 ("annovar_input") has been submitted'.

[Sat Aug 29 11:24:46 2020]
rule annovar_input:
    input: /u/home/j/jzou1115/project-zarlab/CFW/confidence_interval_pipeline_out_pruned/finemapping/output/activity.total.11.96653605_snps.txt, /u/home/j/jzou1115/project-zarlab/CFW/confidence_interval_pipeline_out_pruned/locuszoom/activity.total.11.96653605_r2.txt
    output: /u/home/j/jzou1115/project-zarlab/CFW/confidence_interval_pipeline_out_pruned/finemapping/output/activity.total.11.96653605_annovar_input.txt
    jobid: 181
    wildcards: q=activity.total.11.96653605

Submitted job 181 with external jobid 'Your job 4236614 ("annovar_input") has been submitted'.

[Sat Aug 29 11:24:47 2020]
rule annovar_input:
    input: /u/home/j/jzou1115/project-zarlab/CFW/confidence_interval_pipeline_out_pruned/finemapping/output/activity30.13.10150339_snps.txt, /u/home/j/jzou1115/project-zarlab/CFW/confidence_interval_pipeline_out_pruned/locuszoom/activity30.13.10150339_r2.txt
    output: /u/home/j/jzou1115/project-zarlab/CFW/confidence_interval_pipeline_out_pruned/finemapping/output/activity30.13.10150339_annovar_input.txt
    jobid: 189
    wildcards: q=activity30.13.10150339

Submitted job 189 with external jobid 'Your job 4236615 ("annovar_input") has been submitted'.

[Sat Aug 29 11:24:48 2020]
rule annovar_input:
    input: /u/home/j/jzou1115/project-zarlab/CFW/confidence_interval_pipeline_out_pruned/finemapping/output/activity.begin.13.9154368_snps.txt, /u/home/j/jzou1115/project-zarlab/CFW/confidence_interval_pipeline_out_pruned/locuszoom/activity.begin.13.9154368_r2.txt
    output: /u/home/j/jzou1115/project-zarlab/CFW/confidence_interval_pipeline_out_pruned/finemapping/output/activity.begin.13.9154368_annovar_input.txt
    jobid: 158
    wildcards: q=activity.begin.13.9154368

Submitted job 158 with external jobid 'Your job 4236616 ("annovar_input") has been submitted'.

[Sat Aug 29 11:24:49 2020]
rule annovar_input:
    input: /u/home/j/jzou1115/project-zarlab/CFW/confidence_interval_pipeline_out_pruned/finemapping/output/TA.2.155819633_snps.txt, /u/home/j/jzou1115/project-zarlab/CFW/confidence_interval_pipeline_out_pruned/locuszoom/TA.2.155819633_r2.txt
    output: /u/home/j/jzou1115/project-zarlab/CFW/confidence_interval_pipeline_out_pruned/finemapping/output/TA.2.155819633_annovar_input.txt
    jobid: 152
    wildcards: q=TA.2.155819633

[Sat Aug 29 11:24:50 2020]
Error in rule annovar_input:
    jobid: 154
    output: /u/home/j/jzou1115/project-zarlab/CFW/confidence_interval_pipeline_out_pruned/finemapping/output/activity.begin.11.94772022_annovar_input.txt
    cluster_jobid: Your job 4236599 ("annovar_input") has been submitted

Error executing rule annovar_input on cluster (jobid: 154, external: Your job 4236599 ("annovar_input") has been submitted, jobscript: /u/project/zarlab/jzou1115/CFW/MegaAnalysis_CFW_Code/confidence_interval_pipeline_pruned/.snakemake/tmp._l1wlk7e/snakejob.annovar_input.154.sh). For error details see the cluster log and the log files of the involved rule(s).
[Sat Aug 29 11:24:50 2020]
Error in rule annovar_input:
    jobid: 175
    output: /u/home/j/jzou1115/project-zarlab/CFW/confidence_interval_pipeline_out_pruned/finemapping/output/activity.middle.2.152116228_annovar_input.txt
    cluster_jobid: Your job 4236600 ("annovar_input") has been submitted

Error executing rule annovar_input on cluster (jobid: 175, external: Your job 4236600 ("annovar_input") has been submitted, jobscript: /u/project/zarlab/jzou1115/CFW/MegaAnalysis_CFW_Code/confidence_interval_pipeline_pruned/.snakemake/tmp._l1wlk7e/snakejob.annovar_input.175.sh). For error details see the cluster log and the log files of the involved rule(s).
[Sat Aug 29 11:24:50 2020]
Error in rule annovar_input:
    jobid: 240
    output: /u/home/j/jzou1115/project-zarlab/CFW/confidence_interval_pipeline_out_pruned/finemapping/output/tibia.11.33440009_annovar_input.txt
    cluster_jobid: Your job 4236602 ("annovar_input") has been submitted

Error executing rule annovar_input on cluster (jobid: 240, external: Your job 4236602 ("annovar_input") has been submitted, jobscript: /u/project/zarlab/jzou1115/CFW/MegaAnalysis_CFW_Code/confidence_interval_pipeline_pruned/.snakemake/tmp._l1wlk7e/snakejob.annovar_input.240.sh). For error details see the cluster log and the log files of the involved rule(s).
Submitted job 152 with external jobid 'Your job 4236617 ("annovar_input") has been submitted'.

[Sat Aug 29 11:24:50 2020]
rule annovar_input:
    input: /u/home/j/jzou1115/project-zarlab/CFW/confidence_interval_pipeline_out_pruned/finemapping/output/activity.middle.2.153760436_snps.txt, /u/home/j/jzou1115/project-zarlab/CFW/confidence_interval_pipeline_out_pruned/locuszoom/activity.middle.2.153760436_r2.txt
    output: /u/home/j/jzou1115/project-zarlab/CFW/confidence_interval_pipeline_out_pruned/finemapping/output/activity.middle.2.153760436_annovar_input.txt
    jobid: 176
    wildcards: q=activity.middle.2.153760436

[Sat Aug 29 11:24:51 2020]
Error in rule annovar_input:
    jobid: 170
    output: /u/home/j/jzou1115/project-zarlab/CFW/confidence_interval_pipeline_out_pruned/finemapping/output/activity.middle.11.96852500_annovar_input.txt
    cluster_jobid: Your job 4236604 ("annovar_input") has been submitted

Error executing rule annovar_input on cluster (jobid: 170, external: Your job 4236604 ("annovar_input") has been submitted, jobscript: /u/project/zarlab/jzou1115/CFW/MegaAnalysis_CFW_Code/confidence_interval_pipeline_pruned/.snakemake/tmp._l1wlk7e/snakejob.annovar_input.170.sh). For error details see the cluster log and the log files of the involved rule(s).
Submitted job 176 with external jobid 'Your job 4236618 ("annovar_input") has been submitted'.

[Sat Aug 29 11:24:51 2020]
rule annovar_input:
    input: /u/home/j/jzou1115/project-zarlab/CFW/confidence_interval_pipeline_out_pruned/finemapping/output/activity.begin.13.7632884_snps.txt, /u/home/j/jzou1115/project-zarlab/CFW/confidence_interval_pipeline_out_pruned/locuszoom/activity.begin.13.7632884_r2.txt
    output: /u/home/j/jzou1115/project-zarlab/CFW/confidence_interval_pipeline_out_pruned/finemapping/output/activity.begin.13.7632884_annovar_input.txt
    jobid: 156
    wildcards: q=activity.begin.13.7632884

Submitted job 156 with external jobid 'Your job 4236619 ("annovar_input") has been submitted'.

[Sat Aug 29 11:24:53 2020]
rule annovar_input:
    input: /u/home/j/jzou1115/project-zarlab/CFW/confidence_interval_pipeline_out_pruned/finemapping/output/bmd.5.23814155_snps.txt, /u/home/j/jzou1115/project-zarlab/CFW/confidence_interval_pipeline_out_pruned/locuszoom/bmd.5.23814155_r2.txt
    output: /u/home/j/jzou1115/project-zarlab/CFW/confidence_interval_pipeline_out_pruned/finemapping/output/bmd.5.23814155_annovar_input.txt
    jobid: 211
    wildcards: q=bmd.5.23814155

Submitted job 211 with external jobid 'Your job 4236620 ("annovar_input") has been submitted'.

[Sat Aug 29 11:24:54 2020]
rule annovar_input:
    input: /u/home/j/jzou1115/project-zarlab/CFW/confidence_interval_pipeline_out_pruned/finemapping/output/tibia.12.91722613_snps.txt, /u/home/j/jzou1115/project-zarlab/CFW/confidence_interval_pipeline_out_pruned/locuszoom/tibia.12.91722613_r2.txt
    output: /u/home/j/jzou1115/project-zarlab/CFW/confidence_interval_pipeline_out_pruned/finemapping/output/tibia.12.91722613_annovar_input.txt
    jobid: 245
    wildcards: q=tibia.12.91722613

Submitted job 245 with external jobid 'Your job 4236621 ("annovar_input") has been submitted'.

[Sat Aug 29 11:24:55 2020]
rule annovar_input:
    input: /u/home/j/jzou1115/project-zarlab/CFW/confidence_interval_pipeline_out_pruned/finemapping/output/activity.end.13.7101524_snps.txt, /u/home/j/jzou1115/project-zarlab/CFW/confidence_interval_pipeline_out_pruned/locuszoom/activity.end.13.7101524_r2.txt
    output: /u/home/j/jzou1115/project-zarlab/CFW/confidence_interval_pipeline_out_pruned/finemapping/output/activity.end.13.7101524_annovar_input.txt
    jobid: 165
    wildcards: q=activity.end.13.7101524

Submitted job 165 with external jobid 'Your job 4236622 ("annovar_input") has been submitted'.

[Sat Aug 29 11:24:57 2020]
rule annovar_input:
    input: /u/home/j/jzou1115/project-zarlab/CFW/confidence_interval_pipeline_out_pruned/finemapping/output/gastroc.11.88973192_snps.txt, /u/home/j/jzou1115/project-zarlab/CFW/confidence_interval_pipeline_out_pruned/locuszoom/gastroc.11.88973192_r2.txt
    output: /u/home/j/jzou1115/project-zarlab/CFW/confidence_interval_pipeline_out_pruned/finemapping/output/gastroc.11.88973192_annovar_input.txt
    jobid: 220
    wildcards: q=gastroc.11.88973192

Submitted job 220 with external jobid 'Your job 4236623 ("annovar_input") has been submitted'.

[Sat Aug 29 11:24:58 2020]
rule annovar_input:
    input: /u/home/j/jzou1115/project-zarlab/CFW/confidence_interval_pipeline_out_pruned/finemapping/output/tail.length.8.79338858_snps.txt, /u/home/j/jzou1115/project-zarlab/CFW/confidence_interval_pipeline_out_pruned/locuszoom/tail.length.8.79338858_r2.txt
    output: /u/home/j/jzou1115/project-zarlab/CFW/confidence_interval_pipeline_out_pruned/finemapping/output/tail.length.8.79338858_annovar_input.txt
    jobid: 236
    wildcards: q=tail.length.8.79338858

Submitted job 236 with external jobid 'Your job 4236624 ("annovar_input") has been submitted'.

[Sat Aug 29 11:25:00 2020]
rule annovar_input:
    input: /u/home/j/jzou1115/project-zarlab/CFW/confidence_interval_pipeline_out_pruned/finemapping/output/bmd.5.24922475_snps.txt, /u/home/j/jzou1115/project-zarlab/CFW/confidence_interval_pipeline_out_pruned/locuszoom/bmd.5.24922475_r2.txt
    output: /u/home/j/jzou1115/project-zarlab/CFW/confidence_interval_pipeline_out_pruned/finemapping/output/bmd.5.24922475_annovar_input.txt
    jobid: 212
    wildcards: q=bmd.5.24922475

Submitted job 212 with external jobid 'Your job 4236626 ("annovar_input") has been submitted'.

[Sat Aug 29 11:25:01 2020]
rule annovar_input:
    input: /u/home/j/jzou1115/project-zarlab/CFW/confidence_interval_pipeline_out_pruned/finemapping/output/EDL.2.83000091_snps.txt, /u/home/j/jzou1115/project-zarlab/CFW/confidence_interval_pipeline_out_pruned/locuszoom/EDL.2.83000091_r2.txt
    output: /u/home/j/jzou1115/project-zarlab/CFW/confidence_interval_pipeline_out_pruned/finemapping/output/EDL.2.83000091_annovar_input.txt
    jobid: 142
    wildcards: q=EDL.2.83000091

Submitted job 142 with external jobid 'Your job 4236627 ("annovar_input") has been submitted'.

[Sat Aug 29 11:25:02 2020]
rule annovar_input:
    input: /u/home/j/jzou1115/project-zarlab/CFW/confidence_interval_pipeline_out_pruned/finemapping/output/activity5.13.8155366_snps.txt, /u/home/j/jzou1115/project-zarlab/CFW/confidence_interval_pipeline_out_pruned/locuszoom/activity5.13.8155366_r2.txt
    output: /u/home/j/jzou1115/project-zarlab/CFW/confidence_interval_pipeline_out_pruned/finemapping/output/activity5.13.8155366_annovar_input.txt
    jobid: 193
    wildcards: q=activity5.13.8155366

[Sat Aug 29 11:25:03 2020]
Error in rule annovar_input:
    jobid: 167
    output: /u/home/j/jzou1115/project-zarlab/CFW/confidence_interval_pipeline_out_pruned/finemapping/output/activity.middle.11.93418604_annovar_input.txt
    cluster_jobid: Your job 4236606 ("annovar_input") has been submitted

Error executing rule annovar_input on cluster (jobid: 167, external: Your job 4236606 ("annovar_input") has been submitted, jobscript: /u/project/zarlab/jzou1115/CFW/MegaAnalysis_CFW_Code/confidence_interval_pipeline_pruned/.snakemake/tmp._l1wlk7e/snakejob.annovar_input.167.sh). For error details see the cluster log and the log files of the involved rule(s).
[Sat Aug 29 11:25:03 2020]
Error in rule annovar_input:
    jobid: 168
    output: /u/home/j/jzou1115/project-zarlab/CFW/confidence_interval_pipeline_out_pruned/finemapping/output/activity.middle.11.94054029_annovar_input.txt
    cluster_jobid: Your job 4236609 ("annovar_input") has been submitted

Error executing rule annovar_input on cluster (jobid: 168, external: Your job 4236609 ("annovar_input") has been submitted, jobscript: /u/project/zarlab/jzou1115/CFW/MegaAnalysis_CFW_Code/confidence_interval_pipeline_pruned/.snakemake/tmp._l1wlk7e/snakejob.annovar_input.168.sh). For error details see the cluster log and the log files of the involved rule(s).
Submitted job 193 with external jobid 'Your job 4236628 ("annovar_input") has been submitted'.

[Sat Aug 29 11:25:03 2020]
rule annovar_input:
    input: /u/home/j/jzou1115/project-zarlab/CFW/confidence_interval_pipeline_out_pruned/finemapping/output/basal.activity.13.6154389_snps.txt, /u/home/j/jzou1115/project-zarlab/CFW/confidence_interval_pipeline_out_pruned/locuszoom/basal.activity.13.6154389_r2.txt
    output: /u/home/j/jzou1115/project-zarlab/CFW/confidence_interval_pipeline_out_pruned/finemapping/output/basal.activity.13.6154389_annovar_input.txt
    jobid: 197
    wildcards: q=basal.activity.13.6154389

Submitted job 197 with external jobid 'Your job 4236629 ("annovar_input") has been submitted'.

[Sat Aug 29 11:25:05 2020]
rule annovar_input:
    input: /u/home/j/jzou1115/project-zarlab/CFW/confidence_interval_pipeline_out_pruned/finemapping/output/bmd.n.5.24920012_snps.txt, /u/home/j/jzou1115/project-zarlab/CFW/confidence_interval_pipeline_out_pruned/locuszoom/bmd.n.5.24920012_r2.txt
    output: /u/home/j/jzou1115/project-zarlab/CFW/confidence_interval_pipeline_out_pruned/finemapping/output/bmd.n.5.24920012_annovar_input.txt
    jobid: 218
    wildcards: q=bmd.n.5.24920012

Submitted job 218 with external jobid 'Your job 4236630 ("annovar_input") has been submitted'.

[Sat Aug 29 11:25:06 2020]
rule annovar_input:
    input: /u/home/j/jzou1115/project-zarlab/CFW/confidence_interval_pipeline_out_pruned/finemapping/output/weight.13.9217096_snps.txt, /u/home/j/jzou1115/project-zarlab/CFW/confidence_interval_pipeline_out_pruned/locuszoom/weight.13.9217096_r2.txt
    output: /u/home/j/jzou1115/project-zarlab/CFW/confidence_interval_pipeline_out_pruned/finemapping/output/weight.13.9217096_annovar_input.txt
    jobid: 264
    wildcards: q=weight.13.9217096

Submitted job 264 with external jobid 'Your job 4236631 ("annovar_input") has been submitted'.

[Sat Aug 29 11:25:07 2020]
rule annovar_input:
    input: /u/home/j/jzou1115/project-zarlab/CFW/confidence_interval_pipeline_out_pruned/finemapping/output/TA.13.9090078_snps.txt, /u/home/j/jzou1115/project-zarlab/CFW/confidence_interval_pipeline_out_pruned/locuszoom/TA.13.9090078_r2.txt
    output: /u/home/j/jzou1115/project-zarlab/CFW/confidence_interval_pipeline_out_pruned/finemapping/output/TA.13.9090078_annovar_input.txt
    jobid: 150
    wildcards: q=TA.13.9090078

Submitted job 150 with external jobid 'Your job 4236632 ("annovar_input") has been submitted'.

[Sat Aug 29 11:25:09 2020]
rule annovar_input:
    input: /u/home/j/jzou1115/project-zarlab/CFW/confidence_interval_pipeline_out_pruned/finemapping/output/activity.begin.2.153696216_snps.txt, /u/home/j/jzou1115/project-zarlab/CFW/confidence_interval_pipeline_out_pruned/locuszoom/activity.begin.2.153696216_r2.txt
    output: /u/home/j/jzou1115/project-zarlab/CFW/confidence_interval_pipeline_out_pruned/finemapping/output/activity.begin.2.153696216_annovar_input.txt
    jobid: 159
    wildcards: q=activity.begin.2.153696216

Submitted job 159 with external jobid 'Your job 4236633 ("annovar_input") has been submitted'.

[Sat Aug 29 11:25:10 2020]
rule annovar_input:
    input: /u/home/j/jzou1115/project-zarlab/CFW/confidence_interval_pipeline_out_pruned/finemapping/output/soleus.3.15783853_snps.txt, /u/home/j/jzou1115/project-zarlab/CFW/confidence_interval_pipeline_out_pruned/locuszoom/soleus.3.15783853_r2.txt
    output: /u/home/j/jzou1115/project-zarlab/CFW/confidence_interval_pipeline_out_pruned/finemapping/output/soleus.3.15783853_annovar_input.txt
    jobid: 233
    wildcards: q=soleus.3.15783853

Submitted job 233 with external jobid 'Your job 4236634 ("annovar_input") has been submitted'.

[Sat Aug 29 11:25:11 2020]
rule annovar_input:
    input: /u/home/j/jzou1115/project-zarlab/CFW/confidence_interval_pipeline_out_pruned/finemapping/output/tibia.5.40708978_snps.txt, /u/home/j/jzou1115/project-zarlab/CFW/confidence_interval_pipeline_out_pruned/locuszoom/tibia.5.40708978_r2.txt
    output: /u/home/j/jzou1115/project-zarlab/CFW/confidence_interval_pipeline_out_pruned/finemapping/output/tibia.5.40708978_annovar_input.txt
    jobid: 249
    wildcards: q=tibia.5.40708978

Submitted job 249 with external jobid 'Your job 4236635 ("annovar_input") has been submitted'.

[Sat Aug 29 11:25:12 2020]
rule annovar_input:
    input: /u/home/j/jzou1115/project-zarlab/CFW/confidence_interval_pipeline_out_pruned/finemapping/output/activity.middle.11.95651415_snps.txt, /u/home/j/jzou1115/project-zarlab/CFW/confidence_interval_pipeline_out_pruned/locuszoom/activity.middle.11.95651415_r2.txt
    output: /u/home/j/jzou1115/project-zarlab/CFW/confidence_interval_pipeline_out_pruned/finemapping/output/activity.middle.11.95651415_annovar_input.txt
    jobid: 169
    wildcards: q=activity.middle.11.95651415

Submitted job 169 with external jobid 'Your job 4236636 ("annovar_input") has been submitted'.

[Sat Aug 29 11:25:14 2020]
rule annovar_input:
    input: /u/home/j/jzou1115/project-zarlab/CFW/confidence_interval_pipeline_out_pruned/finemapping/output/weight.bmi.tibia.12.83323871_snps.txt, /u/home/j/jzou1115/project-zarlab/CFW/confidence_interval_pipeline_out_pruned/locuszoom/weight.bmi.tibia.12.83323871_r2.txt
    output: /u/home/j/jzou1115/project-zarlab/CFW/confidence_interval_pipeline_out_pruned/finemapping/output/weight.bmi.tibia.12.83323871_annovar_input.txt
    jobid: 258
    wildcards: q=weight.bmi.tibia.12.83323871

[Sat Aug 29 11:25:15 2020]
Error in rule annovar_input:
    jobid: 239
    output: /u/home/j/jzou1115/project-zarlab/CFW/confidence_interval_pipeline_out_pruned/finemapping/output/tibia.11.32268598_annovar_input.txt
    cluster_jobid: Your job 4236613 ("annovar_input") has been submitted

Error executing rule annovar_input on cluster (jobid: 239, external: Your job 4236613 ("annovar_input") has been submitted, jobscript: /u/project/zarlab/jzou1115/CFW/MegaAnalysis_CFW_Code/confidence_interval_pipeline_pruned/.snakemake/tmp._l1wlk7e/snakejob.annovar_input.239.sh). For error details see the cluster log and the log files of the involved rule(s).
[Sat Aug 29 11:25:15 2020]
Error in rule annovar_input:
    jobid: 181
    output: /u/home/j/jzou1115/project-zarlab/CFW/confidence_interval_pipeline_out_pruned/finemapping/output/activity.total.11.96653605_annovar_input.txt
    cluster_jobid: Your job 4236614 ("annovar_input") has been submitted

Error executing rule annovar_input on cluster (jobid: 181, external: Your job 4236614 ("annovar_input") has been submitted, jobscript: /u/project/zarlab/jzou1115/CFW/MegaAnalysis_CFW_Code/confidence_interval_pipeline_pruned/.snakemake/tmp._l1wlk7e/snakejob.annovar_input.181.sh). For error details see the cluster log and the log files of the involved rule(s).
Submitted job 258 with external jobid 'Your job 4236637 ("annovar_input") has been submitted'.

[Sat Aug 29 11:25:15 2020]
rule annovar_input:
    input: /u/home/j/jzou1115/project-zarlab/CFW/confidence_interval_pipeline_out_pruned/finemapping/output/activity.total.11.93418612_snps.txt, /u/home/j/jzou1115/project-zarlab/CFW/confidence_interval_pipeline_out_pruned/locuszoom/activity.total.11.93418612_r2.txt
    output: /u/home/j/jzou1115/project-zarlab/CFW/confidence_interval_pipeline_out_pruned/finemapping/output/activity.total.11.93418612_annovar_input.txt
    jobid: 179
    wildcards: q=activity.total.11.93418612

Submitted job 179 with external jobid 'Your job 4236638 ("annovar_input") has been submitted'.

[Sat Aug 29 11:25:16 2020]
rule annovar_input:
    input: /u/home/j/jzou1115/project-zarlab/CFW/confidence_interval_pipeline_out_pruned/finemapping/output/weight.bmi.tibia.13.5655594_snps.txt, /u/home/j/jzou1115/project-zarlab/CFW/confidence_interval_pipeline_out_pruned/locuszoom/weight.bmi.tibia.13.5655594_r2.txt
    output: /u/home/j/jzou1115/project-zarlab/CFW/confidence_interval_pipeline_out_pruned/finemapping/output/weight.bmi.tibia.13.5655594_annovar_input.txt
    jobid: 259
    wildcards: q=weight.bmi.tibia.13.5655594

Submitted job 259 with external jobid 'Your job 4236639 ("annovar_input") has been submitted'.

[Sat Aug 29 11:25:17 2020]
rule annovar_input:
    input: /u/home/j/jzou1115/project-zarlab/CFW/confidence_interval_pipeline_out_pruned/finemapping/output/weight.bmi.tibia.17.34013675_snps.txt, /u/home/j/jzou1115/project-zarlab/CFW/confidence_interval_pipeline_out_pruned/locuszoom/weight.bmi.tibia.17.34013675_r2.txt
    output: /u/home/j/jzou1115/project-zarlab/CFW/confidence_interval_pipeline_out_pruned/finemapping/output/weight.bmi.tibia.17.34013675_annovar_input.txt
    jobid: 261
    wildcards: q=weight.bmi.tibia.17.34013675

Submitted job 261 with external jobid 'Your job 4236640 ("annovar_input") has been submitted'.

[Sat Aug 29 11:25:19 2020]
rule annovar_input:
    input: /u/home/j/jzou1115/project-zarlab/CFW/confidence_interval_pipeline_out_pruned/finemapping/output/activity.begin.2.89917236_snps.txt, /u/home/j/jzou1115/project-zarlab/CFW/confidence_interval_pipeline_out_pruned/locuszoom/activity.begin.2.89917236_r2.txt
    output: /u/home/j/jzou1115/project-zarlab/CFW/confidence_interval_pipeline_out_pruned/finemapping/output/activity.begin.2.89917236_annovar_input.txt
    jobid: 160
    wildcards: q=activity.begin.2.89917236

Submitted job 160 with external jobid 'Your job 4236641 ("annovar_input") has been submitted'.

[Sat Aug 29 11:25:20 2020]
rule annovar_input:
    input: /u/home/j/jzou1115/project-zarlab/CFW/confidence_interval_pipeline_out_pruned/finemapping/output/activity.begin.13.8153523_snps.txt, /u/home/j/jzou1115/project-zarlab/CFW/confidence_interval_pipeline_out_pruned/locuszoom/activity.begin.13.8153523_r2.txt
    output: /u/home/j/jzou1115/project-zarlab/CFW/confidence_interval_pipeline_out_pruned/finemapping/output/activity.begin.13.8153523_annovar_input.txt
    jobid: 157
    wildcards: q=activity.begin.13.8153523

Submitted job 157 with external jobid 'Your job 4236642 ("annovar_input") has been submitted'.

[Sat Aug 29 11:25:21 2020]
rule annovar_input:
    input: /u/home/j/jzou1115/project-zarlab/CFW/confidence_interval_pipeline_out_pruned/finemapping/output/basal.activity.11.95673447_snps.txt, /u/home/j/jzou1115/project-zarlab/CFW/confidence_interval_pipeline_out_pruned/locuszoom/basal.activity.11.95673447_r2.txt
    output: /u/home/j/jzou1115/project-zarlab/CFW/confidence_interval_pipeline_out_pruned/finemapping/output/basal.activity.11.95673447_annovar_input.txt
    jobid: 194
    wildcards: q=basal.activity.11.95673447

Submitted job 194 with external jobid 'Your job 4236643 ("annovar_input") has been submitted'.

[Sat Aug 29 11:25:23 2020]
rule annovar_input:
    input: /u/home/j/jzou1115/project-zarlab/CFW/confidence_interval_pipeline_out_pruned/finemapping/output/bmd.n.5.23815043_snps.txt, /u/home/j/jzou1115/project-zarlab/CFW/confidence_interval_pipeline_out_pruned/locuszoom/bmd.n.5.23815043_r2.txt
    output: /u/home/j/jzou1115/project-zarlab/CFW/confidence_interval_pipeline_out_pruned/finemapping/output/bmd.n.5.23815043_annovar_input.txt
    jobid: 217
    wildcards: q=bmd.n.5.23815043

Submitted job 217 with external jobid 'Your job 4236644 ("annovar_input") has been submitted'.

[Sat Aug 29 11:25:24 2020]
rule annovar_input:
    input: /u/home/j/jzou1115/project-zarlab/CFW/confidence_interval_pipeline_out_pruned/finemapping/output/soleus.6.15600158_snps.txt, /u/home/j/jzou1115/project-zarlab/CFW/confidence_interval_pipeline_out_pruned/locuszoom/soleus.6.15600158_r2.txt
    output: /u/home/j/jzou1115/project-zarlab/CFW/confidence_interval_pipeline_out_pruned/finemapping/output/soleus.6.15600158_annovar_input.txt
    jobid: 234
    wildcards: q=soleus.6.15600158

Submitted job 234 with external jobid 'Your job 4236645 ("annovar_input") has been submitted'.

[Sat Aug 29 11:25:25 2020]
rule annovar_input:
    input: /u/home/j/jzou1115/project-zarlab/CFW/confidence_interval_pipeline_out_pruned/finemapping/output/plantaris.9.87855594_snps.txt, /u/home/j/jzou1115/project-zarlab/CFW/confidence_interval_pipeline_out_pruned/locuszoom/plantaris.9.87855594_r2.txt
    output: /u/home/j/jzou1115/project-zarlab/CFW/confidence_interval_pipeline_out_pruned/finemapping/output/plantaris.9.87855594_annovar_input.txt
    jobid: 228
    wildcards: q=plantaris.9.87855594

[Sat Aug 29 11:25:27 2020]
Error in rule annovar_input:
    jobid: 142
    output: /u/home/j/jzou1115/project-zarlab/CFW/confidence_interval_pipeline_out_pruned/finemapping/output/EDL.2.83000091_annovar_input.txt
    cluster_jobid: Your job 4236627 ("annovar_input") has been submitted

Error executing rule annovar_input on cluster (jobid: 142, external: Your job 4236627 ("annovar_input") has been submitted, jobscript: /u/project/zarlab/jzou1115/CFW/MegaAnalysis_CFW_Code/confidence_interval_pipeline_pruned/.snakemake/tmp._l1wlk7e/snakejob.annovar_input.142.sh). For error details see the cluster log and the log files of the involved rule(s).
[Sat Aug 29 11:25:27 2020]
Error in rule annovar_input:
    jobid: 176
    output: /u/home/j/jzou1115/project-zarlab/CFW/confidence_interval_pipeline_out_pruned/finemapping/output/activity.middle.2.153760436_annovar_input.txt
    cluster_jobid: Your job 4236618 ("annovar_input") has been submitted

Error executing rule annovar_input on cluster (jobid: 176, external: Your job 4236618 ("annovar_input") has been submitted, jobscript: /u/project/zarlab/jzou1115/CFW/MegaAnalysis_CFW_Code/confidence_interval_pipeline_pruned/.snakemake/tmp._l1wlk7e/snakejob.annovar_input.176.sh). For error details see the cluster log and the log files of the involved rule(s).
Waiting at most 600 seconds for missing files.
Submitted job 228 with external jobid 'Your job 4236646 ("annovar_input") has been submitted'.

[Sat Aug 29 11:25:27 2020]
rule annovar_input:
    input: /u/home/j/jzou1115/project-zarlab/CFW/confidence_interval_pipeline_out_pruned/finemapping/output/bmd.n.18.38930957_snps.txt, /u/home/j/jzou1115/project-zarlab/CFW/confidence_interval_pipeline_out_pruned/locuszoom/bmd.n.18.38930957_r2.txt
    output: /u/home/j/jzou1115/project-zarlab/CFW/confidence_interval_pipeline_out_pruned/finemapping/output/bmd.n.18.38930957_annovar_input.txt
    jobid: 216
    wildcards: q=bmd.n.18.38930957

Submitted job 216 with external jobid 'Your job 4236647 ("annovar_input") has been submitted'.

[Sat Aug 29 11:25:28 2020]
rule annovar_input:
    input: /u/home/j/jzou1115/project-zarlab/CFW/confidence_interval_pipeline_out_pruned/finemapping/output/bmd.11.96912238_snps.txt, /u/home/j/jzou1115/project-zarlab/CFW/confidence_interval_pipeline_out_pruned/locuszoom/bmd.11.96912238_r2.txt
    output: /u/home/j/jzou1115/project-zarlab/CFW/confidence_interval_pipeline_out_pruned/finemapping/output/bmd.11.96912238_annovar_input.txt
    jobid: 207
    wildcards: q=bmd.11.96912238

Submitted job 207 with external jobid 'Your job 4236648 ("annovar_input") has been submitted'.

[Sat Aug 29 11:25:29 2020]
rule annovar_input:
    input: /u/home/j/jzou1115/project-zarlab/CFW/confidence_interval_pipeline_out_pruned/finemapping/output/tibia.6.145481081_snps.txt, /u/home/j/jzou1115/project-zarlab/CFW/confidence_interval_pipeline_out_pruned/locuszoom/tibia.6.145481081_r2.txt
    output: /u/home/j/jzou1115/project-zarlab/CFW/confidence_interval_pipeline_out_pruned/finemapping/output/tibia.6.145481081_annovar_input.txt
    jobid: 250
    wildcards: q=tibia.6.145481081

Submitted job 250 with external jobid 'Your job 4236649 ("annovar_input") has been submitted'.

[Sat Aug 29 11:25:30 2020]
rule annovar_input:
    input: /u/home/j/jzou1115/project-zarlab/CFW/confidence_interval_pipeline_out_pruned/finemapping/output/weight.17.37094289_snps.txt, /u/home/j/jzou1115/project-zarlab/CFW/confidence_interval_pipeline_out_pruned/locuszoom/weight.17.37094289_r2.txt
    output: /u/home/j/jzou1115/project-zarlab/CFW/confidence_interval_pipeline_out_pruned/finemapping/output/weight.17.37094289_annovar_input.txt
    jobid: 267
    wildcards: q=weight.17.37094289

Submitted job 267 with external jobid 'Your job 4236650 ("annovar_input") has been submitted'.

[Sat Aug 29 11:25:32 2020]
rule annovar_input:
    input: /u/home/j/jzou1115/project-zarlab/CFW/confidence_interval_pipeline_out_pruned/finemapping/output/bmd.11.100053320_snps.txt, /u/home/j/jzou1115/project-zarlab/CFW/confidence_interval_pipeline_out_pruned/locuszoom/bmd.11.100053320_r2.txt
    output: /u/home/j/jzou1115/project-zarlab/CFW/confidence_interval_pipeline_out_pruned/finemapping/output/bmd.11.100053320_annovar_input.txt
    jobid: 203
    wildcards: q=bmd.11.100053320

Submitted job 203 with external jobid 'Your job 4236651 ("annovar_input") has been submitted'.

[Sat Aug 29 11:25:33 2020]
rule annovar_input:
    input: /u/home/j/jzou1115/project-zarlab/CFW/confidence_interval_pipeline_out_pruned/finemapping/output/gastroc.12.83517483_snps.txt, /u/home/j/jzou1115/project-zarlab/CFW/confidence_interval_pipeline_out_pruned/locuszoom/gastroc.12.83517483_r2.txt
    output: /u/home/j/jzou1115/project-zarlab/CFW/confidence_interval_pipeline_out_pruned/finemapping/output/gastroc.12.83517483_annovar_input.txt
    jobid: 221
    wildcards: q=gastroc.12.83517483

Submitted job 221 with external jobid 'Your job 4236652 ("annovar_input") has been submitted'.

[Sat Aug 29 11:25:34 2020]
rule annovar_input:
    input: /u/home/j/jzou1115/project-zarlab/CFW/confidence_interval_pipeline_out_pruned/finemapping/output/tibia.9.85054834_snps.txt, /u/home/j/jzou1115/project-zarlab/CFW/confidence_interval_pipeline_out_pruned/locuszoom/tibia.9.85054834_r2.txt
    output: /u/home/j/jzou1115/project-zarlab/CFW/confidence_interval_pipeline_out_pruned/finemapping/output/tibia.9.85054834_annovar_input.txt
    jobid: 257
    wildcards: q=tibia.9.85054834

Submitted job 257 with external jobid 'Your job 4236653 ("annovar_input") has been submitted'.

[Sat Aug 29 11:25:36 2020]
rule annovar_input:
    input: /u/home/j/jzou1115/project-zarlab/CFW/confidence_interval_pipeline_out_pruned/finemapping/output/bmd.a.11.94758993_snps.txt, /u/home/j/jzou1115/project-zarlab/CFW/confidence_interval_pipeline_out_pruned/locuszoom/bmd.a.11.94758993_r2.txt
    output: /u/home/j/jzou1115/project-zarlab/CFW/confidence_interval_pipeline_out_pruned/finemapping/output/bmd.a.11.94758993_annovar_input.txt
    jobid: 200
    wildcards: q=bmd.a.11.94758993

Submitted job 200 with external jobid 'Your job 4236654 ("annovar_input") has been submitted'.

[Sat Aug 29 11:25:37 2020]
rule annovar_input:
    input: /u/home/j/jzou1115/project-zarlab/CFW/confidence_interval_pipeline_out_pruned/finemapping/output/bmd.15.86382123_snps.txt, /u/home/j/jzou1115/project-zarlab/CFW/confidence_interval_pipeline_out_pruned/locuszoom/bmd.15.86382123_r2.txt
    output: /u/home/j/jzou1115/project-zarlab/CFW/confidence_interval_pipeline_out_pruned/finemapping/output/bmd.15.86382123_annovar_input.txt
    jobid: 208
    wildcards: q=bmd.15.86382123

Submitted job 208 with external jobid 'Your job 4236655 ("annovar_input") has been submitted'.

[Sat Aug 29 11:25:39 2020]
rule annovar_input:
    input: /u/home/j/jzou1115/project-zarlab/CFW/confidence_interval_pipeline_out_pruned/finemapping/output/activity.middle.9.81879809_snps.txt, /u/home/j/jzou1115/project-zarlab/CFW/confidence_interval_pipeline_out_pruned/locuszoom/activity.middle.9.81879809_r2.txt
    output: /u/home/j/jzou1115/project-zarlab/CFW/confidence_interval_pipeline_out_pruned/finemapping/output/activity.middle.9.81879809_annovar_input.txt
    jobid: 178
    wildcards: q=activity.middle.9.81879809

Submitted job 178 with external jobid 'Your job 4236656 ("annovar_input") has been submitted'.

[Sat Aug 29 11:25:40 2020]
rule annovar_input:
    input: /u/home/j/jzou1115/project-zarlab/CFW/confidence_interval_pipeline_out_pruned/finemapping/output/EDL.2.80039850_snps.txt, /u/home/j/jzou1115/project-zarlab/CFW/confidence_interval_pipeline_out_pruned/locuszoom/EDL.2.80039850_r2.txt
    output: /u/home/j/jzou1115/project-zarlab/CFW/confidence_interval_pipeline_out_pruned/finemapping/output/EDL.2.80039850_annovar_input.txt
    jobid: 141
    wildcards: q=EDL.2.80039850

Submitted job 141 with external jobid 'Your job 4236657 ("annovar_input") has been submitted'.

[Sat Aug 29 11:25:41 2020]
rule annovar_input:
    input: /u/home/j/jzou1115/project-zarlab/CFW/confidence_interval_pipeline_out_pruned/finemapping/output/activity.begin.11.96964818_snps.txt, /u/home/j/jzou1115/project-zarlab/CFW/confidence_interval_pipeline_out_pruned/locuszoom/activity.begin.11.96964818_r2.txt
    output: /u/home/j/jzou1115/project-zarlab/CFW/confidence_interval_pipeline_out_pruned/finemapping/output/activity.begin.11.96964818_annovar_input.txt
    jobid: 155
    wildcards: q=activity.begin.11.96964818

Submitted job 155 with external jobid 'Your job 4236658 ("annovar_input") has been submitted'.

[Sat Aug 29 11:25:43 2020]
rule annovar_input:
    input: /u/home/j/jzou1115/project-zarlab/CFW/confidence_interval_pipeline_out_pruned/finemapping/output/activity.end.11.95636638_snps.txt, /u/home/j/jzou1115/project-zarlab/CFW/confidence_interval_pipeline_out_pruned/locuszoom/activity.end.11.95636638_r2.txt
    output: /u/home/j/jzou1115/project-zarlab/CFW/confidence_interval_pipeline_out_pruned/finemapping/output/activity.end.11.95636638_annovar_input.txt
    jobid: 161
    wildcards: q=activity.end.11.95636638

Submitted job 161 with external jobid 'Your job 4236659 ("annovar_input") has been submitted'.

[Sat Aug 29 11:25:44 2020]
rule annovar_input:
    input: /u/home/j/jzou1115/project-zarlab/CFW/confidence_interval_pipeline_out_pruned/finemapping/output/basal.activity.13.8209788_snps.txt, /u/home/j/jzou1115/project-zarlab/CFW/confidence_interval_pipeline_out_pruned/locuszoom/basal.activity.13.8209788_r2.txt
    output: /u/home/j/jzou1115/project-zarlab/CFW/confidence_interval_pipeline_out_pruned/finemapping/output/basal.activity.13.8209788_annovar_input.txt
    jobid: 199
    wildcards: q=basal.activity.13.8209788

Submitted job 199 with external jobid 'Your job 4236660 ("annovar_input") has been submitted'.

[Sat Aug 29 11:25:45 2020]
rule annovar_input:
    input: /u/home/j/jzou1115/project-zarlab/CFW/confidence_interval_pipeline_out_pruned/finemapping/output/basal.activity.13.7101524_snps.txt, /u/home/j/jzou1115/project-zarlab/CFW/confidence_interval_pipeline_out_pruned/locuszoom/basal.activity.13.7101524_r2.txt
    output: /u/home/j/jzou1115/project-zarlab/CFW/confidence_interval_pipeline_out_pruned/finemapping/output/basal.activity.13.7101524_annovar_input.txt
    jobid: 198
    wildcards: q=basal.activity.13.7101524

Submitted job 198 with external jobid 'Your job 4236661 ("annovar_input") has been submitted'.

[Sat Aug 29 11:25:47 2020]
rule annovar_input:
    input: /u/home/j/jzou1115/project-zarlab/CFW/confidence_interval_pipeline_out_pruned/finemapping/output/bmd.18.38659321_snps.txt, /u/home/j/jzou1115/project-zarlab/CFW/confidence_interval_pipeline_out_pruned/locuszoom/bmd.18.38659321_r2.txt
    output: /u/home/j/jzou1115/project-zarlab/CFW/confidence_interval_pipeline_out_pruned/finemapping/output/bmd.18.38659321_annovar_input.txt
    jobid: 209
    wildcards: q=bmd.18.38659321

Submitted job 209 with external jobid 'Your job 4236662 ("annovar_input") has been submitted'.

[Sat Aug 29 11:25:48 2020]
rule annovar_input:
    input: /u/home/j/jzou1115/project-zarlab/CFW/confidence_interval_pipeline_out_pruned/finemapping/output/activity.total.11.95651415_snps.txt, /u/home/j/jzou1115/project-zarlab/CFW/confidence_interval_pipeline_out_pruned/locuszoom/activity.total.11.95651415_r2.txt
    output: /u/home/j/jzou1115/project-zarlab/CFW/confidence_interval_pipeline_out_pruned/finemapping/output/activity.total.11.95651415_annovar_input.txt
    jobid: 180
    wildcards: q=activity.total.11.95651415

Submitted job 180 with external jobid 'Your job 4236663 ("annovar_input") has been submitted'.

[Sat Aug 29 11:25:49 2020]
rule annovar_input:
    input: /u/home/j/jzou1115/project-zarlab/CFW/confidence_interval_pipeline_out_pruned/finemapping/output/activity30.13.8139647_snps.txt, /u/home/j/jzou1115/project-zarlab/CFW/confidence_interval_pipeline_out_pruned/locuszoom/activity30.13.8139647_r2.txt
    output: /u/home/j/jzou1115/project-zarlab/CFW/confidence_interval_pipeline_out_pruned/finemapping/output/activity30.13.8139647_annovar_input.txt
    jobid: 192
    wildcards: q=activity30.13.8139647

Submitted job 192 with external jobid 'Your job 4236664 ("annovar_input") has been submitted'.

[Sat Aug 29 11:25:51 2020]
rule annovar_input:
    input: /u/home/j/jzou1115/project-zarlab/CFW/confidence_interval_pipeline_out_pruned/finemapping/output/plantaris.4.85394581_snps.txt, /u/home/j/jzou1115/project-zarlab/CFW/confidence_interval_pipeline_out_pruned/locuszoom/plantaris.4.85394581_r2.txt
    output: /u/home/j/jzou1115/project-zarlab/CFW/confidence_interval_pipeline_out_pruned/finemapping/output/plantaris.4.85394581_annovar_input.txt
    jobid: 227
    wildcards: q=plantaris.4.85394581

Submitted job 227 with external jobid 'Your job 4236665 ("annovar_input") has been submitted'.

[Sat Aug 29 11:25:52 2020]
rule annovar_input:
    input: /u/home/j/jzou1115/project-zarlab/CFW/confidence_interval_pipeline_out_pruned/finemapping/output/EDL.2.78722881_snps.txt, /u/home/j/jzou1115/project-zarlab/CFW/confidence_interval_pipeline_out_pruned/locuszoom/EDL.2.78722881_r2.txt
    output: /u/home/j/jzou1115/project-zarlab/CFW/confidence_interval_pipeline_out_pruned/finemapping/output/EDL.2.78722881_annovar_input.txt
    jobid: 140
    wildcards: q=EDL.2.78722881

Submitted job 140 with external jobid 'Your job 4236666 ("annovar_input") has been submitted'.
[Sat Aug 29 11:26:13 2020]
Finished job 210.
1 of 74 steps (1%) done
[Sat Aug 29 11:26:13 2020]
Finished job 266.
2 of 74 steps (3%) done
[Sat Aug 29 11:26:14 2020]
Finished job 185.
3 of 74 steps (4%) done
[Sat Aug 29 11:26:14 2020]
Finished job 215.
4 of 74 steps (5%) done
[Sat Aug 29 11:26:14 2020]
Finished job 190.
5 of 74 steps (7%) done
[Sat Aug 29 11:26:14 2020]
Finished job 229.
6 of 74 steps (8%) done
[Sat Aug 29 11:26:14 2020]
Finished job 225.
7 of 74 steps (9%) done
[Sat Aug 29 11:26:14 2020]
Finished job 230.
8 of 74 steps (11%) done
[Sat Aug 29 11:26:14 2020]
Finished job 224.
9 of 74 steps (12%) done
[Sat Aug 29 11:26:14 2020]
Finished job 265.
10 of 74 steps (14%) done
[Sat Aug 29 11:26:14 2020]
Finished job 143.
11 of 74 steps (15%) done
[Sat Aug 29 11:26:14 2020]
Finished job 147.
12 of 74 steps (16%) done
[Sat Aug 29 11:26:15 2020]
Finished job 189.
13 of 74 steps (18%) done
[Sat Aug 29 11:26:15 2020]
Finished job 158.
14 of 74 steps (19%) done
[Sat Aug 29 11:26:15 2020]
Finished job 156.
15 of 74 steps (20%) done
[Sat Aug 29 11:26:15 2020]
Finished job 211.
16 of 74 steps (22%) done
[Sat Aug 29 11:26:15 2020]
Finished job 245.
17 of 74 steps (23%) done
[Sat Aug 29 11:26:15 2020]
Finished job 236.
18 of 74 steps (24%) done
[Sat Aug 29 11:26:15 2020]
Finished job 212.
19 of 74 steps (26%) done
[Sat Aug 29 11:26:16 2020]
Error in rule annovar_input:
    jobid: 218
    output: /u/home/j/jzou1115/project-zarlab/CFW/confidence_interval_pipeline_out_pruned/finemapping/output/bmd.n.5.24920012_annovar_input.txt
    cluster_jobid: Your job 4236630 ("annovar_input") has been submitted

Error executing rule annovar_input on cluster (jobid: 218, external: Your job 4236630 ("annovar_input") has been submitted, jobscript: /u/project/zarlab/jzou1115/CFW/MegaAnalysis_CFW_Code/confidence_interval_pipeline_pruned/.snakemake/tmp._l1wlk7e/snakejob.annovar_input.218.sh). For error details see the cluster log and the log files of the involved rule(s).
[Sat Aug 29 11:26:16 2020]
Error in rule annovar_input:
    jobid: 264
    output: /u/home/j/jzou1115/project-zarlab/CFW/confidence_interval_pipeline_out_pruned/finemapping/output/weight.13.9217096_annovar_input.txt
    cluster_jobid: Your job 4236631 ("annovar_input") has been submitted

Error executing rule annovar_input on cluster (jobid: 264, external: Your job 4236631 ("annovar_input") has been submitted, jobscript: /u/project/zarlab/jzou1115/CFW/MegaAnalysis_CFW_Code/confidence_interval_pipeline_pruned/.snakemake/tmp._l1wlk7e/snakejob.annovar_input.264.sh). For error details see the cluster log and the log files of the involved rule(s).
[Sat Aug 29 11:26:16 2020]
Error in rule annovar_input:
    jobid: 159
    output: /u/home/j/jzou1115/project-zarlab/CFW/confidence_interval_pipeline_out_pruned/finemapping/output/activity.begin.2.153696216_annovar_input.txt
    cluster_jobid: Your job 4236633 ("annovar_input") has been submitted

Error executing rule annovar_input on cluster (jobid: 159, external: Your job 4236633 ("annovar_input") has been submitted, jobscript: /u/project/zarlab/jzou1115/CFW/MegaAnalysis_CFW_Code/confidence_interval_pipeline_pruned/.snakemake/tmp._l1wlk7e/snakejob.annovar_input.159.sh). For error details see the cluster log and the log files of the involved rule(s).
[Sat Aug 29 11:26:16 2020]
Finished job 233.
20 of 74 steps (27%) done
[Sat Aug 29 11:26:17 2020]
Error in rule annovar_input:
    jobid: 169
    output: /u/home/j/jzou1115/project-zarlab/CFW/confidence_interval_pipeline_out_pruned/finemapping/output/activity.middle.11.95651415_annovar_input.txt
    cluster_jobid: Your job 4236636 ("annovar_input") has been submitted

Error executing rule annovar_input on cluster (jobid: 169, external: Your job 4236636 ("annovar_input") has been submitted, jobscript: /u/project/zarlab/jzou1115/CFW/MegaAnalysis_CFW_Code/confidence_interval_pipeline_pruned/.snakemake/tmp._l1wlk7e/snakejob.annovar_input.169.sh). For error details see the cluster log and the log files of the involved rule(s).
[Sat Aug 29 11:26:17 2020]
Error in rule annovar_input:
    jobid: 259
    output: /u/home/j/jzou1115/project-zarlab/CFW/confidence_interval_pipeline_out_pruned/finemapping/output/weight.bmi.tibia.13.5655594_annovar_input.txt
    cluster_jobid: Your job 4236639 ("annovar_input") has been submitted

Error executing rule annovar_input on cluster (jobid: 259, external: Your job 4236639 ("annovar_input") has been submitted, jobscript: /u/project/zarlab/jzou1115/CFW/MegaAnalysis_CFW_Code/confidence_interval_pipeline_pruned/.snakemake/tmp._l1wlk7e/snakejob.annovar_input.259.sh). For error details see the cluster log and the log files of the involved rule(s).
[Sat Aug 29 11:26:18 2020]
Finished job 157.
21 of 74 steps (28%) done
[Sat Aug 29 11:26:18 2020]
Finished job 194.
22 of 74 steps (30%) done
[Sat Aug 29 11:26:18 2020]
Error in rule annovar_input:
    jobid: 217
    output: /u/home/j/jzou1115/project-zarlab/CFW/confidence_interval_pipeline_out_pruned/finemapping/output/bmd.n.5.23815043_annovar_input.txt
    cluster_jobid: Your job 4236644 ("annovar_input") has been submitted

Error executing rule annovar_input on cluster (jobid: 217, external: Your job 4236644 ("annovar_input") has been submitted, jobscript: /u/project/zarlab/jzou1115/CFW/MegaAnalysis_CFW_Code/confidence_interval_pipeline_pruned/.snakemake/tmp._l1wlk7e/snakejob.annovar_input.217.sh). For error details see the cluster log and the log files of the involved rule(s).
[Sat Aug 29 11:26:28 2020]
Finished job 228.
23 of 74 steps (31%) done
[Sat Aug 29 11:26:28 2020]
Finished job 216.
24 of 74 steps (32%) done
[Sat Aug 29 11:26:28 2020]
Finished job 207.
25 of 74 steps (34%) done
[Sat Aug 29 11:26:28 2020]
Finished job 267.
26 of 74 steps (35%) done
[Sat Aug 29 11:26:28 2020]
Finished job 257.
27 of 74 steps (36%) done
[Sat Aug 29 11:26:29 2020]
Error in rule annovar_input:
    jobid: 141
    output: /u/home/j/jzou1115/project-zarlab/CFW/confidence_interval_pipeline_out_pruned/finemapping/output/EDL.2.80039850_annovar_input.txt
    cluster_jobid: Your job 4236657 ("annovar_input") has been submitted

Error executing rule annovar_input on cluster (jobid: 141, external: Your job 4236657 ("annovar_input") has been submitted, jobscript: /u/project/zarlab/jzou1115/CFW/MegaAnalysis_CFW_Code/confidence_interval_pipeline_pruned/.snakemake/tmp._l1wlk7e/snakejob.annovar_input.141.sh). For error details see the cluster log and the log files of the involved rule(s).
[Sat Aug 29 11:26:29 2020]
Error in rule annovar_input:
    jobid: 155
    output: /u/home/j/jzou1115/project-zarlab/CFW/confidence_interval_pipeline_out_pruned/finemapping/output/activity.begin.11.96964818_annovar_input.txt
    cluster_jobid: Your job 4236658 ("annovar_input") has been submitted

Error executing rule annovar_input on cluster (jobid: 155, external: Your job 4236658 ("annovar_input") has been submitted, jobscript: /u/project/zarlab/jzou1115/CFW/MegaAnalysis_CFW_Code/confidence_interval_pipeline_pruned/.snakemake/tmp._l1wlk7e/snakejob.annovar_input.155.sh). For error details see the cluster log and the log files of the involved rule(s).
[Sat Aug 29 11:26:29 2020]
Error in rule annovar_input:
    jobid: 180
    output: /u/home/j/jzou1115/project-zarlab/CFW/confidence_interval_pipeline_out_pruned/finemapping/output/activity.total.11.95651415_annovar_input.txt
    cluster_jobid: Your job 4236663 ("annovar_input") has been submitted

Error executing rule annovar_input on cluster (jobid: 180, external: Your job 4236663 ("annovar_input") has been submitted, jobscript: /u/project/zarlab/jzou1115/CFW/MegaAnalysis_CFW_Code/confidence_interval_pipeline_pruned/.snakemake/tmp._l1wlk7e/snakejob.annovar_input.180.sh). For error details see the cluster log and the log files of the involved rule(s).
[Sat Aug 29 11:26:30 2020]
Error in rule annovar_input:
    jobid: 140
    output: /u/home/j/jzou1115/project-zarlab/CFW/confidence_interval_pipeline_out_pruned/finemapping/output/EDL.2.78722881_annovar_input.txt
    cluster_jobid: Your job 4236666 ("annovar_input") has been submitted

Error executing rule annovar_input on cluster (jobid: 140, external: Your job 4236666 ("annovar_input") has been submitted, jobscript: /u/project/zarlab/jzou1115/CFW/MegaAnalysis_CFW_Code/confidence_interval_pipeline_pruned/.snakemake/tmp._l1wlk7e/snakejob.annovar_input.140.sh). For error details see the cluster log and the log files of the involved rule(s).
[Sat Aug 29 11:26:30 2020]
Finished job 258.
28 of 74 steps (38%) done
[Sat Aug 29 11:26:30 2020]
Error in rule annovar_input:
    jobid: 179
    output: /u/home/j/jzou1115/project-zarlab/CFW/confidence_interval_pipeline_out_pruned/finemapping/output/activity.total.11.93418612_annovar_input.txt
    cluster_jobid: Your job 4236638 ("annovar_input") has been submitted

Error executing rule annovar_input on cluster (jobid: 179, external: Your job 4236638 ("annovar_input") has been submitted, jobscript: /u/project/zarlab/jzou1115/CFW/MegaAnalysis_CFW_Code/confidence_interval_pipeline_pruned/.snakemake/tmp._l1wlk7e/snakejob.annovar_input.179.sh). For error details see the cluster log and the log files of the involved rule(s).
[Sat Aug 29 11:26:30 2020]
Finished job 193.
29 of 74 steps (39%) done
[Sat Aug 29 11:26:30 2020]
Finished job 152.
30 of 74 steps (41%) done
[Sat Aug 29 11:26:30 2020]
Finished job 145.
31 of 74 steps (42%) done
[Sat Aug 29 11:26:30 2020]
Finished job 165.
32 of 74 steps (43%) done
[Sat Aug 29 11:26:30 2020]
Finished job 220.
33 of 74 steps (45%) done
[Sat Aug 29 11:26:30 2020]
Finished job 197.
34 of 74 steps (46%) done
[Sat Aug 29 11:26:30 2020]
Finished job 150.
35 of 74 steps (47%) done
[Sat Aug 29 11:26:31 2020]
Finished job 249.
36 of 74 steps (49%) done
[Sat Aug 29 11:26:31 2020]
Finished job 261.
37 of 74 steps (50%) done
[Sat Aug 29 11:26:41 2020]
Finished job 250.
38 of 74 steps (51%) done
[Sat Aug 29 11:26:41 2020]
Finished job 208.
39 of 74 steps (53%) done
[Sat Aug 29 11:26:41 2020]
Finished job 178.
40 of 74 steps (54%) done
[Sat Aug 29 11:26:41 2020]
Finished job 209.
41 of 74 steps (55%) done
[Sat Aug 29 11:26:43 2020]
Finished job 234.
42 of 74 steps (57%) done
[Sat Aug 29 11:27:13 2020]
Finished job 203.
43 of 74 steps (58%) done
[Sat Aug 29 11:27:13 2020]
Finished job 221.
44 of 74 steps (59%) done
[Sat Aug 29 11:27:13 2020]
Finished job 200.
45 of 74 steps (61%) done
[Sat Aug 29 11:27:13 2020]
Finished job 161.
46 of 74 steps (62%) done
[Sat Aug 29 11:27:13 2020]
Finished job 199.
47 of 74 steps (64%) done
[Sat Aug 29 11:27:13 2020]
Finished job 198.
48 of 74 steps (65%) done
[Sat Aug 29 11:27:13 2020]
Finished job 192.
49 of 74 steps (66%) done
[Sat Aug 29 11:27:13 2020]
Finished job 227.
50 of 74 steps (68%) done
[Sat Aug 29 11:27:13 2020]
Finished job 160.
51 of 74 steps (69%) done
Shutting down, this might take some time.
Exiting because a job execution failed. Look above for error message
Complete log: /u/project/zarlab/jzou1115/CFW/MegaAnalysis_CFW_Code/confidence_interval_pipeline_pruned/.snakemake/log/2020-08-29T112407.238774.snakemake.log
