Building DAG of jobs...
Using shell: /bin/bash
Provided cores: 1 (use --cores to define parallelism)
Rules claiming more threads will be scaled down.
Job counts:
	count	jobs
	1	all
	21	annovar_input
	22

[Sat Aug 29 11:32:20 2020]
rule annovar_input:
    input: /u/home/j/jzou1115/project-zarlab/CFW/confidence_interval_pipeline_out_pruned/finemapping/output/tibia.11.33440009_snps.txt, /u/home/j/jzou1115/project-zarlab/CFW/confidence_interval_pipeline_out_pruned/locuszoom/tibia.11.33440009_r2.txt
    output: /u/home/j/jzou1115/project-zarlab/CFW/confidence_interval_pipeline_out_pruned/finemapping/output/tibia.11.33440009_annovar_input.txt
    jobid: 240
    wildcards: q=tibia.11.33440009

[Sat Aug 29 11:32:22 2020]
Finished job 240.
1 of 22 steps (5%) done

[Sat Aug 29 11:32:22 2020]
rule annovar_input:
    input: /u/home/j/jzou1115/project-zarlab/CFW/confidence_interval_pipeline_out_pruned/finemapping/output/tibia.11.32268598_snps.txt, /u/home/j/jzou1115/project-zarlab/CFW/confidence_interval_pipeline_out_pruned/locuszoom/tibia.11.32268598_r2.txt
    output: /u/home/j/jzou1115/project-zarlab/CFW/confidence_interval_pipeline_out_pruned/finemapping/output/tibia.11.32268598_annovar_input.txt
    jobid: 239
    wildcards: q=tibia.11.32268598

[Sat Aug 29 11:32:23 2020]
Finished job 239.
2 of 22 steps (9%) done

[Sat Aug 29 11:32:23 2020]
rule annovar_input:
    input: /u/home/j/jzou1115/project-zarlab/CFW/confidence_interval_pipeline_out_pruned/finemapping/output/weight.13.9217096_snps.txt, /u/home/j/jzou1115/project-zarlab/CFW/confidence_interval_pipeline_out_pruned/locuszoom/weight.13.9217096_r2.txt
    output: /u/home/j/jzou1115/project-zarlab/CFW/confidence_interval_pipeline_out_pruned/finemapping/output/weight.13.9217096_annovar_input.txt
    jobid: 264
    wildcards: q=weight.13.9217096

[Sat Aug 29 11:32:25 2020]
Finished job 264.
3 of 22 steps (14%) done

[Sat Aug 29 11:32:25 2020]
rule annovar_input:
    input: /u/home/j/jzou1115/project-zarlab/CFW/confidence_interval_pipeline_out_pruned/finemapping/output/activity.begin.2.153696216_snps.txt, /u/home/j/jzou1115/project-zarlab/CFW/confidence_interval_pipeline_out_pruned/locuszoom/activity.begin.2.153696216_r2.txt
    output: /u/home/j/jzou1115/project-zarlab/CFW/confidence_interval_pipeline_out_pruned/finemapping/output/activity.begin.2.153696216_annovar_input.txt
    jobid: 159
    wildcards: q=activity.begin.2.153696216

[Sat Aug 29 11:32:26 2020]
Finished job 159.
4 of 22 steps (18%) done

[Sat Aug 29 11:32:26 2020]
rule annovar_input:
    input: /u/home/j/jzou1115/project-zarlab/CFW/confidence_interval_pipeline_out_pruned/finemapping/output/weight.bmi.tibia.2.153707637_snps.txt, /u/home/j/jzou1115/project-zarlab/CFW/confidence_interval_pipeline_out_pruned/locuszoom/weight.bmi.tibia.2.153707637_r2.txt
    output: /u/home/j/jzou1115/project-zarlab/CFW/confidence_interval_pipeline_out_pruned/finemapping/output/weight.bmi.tibia.2.153707637_annovar_input.txt
    jobid: 263
    wildcards: q=weight.bmi.tibia.2.153707637

[Sat Aug 29 11:32:27 2020]
Finished job 263.
5 of 22 steps (23%) done

[Sat Aug 29 11:32:27 2020]
rule annovar_input:
    input: /u/home/j/jzou1115/project-zarlab/CFW/confidence_interval_pipeline_out_pruned/finemapping/output/activity.middle.2.153760436_snps.txt, /u/home/j/jzou1115/project-zarlab/CFW/confidence_interval_pipeline_out_pruned/locuszoom/activity.middle.2.153760436_r2.txt
    output: /u/home/j/jzou1115/project-zarlab/CFW/confidence_interval_pipeline_out_pruned/finemapping/output/activity.middle.2.153760436_annovar_input.txt
    jobid: 176
    wildcards: q=activity.middle.2.153760436

[Sat Aug 29 11:32:29 2020]
Finished job 176.
6 of 22 steps (27%) done

[Sat Aug 29 11:32:29 2020]
rule annovar_input:
    input: /u/home/j/jzou1115/project-zarlab/CFW/confidence_interval_pipeline_out_pruned/finemapping/output/weight.bmi.tibia.13.5655594_snps.txt, /u/home/j/jzou1115/project-zarlab/CFW/confidence_interval_pipeline_out_pruned/locuszoom/weight.bmi.tibia.13.5655594_r2.txt
    output: /u/home/j/jzou1115/project-zarlab/CFW/confidence_interval_pipeline_out_pruned/finemapping/output/weight.bmi.tibia.13.5655594_annovar_input.txt
    jobid: 259
    wildcards: q=weight.bmi.tibia.13.5655594

[Sat Aug 29 11:32:29 2020]
Finished job 259.
7 of 22 steps (32%) done

[Sat Aug 29 11:32:29 2020]
rule annovar_input:
    input: /u/home/j/jzou1115/project-zarlab/CFW/confidence_interval_pipeline_out_pruned/finemapping/output/activity.middle.11.94054029_snps.txt, /u/home/j/jzou1115/project-zarlab/CFW/confidence_interval_pipeline_out_pruned/locuszoom/activity.middle.11.94054029_r2.txt
    output: /u/home/j/jzou1115/project-zarlab/CFW/confidence_interval_pipeline_out_pruned/finemapping/output/activity.middle.11.94054029_annovar_input.txt
    jobid: 168
    wildcards: q=activity.middle.11.94054029

[Sat Aug 29 11:32:31 2020]
Finished job 168.
8 of 22 steps (36%) done

[Sat Aug 29 11:32:31 2020]
rule annovar_input:
    input: /u/home/j/jzou1115/project-zarlab/CFW/confidence_interval_pipeline_out_pruned/finemapping/output/activity.middle.11.93418604_snps.txt, /u/home/j/jzou1115/project-zarlab/CFW/confidence_interval_pipeline_out_pruned/locuszoom/activity.middle.11.93418604_r2.txt
    output: /u/home/j/jzou1115/project-zarlab/CFW/confidence_interval_pipeline_out_pruned/finemapping/output/activity.middle.11.93418604_annovar_input.txt
    jobid: 167
    wildcards: q=activity.middle.11.93418604

[Sat Aug 29 11:32:32 2020]
Finished job 167.
9 of 22 steps (41%) done

[Sat Aug 29 11:32:32 2020]
rule annovar_input:
    input: /u/home/j/jzou1115/project-zarlab/CFW/confidence_interval_pipeline_out_pruned/finemapping/output/activity.total.11.93418612_snps.txt, /u/home/j/jzou1115/project-zarlab/CFW/confidence_interval_pipeline_out_pruned/locuszoom/activity.total.11.93418612_r2.txt
    output: /u/home/j/jzou1115/project-zarlab/CFW/confidence_interval_pipeline_out_pruned/finemapping/output/activity.total.11.93418612_annovar_input.txt
    jobid: 179
    wildcards: q=activity.total.11.93418612

[Sat Aug 29 11:32:33 2020]
Finished job 179.
10 of 22 steps (45%) done

[Sat Aug 29 11:32:33 2020]
rule annovar_input:
    input: /u/home/j/jzou1115/project-zarlab/CFW/confidence_interval_pipeline_out_pruned/finemapping/output/activity.begin.11.94772022_snps.txt, /u/home/j/jzou1115/project-zarlab/CFW/confidence_interval_pipeline_out_pruned/locuszoom/activity.begin.11.94772022_r2.txt
    output: /u/home/j/jzou1115/project-zarlab/CFW/confidence_interval_pipeline_out_pruned/finemapping/output/activity.begin.11.94772022_annovar_input.txt
    jobid: 154
    wildcards: q=activity.begin.11.94772022

[Sat Aug 29 11:32:34 2020]
Finished job 154.
11 of 22 steps (50%) done

[Sat Aug 29 11:32:34 2020]
rule annovar_input:
    input: /u/home/j/jzou1115/project-zarlab/CFW/confidence_interval_pipeline_out_pruned/finemapping/output/activity.middle.2.152116228_snps.txt, /u/home/j/jzou1115/project-zarlab/CFW/confidence_interval_pipeline_out_pruned/locuszoom/activity.middle.2.152116228_r2.txt
    output: /u/home/j/jzou1115/project-zarlab/CFW/confidence_interval_pipeline_out_pruned/finemapping/output/activity.middle.2.152116228_annovar_input.txt
    jobid: 175
    wildcards: q=activity.middle.2.152116228

[Sat Aug 29 11:32:36 2020]
Finished job 175.
12 of 22 steps (55%) done

[Sat Aug 29 11:32:36 2020]
rule annovar_input:
    input: /u/home/j/jzou1115/project-zarlab/CFW/confidence_interval_pipeline_out_pruned/finemapping/output/activity.begin.11.96964818_snps.txt, /u/home/j/jzou1115/project-zarlab/CFW/confidence_interval_pipeline_out_pruned/locuszoom/activity.begin.11.96964818_r2.txt
    output: /u/home/j/jzou1115/project-zarlab/CFW/confidence_interval_pipeline_out_pruned/finemapping/output/activity.begin.11.96964818_annovar_input.txt
    jobid: 155
    wildcards: q=activity.begin.11.96964818

[Sat Aug 29 11:32:37 2020]
Finished job 155.
13 of 22 steps (59%) done

[Sat Aug 29 11:32:37 2020]
rule annovar_input:
    input: /u/home/j/jzou1115/project-zarlab/CFW/confidence_interval_pipeline_out_pruned/finemapping/output/activity.middle.11.96852500_snps.txt, /u/home/j/jzou1115/project-zarlab/CFW/confidence_interval_pipeline_out_pruned/locuszoom/activity.middle.11.96852500_r2.txt
    output: /u/home/j/jzou1115/project-zarlab/CFW/confidence_interval_pipeline_out_pruned/finemapping/output/activity.middle.11.96852500_annovar_input.txt
    jobid: 170
    wildcards: q=activity.middle.11.96852500

[Sat Aug 29 11:32:38 2020]
Finished job 170.
14 of 22 steps (64%) done

[Sat Aug 29 11:32:38 2020]
rule annovar_input:
    input: /u/home/j/jzou1115/project-zarlab/CFW/confidence_interval_pipeline_out_pruned/finemapping/output/activity.middle.11.95651415_snps.txt, /u/home/j/jzou1115/project-zarlab/CFW/confidence_interval_pipeline_out_pruned/locuszoom/activity.middle.11.95651415_r2.txt
    output: /u/home/j/jzou1115/project-zarlab/CFW/confidence_interval_pipeline_out_pruned/finemapping/output/activity.middle.11.95651415_annovar_input.txt
    jobid: 169
    wildcards: q=activity.middle.11.95651415

[Sat Aug 29 11:32:39 2020]
Finished job 169.
15 of 22 steps (68%) done

[Sat Aug 29 11:32:39 2020]
rule annovar_input:
    input: /u/home/j/jzou1115/project-zarlab/CFW/confidence_interval_pipeline_out_pruned/finemapping/output/activity.total.11.95651415_snps.txt, /u/home/j/jzou1115/project-zarlab/CFW/confidence_interval_pipeline_out_pruned/locuszoom/activity.total.11.95651415_r2.txt
    output: /u/home/j/jzou1115/project-zarlab/CFW/confidence_interval_pipeline_out_pruned/finemapping/output/activity.total.11.95651415_annovar_input.txt
    jobid: 180
    wildcards: q=activity.total.11.95651415

[Sat Aug 29 11:32:40 2020]
Finished job 180.
16 of 22 steps (73%) done

[Sat Aug 29 11:32:40 2020]
rule annovar_input:
    input: /u/home/j/jzou1115/project-zarlab/CFW/confidence_interval_pipeline_out_pruned/finemapping/output/activity.total.11.96653605_snps.txt, /u/home/j/jzou1115/project-zarlab/CFW/confidence_interval_pipeline_out_pruned/locuszoom/activity.total.11.96653605_r2.txt
    output: /u/home/j/jzou1115/project-zarlab/CFW/confidence_interval_pipeline_out_pruned/finemapping/output/activity.total.11.96653605_annovar_input.txt
    jobid: 181
    wildcards: q=activity.total.11.96653605

[Sat Aug 29 11:32:41 2020]
Finished job 181.
17 of 22 steps (77%) done

[Sat Aug 29 11:32:41 2020]
rule annovar_input:
    input: /u/home/j/jzou1115/project-zarlab/CFW/confidence_interval_pipeline_out_pruned/finemapping/output/EDL.2.80039850_snps.txt, /u/home/j/jzou1115/project-zarlab/CFW/confidence_interval_pipeline_out_pruned/locuszoom/EDL.2.80039850_r2.txt
    output: /u/home/j/jzou1115/project-zarlab/CFW/confidence_interval_pipeline_out_pruned/finemapping/output/EDL.2.80039850_annovar_input.txt
    jobid: 141
    wildcards: q=EDL.2.80039850

[Sat Aug 29 11:32:43 2020]
Finished job 141.
18 of 22 steps (82%) done

[Sat Aug 29 11:32:43 2020]
rule annovar_input:
    input: /u/home/j/jzou1115/project-zarlab/CFW/confidence_interval_pipeline_out_pruned/finemapping/output/bmd.n.5.24920012_snps.txt, /u/home/j/jzou1115/project-zarlab/CFW/confidence_interval_pipeline_out_pruned/locuszoom/bmd.n.5.24920012_r2.txt
    output: /u/home/j/jzou1115/project-zarlab/CFW/confidence_interval_pipeline_out_pruned/finemapping/output/bmd.n.5.24920012_annovar_input.txt
    jobid: 218
    wildcards: q=bmd.n.5.24920012

[Sat Aug 29 11:32:44 2020]
Finished job 218.
19 of 22 steps (86%) done

[Sat Aug 29 11:32:44 2020]
rule annovar_input:
    input: /u/home/j/jzou1115/project-zarlab/CFW/confidence_interval_pipeline_out_pruned/finemapping/output/bmd.n.5.23815043_snps.txt, /u/home/j/jzou1115/project-zarlab/CFW/confidence_interval_pipeline_out_pruned/locuszoom/bmd.n.5.23815043_r2.txt
    output: /u/home/j/jzou1115/project-zarlab/CFW/confidence_interval_pipeline_out_pruned/finemapping/output/bmd.n.5.23815043_annovar_input.txt
    jobid: 217
    wildcards: q=bmd.n.5.23815043

[Sat Aug 29 11:32:45 2020]
Finished job 217.
20 of 22 steps (91%) done

[Sat Aug 29 11:32:45 2020]
rule annovar_input:
    input: /u/home/j/jzou1115/project-zarlab/CFW/confidence_interval_pipeline_out_pruned/finemapping/output/EDL.2.78722881_snps.txt, /u/home/j/jzou1115/project-zarlab/CFW/confidence_interval_pipeline_out_pruned/locuszoom/EDL.2.78722881_r2.txt
    output: /u/home/j/jzou1115/project-zarlab/CFW/confidence_interval_pipeline_out_pruned/finemapping/output/EDL.2.78722881_annovar_input.txt
    jobid: 140
    wildcards: q=EDL.2.78722881

[Sat Aug 29 11:32:46 2020]
Finished job 140.
21 of 22 steps (95%) done

[Sat Aug 29 11:32:46 2020]
localrule all:
    input: /u/home/j/jzou1115/project-zarlab/CFW/confidence_interval_pipeline_out_pruned/genotypes/kinship_matrices.RData, /u/home/j/jzou1115/project-zarlab/CFW/confidence_interval_pipeline_out_pruned/confidence_intervals/plots/EDL.12.83885241.png, /u/home/j/jzou1115/project-zarlab/CFW/confidence_interval_pipeline_out_pruned/confidence_intervals/plots/EDL.13.113025220.png, /u/home/j/jzou1115/project-zarlab/CFW/confidence_interval_pipeline_out_pruned/confidence_intervals/plots/EDL.13.114188942.png, /u/home/j/jzou1115/project-zarlab/CFW/confidence_interval_pipeline_out_pruned/confidence_intervals/plots/EDL.2.155780222.png, /u/home/j/jzou1115/project-zarlab/CFW/confidence_interval_pipeline_out_pruned/confidence_intervals/plots/EDL.2.77669072.png, /u/home/j/jzou1115/project-zarlab/CFW/confidence_interval_pipeline_out_pruned/confidence_intervals/plots/EDL.2.78722881.png, /u/home/j/jzou1115/project-zarlab/CFW/confidence_interval_pipeline_out_pruned/confidence_intervals/plots/EDL.2.80039850.png, /u/home/j/jzou1115/project-zarlab/CFW/confidence_interval_pipeline_out_pruned/confidence_intervals/plots/EDL.2.83000091.png, /u/home/j/jzou1115/project-zarlab/CFW/confidence_interval_pipeline_out_pruned/confidence_intervals/plots/EDL.2.84134413.png, /u/home/j/jzou1115/project-zarlab/CFW/confidence_interval_pipeline_out_pruned/confidence_intervals/plots/EDL.2.85453160.png, /u/home/j/jzou1115/project-zarlab/CFW/confidence_interval_pipeline_out_pruned/confidence_intervals/plots/EDL.2.86662262.png, /u/home/j/jzou1115/project-zarlab/CFW/confidence_interval_pipeline_out_pruned/confidence_intervals/plots/TA.11.18398304.png, /u/home/j/jzou1115/project-zarlab/CFW/confidence_interval_pipeline_out_pruned/confidence_intervals/plots/TA.11.79522084.png, /u/home/j/jzou1115/project-zarlab/CFW/confidence_interval_pipeline_out_pruned/confidence_intervals/plots/TA.11.88973232.png, /u/home/j/jzou1115/project-zarlab/CFW/confidence_interval_pipeline_out_pruned/confidence_intervals/plots/TA.12.83514944.png, /u/home/j/jzou1115/project-zarlab/CFW/confidence_interval_pipeline_out_pruned/confidence_intervals/plots/TA.13.9090078.png, /u/home/j/jzou1115/project-zarlab/CFW/confidence_interval_pipeline_out_pruned/confidence_intervals/plots/TA.2.154645131.png, /u/home/j/jzou1115/project-zarlab/CFW/confidence_interval_pipeline_out_pruned/confidence_intervals/plots/TA.2.155819633.png, /u/home/j/jzou1115/project-zarlab/CFW/confidence_interval_pipeline_out_pruned/confidence_intervals/plots/activity.begin.11.93418612.png, /u/home/j/jzou1115/project-zarlab/CFW/confidence_interval_pipeline_out_pruned/confidence_intervals/plots/activity.begin.11.94772022.png, /u/home/j/jzou1115/project-zarlab/CFW/confidence_interval_pipeline_out_pruned/confidence_intervals/plots/activity.begin.11.96964818.png, /u/home/j/jzou1115/project-zarlab/CFW/confidence_interval_pipeline_out_pruned/confidence_intervals/plots/activity.begin.13.7632884.png, /u/home/j/jzou1115/project-zarlab/CFW/confidence_interval_pipeline_out_pruned/confidence_intervals/plots/activity.begin.13.8153523.png, /u/home/j/jzou1115/project-zarlab/CFW/confidence_interval_pipeline_out_pruned/confidence_intervals/plots/activity.begin.13.9154368.png, /u/home/j/jzou1115/project-zarlab/CFW/confidence_interval_pipeline_out_pruned/confidence_intervals/plots/activity.begin.2.153696216.png, /u/home/j/jzou1115/project-zarlab/CFW/confidence_interval_pipeline_out_pruned/confidence_intervals/plots/activity.begin.2.89917236.png, /u/home/j/jzou1115/project-zarlab/CFW/confidence_interval_pipeline_out_pruned/confidence_intervals/plots/activity.end.11.95636638.png, /u/home/j/jzou1115/project-zarlab/CFW/confidence_interval_pipeline_out_pruned/confidence_intervals/plots/activity.end.11.96653605.png, /u/home/j/jzou1115/project-zarlab/CFW/confidence_interval_pipeline_out_pruned/confidence_intervals/plots/activity.end.13.10150339.png, /u/home/j/jzou1115/project-zarlab/CFW/confidence_interval_pipeline_out_pruned/confidence_intervals/plots/activity.end.13.6323352.png, /u/home/j/jzou1115/project-zarlab/CFW/confidence_interval_pipeline_out_pruned/confidence_intervals/plots/activity.end.13.7101524.png, /u/home/j/jzou1115/project-zarlab/CFW/confidence_interval_pipeline_out_pruned/confidence_intervals/plots/activity.end.13.8209788.png, /u/home/j/jzou1115/project-zarlab/CFW/confidence_interval_pipeline_out_pruned/confidence_intervals/plots/activity.middle.11.93418604.png, /u/home/j/jzou1115/project-zarlab/CFW/confidence_interval_pipeline_out_pruned/confidence_intervals/plots/activity.middle.11.94054029.png, /u/home/j/jzou1115/project-zarlab/CFW/confidence_interval_pipeline_out_pruned/confidence_intervals/plots/activity.middle.11.95651415.png, /u/home/j/jzou1115/project-zarlab/CFW/confidence_interval_pipeline_out_pruned/confidence_intervals/plots/activity.middle.11.96852500.png, /u/home/j/jzou1115/project-zarlab/CFW/confidence_interval_pipeline_out_pruned/confidence_intervals/plots/activity.middle.13.10150339.png, /u/home/j/jzou1115/project-zarlab/CFW/confidence_interval_pipeline_out_pruned/confidence_intervals/plots/activity.middle.13.7101524.png, /u/home/j/jzou1115/project-zarlab/CFW/confidence_interval_pipeline_out_pruned/confidence_intervals/plots/activity.middle.13.8209788.png, /u/home/j/jzou1115/project-zarlab/CFW/confidence_interval_pipeline_out_pruned/confidence_intervals/plots/activity.middle.13.8800578.png, /u/home/j/jzou1115/project-zarlab/CFW/confidence_interval_pipeline_out_pruned/confidence_intervals/plots/activity.middle.2.152116228.png, /u/home/j/jzou1115/project-zarlab/CFW/confidence_interval_pipeline_out_pruned/confidence_intervals/plots/activity.middle.2.153760436.png, /u/home/j/jzou1115/project-zarlab/CFW/confidence_interval_pipeline_out_pruned/confidence_intervals/plots/activity.middle.2.89917236.png, /u/home/j/jzou1115/project-zarlab/CFW/confidence_interval_pipeline_out_pruned/confidence_intervals/plots/activity.middle.9.81879809.png, /u/home/j/jzou1115/project-zarlab/CFW/confidence_interval_pipeline_out_pruned/confidence_intervals/plots/activity.total.11.93418612.png, /u/home/j/jzou1115/project-zarlab/CFW/confidence_interval_pipeline_out_pruned/confidence_intervals/plots/activity.total.11.95651415.png, /u/home/j/jzou1115/project-zarlab/CFW/confidence_interval_pipeline_out_pruned/confidence_intervals/plots/activity.total.11.96653605.png, /u/home/j/jzou1115/project-zarlab/CFW/confidence_interval_pipeline_out_pruned/confidence_intervals/plots/activity.total.13.10144490.png, /u/home/j/jzou1115/project-zarlab/CFW/confidence_interval_pipeline_out_pruned/confidence_intervals/plots/activity.total.13.5954638.png, /u/home/j/jzou1115/project-zarlab/CFW/confidence_interval_pipeline_out_pruned/confidence_intervals/plots/activity.total.13.7101524.png, /u/home/j/jzou1115/project-zarlab/CFW/confidence_interval_pipeline_out_pruned/confidence_intervals/plots/activity.total.13.8144012.png, /u/home/j/jzou1115/project-zarlab/CFW/confidence_interval_pipeline_out_pruned/confidence_intervals/plots/activity.total.13.8800578.png, /u/home/j/jzou1115/project-zarlab/CFW/confidence_interval_pipeline_out_pruned/confidence_intervals/plots/activity.total.2.89914086.png, /u/home/j/jzou1115/project-zarlab/CFW/confidence_interval_pipeline_out_pruned/confidence_intervals/plots/activity.total.9.81882866.png, /u/home/j/jzou1115/project-zarlab/CFW/confidence_interval_pipeline_out_pruned/confidence_intervals/plots/activity30.13.10150339.png, /u/home/j/jzou1115/project-zarlab/CFW/confidence_interval_pipeline_out_pruned/confidence_intervals/plots/activity30.13.6038915.png, /u/home/j/jzou1115/project-zarlab/CFW/confidence_interval_pipeline_out_pruned/confidence_intervals/plots/activity30.13.7101524.png, /u/home/j/jzou1115/project-zarlab/CFW/confidence_interval_pipeline_out_pruned/confidence_intervals/plots/activity30.13.8139647.png, /u/home/j/jzou1115/project-zarlab/CFW/confidence_interval_pipeline_out_pruned/confidence_intervals/plots/activity5.13.8155366.png, /u/home/j/jzou1115/project-zarlab/CFW/confidence_interval_pipeline_out_pruned/confidence_intervals/plots/basal.activity.11.95673447.png, /u/home/j/jzou1115/project-zarlab/CFW/confidence_interval_pipeline_out_pruned/confidence_intervals/plots/basal.activity.11.96816215.png, /u/home/j/jzou1115/project-zarlab/CFW/confidence_interval_pipeline_out_pruned/confidence_intervals/plots/basal.activity.13.10150339.png, /u/home/j/jzou1115/project-zarlab/CFW/confidence_interval_pipeline_out_pruned/confidence_intervals/plots/basal.activity.13.6154389.png, /u/home/j/jzou1115/project-zarlab/CFW/confidence_interval_pipeline_out_pruned/confidence_intervals/plots/basal.activity.13.7101524.png, /u/home/j/jzou1115/project-zarlab/CFW/confidence_interval_pipeline_out_pruned/confidence_intervals/plots/basal.activity.13.8209788.png, /u/home/j/jzou1115/project-zarlab/CFW/confidence_interval_pipeline_out_pruned/confidence_intervals/plots/bmd.a.11.94758993.png, /u/home/j/jzou1115/project-zarlab/CFW/confidence_interval_pipeline_out_pruned/confidence_intervals/plots/bmd.a.11.95761488.png, /u/home/j/jzou1115/project-zarlab/CFW/confidence_interval_pipeline_out_pruned/confidence_intervals/plots/bmd.a.11.96913720.png, /u/home/j/jzou1115/project-zarlab/CFW/confidence_interval_pipeline_out_pruned/confidence_intervals/plots/bmd.11.100053320.png, /u/home/j/jzou1115/project-zarlab/CFW/confidence_interval_pipeline_out_pruned/confidence_intervals/plots/bmd.11.93469819.png, /u/home/j/jzou1115/project-zarlab/CFW/confidence_interval_pipeline_out_pruned/confidence_intervals/plots/bmd.11.94772022.png, /u/home/j/jzou1115/project-zarlab/CFW/confidence_interval_pipeline_out_pruned/confidence_intervals/plots/bmd.11.95761488.png, /u/home/j/jzou1115/project-zarlab/CFW/confidence_interval_pipeline_out_pruned/confidence_intervals/plots/bmd.11.96912238.png, /u/home/j/jzou1115/project-zarlab/CFW/confidence_interval_pipeline_out_pruned/confidence_intervals/plots/bmd.15.86382123.png, /u/home/j/jzou1115/project-zarlab/CFW/confidence_interval_pipeline_out_pruned/confidence_intervals/plots/bmd.18.38659321.png, /u/home/j/jzou1115/project-zarlab/CFW/confidence_interval_pipeline_out_pruned/confidence_intervals/plots/bmd.5.21721308.png, /u/home/j/jzou1115/project-zarlab/CFW/confidence_interval_pipeline_out_pruned/confidence_intervals/plots/bmd.5.23814155.png, /u/home/j/jzou1115/project-zarlab/CFW/confidence_interval_pipeline_out_pruned/confidence_intervals/plots/bmd.5.24922475.png, /u/home/j/jzou1115/project-zarlab/CFW/confidence_interval_pipeline_out_pruned/confidence_intervals/plots/bmd.5.27366822.png, /u/home/j/jzou1115/project-zarlab/CFW/confidence_interval_pipeline_out_pruned/confidence_intervals/plots/bmd.n.11.95582360.png, /u/home/j/jzou1115/project-zarlab/CFW/confidence_interval_pipeline_out_pruned/confidence_intervals/plots/bmd.n.11.96918212.png, /u/home/j/jzou1115/project-zarlab/CFW/confidence_interval_pipeline_out_pruned/confidence_intervals/plots/bmd.n.18.38930957.png, /u/home/j/jzou1115/project-zarlab/CFW/confidence_interval_pipeline_out_pruned/confidence_intervals/plots/bmd.n.5.23815043.png, /u/home/j/jzou1115/project-zarlab/CFW/confidence_interval_pipeline_out_pruned/confidence_intervals/plots/bmd.n.5.24920012.png, /u/home/j/jzou1115/project-zarlab/CFW/confidence_interval_pipeline_out_pruned/confidence_intervals/plots/gastroc.11.79954876.png, /u/home/j/jzou1115/project-zarlab/CFW/confidence_interval_pipeline_out_pruned/confidence_intervals/plots/gastroc.11.88973192.png, /u/home/j/jzou1115/project-zarlab/CFW/confidence_interval_pipeline_out_pruned/confidence_intervals/plots/gastroc.12.83517483.png, /u/home/j/jzou1115/project-zarlab/CFW/confidence_interval_pipeline_out_pruned/confidence_intervals/plots/gastroc.2.155856984.png, /u/home/j/jzou1115/project-zarlab/CFW/confidence_interval_pipeline_out_pruned/confidence_intervals/plots/glucose.1.152192170.png, /u/home/j/jzou1115/project-zarlab/CFW/confidence_interval_pipeline_out_pruned/confidence_intervals/plots/habit.ratio.18.25412656.png, /u/home/j/jzou1115/project-zarlab/CFW/confidence_interval_pipeline_out_pruned/confidence_intervals/plots/plantaris.13.116222549.png, /u/home/j/jzou1115/project-zarlab/CFW/confidence_interval_pipeline_out_pruned/confidence_intervals/plots/plantaris.2.155812908.png, /u/home/j/jzou1115/project-zarlab/CFW/confidence_interval_pipeline_out_pruned/confidence_intervals/plots/plantaris.4.85394581.png, /u/home/j/jzou1115/project-zarlab/CFW/confidence_interval_pipeline_out_pruned/confidence_intervals/plots/plantaris.9.87855594.png, /u/home/j/jzou1115/project-zarlab/CFW/confidence_interval_pipeline_out_pruned/confidence_intervals/plots/soleus.13.113404971.png, /u/home/j/jzou1115/project-zarlab/CFW/confidence_interval_pipeline_out_pruned/confidence_intervals/plots/soleus.13.114802392.png, /u/home/j/jzou1115/project-zarlab/CFW/confidence_interval_pipeline_out_pruned/confidence_intervals/plots/soleus.13.9242435.png, /u/home/j/jzou1115/project-zarlab/CFW/confidence_interval_pipeline_out_pruned/confidence_intervals/plots/soleus.2.155505679.png, /u/home/j/jzou1115/project-zarlab/CFW/confidence_interval_pipeline_out_pruned/confidence_intervals/plots/soleus.3.15783853.png, /u/home/j/jzou1115/project-zarlab/CFW/confidence_interval_pipeline_out_pruned/confidence_intervals/plots/soleus.6.15600158.png, /u/home/j/jzou1115/project-zarlab/CFW/confidence_interval_pipeline_out_pruned/confidence_intervals/plots/soleus.6.18123198.png, /u/home/j/jzou1115/project-zarlab/CFW/confidence_interval_pipeline_out_pruned/confidence_intervals/plots/tail.length.8.79338858.png, /u/home/j/jzou1115/project-zarlab/CFW/confidence_interval_pipeline_out_pruned/confidence_intervals/plots/tail.length.8.80905518.png, /u/home/j/jzou1115/project-zarlab/CFW/confidence_interval_pipeline_out_pruned/confidence_intervals/plots/tail.length.8.81878779.png, /u/home/j/jzou1115/project-zarlab/CFW/confidence_interval_pipeline_out_pruned/confidence_intervals/plots/tibia.11.32268598.png, /u/home/j/jzou1115/project-zarlab/CFW/confidence_interval_pipeline_out_pruned/confidence_intervals/plots/tibia.11.33440009.png, /u/home/j/jzou1115/project-zarlab/CFW/confidence_interval_pipeline_out_pruned/confidence_intervals/plots/tibia.11.95761488.png, /u/home/j/jzou1115/project-zarlab/CFW/confidence_interval_pipeline_out_pruned/confidence_intervals/plots/tibia.11.96952835.png, /u/home/j/jzou1115/project-zarlab/CFW/confidence_interval_pipeline_out_pruned/confidence_intervals/plots/tibia.12.83514944.png, /u/home/j/jzou1115/project-zarlab/CFW/confidence_interval_pipeline_out_pruned/confidence_intervals/plots/tibia.12.91175287.png, /u/home/j/jzou1115/project-zarlab/CFW/confidence_interval_pipeline_out_pruned/confidence_intervals/plots/tibia.12.91722613.png, /u/home/j/jzou1115/project-zarlab/CFW/confidence_interval_pipeline_out_pruned/confidence_intervals/plots/tibia.15.11500538.png, /u/home/j/jzou1115/project-zarlab/CFW/confidence_interval_pipeline_out_pruned/confidence_intervals/plots/tibia.15.12517342.png, /u/home/j/jzou1115/project-zarlab/CFW/confidence_interval_pipeline_out_pruned/confidence_intervals/plots/tibia.5.39698535.png, /u/home/j/jzou1115/project-zarlab/CFW/confidence_interval_pipeline_out_pruned/confidence_intervals/plots/tibia.5.40708978.png, /u/home/j/jzou1115/project-zarlab/CFW/confidence_interval_pipeline_out_pruned/confidence_intervals/plots/tibia.6.145481081.png, /u/home/j/jzou1115/project-zarlab/CFW/confidence_interval_pipeline_out_pruned/confidence_intervals/plots/tibia.6.147027848.png, /u/home/j/jzou1115/project-zarlab/CFW/confidence_interval_pipeline_out_pruned/confidence_intervals/plots/tibia.6.147721449.png, /u/home/j/jzou1115/project-zarlab/CFW/confidence_interval_pipeline_out_pruned/confidence_intervals/plots/tibia.6.148328439.png, /u/home/j/jzou1115/project-zarlab/CFW/confidence_interval_pipeline_out_pruned/confidence_intervals/plots/tibia.9.80408302.png, /u/home/j/jzou1115/project-zarlab/CFW/confidence_interval_pipeline_out_pruned/confidence_intervals/plots/tibia.9.81411377.png, /u/home/j/jzou1115/project-zarlab/CFW/confidence_interval_pipeline_out_pruned/confidence_intervals/plots/tibia.9.83150389.png, /u/home/j/jzou1115/project-zarlab/CFW/confidence_interval_pipeline_out_pruned/confidence_intervals/plots/tibia.9.85054834.png, /u/home/j/jzou1115/project-zarlab/CFW/confidence_interval_pipeline_out_pruned/confidence_intervals/plots/weight.bmi.tibia.12.83323871.png, /u/home/j/jzou1115/project-zarlab/CFW/confidence_interval_pipeline_out_pruned/confidence_intervals/plots/weight.bmi.tibia.13.5655594.png, /u/home/j/jzou1115/project-zarlab/CFW/confidence_interval_pipeline_out_pruned/confidence_intervals/plots/weight.bmi.tibia.13.8924722.png, /u/home/j/jzou1115/project-zarlab/CFW/confidence_interval_pipeline_out_pruned/confidence_intervals/plots/weight.bmi.tibia.17.34013675.png, /u/home/j/jzou1115/project-zarlab/CFW/confidence_interval_pipeline_out_pruned/confidence_intervals/plots/weight.bmi.tibia.17.34822977.png, /u/home/j/jzou1115/project-zarlab/CFW/confidence_interval_pipeline_out_pruned/confidence_intervals/plots/weight.bmi.tibia.2.153707637.png, /u/home/j/jzou1115/project-zarlab/CFW/confidence_interval_pipeline_out_pruned/confidence_intervals/plots/weight.13.9217096.png, /u/home/j/jzou1115/project-zarlab/CFW/confidence_interval_pipeline_out_pruned/confidence_intervals/plots/weight.17.34013000.png, /u/home/j/jzou1115/project-zarlab/CFW/confidence_interval_pipeline_out_pruned/confidence_intervals/plots/weight.17.34900243.png, /u/home/j/jzou1115/project-zarlab/CFW/confidence_interval_pipeline_out_pruned/confidence_intervals/plots/weight.17.37094289.png, /u/home/j/jzou1115/project-zarlab/CFW/confidence_interval_pipeline_out_pruned/finemapping/output/EDL.12.83885241_annovar_input.txt, /u/home/j/jzou1115/project-zarlab/CFW/confidence_interval_pipeline_out_pruned/finemapping/output/EDL.13.113025220_annovar_input.txt, /u/home/j/jzou1115/project-zarlab/CFW/confidence_interval_pipeline_out_pruned/finemapping/output/EDL.13.114188942_annovar_input.txt, /u/home/j/jzou1115/project-zarlab/CFW/confidence_interval_pipeline_out_pruned/finemapping/output/EDL.2.155780222_annovar_input.txt, /u/home/j/jzou1115/project-zarlab/CFW/confidence_interval_pipeline_out_pruned/finemapping/output/EDL.2.77669072_annovar_input.txt, /u/home/j/jzou1115/project-zarlab/CFW/confidence_interval_pipeline_out_pruned/finemapping/output/EDL.2.78722881_annovar_input.txt, /u/home/j/jzou1115/project-zarlab/CFW/confidence_interval_pipeline_out_pruned/finemapping/output/EDL.2.80039850_annovar_input.txt, /u/home/j/jzou1115/project-zarlab/CFW/confidence_interval_pipeline_out_pruned/finemapping/output/EDL.2.83000091_annovar_input.txt, /u/home/j/jzou1115/project-zarlab/CFW/confidence_interval_pipeline_out_pruned/finemapping/output/EDL.2.84134413_annovar_input.txt, /u/home/j/jzou1115/project-zarlab/CFW/confidence_interval_pipeline_out_pruned/finemapping/output/EDL.2.85453160_annovar_input.txt, /u/home/j/jzou1115/project-zarlab/CFW/confidence_interval_pipeline_out_pruned/finemapping/output/EDL.2.86662262_annovar_input.txt, /u/home/j/jzou1115/project-zarlab/CFW/confidence_interval_pipeline_out_pruned/finemapping/output/TA.11.18398304_annovar_input.txt, /u/home/j/jzou1115/project-zarlab/CFW/confidence_interval_pipeline_out_pruned/finemapping/output/TA.11.79522084_annovar_input.txt, /u/home/j/jzou1115/project-zarlab/CFW/confidence_interval_pipeline_out_pruned/finemapping/output/TA.11.88973232_annovar_input.txt, /u/home/j/jzou1115/project-zarlab/CFW/confidence_interval_pipeline_out_pruned/finemapping/output/TA.12.83514944_annovar_input.txt, /u/home/j/jzou1115/project-zarlab/CFW/confidence_interval_pipeline_out_pruned/finemapping/output/TA.13.9090078_annovar_input.txt, /u/home/j/jzou1115/project-zarlab/CFW/confidence_interval_pipeline_out_pruned/finemapping/output/TA.2.154645131_annovar_input.txt, /u/home/j/jzou1115/project-zarlab/CFW/confidence_interval_pipeline_out_pruned/finemapping/output/TA.2.155819633_annovar_input.txt, /u/home/j/jzou1115/project-zarlab/CFW/confidence_interval_pipeline_out_pruned/finemapping/output/activity.begin.11.93418612_annovar_input.txt, /u/home/j/jzou1115/project-zarlab/CFW/confidence_interval_pipeline_out_pruned/finemapping/output/activity.begin.11.94772022_annovar_input.txt, /u/home/j/jzou1115/project-zarlab/CFW/confidence_interval_pipeline_out_pruned/finemapping/output/activity.begin.11.96964818_annovar_input.txt, /u/home/j/jzou1115/project-zarlab/CFW/confidence_interval_pipeline_out_pruned/finemapping/output/activity.begin.13.7632884_annovar_input.txt, /u/home/j/jzou1115/project-zarlab/CFW/confidence_interval_pipeline_out_pruned/finemapping/output/activity.begin.13.8153523_annovar_input.txt, /u/home/j/jzou1115/project-zarlab/CFW/confidence_interval_pipeline_out_pruned/finemapping/output/activity.begin.13.9154368_annovar_input.txt, /u/home/j/jzou1115/project-zarlab/CFW/confidence_interval_pipeline_out_pruned/finemapping/output/activity.begin.2.153696216_annovar_input.txt, /u/home/j/jzou1115/project-zarlab/CFW/confidence_interval_pipeline_out_pruned/finemapping/output/activity.begin.2.89917236_annovar_input.txt, /u/home/j/jzou1115/project-zarlab/CFW/confidence_interval_pipeline_out_pruned/finemapping/output/activity.end.11.95636638_annovar_input.txt, /u/home/j/jzou1115/project-zarlab/CFW/confidence_interval_pipeline_out_pruned/finemapping/output/activity.end.11.96653605_annovar_input.txt, /u/home/j/jzou1115/project-zarlab/CFW/confidence_interval_pipeline_out_pruned/finemapping/output/activity.end.13.10150339_annovar_input.txt, /u/home/j/jzou1115/project-zarlab/CFW/confidence_interval_pipeline_out_pruned/finemapping/output/activity.end.13.6323352_annovar_input.txt, /u/home/j/jzou1115/project-zarlab/CFW/confidence_interval_pipeline_out_pruned/finemapping/output/activity.end.13.7101524_annovar_input.txt, /u/home/j/jzou1115/project-zarlab/CFW/confidence_interval_pipeline_out_pruned/finemapping/output/activity.end.13.8209788_annovar_input.txt, /u/home/j/jzou1115/project-zarlab/CFW/confidence_interval_pipeline_out_pruned/finemapping/output/activity.middle.11.93418604_annovar_input.txt, /u/home/j/jzou1115/project-zarlab/CFW/confidence_interval_pipeline_out_pruned/finemapping/output/activity.middle.11.94054029_annovar_input.txt, /u/home/j/jzou1115/project-zarlab/CFW/confidence_interval_pipeline_out_pruned/finemapping/output/activity.middle.11.95651415_annovar_input.txt, /u/home/j/jzou1115/project-zarlab/CFW/confidence_interval_pipeline_out_pruned/finemapping/output/activity.middle.11.96852500_annovar_input.txt, /u/home/j/jzou1115/project-zarlab/CFW/confidence_interval_pipeline_out_pruned/finemapping/output/activity.middle.13.10150339_annovar_input.txt, /u/home/j/jzou1115/project-zarlab/CFW/confidence_interval_pipeline_out_pruned/finemapping/output/activity.middle.13.7101524_annovar_input.txt, /u/home/j/jzou1115/project-zarlab/CFW/confidence_interval_pipeline_out_pruned/finemapping/output/activity.middle.13.8209788_annovar_input.txt, /u/home/j/jzou1115/project-zarlab/CFW/confidence_interval_pipeline_out_pruned/finemapping/output/activity.middle.13.8800578_annovar_input.txt, /u/home/j/jzou1115/project-zarlab/CFW/confidence_interval_pipeline_out_pruned/finemapping/output/activity.middle.2.152116228_annovar_input.txt, /u/home/j/jzou1115/project-zarlab/CFW/confidence_interval_pipeline_out_pruned/finemapping/output/activity.middle.2.153760436_annovar_input.txt, /u/home/j/jzou1115/project-zarlab/CFW/confidence_interval_pipeline_out_pruned/finemapping/output/activity.middle.2.89917236_annovar_input.txt, /u/home/j/jzou1115/project-zarlab/CFW/confidence_interval_pipeline_out_pruned/finemapping/output/activity.middle.9.81879809_annovar_input.txt, /u/home/j/jzou1115/project-zarlab/CFW/confidence_interval_pipeline_out_pruned/finemapping/output/activity.total.11.93418612_annovar_input.txt, /u/home/j/jzou1115/project-zarlab/CFW/confidence_interval_pipeline_out_pruned/finemapping/output/activity.total.11.95651415_annovar_input.txt, /u/home/j/jzou1115/project-zarlab/CFW/confidence_interval_pipeline_out_pruned/finemapping/output/activity.total.11.96653605_annovar_input.txt, /u/home/j/jzou1115/project-zarlab/CFW/confidence_interval_pipeline_out_pruned/finemapping/output/activity.total.13.10144490_annovar_input.txt, /u/home/j/jzou1115/project-zarlab/CFW/confidence_interval_pipeline_out_pruned/finemapping/output/activity.total.13.5954638_annovar_input.txt, /u/home/j/jzou1115/project-zarlab/CFW/confidence_interval_pipeline_out_pruned/finemapping/output/activity.total.13.7101524_annovar_input.txt, /u/home/j/jzou1115/project-zarlab/CFW/confidence_interval_pipeline_out_pruned/finemapping/output/activity.total.13.8144012_annovar_input.txt, /u/home/j/jzou1115/project-zarlab/CFW/confidence_interval_pipeline_out_pruned/finemapping/output/activity.total.13.8800578_annovar_input.txt, /u/home/j/jzou1115/project-zarlab/CFW/confidence_interval_pipeline_out_pruned/finemapping/output/activity.total.2.89914086_annovar_input.txt, /u/home/j/jzou1115/project-zarlab/CFW/confidence_interval_pipeline_out_pruned/finemapping/output/activity.total.9.81882866_annovar_input.txt, /u/home/j/jzou1115/project-zarlab/CFW/confidence_interval_pipeline_out_pruned/finemapping/output/activity30.13.10150339_annovar_input.txt, /u/home/j/jzou1115/project-zarlab/CFW/confidence_interval_pipeline_out_pruned/finemapping/output/activity30.13.6038915_annovar_input.txt, /u/home/j/jzou1115/project-zarlab/CFW/confidence_interval_pipeline_out_pruned/finemapping/output/activity30.13.7101524_annovar_input.txt, /u/home/j/jzou1115/project-zarlab/CFW/confidence_interval_pipeline_out_pruned/finemapping/output/activity30.13.8139647_annovar_input.txt, /u/home/j/jzou1115/project-zarlab/CFW/confidence_interval_pipeline_out_pruned/finemapping/output/activity5.13.8155366_annovar_input.txt, /u/home/j/jzou1115/project-zarlab/CFW/confidence_interval_pipeline_out_pruned/finemapping/output/basal.activity.11.95673447_annovar_input.txt, /u/home/j/jzou1115/project-zarlab/CFW/confidence_interval_pipeline_out_pruned/finemapping/output/basal.activity.11.96816215_annovar_input.txt, /u/home/j/jzou1115/project-zarlab/CFW/confidence_interval_pipeline_out_pruned/finemapping/output/basal.activity.13.10150339_annovar_input.txt, /u/home/j/jzou1115/project-zarlab/CFW/confidence_interval_pipeline_out_pruned/finemapping/output/basal.activity.13.6154389_annovar_input.txt, /u/home/j/jzou1115/project-zarlab/CFW/confidence_interval_pipeline_out_pruned/finemapping/output/basal.activity.13.7101524_annovar_input.txt, /u/home/j/jzou1115/project-zarlab/CFW/confidence_interval_pipeline_out_pruned/finemapping/output/basal.activity.13.8209788_annovar_input.txt, /u/home/j/jzou1115/project-zarlab/CFW/confidence_interval_pipeline_out_pruned/finemapping/output/bmd.a.11.94758993_annovar_input.txt, /u/home/j/jzou1115/project-zarlab/CFW/confidence_interval_pipeline_out_pruned/finemapping/output/bmd.a.11.95761488_annovar_input.txt, /u/home/j/jzou1115/project-zarlab/CFW/confidence_interval_pipeline_out_pruned/finemapping/output/bmd.a.11.96913720_annovar_input.txt, /u/home/j/jzou1115/project-zarlab/CFW/confidence_interval_pipeline_out_pruned/finemapping/output/bmd.11.100053320_annovar_input.txt, /u/home/j/jzou1115/project-zarlab/CFW/confidence_interval_pipeline_out_pruned/finemapping/output/bmd.11.93469819_annovar_input.txt, /u/home/j/jzou1115/project-zarlab/CFW/confidence_interval_pipeline_out_pruned/finemapping/output/bmd.11.94772022_annovar_input.txt, /u/home/j/jzou1115/project-zarlab/CFW/confidence_interval_pipeline_out_pruned/finemapping/output/bmd.11.95761488_annovar_input.txt, /u/home/j/jzou1115/project-zarlab/CFW/confidence_interval_pipeline_out_pruned/finemapping/output/bmd.11.96912238_annovar_input.txt, /u/home/j/jzou1115/project-zarlab/CFW/confidence_interval_pipeline_out_pruned/finemapping/output/bmd.15.86382123_annovar_input.txt, /u/home/j/jzou1115/project-zarlab/CFW/confidence_interval_pipeline_out_pruned/finemapping/output/bmd.18.38659321_annovar_input.txt, /u/home/j/jzou1115/project-zarlab/CFW/confidence_interval_pipeline_out_pruned/finemapping/output/bmd.5.21721308_annovar_input.txt, /u/home/j/jzou1115/project-zarlab/CFW/confidence_interval_pipeline_out_pruned/finemapping/output/bmd.5.23814155_annovar_input.txt, /u/home/j/jzou1115/project-zarlab/CFW/confidence_interval_pipeline_out_pruned/finemapping/output/bmd.5.24922475_annovar_input.txt, /u/home/j/jzou1115/project-zarlab/CFW/confidence_interval_pipeline_out_pruned/finemapping/output/bmd.5.27366822_annovar_input.txt, /u/home/j/jzou1115/project-zarlab/CFW/confidence_interval_pipeline_out_pruned/finemapping/output/bmd.n.11.95582360_annovar_input.txt, /u/home/j/jzou1115/project-zarlab/CFW/confidence_interval_pipeline_out_pruned/finemapping/output/bmd.n.11.96918212_annovar_input.txt, /u/home/j/jzou1115/project-zarlab/CFW/confidence_interval_pipeline_out_pruned/finemapping/output/bmd.n.18.38930957_annovar_input.txt, /u/home/j/jzou1115/project-zarlab/CFW/confidence_interval_pipeline_out_pruned/finemapping/output/bmd.n.5.23815043_annovar_input.txt, /u/home/j/jzou1115/project-zarlab/CFW/confidence_interval_pipeline_out_pruned/finemapping/output/bmd.n.5.24920012_annovar_input.txt, /u/home/j/jzou1115/project-zarlab/CFW/confidence_interval_pipeline_out_pruned/finemapping/output/gastroc.11.79954876_annovar_input.txt, /u/home/j/jzou1115/project-zarlab/CFW/confidence_interval_pipeline_out_pruned/finemapping/output/gastroc.11.88973192_annovar_input.txt, /u/home/j/jzou1115/project-zarlab/CFW/confidence_interval_pipeline_out_pruned/finemapping/output/gastroc.12.83517483_annovar_input.txt, /u/home/j/jzou1115/project-zarlab/CFW/confidence_interval_pipeline_out_pruned/finemapping/output/gastroc.2.155856984_annovar_input.txt, /u/home/j/jzou1115/project-zarlab/CFW/confidence_interval_pipeline_out_pruned/finemapping/output/glucose.1.152192170_annovar_input.txt, /u/home/j/jzou1115/project-zarlab/CFW/confidence_interval_pipeline_out_pruned/finemapping/output/habit.ratio.18.25412656_annovar_input.txt, /u/home/j/jzou1115/project-zarlab/CFW/confidence_interval_pipeline_out_pruned/finemapping/output/plantaris.13.116222549_annovar_input.txt, /u/home/j/jzou1115/project-zarlab/CFW/confidence_interval_pipeline_out_pruned/finemapping/output/plantaris.2.155812908_annovar_input.txt, /u/home/j/jzou1115/project-zarlab/CFW/confidence_interval_pipeline_out_pruned/finemapping/output/plantaris.4.85394581_annovar_input.txt, /u/home/j/jzou1115/project-zarlab/CFW/confidence_interval_pipeline_out_pruned/finemapping/output/plantaris.9.87855594_annovar_input.txt, /u/home/j/jzou1115/project-zarlab/CFW/confidence_interval_pipeline_out_pruned/finemapping/output/soleus.13.113404971_annovar_input.txt, /u/home/j/jzou1115/project-zarlab/CFW/confidence_interval_pipeline_out_pruned/finemapping/output/soleus.13.114802392_annovar_input.txt, /u/home/j/jzou1115/project-zarlab/CFW/confidence_interval_pipeline_out_pruned/finemapping/output/soleus.13.9242435_annovar_input.txt, /u/home/j/jzou1115/project-zarlab/CFW/confidence_interval_pipeline_out_pruned/finemapping/output/soleus.2.155505679_annovar_input.txt, /u/home/j/jzou1115/project-zarlab/CFW/confidence_interval_pipeline_out_pruned/finemapping/output/soleus.3.15783853_annovar_input.txt, /u/home/j/jzou1115/project-zarlab/CFW/confidence_interval_pipeline_out_pruned/finemapping/output/soleus.6.15600158_annovar_input.txt, /u/home/j/jzou1115/project-zarlab/CFW/confidence_interval_pipeline_out_pruned/finemapping/output/soleus.6.18123198_annovar_input.txt, /u/home/j/jzou1115/project-zarlab/CFW/confidence_interval_pipeline_out_pruned/finemapping/output/tail.length.8.79338858_annovar_input.txt, /u/home/j/jzou1115/project-zarlab/CFW/confidence_interval_pipeline_out_pruned/finemapping/output/tail.length.8.80905518_annovar_input.txt, /u/home/j/jzou1115/project-zarlab/CFW/confidence_interval_pipeline_out_pruned/finemapping/output/tail.length.8.81878779_annovar_input.txt, /u/home/j/jzou1115/project-zarlab/CFW/confidence_interval_pipeline_out_pruned/finemapping/output/tibia.11.32268598_annovar_input.txt, /u/home/j/jzou1115/project-zarlab/CFW/confidence_interval_pipeline_out_pruned/finemapping/output/tibia.11.33440009_annovar_input.txt, /u/home/j/jzou1115/project-zarlab/CFW/confidence_interval_pipeline_out_pruned/finemapping/output/tibia.11.95761488_annovar_input.txt, /u/home/j/jzou1115/project-zarlab/CFW/confidence_interval_pipeline_out_pruned/finemapping/output/tibia.11.96952835_annovar_input.txt, /u/home/j/jzou1115/project-zarlab/CFW/confidence_interval_pipeline_out_pruned/finemapping/output/tibia.12.83514944_annovar_input.txt, /u/home/j/jzou1115/project-zarlab/CFW/confidence_interval_pipeline_out_pruned/finemapping/output/tibia.12.91175287_annovar_input.txt, /u/home/j/jzou1115/project-zarlab/CFW/confidence_interval_pipeline_out_pruned/finemapping/output/tibia.12.91722613_annovar_input.txt, /u/home/j/jzou1115/project-zarlab/CFW/confidence_interval_pipeline_out_pruned/finemapping/output/tibia.15.11500538_annovar_input.txt, /u/home/j/jzou1115/project-zarlab/CFW/confidence_interval_pipeline_out_pruned/finemapping/output/tibia.15.12517342_annovar_input.txt, /u/home/j/jzou1115/project-zarlab/CFW/confidence_interval_pipeline_out_pruned/finemapping/output/tibia.5.39698535_annovar_input.txt, /u/home/j/jzou1115/project-zarlab/CFW/confidence_interval_pipeline_out_pruned/finemapping/output/tibia.5.40708978_annovar_input.txt, /u/home/j/jzou1115/project-zarlab/CFW/confidence_interval_pipeline_out_pruned/finemapping/output/tibia.6.145481081_annovar_input.txt, /u/home/j/jzou1115/project-zarlab/CFW/confidence_interval_pipeline_out_pruned/finemapping/output/tibia.6.147027848_annovar_input.txt, /u/home/j/jzou1115/project-zarlab/CFW/confidence_interval_pipeline_out_pruned/finemapping/output/tibia.6.147721449_annovar_input.txt, /u/home/j/jzou1115/project-zarlab/CFW/confidence_interval_pipeline_out_pruned/finemapping/output/tibia.6.148328439_annovar_input.txt, /u/home/j/jzou1115/project-zarlab/CFW/confidence_interval_pipeline_out_pruned/finemapping/output/tibia.9.80408302_annovar_input.txt, /u/home/j/jzou1115/project-zarlab/CFW/confidence_interval_pipeline_out_pruned/finemapping/output/tibia.9.81411377_annovar_input.txt, /u/home/j/jzou1115/project-zarlab/CFW/confidence_interval_pipeline_out_pruned/finemapping/output/tibia.9.83150389_annovar_input.txt, /u/home/j/jzou1115/project-zarlab/CFW/confidence_interval_pipeline_out_pruned/finemapping/output/tibia.9.85054834_annovar_input.txt, /u/home/j/jzou1115/project-zarlab/CFW/confidence_interval_pipeline_out_pruned/finemapping/output/weight.bmi.tibia.12.83323871_annovar_input.txt, /u/home/j/jzou1115/project-zarlab/CFW/confidence_interval_pipeline_out_pruned/finemapping/output/weight.bmi.tibia.13.5655594_annovar_input.txt, /u/home/j/jzou1115/project-zarlab/CFW/confidence_interval_pipeline_out_pruned/finemapping/output/weight.bmi.tibia.13.8924722_annovar_input.txt, /u/home/j/jzou1115/project-zarlab/CFW/confidence_interval_pipeline_out_pruned/finemapping/output/weight.bmi.tibia.17.34013675_annovar_input.txt, /u/home/j/jzou1115/project-zarlab/CFW/confidence_interval_pipeline_out_pruned/finemapping/output/weight.bmi.tibia.17.34822977_annovar_input.txt, /u/home/j/jzou1115/project-zarlab/CFW/confidence_interval_pipeline_out_pruned/finemapping/output/weight.bmi.tibia.2.153707637_annovar_input.txt, /u/home/j/jzou1115/project-zarlab/CFW/confidence_interval_pipeline_out_pruned/finemapping/output/weight.13.9217096_annovar_input.txt, /u/home/j/jzou1115/project-zarlab/CFW/confidence_interval_pipeline_out_pruned/finemapping/output/weight.17.34013000_annovar_input.txt, /u/home/j/jzou1115/project-zarlab/CFW/confidence_interval_pipeline_out_pruned/finemapping/output/weight.17.34900243_annovar_input.txt, /u/home/j/jzou1115/project-zarlab/CFW/confidence_interval_pipeline_out_pruned/finemapping/output/weight.17.37094289_annovar_input.txt
    jobid: 0

[Sat Aug 29 11:32:46 2020]
Finished job 0.
22 of 22 steps (100%) done
Complete log: /u/project/zarlab/jzou1115/CFW/MegaAnalysis_CFW_Code/confidence_interval_pipeline_pruned/.snakemake/log/2020-08-29T113211.014135.snakemake.log
