Building DAG of jobs...
Using shell: /bin/bash
Provided cores: 1 (use --cores to define parallelism)
Rules claiming more threads will be scaled down.
Job counts:
	count	jobs
	1	all
	46	run_susier
	47

[Sun Jul 19 14:28:16 2020]
rule run_susier:
    input: /u/home/j/jzou1115/project-zarlab/CFW/Finemapping_Analysis_decorrelated/input/soleus.13.113404971_pruned_sorted.z, /u/home/j/jzou1115/project-zarlab/CFW/Finemapping_Analysis_decorrelated/input/soleus.13.113404971_pruned_sorted.ld
    output: /u/home/j/jzou1115/project-zarlab/CFW/Finemapping_Analysis_decorrelated/output/$soleus.13.113404971.RData
    jobid: 175
    wildcards: q=soleus.13.113404971

Waiting at most 5 seconds for missing files.
MissingOutputException in line 132 of /u/project/zarlab/jzou1115/CFW/MegaAnalysis_CFW_Code/confidence_interval_pipeline/Snakefile:
Job completed successfully, but some output files are missing. Missing files after 5 seconds:
/u/home/j/jzou1115/project-zarlab/CFW/Finemapping_Analysis_decorrelated/output/$soleus.13.113404971.RData
This might be due to filesystem latency. If that is the case, consider to increase the wait time with --latency-wait.
Shutting down, this might take some time.
Exiting because a job execution failed. Look above for error message
Complete log: /u/project/zarlab/jzou1115/CFW/MegaAnalysis_CFW_Code/confidence_interval_pipeline/.snakemake/log/2020-07-19T142814.578951.snakemake.log
